
<BEGIN>
1429977717299469d3be3438b8b39dc4380dc6bc37228c9f00d188ab9006681225e4c342cbe0487d
0123456789ABCDEF
1429977717.29
SHA256_TEST
60000 -verbose 20000
['testsData/experimentData.dat']
['AssistanceApps/sha256Example.assistanceApp', '10', 'testsData/experimentData.dat', '1429977717299469d3be3438b8b39dc4380dc6bc37228c9f00d188ab9006681225e4c342cbe0487d', '60000 -verbose 20000']
READY
1429977718.31
0
AssistanceApps/runtimeIO/1429977717299469d3be3438b8b39dc4380dc6bc37228c9f00d188ab9006681225e4c342cbe0487d/1429977717299469d3be3438b8b39dc4380dc6bc37228c9f00d188ab9006681225e4c342cbe0487d-stdout.dat
AssistanceApps/runtimeIO/1429977717299469d3be3438b8b39dc4380dc6bc37228c9f00d188ab9006681225e4c342cbe0487d/1429977717299469d3be3438b8b39dc4380dc6bc37228c9f00d188ab9006681225e4c342cbe0487d-stderr.dat

1429977717.29	DRAFT
1429977717.29	WAITING
1429977718.3	 CPU=12.65	 mem={'swap': 0.0, 'virtual': 0.0, 'physical': 28.3}	 freeDisk=40.3G
1429977718.3	GATHERING
1429977718.3	DATA READY
1429977718.3	STANDBY
1429977718.3	PERFORMING_LOCAL
1429977718.31	COMPLETED_LOCAL
1429977718.31	READY
<END>
<BEGIN>
1429977747316063ca0d9fa428fc511cf736ffca7e94c43fa43f2434e1e8ea5a81bb383a20118f93
0123456789ABCDEF
1429977747.31
SHA256_TEST
60000 -verbose 20000
['testsData/experimentData.dat']
['AssistanceApps/sha256Example.assistanceApp', '10', 'testsData/experimentData.dat', '1429977747316063ca0d9fa428fc511cf736ffca7e94c43fa43f2434e1e8ea5a81bb383a20118f93', '60000 -verbose 20000']
READY
1429977748.33
0
AssistanceApps/runtimeIO/1429977747316063ca0d9fa428fc511cf736ffca7e94c43fa43f2434e1e8ea5a81bb383a20118f93/1429977747316063ca0d9fa428fc511cf736ffca7e94c43fa43f2434e1e8ea5a81bb383a20118f93-stdout.dat
AssistanceApps/runtimeIO/1429977747316063ca0d9fa428fc511cf736ffca7e94c43fa43f2434e1e8ea5a81bb383a20118f93/1429977747316063ca0d9fa428fc511cf736ffca7e94c43fa43f2434e1e8ea5a81bb383a20118f93-stderr.dat

1429977747.31	DRAFT
1429977747.31	WAITING
1429977748.32	 CPU=10.6	 mem={'swap': 0.0, 'virtual': 0.0, 'physical': 28.3}	 freeDisk=40.3G
1429977748.32	GATHERING
1429977748.32	DATA READY
1429977748.32	STANDBY
1429977748.32	PERFORMING_LOCAL
1429977748.33	COMPLETED_LOCAL
1429977748.33	READY
<END>
<BEGIN>
1429977717292639d3be3438b8b39dc4380dc6bc37228c9f00d188ab9006681225e4c342cbe0487d
0123456789ABCDEF
1429977717.29
SHA256_TEST
60000 -verbose 20000
['testsData/experimentData.dat']
['AssistanceApps/sha256Example.assistanceApp', '10', 'testsData/experimentData.dat', '1429977717292639d3be3438b8b39dc4380dc6bc37228c9f00d188ab9006681225e4c342cbe0487d', '60000 -verbose 20000']
READY
1429977718.31
0
AssistanceApps/runtimeIO/1429977717292639d3be3438b8b39dc4380dc6bc37228c9f00d188ab9006681225e4c342cbe0487d/1429977717292639d3be3438b8b39dc4380dc6bc37228c9f00d188ab9006681225e4c342cbe0487d-stdout.dat
AssistanceApps/runtimeIO/1429977717292639d3be3438b8b39dc4380dc6bc37228c9f00d188ab9006681225e4c342cbe0487d/1429977717292639d3be3438b8b39dc4380dc6bc37228c9f00d188ab9006681225e4c342cbe0487d-stderr.dat

1429977717.29	DRAFT
1429977717.29	WAITING
1429977718.3	 CPU=12.15	 mem={'swap': 0.0, 'virtual': 0.0, 'physical': 28.3}	 freeDisk=40.3G
1429977718.3	GATHERING
1429977718.3	DATA READY
1429977718.3	STANDBY
1429977718.3	PERFORMING_LOCAL
1429977718.31	COMPLETED_LOCAL
1429977718.31	READY
<END>
<BEGIN>
14299776572317610022d697b7c44d2e2d4584f634c6278505e3415137a2d5340e13ede8037e59aa
0123456789ABCDEF
1429977657.23
SHA256_TEST
60000 -verbose 20000
['testsData/experimentData.dat']
['AssistanceApps/sha256Example.assistanceApp', '10', 'testsData/experimentData.dat', '14299776572317610022d697b7c44d2e2d4584f634c6278505e3415137a2d5340e13ede8037e59aa', '60000 -verbose 20000']
READY
1429977658.25
0
AssistanceApps/runtimeIO/14299776572317610022d697b7c44d2e2d4584f634c6278505e3415137a2d5340e13ede8037e59aa/14299776572317610022d697b7c44d2e2d4584f634c6278505e3415137a2d5340e13ede8037e59aa-stdout.dat
AssistanceApps/runtimeIO/14299776572317610022d697b7c44d2e2d4584f634c6278505e3415137a2d5340e13ede8037e59aa/14299776572317610022d697b7c44d2e2d4584f634c6278505e3415137a2d5340e13ede8037e59aa-stderr.dat

1429977657.23	DRAFT
1429977657.23	WAITING
1429977658.24	 CPU=22.95	 mem={'swap': 0.0, 'virtual': 0.0, 'physical': 28.3}	 freeDisk=40.3G
1429977658.24	GATHERING
1429977658.24	DATA READY
1429977658.24	STANDBY
1429977658.24	PERFORMING_LOCAL
1429977658.25	COMPLETED_LOCAL
1429977658.25	READY
<END>
<BEGIN>
1429977687278907c7852adbc87dd7b3a3e0504e0edac7bc5a134a2d59e65da2ed144c8d1f31d4e3
0123456789ABCDEF
1429977687.27
SHA256_TEST
60000 -verbose 20000
['testsData/experimentData.dat']
['AssistanceApps/sha256Example.assistanceApp', '10', 'testsData/experimentData.dat', '1429977687278907c7852adbc87dd7b3a3e0504e0edac7bc5a134a2d59e65da2ed144c8d1f31d4e3', '60000 -verbose 20000']
READY
1429977688.29
0
AssistanceApps/runtimeIO/1429977687278907c7852adbc87dd7b3a3e0504e0edac7bc5a134a2d59e65da2ed144c8d1f31d4e3/1429977687278907c7852adbc87dd7b3a3e0504e0edac7bc5a134a2d59e65da2ed144c8d1f31d4e3-stdout.dat
AssistanceApps/runtimeIO/1429977687278907c7852adbc87dd7b3a3e0504e0edac7bc5a134a2d59e65da2ed144c8d1f31d4e3/1429977687278907c7852adbc87dd7b3a3e0504e0edac7bc5a134a2d59e65da2ed144c8d1f31d4e3-stderr.dat

1429977687.27	DRAFT
1429977687.27	WAITING
1429977688.28	 CPU=11.95	 mem={'swap': 0.0, 'virtual': 0.0, 'physical': 28.3}	 freeDisk=40.3G
1429977688.28	GATHERING
1429977688.28	DATA READY
1429977688.28	STANDBY
1429977688.28	PERFORMING_LOCAL
1429977688.29	COMPLETED_LOCAL
1429977688.29	READY
<END>
<BEGIN>
1429977837375579f4cc4a822c3ce6a03fd08db9977bad1d436d630baa11bace3e28ea0aefd752da
0123456789ABCDEF
1429977837.37
SHA256_TEST
60000 -verbose 20000
['testsData/experimentData.dat']
['AssistanceApps/sha256Example.assistanceApp', '10', 'testsData/experimentData.dat', '1429977837375579f4cc4a822c3ce6a03fd08db9977bad1d436d630baa11bace3e28ea0aefd752da', '60000 -verbose 20000']
READY
1429977838.39
0
AssistanceApps/runtimeIO/1429977837375579f4cc4a822c3ce6a03fd08db9977bad1d436d630baa11bace3e28ea0aefd752da/1429977837375579f4cc4a822c3ce6a03fd08db9977bad1d436d630baa11bace3e28ea0aefd752da-stdout.dat
AssistanceApps/runtimeIO/1429977837375579f4cc4a822c3ce6a03fd08db9977bad1d436d630baa11bace3e28ea0aefd752da/1429977837375579f4cc4a822c3ce6a03fd08db9977bad1d436d630baa11bace3e28ea0aefd752da-stderr.dat

1429977837.37	DRAFT
1429977837.37	WAITING
1429977838.38	 CPU=12.325	 mem={'swap': 0.0, 'virtual': 0.0, 'physical': 28.3}	 freeDisk=40.3G
1429977838.38	GATHERING
1429977838.38	DATA READY
1429977838.38	STANDBY
1429977838.38	PERFORMING_LOCAL
1429977838.39	COMPLETED_LOCAL
1429977838.39	READY
<END>
<BEGIN>
1429977687275232c7852adbc87dd7b3a3e0504e0edac7bc5a134a2d59e65da2ed144c8d1f31d4e3
0123456789ABCDEF
1429977687.26
SHA256_TEST
60000 -verbose 20000
['testsData/experimentData.dat']
['AssistanceApps/sha256Example.assistanceApp', '10', 'testsData/experimentData.dat', '1429977687275232c7852adbc87dd7b3a3e0504e0edac7bc5a134a2d59e65da2ed144c8d1f31d4e3', '60000 -verbose 20000']
READY
1429977688.28
0
AssistanceApps/runtimeIO/1429977687275232c7852adbc87dd7b3a3e0504e0edac7bc5a134a2d59e65da2ed144c8d1f31d4e3/1429977687275232c7852adbc87dd7b3a3e0504e0edac7bc5a134a2d59e65da2ed144c8d1f31d4e3-stdout.dat
AssistanceApps/runtimeIO/1429977687275232c7852adbc87dd7b3a3e0504e0edac7bc5a134a2d59e65da2ed144c8d1f31d4e3/1429977687275232c7852adbc87dd7b3a3e0504e0edac7bc5a134a2d59e65da2ed144c8d1f31d4e3-stderr.dat

1429977687.26	DRAFT
1429977687.27	WAITING
1429977688.27	 CPU=11.875	 mem={'swap': 0.0, 'virtual': 0.0, 'physical': 28.3}	 freeDisk=40.3G
1429977688.27	GATHERING
1429977688.27	DATA READY
1429977688.27	STANDBY
1429977688.27	PERFORMING_LOCAL
1429977688.28	COMPLETED_LOCAL
1429977688.28	READY
<END>
<BEGIN>
142997777733554887345a30250f5f65268722a5a2d77d8ba7244a4a05812fa45529725300bdb500
0123456789ABCDEF
1429977777.33
SHA256_TEST
60000 -verbose 20000
['testsData/experimentData.dat']
['AssistanceApps/sha256Example.assistanceApp', '10', 'testsData/experimentData.dat', '142997777733554887345a30250f5f65268722a5a2d77d8ba7244a4a05812fa45529725300bdb500', '60000 -verbose 20000']
READY
1429977778.36
0
AssistanceApps/runtimeIO/142997777733554887345a30250f5f65268722a5a2d77d8ba7244a4a05812fa45529725300bdb500/142997777733554887345a30250f5f65268722a5a2d77d8ba7244a4a05812fa45529725300bdb500-stdout.dat
AssistanceApps/runtimeIO/142997777733554887345a30250f5f65268722a5a2d77d8ba7244a4a05812fa45529725300bdb500/142997777733554887345a30250f5f65268722a5a2d77d8ba7244a4a05812fa45529725300bdb500-stderr.dat

1429977777.33	DRAFT
1429977777.33	WAITING
1429977778.34	 CPU=14.175	 mem={'swap': 0.0, 'virtual': 0.0, 'physical': 28.3}	 freeDisk=40.3G
1429977778.34	GATHERING
1429977778.34	DATA READY
1429977778.34	STANDBY
1429977778.34	PERFORMING_LOCAL
1429977778.36	COMPLETED_LOCAL
1429977778.36	READY
<END>
<BEGIN>
142997786741576689666769199221ce7677c0cbd93c55326dab3f487e854db8732cd7f902d4ff6e
0123456789ABCDEF
1429977867.41
SHA256_TEST
60000 -verbose 20000
['testsData/experimentData.dat']
['AssistanceApps/sha256Example.assistanceApp', '10', 'testsData/experimentData.dat', '142997786741576689666769199221ce7677c0cbd93c55326dab3f487e854db8732cd7f902d4ff6e', '60000 -verbose 20000']
READY
1429977868.43
0
AssistanceApps/runtimeIO/142997786741576689666769199221ce7677c0cbd93c55326dab3f487e854db8732cd7f902d4ff6e/142997786741576689666769199221ce7677c0cbd93c55326dab3f487e854db8732cd7f902d4ff6e-stdout.dat
AssistanceApps/runtimeIO/142997786741576689666769199221ce7677c0cbd93c55326dab3f487e854db8732cd7f902d4ff6e/142997786741576689666769199221ce7677c0cbd93c55326dab3f487e854db8732cd7f902d4ff6e-stderr.dat

1429977867.41	DRAFT
1429977867.41	WAITING
1429977868.41	 CPU=12.6	 mem={'swap': 0.0, 'virtual': 0.0, 'physical': 28.3}	 freeDisk=40.3G
1429977868.41	GATHERING
1429977868.41	DATA READY
1429977868.41	STANDBY
1429977868.41	PERFORMING_LOCAL
1429977868.43	COMPLETED_LOCAL
1429977868.43	READY
<END>
<BEGIN>
1429977807350196791cbb787365452b9be1a5f3933081d3b56182f3e188bf3adc2b6cf3dc846aaf
0123456789ABCDEF
1429977807.35
SHA256_TEST
60000 -verbose 20000
['testsData/experimentData.dat']
['AssistanceApps/sha256Example.assistanceApp', '10', 'testsData/experimentData.dat', '1429977807350196791cbb787365452b9be1a5f3933081d3b56182f3e188bf3adc2b6cf3dc846aaf', '60000 -verbose 20000']
READY
1429977808.37
0
AssistanceApps/runtimeIO/1429977807350196791cbb787365452b9be1a5f3933081d3b56182f3e188bf3adc2b6cf3dc846aaf/1429977807350196791cbb787365452b9be1a5f3933081d3b56182f3e188bf3adc2b6cf3dc846aaf-stdout.dat
AssistanceApps/runtimeIO/1429977807350196791cbb787365452b9be1a5f3933081d3b56182f3e188bf3adc2b6cf3dc846aaf/1429977807350196791cbb787365452b9be1a5f3933081d3b56182f3e188bf3adc2b6cf3dc846aaf-stderr.dat

1429977807.35	DRAFT
1429977807.35	WAITING
1429977808.35	 CPU=12.025	 mem={'swap': 0.0, 'virtual': 0.0, 'physical': 28.3}	 freeDisk=40.3G
1429977808.35	GATHERING
1429977808.35	DATA READY
1429977808.35	STANDBY
1429977808.36	PERFORMING_LOCAL
1429977808.37	COMPLETED_LOCAL
1429977808.37	READY
<END>
<BEGIN>
1429977807356719791cbb787365452b9be1a5f3933081d3b56182f3e188bf3adc2b6cf3dc846aaf
0123456789ABCDEF
1429977807.35
SHA256_TEST
60000 -verbose 20000
['testsData/experimentData.dat']
['AssistanceApps/sha256Example.assistanceApp', '10', 'testsData/experimentData.dat', '1429977807356719791cbb787365452b9be1a5f3933081d3b56182f3e188bf3adc2b6cf3dc846aaf', '60000 -verbose 20000']
READY
1429977808.37
0
AssistanceApps/runtimeIO/1429977807356719791cbb787365452b9be1a5f3933081d3b56182f3e188bf3adc2b6cf3dc846aaf/1429977807356719791cbb787365452b9be1a5f3933081d3b56182f3e188bf3adc2b6cf3dc846aaf-stdout.dat
AssistanceApps/runtimeIO/1429977807356719791cbb787365452b9be1a5f3933081d3b56182f3e188bf3adc2b6cf3dc846aaf/1429977807356719791cbb787365452b9be1a5f3933081d3b56182f3e188bf3adc2b6cf3dc846aaf-stderr.dat

1429977807.35	DRAFT
1429977807.35	WAITING
1429977808.36	 CPU=12.25	 mem={'swap': 0.0, 'virtual': 0.0, 'physical': 28.3}	 freeDisk=40.3G
1429977808.36	GATHERING
1429977808.36	DATA READY
1429977808.36	STANDBY
1429977808.36	PERFORMING_LOCAL
1429977808.37	COMPLETED_LOCAL
1429977808.37	READY
<END>
<BEGIN>
142997786744578fc0d2d8e2850c68e2b5084d612ba92cf75b56df4f3e021a67551d48a89a8eb9b
0123456789ABCDEF
1429977867.4
SHA256_TEST
60000 -verbose 20000
['testsData/experimentData.dat']
['AssistanceApps/sha256Example.assistanceApp', '10', 'testsData/experimentData.dat', '142997786744578fc0d2d8e2850c68e2b5084d612ba92cf75b56df4f3e021a67551d48a89a8eb9b', '60000 -verbose 20000']
READY
1429977868.42
0
AssistanceApps/runtimeIO/142997786744578fc0d2d8e2850c68e2b5084d612ba92cf75b56df4f3e021a67551d48a89a8eb9b/142997786744578fc0d2d8e2850c68e2b5084d612ba92cf75b56df4f3e021a67551d48a89a8eb9b-stdout.dat
AssistanceApps/runtimeIO/142997786744578fc0d2d8e2850c68e2b5084d612ba92cf75b56df4f3e021a67551d48a89a8eb9b/142997786744578fc0d2d8e2850c68e2b5084d612ba92cf75b56df4f3e021a67551d48a89a8eb9b-stderr.dat

1429977867.4	DRAFT
1429977867.41	WAITING
1429977868.41	 CPU=12.625	 mem={'swap': 0.0, 'virtual': 0.0, 'physical': 28.3}	 freeDisk=40.3G
1429977868.41	GATHERING
1429977868.41	DATA READY
1429977868.41	STANDBY
1429977868.41	PERFORMING_LOCAL
1429977868.42	COMPLETED_LOCAL
1429977868.42	READY
<END>
<BEGIN>
14299776572397870022d697b7c44d2e2d4584f634c6278505e3415137a2d5340e13ede8037e59aa
0123456789ABCDEF
1429977657.23
SHA256_TEST
60000 -verbose 20000
['testsData/experimentData.dat']
['AssistanceApps/sha256Example.assistanceApp', '10', 'testsData/experimentData.dat', '14299776572397870022d697b7c44d2e2d4584f634c6278505e3415137a2d5340e13ede8037e59aa', '60000 -verbose 20000']
READY
1429977658.24
0
AssistanceApps/runtimeIO/14299776572397870022d697b7c44d2e2d4584f634c6278505e3415137a2d5340e13ede8037e59aa/14299776572397870022d697b7c44d2e2d4584f634c6278505e3415137a2d5340e13ede8037e59aa-stdout.dat
AssistanceApps/runtimeIO/14299776572397870022d697b7c44d2e2d4584f634c6278505e3415137a2d5340e13ede8037e59aa/14299776572397870022d697b7c44d2e2d4584f634c6278505e3415137a2d5340e13ede8037e59aa-stderr.dat

1429977657.23	DRAFT
1429977657.23	WAITING
1429977658.23	 CPU=23.075	 mem={'swap': 0.0, 'virtual': 0.0, 'physical': 28.3}	 freeDisk=40.3G
1429977658.23	GATHERING
1429977658.23	DATA READY
1429977658.23	STANDBY
1429977658.23	PERFORMING_LOCAL
1429977658.24	COMPLETED_LOCAL
1429977658.24	READY
<END>
<BEGIN>
142997774734628406026286c380182cd09e807936dee03d66168cf8fe6a48cd264df7ff512cbbf
0123456789ABCDEF
1429977747.3
SHA256_TEST
60000 -verbose 20000
['testsData/experimentData.dat']
['AssistanceApps/sha256Example.assistanceApp', '10', 'testsData/experimentData.dat', '142997774734628406026286c380182cd09e807936dee03d66168cf8fe6a48cd264df7ff512cbbf', '60000 -verbose 20000']
READY
1429977748.33
0
AssistanceApps/runtimeIO/142997774734628406026286c380182cd09e807936dee03d66168cf8fe6a48cd264df7ff512cbbf/142997774734628406026286c380182cd09e807936dee03d66168cf8fe6a48cd264df7ff512cbbf-stdout.dat
AssistanceApps/runtimeIO/142997774734628406026286c380182cd09e807936dee03d66168cf8fe6a48cd264df7ff512cbbf/142997774734628406026286c380182cd09e807936dee03d66168cf8fe6a48cd264df7ff512cbbf-stderr.dat

1429977747.3	DRAFT
1429977747.3	WAITING
1429977748.31	 CPU=10.625	 mem={'swap': 0.0, 'virtual': 0.0, 'physical': 28.3}	 freeDisk=40.3G
1429977748.31	GATHERING
1429977748.31	DATA READY
1429977748.31	STANDBY
1429977748.31	PERFORMING_LOCAL
1429977748.33	COMPLETED_LOCAL
1429977748.33	READY
<END>
<BEGIN>
1429977837378232f4cc4a822c3ce6a03fd08db9977bad1d436d630baa11bace3e28ea0aefd752da
0123456789ABCDEF
1429977837.37
SHA256_TEST
60000 -verbose 20000
['testsData/experimentData.dat']
['AssistanceApps/sha256Example.assistanceApp', '10', 'testsData/experimentData.dat', '1429977837378232f4cc4a822c3ce6a03fd08db9977bad1d436d630baa11bace3e28ea0aefd752da', '60000 -verbose 20000']
READY
1429977838.38
0
AssistanceApps/runtimeIO/1429977837378232f4cc4a822c3ce6a03fd08db9977bad1d436d630baa11bace3e28ea0aefd752da/1429977837378232f4cc4a822c3ce6a03fd08db9977bad1d436d630baa11bace3e28ea0aefd752da-stdout.dat
AssistanceApps/runtimeIO/1429977837378232f4cc4a822c3ce6a03fd08db9977bad1d436d630baa11bace3e28ea0aefd752da/1429977837378232f4cc4a822c3ce6a03fd08db9977bad1d436d630baa11bace3e28ea0aefd752da-stderr.dat

1429977837.37	DRAFT
1429977837.37	WAITING
1429977838.37	 CPU=12.775	 mem={'swap': 0.0, 'virtual': 0.0, 'physical': 28.3}	 freeDisk=40.3G
1429977838.37	GATHERING
1429977838.37	DATA READY
1429977838.37	STANDBY
1429977838.37	PERFORMING_LOCAL
1429977838.38	COMPLETED_LOCAL
1429977838.38	READY
<END>
<BEGIN>
142997777733572787345a30250f5f65268722a5a2d77d8ba7244a4a05812fa45529725300bdb500
0123456789ABCDEF
1429977777.33
SHA256_TEST
60000 -verbose 20000
['testsData/experimentData.dat']
['AssistanceApps/sha256Example.assistanceApp', '10', 'testsData/experimentData.dat', '142997777733572787345a30250f5f65268722a5a2d77d8ba7244a4a05812fa45529725300bdb500', '60000 -verbose 20000']
READY
1429977778.36
0
AssistanceApps/runtimeIO/142997777733572787345a30250f5f65268722a5a2d77d8ba7244a4a05812fa45529725300bdb500/142997777733572787345a30250f5f65268722a5a2d77d8ba7244a4a05812fa45529725300bdb500-stdout.dat
AssistanceApps/runtimeIO/142997777733572787345a30250f5f65268722a5a2d77d8ba7244a4a05812fa45529725300bdb500/142997777733572787345a30250f5f65268722a5a2d77d8ba7244a4a05812fa45529725300bdb500-stderr.dat

1429977777.33	DRAFT
1429977777.33	WAITING
1429977778.34	 CPU=14.175	 mem={'swap': 0.0, 'virtual': 0.0, 'physical': 28.3}	 freeDisk=40.3G
1429977778.34	GATHERING
1429977778.34	DATA READY
1429977778.34	STANDBY
1429977778.34	PERFORMING_LOCAL
1429977778.36	COMPLETED_LOCAL
1429977778.36	READY
<END>