
<BEGIN>
1429976777845842b41da026e9bba9840999baaa6638fa1fb3f35cbb665ddfb299ac0b8d6daa4df9
0123456789ABCDEF
1429976777.84
SHA256_TEST
60000 -verbose 20000
['AssistanceApps/runtimeIO/1429976777845842b41da026e9bba9840999baaa6638fa1fb3f35cbb665ddfb299ac0b8d6daa4df9/experimentData.dat']
['AssistanceApps/sha256Example.assistanceApp', '10', 'AssistanceApps/runtimeIO/1429976777845842b41da026e9bba9840999baaa6638fa1fb3f35cbb665ddfb299ac0b8d6daa4df9/experimentData.dat', '1429976777845842b41da026e9bba9840999baaa6638fa1fb3f35cbb665ddfb299ac0b8d6daa4df9', '60000 -verbose 20000']
FINISHED
1429976779.35
0
AssistanceApps/runtimeIO/1429976777845842b41da026e9bba9840999baaa6638fa1fb3f35cbb665ddfb299ac0b8d6daa4df9/1429976777845842b41da026e9bba9840999baaa6638fa1fb3f35cbb665ddfb299ac0b8d6daa4df9-stdout.dat
AssistanceApps/runtimeIO/1429976777845842b41da026e9bba9840999baaa6638fa1fb3f35cbb665ddfb299ac0b8d6daa4df9/1429976777845842b41da026e9bba9840999baaa6638fa1fb3f35cbb665ddfb299ac0b8d6daa4df9-stderr.dat

1429976777.84	DRAFT
1429976777.84	WAITING
1429976778.84	 CPU=0.5	 mem={'swap': 0.0, 'virtual': 0.0, 'physical': 18.1}	 freeDisk=40.1G
1429976778.84	GATHERING
1429976778.85	DATA READY
1429976778.85	STANDBY
1429976778.85	PERFORMING_LOCAL
1429976779.35	COMPLETED_LOCAL
1429976779.35	READY
1429976779.36	SENDING_DATA
1429976779.36	FINISHED
<END>
<BEGIN>
1429976777848640bbc80e6fc3486f1020e6154aa1c29ef161ea477545e8eb017480b8ad66d5bb4e
0123456789ABCDEF
1429976777.84
LOCAL_ECHO_TEST
HeII0, W0r1d!!!111!
[]
['AssistanceApps/echoInAllCaps.assistanceApp', '10', '', '1429976777848640bbc80e6fc3486f1020e6154aa1c29ef161ea477545e8eb017480b8ad66d5bb4e', 'HeII0, W0r1d!!!111!']
READY
1429976778.85
0
HEII0, W0R1D!!!111!



1429976777.84	DRAFT
1429976777.84	WAITING
1429976778.85	 CPU=1.25	 mem={'swap': 0.0, 'virtual': 0.0, 'physical': 18.2}	 freeDisk=40.1G
1429976778.85	DATA READY
1429976778.85	STANDBY
1429976778.85	PERFORMING_LOCAL
1429976778.85	COMPLETED_LOCAL
1429976778.85	READY
<END>
<BEGIN>
1429976777847105a42c503e713189e42555f8aa7ff75e96d91da739f24918c8dca5e6b7d6e24073
0123456789ABCDEF
1429976777.84
LOCAL_ECHO_TEST
Hello World
[]
['AssistanceApps/echoInAllCaps.assistanceApp', '10', '', '1429976777847105a42c503e713189e42555f8aa7ff75e96d91da739f24918c8dca5e6b7d6e24073', 'Hello World']
READY
1429976778.85
0
HELLO WORLD



1429976777.84	DRAFT
1429976777.84	WAITING
1429976778.84	 CPU=0.5	 mem={'swap': 0.0, 'virtual': 0.0, 'physical': 18.1}	 freeDisk=40.1G
1429976778.84	DATA READY
1429976778.84	STANDBY
1429976778.84	PERFORMING_LOCAL
1429976778.85	COMPLETED_LOCAL
1429976778.85	READY
<END>
<BEGIN>
1429976777843749a690ee7ec9bd36359e46e62e88b30b40dc5e204d02dbbc05b49c7e1d76a5bab0
0123456789ABCDEF
1429976777.84
WEKA_3_6_12
weka.classifiers.trees.J48 -t
['AssistanceApps/runtimeIO/1429976777843749a690ee7ec9bd36359e46e62e88b30b40dc5e204d02dbbc05b49c7e1d76a5bab0/weather.numeric.arff']
['AssistanceApps/assistanceWEKA.assistanceApp', '10', 'AssistanceApps/runtimeIO/1429976777843749a690ee7ec9bd36359e46e62e88b30b40dc5e204d02dbbc05b49c7e1d76a5bab0/weather.numeric.arff', '1429976777843749a690ee7ec9bd36359e46e62e88b30b40dc5e204d02dbbc05b49c7e1d76a5bab0', 'weka.classifiers.trees.J48 -t']
FINISHED
1429976779.01
0
AssistanceApps/runtimeIO/1429976777843749a690ee7ec9bd36359e46e62e88b30b40dc5e204d02dbbc05b49c7e1d76a5bab0/1429976777843749a690ee7ec9bd36359e46e62e88b30b40dc5e204d02dbbc05b49c7e1d76a5bab0-stdout.dat
AssistanceApps/runtimeIO/1429976777843749a690ee7ec9bd36359e46e62e88b30b40dc5e204d02dbbc05b49c7e1d76a5bab0/1429976777843749a690ee7ec9bd36359e46e62e88b30b40dc5e204d02dbbc05b49c7e1d76a5bab0-stderr.dat

1429976777.84	DRAFT
1429976777.84	WAITING
1429976778.85	 CPU=1.0	 mem={'swap': 0.0, 'virtual': 0.0, 'physical': 18.2}	 freeDisk=40.1G
1429976778.85	GATHERING
1429976778.86	DATA READY
1429976778.86	STANDBY
1429976778.86	PERFORMING_LOCAL
1429976779.01	COMPLETED_LOCAL
1429976779.01	READY
1429976779.11	SENDING_DATA
1429976779.11	FINISHED
<END>
<BEGIN>
1429976777846779d18503ac5507d0a428eaff54729b286689cf1b89345f39087d49048a4f4d9c38
0123456789ABCDEF
1429976777.84
SHA256_TEST
60000 -verbose 20000
['testsData/experimentData.dat']
['AssistanceApps/sha256Example.assistanceApp', '10', 'testsData/experimentData.dat', '1429976777846779d18503ac5507d0a428eaff54729b286689cf1b89345f39087d49048a4f4d9c38', '60000 -verbose 20000']
READY
1429976778.85
0
AssistanceApps/runtimeIO/1429976777846779d18503ac5507d0a428eaff54729b286689cf1b89345f39087d49048a4f4d9c38/1429976777846779d18503ac5507d0a428eaff54729b286689cf1b89345f39087d49048a4f4d9c38-stdout.dat
AssistanceApps/runtimeIO/1429976777846779d18503ac5507d0a428eaff54729b286689cf1b89345f39087d49048a4f4d9c38/1429976777846779d18503ac5507d0a428eaff54729b286689cf1b89345f39087d49048a4f4d9c38-stderr.dat

1429976777.84	DRAFT
1429976777.84	WAITING
1429976778.85	 CPU=1.0	 mem={'swap': 0.0, 'virtual': 0.0, 'physical': 18.1}	 freeDisk=40.1G
1429976778.85	GATHERING
1429976778.85	DATA READY
1429976778.85	STANDBY
1429976778.85	PERFORMING_LOCAL
1429976778.85	COMPLETED_LOCAL
1429976778.85	READY
<END>
<BEGIN>
14299767778438898ca51c553dd0d629abf7bbabb332ba3c01fa41a23f4bec00f3142b9f535d6f02
0123456789ABCDEF
1429976777.84
WEKA_3_6_12
weka.classifiers.trees.J48 -t
['AssistanceApps/runtimeIO/14299767778438898ca51c553dd0d629abf7bbabb332ba3c01fa41a23f4bec00f3142b9f535d6f02/weather.nominal.arff']
['AssistanceApps/assistanceWEKA.assistanceApp', '10', 'AssistanceApps/runtimeIO/14299767778438898ca51c553dd0d629abf7bbabb332ba3c01fa41a23f4bec00f3142b9f535d6f02/weather.nominal.arff', '14299767778438898ca51c553dd0d629abf7bbabb332ba3c01fa41a23f4bec00f3142b9f535d6f02', 'weka.classifiers.trees.J48 -t']
FINISHED
1429976779.01
0
AssistanceApps/runtimeIO/14299767778438898ca51c553dd0d629abf7bbabb332ba3c01fa41a23f4bec00f3142b9f535d6f02/14299767778438898ca51c553dd0d629abf7bbabb332ba3c01fa41a23f4bec00f3142b9f535d6f02-stdout.dat
AssistanceApps/runtimeIO/14299767778438898ca51c553dd0d629abf7bbabb332ba3c01fa41a23f4bec00f3142b9f535d6f02/14299767778438898ca51c553dd0d629abf7bbabb332ba3c01fa41a23f4bec00f3142b9f535d6f02-stderr.dat

1429976777.84	DRAFT
1429976777.84	WAITING
1429976778.85	 CPU=1.0	 mem={'swap': 0.0, 'virtual': 0.0, 'physical': 18.1}	 freeDisk=40.1G
1429976778.85	GATHERING
1429976778.85	DATA READY
1429976778.85	STANDBY
1429976778.85	PERFORMING_LOCAL
1429976779.01	COMPLETED_LOCAL
1429976779.01	READY
1429976779.11	SENDING_DATA
1429976779.11	FINISHED
<END>
<BEGIN>
1429976777843158b41da026e9bba9840999baaa6638fa1fb3f35cbb665ddfb299ac0b8d6daa4df9
0123456789ABCDEF
1429976777.84
SHA256_TEST
60000 -verbose 20000
['AssistanceApps/runtimeIO/1429976777843158b41da026e9bba9840999baaa6638fa1fb3f35cbb665ddfb299ac0b8d6daa4df9/experimentData.dat']
['AssistanceApps/sha256Example.assistanceApp', '10', 'AssistanceApps/runtimeIO/1429976777843158b41da026e9bba9840999baaa6638fa1fb3f35cbb665ddfb299ac0b8d6daa4df9/experimentData.dat', '1429976777843158b41da026e9bba9840999baaa6638fa1fb3f35cbb665ddfb299ac0b8d6daa4df9', '60000 -verbose 20000']
FINISHED
1429976779.33
0
AssistanceApps/runtimeIO/1429976777843158b41da026e9bba9840999baaa6638fa1fb3f35cbb665ddfb299ac0b8d6daa4df9/1429976777843158b41da026e9bba9840999baaa6638fa1fb3f35cbb665ddfb299ac0b8d6daa4df9-stdout.dat
AssistanceApps/runtimeIO/1429976777843158b41da026e9bba9840999baaa6638fa1fb3f35cbb665ddfb299ac0b8d6daa4df9/1429976777843158b41da026e9bba9840999baaa6638fa1fb3f35cbb665ddfb299ac0b8d6daa4df9-stderr.dat

1429976777.84	DRAFT
1429976777.84	WAITING
1429976778.85	 CPU=1.25	 mem={'swap': 0.0, 'virtual': 0.0, 'physical': 18.2}	 freeDisk=40.1G
1429976778.85	GATHERING
1429976778.86	DATA READY
1429976778.86	STANDBY
1429976778.86	PERFORMING_LOCAL
1429976779.33	COMPLETED_LOCAL
1429976779.33	READY
1429976779.36	SENDING_DATA
1429976779.36	FINISHED
<END>
<BEGIN>
1429976777843968d18503ac5507d0a428eaff54729b286689cf1b89345f39087d49048a4f4d9c38
0123456789ABCDEF
1429976777.84
SHA256_TEST
60000 -verbose 20000
['testsData/experimentData.dat']
['AssistanceApps/sha256Example.assistanceApp', '10', 'testsData/experimentData.dat', '1429976777843968d18503ac5507d0a428eaff54729b286689cf1b89345f39087d49048a4f4d9c38', '60000 -verbose 20000']
READY
1429976778.85
0
AssistanceApps/runtimeIO/1429976777843968d18503ac5507d0a428eaff54729b286689cf1b89345f39087d49048a4f4d9c38/1429976777843968d18503ac5507d0a428eaff54729b286689cf1b89345f39087d49048a4f4d9c38-stdout.dat
AssistanceApps/runtimeIO/1429976777843968d18503ac5507d0a428eaff54729b286689cf1b89345f39087d49048a4f4d9c38/1429976777843968d18503ac5507d0a428eaff54729b286689cf1b89345f39087d49048a4f4d9c38-stderr.dat

1429976777.84	DRAFT
1429976777.84	WAITING
1429976778.84	 CPU=0.5	 mem={'swap': 0.0, 'virtual': 0.0, 'physical': 18.1}	 freeDisk=40.1G
1429976778.84	GATHERING
1429976778.84	DATA READY
1429976778.84	STANDBY
1429976778.84	PERFORMING_LOCAL
1429976778.85	COMPLETED_LOCAL
1429976778.85	READY
<END>
<BEGIN>
14299767778470327863f6bca416fe31481d285382f8f0f05743f50df4ed4946de2570879bfaa978
0123456789ABCDEF
1429976777.84
LOCAL_ECHO_TEST
Hello, World!
[]
['AssistanceApps/echoInAllCaps.assistanceApp', '10', '', '14299767778470327863f6bca416fe31481d285382f8f0f05743f50df4ed4946de2570879bfaa978', 'Hello, World!']
READY
1429976778.85
0
HELLO, WORLD!



1429976777.84	DRAFT
1429976777.84	WAITING
1429976778.85	 CPU=1.0	 mem={'swap': 0.0, 'virtual': 0.0, 'physical': 18.1}	 freeDisk=40.1G
1429976778.85	DATA READY
1429976778.85	STANDBY
1429976778.85	PERFORMING_LOCAL
1429976778.85	COMPLETED_LOCAL
1429976778.85	READY
<END>