
<BEGIN>
1429976777845842b41da026e9bba9840999baaa6638fa1fb3f35cbb665ddfb299ac0b8d6daa4df9
0123456789ABCDEF
1429976777.84
SHA256_TEST
60000 -verbose 20000
['AssistanceApps/runtimeIO/1429976777845842b41da026e9bba9840999baaa6638fa1fb3f35cbb665ddfb299ac0b8d6daa4df9/experimentData.dat']
['AssistanceApps/sha256Example.assistanceApp', '10', 'AssistanceApps/runtimeIO/1429976777845842b41da026e9bba9840999baaa6638fa1fb3f35cbb665ddfb299ac0b8d6daa4df9/experimentData.dat', '1429976777845842b41da026e9bba9840999baaa6638fa1fb3f35cbb665ddfb299ac0b8d6daa4df9', '60000 -verbose 20000']
FINISHED
1429976779.35
0
AssistanceApps/runtimeIO/1429976777845842b41da026e9bba9840999baaa6638fa1fb3f35cbb665ddfb299ac0b8d6daa4df9/1429976777845842b41da026e9bba9840999baaa6638fa1fb3f35cbb665ddfb299ac0b8d6daa4df9-stdout.dat
AssistanceApps/runtimeIO/1429976777845842b41da026e9bba9840999baaa6638fa1fb3f35cbb665ddfb299ac0b8d6daa4df9/1429976777845842b41da026e9bba9840999baaa6638fa1fb3f35cbb665ddfb299ac0b8d6daa4df9-stderr.dat

1429976777.84	DRAFT
1429976777.84	WAITING
1429976778.84	 CPU=0.5	 mem={'swap': 0.0, 'virtual': 0.0, 'physical': 18.1}	 freeDisk=40.1G
1429976778.84	GATHERING
1429976778.85	DATA READY
1429976778.85	STANDBY
1429976778.85	PERFORMING_LOCAL
1429976779.35	COMPLETED_LOCAL
1429976779.35	READY
1429976779.36	SENDING_DATA
1429976779.36	FINISHED
<END>
<BEGIN>
1429976777848640bbc80e6fc3486f1020e6154aa1c29ef161ea477545e8eb017480b8ad66d5bb4e
0123456789ABCDEF
1429976777.84
LOCAL_ECHO_TEST
HeII0, W0r1d!!!111!
[]
['AssistanceApps/echoInAllCaps.assistanceApp', '10', '', '1429976777848640bbc80e6fc3486f1020e6154aa1c29ef161ea477545e8eb017480b8ad66d5bb4e', 'HeII0, W0r1d!!!111!']
READY
1429976778.85
0
HEII0, W0R1D!!!111!



1429976777.84	DRAFT
1429976777.84	WAITING
1429976778.85	 CPU=1.25	 mem={'swap': 0.0, 'virtual': 0.0, 'physical': 18.2}	 freeDisk=40.1G
1429976778.85	DATA READY
1429976778.85	STANDBY
1429976778.85	PERFORMING_LOCAL
1429976778.85	COMPLETED_LOCAL
1429976778.85	READY
<END>
<BEGIN>
1429976777847105a42c503e713189e42555f8aa7ff75e96d91da739f24918c8dca5e6b7d6e24073
0123456789ABCDEF
1429976777.84
LOCAL_ECHO_TEST
Hello World
[]
['AssistanceApps/echoInAllCaps.assistanceApp', '10', '', '1429976777847105a42c503e713189e42555f8aa7ff75e96d91da739f24918c8dca5e6b7d6e24073', 'Hello World']
READY
1429976778.85
0
HELLO WORLD



1429976777.84	DRAFT
1429976777.84	WAITING
1429976778.84	 CPU=0.5	 mem={'swap': 0.0, 'virtual': 0.0, 'physical': 18.1}	 freeDisk=40.1G
1429976778.84	DATA READY
1429976778.84	STANDBY
1429976778.84	PERFORMING_LOCAL
1429976778.85	COMPLETED_LOCAL
1429976778.85	READY
<END>
<BEGIN>
1429976777843749a690ee7ec9bd36359e46e62e88b30b40dc5e204d02dbbc05b49c7e1d76a5bab0
0123456789ABCDEF
1429976777.84
WEKA_3_6_12
weka.classifiers.trees.J48 -t
['AssistanceApps/runtimeIO/1429976777843749a690ee7ec9bd36359e46e62e88b30b40dc5e204d02dbbc05b49c7e1d76a5bab0/weather.numeric.arff']
['AssistanceApps/assistanceWEKA.assistanceApp', '10', 'AssistanceApps/runtimeIO/1429976777843749a690ee7ec9bd36359e46e62e88b30b40dc5e204d02dbbc05b49c7e1d76a5bab0/weather.numeric.arff', '1429976777843749a690ee7ec9bd36359e46e62e88b30b40dc5e204d02dbbc05b49c7e1d76a5bab0', 'weka.classifiers.trees.J48 -t']
FINISHED
1429976779.01
0
AssistanceApps/runtimeIO/1429976777843749a690ee7ec9bd36359e46e62e88b30b40dc5e204d02dbbc05b49c7e1d76a5bab0/1429976777843749a690ee7ec9bd36359e46e62e88b30b40dc5e204d02dbbc05b49c7e1d76a5bab0-stdout.dat
AssistanceApps/runtimeIO/1429976777843749a690ee7ec9bd36359e46e62e88b30b40dc5e204d02dbbc05b49c7e1d76a5bab0/1429976777843749a690ee7ec9bd36359e46e62e88b30b40dc5e204d02dbbc05b49c7e1d76a5bab0-stderr.dat

1429976777.84	DRAFT
1429976777.84	WAITING
1429976778.85	 CPU=1.0	 mem={'swap': 0.0, 'virtual': 0.0, 'physical': 18.2}	 freeDisk=40.1G
1429976778.85	GATHERING
1429976778.86	DATA READY
1429976778.86	STANDBY
1429976778.86	PERFORMING_LOCAL
1429976779.01	COMPLETED_LOCAL
1429976779.01	READY
1429976779.11	SENDING_DATA
1429976779.11	FINISHED
<END>
<BEGIN>
1429976777846779d18503ac5507d0a428eaff54729b286689cf1b89345f39087d49048a4f4d9c38
0123456789ABCDEF
1429976777.84
SHA256_TEST
60000 -verbose 20000
['testsData/experimentData.dat']
['AssistanceApps/sha256Example.assistanceApp', '10', 'testsData/experimentData.dat', '1429976777846779d18503ac5507d0a428eaff54729b286689cf1b89345f39087d49048a4f4d9c38', '60000 -verbose 20000']
READY
1429976778.85
0
AssistanceApps/runtimeIO/1429976777846779d18503ac5507d0a428eaff54729b286689cf1b89345f39087d49048a4f4d9c38/1429976777846779d18503ac5507d0a428eaff54729b286689cf1b89345f39087d49048a4f4d9c38-stdout.dat
AssistanceApps/runtimeIO/1429976777846779d18503ac5507d0a428eaff54729b286689cf1b89345f39087d49048a4f4d9c38/1429976777846779d18503ac5507d0a428eaff54729b286689cf1b89345f39087d49048a4f4d9c38-stderr.dat

1429976777.84	DRAFT
1429976777.84	WAITING
1429976778.85	 CPU=1.0	 mem={'swap': 0.0, 'virtual': 0.0, 'physical': 18.1}	 freeDisk=40.1G
1429976778.85	GATHERING
1429976778.85	DATA READY
1429976778.85	STANDBY
1429976778.85	PERFORMING_LOCAL
1429976778.85	COMPLETED_LOCAL
1429976778.85	READY
<END>
<BEGIN>
14299767778438898ca51c553dd0d629abf7bbabb332ba3c01fa41a23f4bec00f3142b9f535d6f02
0123456789ABCDEF
1429976777.84
WEKA_3_6_12
weka.classifiers.trees.J48 -t
['AssistanceApps/runtimeIO/14299767778438898ca51c553dd0d629abf7bbabb332ba3c01fa41a23f4bec00f3142b9f535d6f02/weather.nominal.arff']
['AssistanceApps/assistanceWEKA.assistanceApp', '10', 'AssistanceApps/runtimeIO/14299767778438898ca51c553dd0d629abf7bbabb332ba3c01fa41a23f4bec00f3142b9f535d6f02/weather.nominal.arff', '14299767778438898ca51c553dd0d629abf7bbabb332ba3c01fa41a23f4bec00f3142b9f535d6f02', 'weka.classifiers.trees.J48 -t']
FINISHED
1429976779.01
0
AssistanceApps/runtimeIO/14299767778438898ca51c553dd0d629abf7bbabb332ba3c01fa41a23f4bec00f3142b9f535d6f02/14299767778438898ca51c553dd0d629abf7bbabb332ba3c01fa41a23f4bec00f3142b9f535d6f02-stdout.dat
AssistanceApps/runtimeIO/14299767778438898ca51c553dd0d629abf7bbabb332ba3c01fa41a23f4bec00f3142b9f535d6f02/14299767778438898ca51c553dd0d629abf7bbabb332ba3c01fa41a23f4bec00f3142b9f535d6f02-stderr.dat

1429976777.84	DRAFT
1429976777.84	WAITING
1429976778.85	 CPU=1.0	 mem={'swap': 0.0, 'virtual': 0.0, 'physical': 18.1}	 freeDisk=40.1G
1429976778.85	GATHERING
1429976778.85	DATA READY
1429976778.85	STANDBY
1429976778.85	PERFORMING_LOCAL
1429976779.01	COMPLETED_LOCAL
1429976779.01	READY
1429976779.11	SENDING_DATA
1429976779.11	FINISHED
<END>
<BEGIN>
1429976777843158b41da026e9bba9840999baaa6638fa1fb3f35cbb665ddfb299ac0b8d6daa4df9
0123456789ABCDEF
1429976777.84
SHA256_TEST
60000 -verbose 20000
['AssistanceApps/runtimeIO/1429976777843158b41da026e9bba9840999baaa6638fa1fb3f35cbb665ddfb299ac0b8d6daa4df9/experimentData.dat']
['AssistanceApps/sha256Example.assistanceApp', '10', 'AssistanceApps/runtimeIO/1429976777843158b41da026e9bba9840999baaa6638fa1fb3f35cbb665ddfb299ac0b8d6daa4df9/experimentData.dat', '1429976777843158b41da026e9bba9840999baaa6638fa1fb3f35cbb665ddfb299ac0b8d6daa4df9', '60000 -verbose 20000']
FINISHED
1429976779.33
0
AssistanceApps/runtimeIO/1429976777843158b41da026e9bba9840999baaa6638fa1fb3f35cbb665ddfb299ac0b8d6daa4df9/1429976777843158b41da026e9bba9840999baaa6638fa1fb3f35cbb665ddfb299ac0b8d6daa4df9-stdout.dat
AssistanceApps/runtimeIO/1429976777843158b41da026e9bba9840999baaa6638fa1fb3f35cbb665ddfb299ac0b8d6daa4df9/1429976777843158b41da026e9bba9840999baaa6638fa1fb3f35cbb665ddfb299ac0b8d6daa4df9-stderr.dat

1429976777.84	DRAFT
1429976777.84	WAITING
1429976778.85	 CPU=1.25	 mem={'swap': 0.0, 'virtual': 0.0, 'physical': 18.2}	 freeDisk=40.1G
1429976778.85	GATHERING
1429976778.86	DATA READY
1429976778.86	STANDBY
1429976778.86	PERFORMING_LOCAL
1429976779.33	COMPLETED_LOCAL
1429976779.33	READY
1429976779.36	SENDING_DATA
1429976779.36	FINISHED
<END>
<BEGIN>
1429976777843968d18503ac5507d0a428eaff54729b286689cf1b89345f39087d49048a4f4d9c38
0123456789ABCDEF
1429976777.84
SHA256_TEST
60000 -verbose 20000
['testsData/experimentData.dat']
['AssistanceApps/sha256Example.assistanceApp', '10', 'testsData/experimentData.dat', '1429976777843968d18503ac5507d0a428eaff54729b286689cf1b89345f39087d49048a4f4d9c38', '60000 -verbose 20000']
READY
1429976778.85
0
AssistanceApps/runtimeIO/1429976777843968d18503ac5507d0a428eaff54729b286689cf1b89345f39087d49048a4f4d9c38/1429976777843968d18503ac5507d0a428eaff54729b286689cf1b89345f39087d49048a4f4d9c38-stdout.dat
AssistanceApps/runtimeIO/1429976777843968d18503ac5507d0a428eaff54729b286689cf1b89345f39087d49048a4f4d9c38/1429976777843968d18503ac5507d0a428eaff54729b286689cf1b89345f39087d49048a4f4d9c38-stderr.dat

1429976777.84	DRAFT
1429976777.84	WAITING
1429976778.84	 CPU=0.5	 mem={'swap': 0.0, 'virtual': 0.0, 'physical': 18.1}	 freeDisk=40.1G
1429976778.84	GATHERING
1429976778.84	DATA READY
1429976778.84	STANDBY
1429976778.84	PERFORMING_LOCAL
1429976778.85	COMPLETED_LOCAL
1429976778.85	READY
<END>
<BEGIN>
14299767778470327863f6bca416fe31481d285382f8f0f05743f50df4ed4946de2570879bfaa978
0123456789ABCDEF
1429976777.84
LOCAL_ECHO_TEST
Hello, World!
[]
['AssistanceApps/echoInAllCaps.assistanceApp', '10', '', '14299767778470327863f6bca416fe31481d285382f8f0f05743f50df4ed4946de2570879bfaa978', 'Hello, World!']
READY
1429976778.85
0
HELLO, WORLD!



1429976777.84	DRAFT
1429976777.84	WAITING
1429976778.85	 CPU=1.0	 mem={'swap': 0.0, 'virtual': 0.0, 'physical': 18.1}	 freeDisk=40.1G
1429976778.85	DATA READY
1429976778.85	STANDBY
1429976778.85	PERFORMING_LOCAL
1429976778.85	COMPLETED_LOCAL
1429976778.85	READY
<END>
<BEGIN>
14299776872523771c607a688bb7b5d3b7fe633a3ef1a3a73d8bec55a70eb00678108f37272efaab
0123456789ABCDEF
1429977687.25
LOCAL_ECHO_TEST
HeII0, W0r1d!!!111!
[]
['AssistanceApps/echoInAllCaps.assistanceApp', '10', '', '14299776872523771c607a688bb7b5d3b7fe633a3ef1a3a73d8bec55a70eb00678108f37272efaab', 'HeII0, W0r1d!!!111!']
READY
1429977688.26
0
HEII0, W0R1D!!!111!



1429977687.25	DRAFT
1429977687.25	WAITING
1429977688.26	 CPU=1.725	 mem={'swap': 0.0, 'virtual': 0.0, 'physical': 18.0}	 freeDisk=40.1G
1429977688.26	DATA READY
1429977688.26	STANDBY
1429977688.26	PERFORMING_LOCAL
1429977688.26	COMPLETED_LOCAL
1429977688.26	READY
<END>
<BEGIN>
14299776872544133cb857797fda4e24f762e3fba7f43a97449b78c76c52275c97633bef5f8c95be
0123456789ABCDEF
1429977687.25
LOCAL_ECHO_TEST
Hello, World!
[]
['AssistanceApps/echoInAllCaps.assistanceApp', '10', '', '14299776872544133cb857797fda4e24f762e3fba7f43a97449b78c76c52275c97633bef5f8c95be', 'Hello, World!']
READY
1429977688.26
0
HELLO, WORLD!



1429977687.25	DRAFT
1429977687.25	WAITING
1429977688.26	 CPU=1.475	 mem={'swap': 0.0, 'virtual': 0.0, 'physical': 18.0}	 freeDisk=40.1G
1429977688.26	DATA READY
1429977688.26	STANDBY
1429977688.26	PERFORMING_LOCAL
1429977688.26	COMPLETED_LOCAL
1429977688.26	READY
<END>
<BEGIN>
142997768726266756a3823d0fd4280c3d7c0d32ee5729de8f9744d35d25f7385d4a6e07cbce02ec
0123456789ABCDEF
1429977687.26
SHA256_TEST
60000 -verbose 20000
['AssistanceApps/runtimeIO/142997768726266756a3823d0fd4280c3d7c0d32ee5729de8f9744d35d25f7385d4a6e07cbce02ec/experimentData.dat']
['AssistanceApps/sha256Example.assistanceApp', '10', 'AssistanceApps/runtimeIO/142997768726266756a3823d0fd4280c3d7c0d32ee5729de8f9744d35d25f7385d4a6e07cbce02ec/experimentData.dat', '142997768726266756a3823d0fd4280c3d7c0d32ee5729de8f9744d35d25f7385d4a6e07cbce02ec', '60000 -verbose 20000']
FINISHED
1429977688.99
0
AssistanceApps/runtimeIO/142997768726266756a3823d0fd4280c3d7c0d32ee5729de8f9744d35d25f7385d4a6e07cbce02ec/142997768726266756a3823d0fd4280c3d7c0d32ee5729de8f9744d35d25f7385d4a6e07cbce02ec-stdout.dat
AssistanceApps/runtimeIO/142997768726266756a3823d0fd4280c3d7c0d32ee5729de8f9744d35d25f7385d4a6e07cbce02ec/142997768726266756a3823d0fd4280c3d7c0d32ee5729de8f9744d35d25f7385d4a6e07cbce02ec-stderr.dat

1429977687.26	DRAFT
1429977687.26	WAITING
1429977688.26	 CPU=1.225	 mem={'swap': 0.0, 'virtual': 0.0, 'physical': 18.1}	 freeDisk=40.1G
1429977688.28	GATHERING
1429977688.52	DATA READY
1429977688.52	STANDBY
1429977688.52	PERFORMING_LOCAL
1429977688.99	COMPLETED_LOCAL
1429977688.99	READY
1429977689.03	SENDING_DATA
1429977689.03	FINISHED
<END>
<BEGIN>
1429977687261875b952b4c0f16c513d8e95d91bc7807e6eeb8db80e9fa0ede150015c15f7790ef9
0123456789ABCDEF
1429977687.26
WEKA_3_6_12
weka.classifiers.trees.J48 -t
['AssistanceApps/runtimeIO/1429977687261875b952b4c0f16c513d8e95d91bc7807e6eeb8db80e9fa0ede150015c15f7790ef9/weather.nominal.arff']
['AssistanceApps/assistanceWEKA.assistanceApp', '10', 'AssistanceApps/runtimeIO/1429977687261875b952b4c0f16c513d8e95d91bc7807e6eeb8db80e9fa0ede150015c15f7790ef9/weather.nominal.arff', '1429977687261875b952b4c0f16c513d8e95d91bc7807e6eeb8db80e9fa0ede150015c15f7790ef9', 'weka.classifiers.trees.J48 -t']
FINISHED
1429977688.68
0
AssistanceApps/runtimeIO/1429977687261875b952b4c0f16c513d8e95d91bc7807e6eeb8db80e9fa0ede150015c15f7790ef9/1429977687261875b952b4c0f16c513d8e95d91bc7807e6eeb8db80e9fa0ede150015c15f7790ef9-stdout.dat
AssistanceApps/runtimeIO/1429977687261875b952b4c0f16c513d8e95d91bc7807e6eeb8db80e9fa0ede150015c15f7790ef9/1429977687261875b952b4c0f16c513d8e95d91bc7807e6eeb8db80e9fa0ede150015c15f7790ef9-stderr.dat

1429977687.26	DRAFT
1429977687.26	WAITING
1429977688.26	 CPU=1.725	 mem={'swap': 0.0, 'virtual': 0.0, 'physical': 18.1}	 freeDisk=40.1G
1429977688.28	GATHERING
1429977688.52	DATA READY
1429977688.52	STANDBY
1429977688.52	PERFORMING_LOCAL
1429977688.68	COMPLETED_LOCAL
1429977688.68	READY
1429977688.78	SENDING_DATA
1429977688.78	FINISHED
<END>
<BEGIN>
142997768726850056a3823d0fd4280c3d7c0d32ee5729de8f9744d35d25f7385d4a6e07cbce02ec
0123456789ABCDEF
1429977687.26
SHA256_TEST
60000 -verbose 20000
['AssistanceApps/runtimeIO/142997768726850056a3823d0fd4280c3d7c0d32ee5729de8f9744d35d25f7385d4a6e07cbce02ec/experimentData.dat']
['AssistanceApps/sha256Example.assistanceApp', '10', 'AssistanceApps/runtimeIO/142997768726850056a3823d0fd4280c3d7c0d32ee5729de8f9744d35d25f7385d4a6e07cbce02ec/experimentData.dat', '142997768726850056a3823d0fd4280c3d7c0d32ee5729de8f9744d35d25f7385d4a6e07cbce02ec', '60000 -verbose 20000']
FINISHED
1429977688.74
0
AssistanceApps/runtimeIO/142997768726850056a3823d0fd4280c3d7c0d32ee5729de8f9744d35d25f7385d4a6e07cbce02ec/142997768726850056a3823d0fd4280c3d7c0d32ee5729de8f9744d35d25f7385d4a6e07cbce02ec-stdout.dat
AssistanceApps/runtimeIO/142997768726850056a3823d0fd4280c3d7c0d32ee5729de8f9744d35d25f7385d4a6e07cbce02ec/142997768726850056a3823d0fd4280c3d7c0d32ee5729de8f9744d35d25f7385d4a6e07cbce02ec-stderr.dat

1429977687.26	DRAFT
1429977687.26	WAITING
1429977688.26	 CPU=1.725	 mem={'swap': 0.0, 'virtual': 0.0, 'physical': 18.0}	 freeDisk=40.1G
1429977688.26	GATHERING
1429977688.27	DATA READY
1429977688.27	STANDBY
1429977688.27	PERFORMING_LOCAL
1429977688.74	COMPLETED_LOCAL
1429977688.74	READY
1429977688.78	SENDING_DATA
1429977688.78	FINISHED
<END>
<BEGIN>
1429977687252073daba5a7d50d0e3f1e80c44222899c30d3e895d0079a2e68825dc4a2c87bfb823
0123456789ABCDEF
1429977687.25
LOCAL_ECHO_TEST
Hello World
[]
['AssistanceApps/echoInAllCaps.assistanceApp', '10', '', '1429977687252073daba5a7d50d0e3f1e80c44222899c30d3e895d0079a2e68825dc4a2c87bfb823', 'Hello World']
READY
1429977688.26
0
HELLO WORLD



1429977687.25	DRAFT
1429977687.25	WAITING
1429977688.25	 CPU=1.225	 mem={'swap': 0.0, 'virtual': 0.0, 'physical': 17.9}	 freeDisk=40.1G
1429977688.25	DATA READY
1429977688.25	STANDBY
1429977688.25	PERFORMING_LOCAL
1429977688.26	COMPLETED_LOCAL
1429977688.26	READY
<END>
<BEGIN>
142997768726855951420bfed260754e75e7719d853d8e96ff49647ea226880170b6923a0ec266b5
0123456789ABCDEF
1429977687.26
WEKA_3_6_12
weka.classifiers.trees.J48 -t
['AssistanceApps/runtimeIO/142997768726855951420bfed260754e75e7719d853d8e96ff49647ea226880170b6923a0ec266b5/weather.numeric.arff']
['AssistanceApps/assistanceWEKA.assistanceApp', '10', 'AssistanceApps/runtimeIO/142997768726855951420bfed260754e75e7719d853d8e96ff49647ea226880170b6923a0ec266b5/weather.numeric.arff', '142997768726855951420bfed260754e75e7719d853d8e96ff49647ea226880170b6923a0ec266b5', 'weka.classifiers.trees.J48 -t']
FINISHED
1429977688.7
0
AssistanceApps/runtimeIO/142997768726855951420bfed260754e75e7719d853d8e96ff49647ea226880170b6923a0ec266b5/142997768726855951420bfed260754e75e7719d853d8e96ff49647ea226880170b6923a0ec266b5-stdout.dat
AssistanceApps/runtimeIO/142997768726855951420bfed260754e75e7719d853d8e96ff49647ea226880170b6923a0ec266b5/142997768726855951420bfed260754e75e7719d853d8e96ff49647ea226880170b6923a0ec266b5-stderr.dat

1429977687.26	DRAFT
1429977687.26	WAITING
1429977688.26	 CPU=1.75	 mem={'swap': 0.0, 'virtual': 0.0, 'physical': 18.1}	 freeDisk=40.1G
1429977688.26	GATHERING
1429977688.52	DATA READY
1429977688.52	STANDBY
1429977688.52	PERFORMING_LOCAL
1429977688.7	COMPLETED_LOCAL
1429977688.7	READY
1429977688.78	SENDING_DATA
1429977688.78	FINISHED
<END>