
<BEGIN>
14301819844938591b30fa26b7c848b1d6149eda117885506e887fd964eede0dfaba5dea73cf572a
0123456789ABCDEF
1430181984.49
LOCAL_ECHO_TEST
Hello, World!
[]
['AssistanceApps/echoInAllCaps.assistanceApp', '10', '', '14301819844938591b30fa26b7c848b1d6149eda117885506e887fd964eede0dfaba5dea73cf572a', 'Hello, World!']
READY
1430181985.5
0
HELLO, WORLD!



1430181984.49	DRAFT
1430181984.49	WAITING
1430181985.5	 CPU=1.725	 mem={'swap': 0.0, 'virtual': 0.0, 'physical': 17.9}	 freeDisk=39.9G
1430181985.5	DATA READY
1430181985.5	STANDBY
1430181985.5	PERFORMING_LOCAL
1430181985.5	COMPLETED_LOCAL
1430181985.5	READY
<END>
<BEGIN>
143018198449877867fe3ae5907521ba04788bce61e61f91708deda1bef8b724fb537ade59fba924
0123456789ABCDEF
1430181984.49
LOCAL_ECHO_TEST
Hello World
[]
['AssistanceApps/echoInAllCaps.assistanceApp', '10', '', '143018198449877867fe3ae5907521ba04788bce61e61f91708deda1bef8b724fb537ade59fba924', 'Hello World']
READY
1430181985.5
0
HELLO WORLD



1430181984.49	DRAFT
1430181984.49	WAITING
1430181985.49	 CPU=1.725	 mem={'swap': 0.0, 'virtual': 0.0, 'physical': 17.9}	 freeDisk=39.9G
1430181985.49	DATA READY
1430181985.49	STANDBY
1430181985.49	PERFORMING_LOCAL
1430181985.5	COMPLETED_LOCAL
1430181985.5	READY
<END>
<BEGIN>
143018198454003aea9fd2c1767396d568d08ee8e69636693ecdb2eddd6241612f194cc3d816d0f
0123456789ABCDEF
1430181984.5
LOCAL_ECHO_TEST
HeII0, W0r1d!!!111!
[]
['AssistanceApps/echoInAllCaps.assistanceApp', '10', '', '143018198454003aea9fd2c1767396d568d08ee8e69636693ecdb2eddd6241612f194cc3d816d0f', 'HeII0, W0r1d!!!111!']
READY
1430181985.5
0
HEII0, W0R1D!!!111!



1430181984.5	DRAFT
1430181984.5	WAITING
1430181985.5	 CPU=1.75	 mem={'swap': 0.0, 'virtual': 0.0, 'physical': 18.0}	 freeDisk=39.9G
1430181985.5	DATA READY
1430181985.5	STANDBY
1430181985.5	PERFORMING_LOCAL
1430181985.5	COMPLETED_LOCAL
1430181985.5	READY
<END>
<BEGIN>
143018198452449743da47e450135f57d7eabd3d1cc2429c0d945a523de388ac4b17a3010aae8e6a
0123456789ABCDEF
1430181984.5
WEKA_3_6_12
weka.classifiers.trees.J48 -t
['AssistanceApps/runtimeIO/143018198452449743da47e450135f57d7eabd3d1cc2429c0d945a523de388ac4b17a3010aae8e6a/weather.nominal.arff']
['AssistanceApps/assistanceWEKA.assistanceApp', '10', 'AssistanceApps/runtimeIO/143018198452449743da47e450135f57d7eabd3d1cc2429c0d945a523de388ac4b17a3010aae8e6a/weather.nominal.arff', '143018198452449743da47e450135f57d7eabd3d1cc2429c0d945a523de388ac4b17a3010aae8e6a', 'weka.classifiers.trees.J48 -t']
FINISHED
1430181985.71
0
AssistanceApps/runtimeIO/143018198452449743da47e450135f57d7eabd3d1cc2429c0d945a523de388ac4b17a3010aae8e6a/143018198452449743da47e450135f57d7eabd3d1cc2429c0d945a523de388ac4b17a3010aae8e6a-stdout.dat
AssistanceApps/runtimeIO/143018198452449743da47e450135f57d7eabd3d1cc2429c0d945a523de388ac4b17a3010aae8e6a/143018198452449743da47e450135f57d7eabd3d1cc2429c0d945a523de388ac4b17a3010aae8e6a-stderr.dat

1430181984.5	DRAFT
1430181984.52	WAITING
1430181985.52	 CPU=2.0	 mem={'swap': 0.0, 'virtual': 0.0, 'physical': 18.0}	 freeDisk=39.9G
1430181985.52	GATHERING
1430181985.54	DATA READY
1430181985.54	STANDBY
1430181985.54	PERFORMING_LOCAL
1430181985.71	COMPLETED_LOCAL
1430181985.71	READY
1430181985.8	SENDING_DATA
1430181985.8	FINISHED
<END>
<BEGIN>
14301819845275349914ca91e685136d04b4ba5053343b6e250a9a76dbf2b63afe2e5a3b2ed7062f
0123456789ABCDEF
1430181984.52
WEKA_3_6_12
weka.classifiers.trees.J48 -t
['AssistanceApps/runtimeIO/14301819845275349914ca91e685136d04b4ba5053343b6e250a9a76dbf2b63afe2e5a3b2ed7062f/weather.numeric.arff']
['AssistanceApps/assistanceWEKA.assistanceApp', '10', 'AssistanceApps/runtimeIO/14301819845275349914ca91e685136d04b4ba5053343b6e250a9a76dbf2b63afe2e5a3b2ed7062f/weather.numeric.arff', '14301819845275349914ca91e685136d04b4ba5053343b6e250a9a76dbf2b63afe2e5a3b2ed7062f', 'weka.classifiers.trees.J48 -t']
FINISHED
1430181985.71
0
AssistanceApps/runtimeIO/14301819845275349914ca91e685136d04b4ba5053343b6e250a9a76dbf2b63afe2e5a3b2ed7062f/14301819845275349914ca91e685136d04b4ba5053343b6e250a9a76dbf2b63afe2e5a3b2ed7062f-stdout.dat
AssistanceApps/runtimeIO/14301819845275349914ca91e685136d04b4ba5053343b6e250a9a76dbf2b63afe2e5a3b2ed7062f/14301819845275349914ca91e685136d04b4ba5053343b6e250a9a76dbf2b63afe2e5a3b2ed7062f-stderr.dat

1430181984.52	DRAFT
1430181984.52	WAITING
1430181985.52	 CPU=2.0	 mem={'swap': 0.0, 'virtual': 0.0, 'physical': 18.0}	 freeDisk=39.9G
1430181985.52	GATHERING
1430181985.54	DATA READY
1430181985.54	STANDBY
1430181985.54	PERFORMING_LOCAL
1430181985.71	COMPLETED_LOCAL
1430181985.71	READY
1430181985.81	SENDING_DATA
1430181985.81	FINISHED
<END>
<BEGIN>
1430181984523065b054f023d857b695793a85c6f2b67fc3fc0e60a9708abdee1b1a371a82976921
0123456789ABCDEF
1430181984.52
SHA256_TEST
60000 -verbose 20000
['AssistanceApps/runtimeIO/1430181984523065b054f023d857b695793a85c6f2b67fc3fc0e60a9708abdee1b1a371a82976921/experimentData.dat']
['AssistanceApps/sha256Example.assistanceApp', '10', 'AssistanceApps/runtimeIO/1430181984523065b054f023d857b695793a85c6f2b67fc3fc0e60a9708abdee1b1a371a82976921/experimentData.dat', '1430181984523065b054f023d857b695793a85c6f2b67fc3fc0e60a9708abdee1b1a371a82976921', '60000 -verbose 20000']
FINISHED
1430181986.0
0
AssistanceApps/runtimeIO/1430181984523065b054f023d857b695793a85c6f2b67fc3fc0e60a9708abdee1b1a371a82976921/1430181984523065b054f023d857b695793a85c6f2b67fc3fc0e60a9708abdee1b1a371a82976921-stdout.dat
AssistanceApps/runtimeIO/1430181984523065b054f023d857b695793a85c6f2b67fc3fc0e60a9708abdee1b1a371a82976921/1430181984523065b054f023d857b695793a85c6f2b67fc3fc0e60a9708abdee1b1a371a82976921-stderr.dat

1430181984.52	DRAFT
1430181984.52	WAITING
1430181985.52	 CPU=2.0	 mem={'swap': 0.0, 'virtual': 0.0, 'physical': 18.0}	 freeDisk=39.9G
1430181985.52	GATHERING
1430181985.53	DATA READY
1430181985.53	STANDBY
1430181985.53	PERFORMING_LOCAL
1430181986.0	COMPLETED_LOCAL
1430181986.0	READY
1430181986.04	SENDING_DATA
1430181986.04	FINISHED
<END>
<BEGIN>
1430181984527859b054f023d857b695793a85c6f2b67fc3fc0e60a9708abdee1b1a371a82976921
0123456789ABCDEF
1430181984.52
SHA256_TEST
60000 -verbose 20000
['AssistanceApps/runtimeIO/1430181984527859b054f023d857b695793a85c6f2b67fc3fc0e60a9708abdee1b1a371a82976921/experimentData.dat']
['AssistanceApps/sha256Example.assistanceApp', '10', 'AssistanceApps/runtimeIO/1430181984527859b054f023d857b695793a85c6f2b67fc3fc0e60a9708abdee1b1a371a82976921/experimentData.dat', '1430181984527859b054f023d857b695793a85c6f2b67fc3fc0e60a9708abdee1b1a371a82976921', '60000 -verbose 20000']
FINISHED
1430181986.01
0
AssistanceApps/runtimeIO/1430181984527859b054f023d857b695793a85c6f2b67fc3fc0e60a9708abdee1b1a371a82976921/1430181984527859b054f023d857b695793a85c6f2b67fc3fc0e60a9708abdee1b1a371a82976921-stdout.dat
AssistanceApps/runtimeIO/1430181984527859b054f023d857b695793a85c6f2b67fc3fc0e60a9708abdee1b1a371a82976921/1430181984527859b054f023d857b695793a85c6f2b67fc3fc0e60a9708abdee1b1a371a82976921-stderr.dat

1430181984.52	DRAFT
1430181984.52	WAITING
1430181985.52	 CPU=2.0	 mem={'swap': 0.0, 'virtual': 0.0, 'physical': 18.0}	 freeDisk=39.9G
1430181985.52	GATHERING
1430181985.53	DATA READY
1430181985.53	STANDBY
1430181985.53	PERFORMING_LOCAL
1430181986.01	COMPLETED_LOCAL
1430181986.01	READY
1430181986.04	SENDING_DATA
1430181986.04	FINISHED
<END>