
<BEGIN>
1429979371043083c1f952d229345b061d39985880546ab44a06a08b31dbf58a4c64d7da87387c21
0123456789ABCDEF
1429979371.04
LOCAL_ECHO_TEST
HeII0, W0r1d!!!111!
[]
['AssistanceApps/echoInAllCaps.assistanceApp', '10', '', '1429979371043083c1f952d229345b061d39985880546ab44a06a08b31dbf58a4c64d7da87387c21', 'HeII0, W0r1d!!!111!']
READY
1429979372.05
0
HEII0, W0R1D!!!111!



1429979371.04	DRAFT
1429979371.04	WAITING
1429979372.04	 CPU=0.5	 mem={'swap': 0.0, 'virtual': 0.0, 'physical': 17.8}	 freeDisk=40.8G
1429979372.04	DATA READY
1429979372.04	STANDBY
1429979372.04	PERFORMING_LOCAL
1429979372.05	COMPLETED_LOCAL
1429979372.05	READY
<END>
<BEGIN>
14299793710463797560aa202b5df3f58def6858115168bbd846d4e6db0f1e7ccab4cdc25c05a749
0123456789ABCDEF
1429979371.04
LOCAL_ECHO_TEST
Hello, World!
[]
['AssistanceApps/echoInAllCaps.assistanceApp', '10', '', '14299793710463797560aa202b5df3f58def6858115168bbd846d4e6db0f1e7ccab4cdc25c05a749', 'Hello, World!']
READY
1429979372.05
0
HELLO, WORLD!



1429979371.04	DRAFT
1429979371.04	WAITING
1429979372.04	 CPU=0.75	 mem={'swap': 0.0, 'virtual': 0.0, 'physical': 17.8}	 freeDisk=40.8G
1429979372.04	DATA READY
1429979372.04	STANDBY
1429979372.04	PERFORMING_LOCAL
1429979372.05	COMPLETED_LOCAL
1429979372.05	READY
<END>
<BEGIN>
1429979371049100467ae3065020e1395cfc37f759926c9e9a961e5729e554485f93ff846a884116
0123456789ABCDEF
1429979371.04
LOCAL_ECHO_TEST
Hello World
[]
['AssistanceApps/echoInAllCaps.assistanceApp', '10', '', '1429979371049100467ae3065020e1395cfc37f759926c9e9a961e5729e554485f93ff846a884116', 'Hello World']
READY
1429979372.04
0
HELLO WORLD



1429979371.04	DRAFT
1429979371.04	WAITING
1429979372.04	 CPU=0.75	 mem={'swap': 0.0, 'virtual': 0.0, 'physical': 17.8}	 freeDisk=40.8G
1429979372.04	DATA READY
1429979372.04	STANDBY
1429979372.04	PERFORMING_LOCAL
1429979372.04	COMPLETED_LOCAL
1429979372.04	READY
<END>
<BEGIN>
1429979371058947b04114e14747670d5b7113efdea52c6409618c57306a72360bf6a031a2589e52
0123456789ABCDEF
1429979371.05
SHA256_TEST
60000 -verbose 20000
['AssistanceApps/runtimeIO/1429979371058947b04114e14747670d5b7113efdea52c6409618c57306a72360bf6a031a2589e52/experimentData.dat']
['AssistanceApps/sha256Example.assistanceApp', '10', 'AssistanceApps/runtimeIO/1429979371058947b04114e14747670d5b7113efdea52c6409618c57306a72360bf6a031a2589e52/experimentData.dat', '1429979371058947b04114e14747670d5b7113efdea52c6409618c57306a72360bf6a031a2589e52', '60000 -verbose 20000']
FINISHED
1429979372.55
0
AssistanceApps/runtimeIO/1429979371058947b04114e14747670d5b7113efdea52c6409618c57306a72360bf6a031a2589e52/1429979371058947b04114e14747670d5b7113efdea52c6409618c57306a72360bf6a031a2589e52-stdout.dat
AssistanceApps/runtimeIO/1429979371058947b04114e14747670d5b7113efdea52c6409618c57306a72360bf6a031a2589e52/1429979371058947b04114e14747670d5b7113efdea52c6409618c57306a72360bf6a031a2589e52-stderr.dat

1429979371.05	DRAFT
1429979371.05	WAITING
1429979372.05	 CPU=0.75	 mem={'swap': 0.0, 'virtual': 0.0, 'physical': 17.8}	 freeDisk=40.8G
1429979372.05	GATHERING
1429979372.06	DATA READY
1429979372.06	STANDBY
1429979372.06	PERFORMING_LOCAL
1429979372.55	COMPLETED_LOCAL
1429979372.55	READY
1429979372.57	SENDING_DATA
1429979372.57	FINISHED
<END>
<BEGIN>
1429979371053235b04114e14747670d5b7113efdea52c6409618c57306a72360bf6a031a2589e52
0123456789ABCDEF
1429979371.05
SHA256_TEST
60000 -verbose 20000
['AssistanceApps/runtimeIO/1429979371053235b04114e14747670d5b7113efdea52c6409618c57306a72360bf6a031a2589e52/experimentData.dat']
['AssistanceApps/sha256Example.assistanceApp', '10', 'AssistanceApps/runtimeIO/1429979371053235b04114e14747670d5b7113efdea52c6409618c57306a72360bf6a031a2589e52/experimentData.dat', '1429979371053235b04114e14747670d5b7113efdea52c6409618c57306a72360bf6a031a2589e52', '60000 -verbose 20000']
FINISHED
1429979372.54
0
AssistanceApps/runtimeIO/1429979371053235b04114e14747670d5b7113efdea52c6409618c57306a72360bf6a031a2589e52/1429979371053235b04114e14747670d5b7113efdea52c6409618c57306a72360bf6a031a2589e52-stdout.dat
AssistanceApps/runtimeIO/1429979371053235b04114e14747670d5b7113efdea52c6409618c57306a72360bf6a031a2589e52/1429979371053235b04114e14747670d5b7113efdea52c6409618c57306a72360bf6a031a2589e52-stderr.dat

1429979371.05	DRAFT
1429979371.05	WAITING
1429979372.05	 CPU=0.75	 mem={'swap': 0.0, 'virtual': 0.0, 'physical': 17.8}	 freeDisk=40.8G
1429979372.05	GATHERING
1429979372.06	DATA READY
1429979372.06	STANDBY
1429979372.06	PERFORMING_LOCAL
1429979372.54	COMPLETED_LOCAL
1429979372.54	READY
1429979372.57	SENDING_DATA
1429979372.57	FINISHED
<END>
<BEGIN>
1429979371057213d42c1fd792479a19622052dc7d171516f7d904d603e8e459bdb4ccc0fc610964
0123456789ABCDEF
1429979371.05
WEKA_3_6_12
weka.classifiers.trees.J48 -t
['AssistanceApps/runtimeIO/1429979371057213d42c1fd792479a19622052dc7d171516f7d904d603e8e459bdb4ccc0fc610964/weather.nominal.arff']
['AssistanceApps/assistanceWEKA.assistanceApp', '10', 'AssistanceApps/runtimeIO/1429979371057213d42c1fd792479a19622052dc7d171516f7d904d603e8e459bdb4ccc0fc610964/weather.nominal.arff', '1429979371057213d42c1fd792479a19622052dc7d171516f7d904d603e8e459bdb4ccc0fc610964', 'weka.classifiers.trees.J48 -t']
FINISHED
1429979372.23
0
AssistanceApps/runtimeIO/1429979371057213d42c1fd792479a19622052dc7d171516f7d904d603e8e459bdb4ccc0fc610964/1429979371057213d42c1fd792479a19622052dc7d171516f7d904d603e8e459bdb4ccc0fc610964-stdout.dat
AssistanceApps/runtimeIO/1429979371057213d42c1fd792479a19622052dc7d171516f7d904d603e8e459bdb4ccc0fc610964/1429979371057213d42c1fd792479a19622052dc7d171516f7d904d603e8e459bdb4ccc0fc610964-stderr.dat

1429979371.05	DRAFT
1429979371.05	WAITING
1429979372.05	 CPU=0.75	 mem={'swap': 0.0, 'virtual': 0.0, 'physical': 17.8}	 freeDisk=40.8G
1429979372.05	GATHERING
1429979372.06	DATA READY
1429979372.06	STANDBY
1429979372.06	PERFORMING_LOCAL
1429979372.23	COMPLETED_LOCAL
1429979372.23	READY
1429979372.32	SENDING_DATA
1429979372.32	FINISHED
<END>
<BEGIN>
1429979371052411803a8c4f0cd02a148291ead134b84c71c959f881417f352d2096ee5bb98ea8fa
0123456789ABCDEF
1429979371.05
WEKA_3_6_12
weka.classifiers.trees.J48 -t
['AssistanceApps/runtimeIO/1429979371052411803a8c4f0cd02a148291ead134b84c71c959f881417f352d2096ee5bb98ea8fa/weather.numeric.arff']
['AssistanceApps/assistanceWEKA.assistanceApp', '10', 'AssistanceApps/runtimeIO/1429979371052411803a8c4f0cd02a148291ead134b84c71c959f881417f352d2096ee5bb98ea8fa/weather.numeric.arff', '1429979371052411803a8c4f0cd02a148291ead134b84c71c959f881417f352d2096ee5bb98ea8fa', 'weka.classifiers.trees.J48 -t']
FINISHED
1429979372.24
0
AssistanceApps/runtimeIO/1429979371052411803a8c4f0cd02a148291ead134b84c71c959f881417f352d2096ee5bb98ea8fa/1429979371052411803a8c4f0cd02a148291ead134b84c71c959f881417f352d2096ee5bb98ea8fa-stdout.dat
AssistanceApps/runtimeIO/1429979371052411803a8c4f0cd02a148291ead134b84c71c959f881417f352d2096ee5bb98ea8fa/1429979371052411803a8c4f0cd02a148291ead134b84c71c959f881417f352d2096ee5bb98ea8fa-stderr.dat

1429979371.05	DRAFT
1429979371.05	WAITING
1429979372.05	 CPU=0.75	 mem={'swap': 0.0, 'virtual': 0.0, 'physical': 17.8}	 freeDisk=40.8G
1429979372.05	GATHERING
1429979372.06	DATA READY
1429979372.06	STANDBY
1429979372.06	PERFORMING_LOCAL
1429979372.24	COMPLETED_LOCAL
1429979372.24	READY
1429979372.32	SENDING_DATA
1429979372.32	FINISHED
<END>