
<BEGIN>
14299772009595526eda1a7c44775f473d9d43d1cb26aa7bc9a69c3fc64fd4229a5293f6e85f604f
0123456789ABCDEF
1429977200.95
LOCAL_ECHO_TEST
Hello World
[]
['AssistanceApps/echoInAllCaps.assistanceApp', '10', '', '14299772009595526eda1a7c44775f473d9d43d1cb26aa7bc9a69c3fc64fd4229a5293f6e85f604f', 'Hello World']
READY
1429977201.95
0
HELLO WORLD



1429977200.95	DRAFT
1429977200.95	WAITING
1429977201.95	 CPU=1.25	 mem={'swap': 0.0, 'virtual': 0.0, 'physical': 18.1}	 freeDisk=40.4G
1429977201.95	DATA READY
1429977201.95	STANDBY
1429977201.95	PERFORMING_LOCAL
1429977201.95	COMPLETED_LOCAL
1429977201.95	READY
<END>
<BEGIN>
1429977200950206f57ec1481e5b91fc555c573ce9af27bcd546bad9bbc6f04940246af02c5dae4b
0123456789ABCDEF
1429977200.95
SHA256_TEST
60000 -verbose 20000
['testsData/experimentData.dat']
['AssistanceApps/sha256Example.assistanceApp', '10', 'testsData/experimentData.dat', '1429977200950206f57ec1481e5b91fc555c573ce9af27bcd546bad9bbc6f04940246af02c5dae4b', '60000 -verbose 20000']
READY
1429977201.96
0
AssistanceApps/runtimeIO/1429977200950206f57ec1481e5b91fc555c573ce9af27bcd546bad9bbc6f04940246af02c5dae4b/1429977200950206f57ec1481e5b91fc555c573ce9af27bcd546bad9bbc6f04940246af02c5dae4b-stdout.dat
AssistanceApps/runtimeIO/1429977200950206f57ec1481e5b91fc555c573ce9af27bcd546bad9bbc6f04940246af02c5dae4b/1429977200950206f57ec1481e5b91fc555c573ce9af27bcd546bad9bbc6f04940246af02c5dae4b-stderr.dat

1429977200.95	DRAFT
1429977200.95	WAITING
1429977201.96	 CPU=1.25	 mem={'swap': 0.0, 'virtual': 0.0, 'physical': 18.2}	 freeDisk=40.4G
1429977201.96	GATHERING
1429977201.96	DATA READY
1429977201.96	STANDBY
1429977201.96	PERFORMING_LOCAL
1429977201.96	COMPLETED_LOCAL
1429977201.96	READY
<END>
<BEGIN>
1429977200955055572bcde55d8d91d1bb8dbe23f81a17909926cc07ddc13779150ee22498122bda
0123456789ABCDEF
1429977200.95
SHA256_TEST
60000 -verbose 20000
['AssistanceApps/runtimeIO/1429977200955055572bcde55d8d91d1bb8dbe23f81a17909926cc07ddc13779150ee22498122bda/experimentData.dat']
['AssistanceApps/sha256Example.assistanceApp', '10', 'AssistanceApps/runtimeIO/1429977200955055572bcde55d8d91d1bb8dbe23f81a17909926cc07ddc13779150ee22498122bda/experimentData.dat', '1429977200955055572bcde55d8d91d1bb8dbe23f81a17909926cc07ddc13779150ee22498122bda', '60000 -verbose 20000']
FINISHED
1429977202.44
0
AssistanceApps/runtimeIO/1429977200955055572bcde55d8d91d1bb8dbe23f81a17909926cc07ddc13779150ee22498122bda/1429977200955055572bcde55d8d91d1bb8dbe23f81a17909926cc07ddc13779150ee22498122bda-stdout.dat
AssistanceApps/runtimeIO/1429977200955055572bcde55d8d91d1bb8dbe23f81a17909926cc07ddc13779150ee22498122bda/1429977200955055572bcde55d8d91d1bb8dbe23f81a17909926cc07ddc13779150ee22498122bda-stderr.dat

1429977200.95	DRAFT
1429977200.95	WAITING
1429977201.95	 CPU=1.75	 mem={'swap': 0.0, 'virtual': 0.0, 'physical': 18.2}	 freeDisk=40.4G
1429977201.95	GATHERING
1429977201.96	DATA READY
1429977201.96	STANDBY
1429977201.96	PERFORMING_LOCAL
1429977202.44	COMPLETED_LOCAL
1429977202.44	READY
1429977202.46	SENDING_DATA
1429977202.46	FINISHED
<END>
<BEGIN>
14299772009585428dd510f76896eae1066d220db468cf5bf034c8e856907e205e4547f90f738529
0123456789ABCDEF
1429977200.95
WEKA_3_6_12
weka.classifiers.trees.J48 -t
['AssistanceApps/runtimeIO/14299772009585428dd510f76896eae1066d220db468cf5bf034c8e856907e205e4547f90f738529/weather.numeric.arff']
['AssistanceApps/assistanceWEKA.assistanceApp', '10', 'AssistanceApps/runtimeIO/14299772009585428dd510f76896eae1066d220db468cf5bf034c8e856907e205e4547f90f738529/weather.numeric.arff', '14299772009585428dd510f76896eae1066d220db468cf5bf034c8e856907e205e4547f90f738529', 'weka.classifiers.trees.J48 -t']
FINISHED
1429977203.0
0
AssistanceApps/runtimeIO/14299772009585428dd510f76896eae1066d220db468cf5bf034c8e856907e205e4547f90f738529/14299772009585428dd510f76896eae1066d220db468cf5bf034c8e856907e205e4547f90f738529-stdout.dat
AssistanceApps/runtimeIO/14299772009585428dd510f76896eae1066d220db468cf5bf034c8e856907e205e4547f90f738529/14299772009585428dd510f76896eae1066d220db468cf5bf034c8e856907e205e4547f90f738529-stderr.dat

1429977200.95	DRAFT
1429977200.95	WAITING
1429977201.95	 CPU=1.75	 mem={'swap': 0.0, 'virtual': 0.0, 'physical': 18.2}	 freeDisk=40.4G
1429977201.95	GATHERING
1429977201.96	DATA READY
1429977201.96	STANDBY
1429977201.96	PERFORMING_LOCAL
1429977203.0	COMPLETED_LOCAL
1429977203.0	READY
1429977203.22	SENDING_DATA
1429977203.22	FINISHED
<END>
<BEGIN>
14299772009502572f82fa2675282b5bf6d74477e35c5af8c66d5afd68b97b60a23edb09557fd333
0123456789ABCDEF
1429977200.95
LOCAL_ECHO_TEST
HeII0, W0r1d!!!111!
[]
['AssistanceApps/echoInAllCaps.assistanceApp', '10', '', '14299772009502572f82fa2675282b5bf6d74477e35c5af8c66d5afd68b97b60a23edb09557fd333', 'HeII0, W0r1d!!!111!']
READY
1429977201.96
0
HEII0, W0R1D!!!111!



1429977200.95	DRAFT
1429977200.95	WAITING
1429977201.95	 CPU=1.75	 mem={'swap': 0.0, 'virtual': 0.0, 'physical': 18.2}	 freeDisk=40.4G
1429977201.95	DATA READY
1429977201.95	STANDBY
1429977201.95	PERFORMING_LOCAL
1429977201.96	COMPLETED_LOCAL
1429977201.96	READY
<END>
<BEGIN>
1429977200959236572bcde55d8d91d1bb8dbe23f81a17909926cc07ddc13779150ee22498122bda
0123456789ABCDEF
1429977200.95
SHA256_TEST
60000 -verbose 20000
['AssistanceApps/runtimeIO/1429977200959236572bcde55d8d91d1bb8dbe23f81a17909926cc07ddc13779150ee22498122bda/experimentData.dat']
['AssistanceApps/sha256Example.assistanceApp', '10', 'AssistanceApps/runtimeIO/1429977200959236572bcde55d8d91d1bb8dbe23f81a17909926cc07ddc13779150ee22498122bda/experimentData.dat', '1429977200959236572bcde55d8d91d1bb8dbe23f81a17909926cc07ddc13779150ee22498122bda', '60000 -verbose 20000']
FINISHED
1429977202.44
0
AssistanceApps/runtimeIO/1429977200959236572bcde55d8d91d1bb8dbe23f81a17909926cc07ddc13779150ee22498122bda/1429977200959236572bcde55d8d91d1bb8dbe23f81a17909926cc07ddc13779150ee22498122bda-stdout.dat
AssistanceApps/runtimeIO/1429977200959236572bcde55d8d91d1bb8dbe23f81a17909926cc07ddc13779150ee22498122bda/1429977200959236572bcde55d8d91d1bb8dbe23f81a17909926cc07ddc13779150ee22498122bda-stderr.dat

1429977200.95	DRAFT
1429977200.95	WAITING
1429977201.95	 CPU=1.25	 mem={'swap': 0.0, 'virtual': 0.0, 'physical': 18.2}	 freeDisk=40.4G
1429977201.95	GATHERING
1429977201.96	DATA READY
1429977201.96	STANDBY
1429977201.96	PERFORMING_LOCAL
1429977202.44	COMPLETED_LOCAL
1429977202.44	READY
1429977202.46	SENDING_DATA
1429977202.46	FINISHED
<END>
<BEGIN>
1429977200950297ae7902e54b249a69375e2ebc2d1112f1a3b6cebb116fc284a80fc62f6c25b5d7
0123456789ABCDEF
1429977200.95
LOCAL_ECHO_TEST
Hello, World!
[]
['AssistanceApps/echoInAllCaps.assistanceApp', '10', '', '1429977200950297ae7902e54b249a69375e2ebc2d1112f1a3b6cebb116fc284a80fc62f6c25b5d7', 'Hello, World!']
READY
1429977201.95
0
HELLO, WORLD!



1429977200.95	DRAFT
1429977200.95	WAITING
1429977201.95	 CPU=1.25	 mem={'swap': 0.0, 'virtual': 0.0, 'physical': 18.2}	 freeDisk=40.4G
1429977201.95	DATA READY
1429977201.95	STANDBY
1429977201.95	PERFORMING_LOCAL
1429977201.95	COMPLETED_LOCAL
1429977201.95	READY
<END>
<BEGIN>
1429977200958567f57ec1481e5b91fc555c573ce9af27bcd546bad9bbc6f04940246af02c5dae4b
0123456789ABCDEF
1429977200.95
SHA256_TEST
60000 -verbose 20000
['testsData/experimentData.dat']
['AssistanceApps/sha256Example.assistanceApp', '10', 'testsData/experimentData.dat', '1429977200958567f57ec1481e5b91fc555c573ce9af27bcd546bad9bbc6f04940246af02c5dae4b', '60000 -verbose 20000']
READY
1429977201.96
0
AssistanceApps/runtimeIO/1429977200958567f57ec1481e5b91fc555c573ce9af27bcd546bad9bbc6f04940246af02c5dae4b/1429977200958567f57ec1481e5b91fc555c573ce9af27bcd546bad9bbc6f04940246af02c5dae4b-stdout.dat
AssistanceApps/runtimeIO/1429977200958567f57ec1481e5b91fc555c573ce9af27bcd546bad9bbc6f04940246af02c5dae4b/1429977200958567f57ec1481e5b91fc555c573ce9af27bcd546bad9bbc6f04940246af02c5dae4b-stderr.dat

1429977200.95	DRAFT
1429977200.95	WAITING
1429977201.95	 CPU=1.25	 mem={'swap': 0.0, 'virtual': 0.0, 'physical': 18.1}	 freeDisk=40.4G
1429977201.95	GATHERING
1429977201.95	DATA READY
1429977201.95	STANDBY
1429977201.95	PERFORMING_LOCAL
1429977201.96	COMPLETED_LOCAL
1429977201.96	READY
<END>
<BEGIN>
142997720095749725eb1dc8a404caf55b931f80401a09d4116dbc58ed6fa3ece6bc2d2fe9bb9993
0123456789ABCDEF
1429977200.95
WEKA_3_6_12
weka.classifiers.trees.J48 -t
['AssistanceApps/runtimeIO/142997720095749725eb1dc8a404caf55b931f80401a09d4116dbc58ed6fa3ece6bc2d2fe9bb9993/weather.nominal.arff']
['AssistanceApps/assistanceWEKA.assistanceApp', '10', 'AssistanceApps/runtimeIO/142997720095749725eb1dc8a404caf55b931f80401a09d4116dbc58ed6fa3ece6bc2d2fe9bb9993/weather.nominal.arff', '142997720095749725eb1dc8a404caf55b931f80401a09d4116dbc58ed6fa3ece6bc2d2fe9bb9993', 'weka.classifiers.trees.J48 -t']
FINISHED
1429977202.99
0
AssistanceApps/runtimeIO/142997720095749725eb1dc8a404caf55b931f80401a09d4116dbc58ed6fa3ece6bc2d2fe9bb9993/142997720095749725eb1dc8a404caf55b931f80401a09d4116dbc58ed6fa3ece6bc2d2fe9bb9993-stdout.dat
AssistanceApps/runtimeIO/142997720095749725eb1dc8a404caf55b931f80401a09d4116dbc58ed6fa3ece6bc2d2fe9bb9993/142997720095749725eb1dc8a404caf55b931f80401a09d4116dbc58ed6fa3ece6bc2d2fe9bb9993-stderr.dat

1429977200.95	DRAFT
1429977200.95	WAITING
1429977201.95	 CPU=1.25	 mem={'swap': 0.0, 'virtual': 0.0, 'physical': 18.2}	 freeDisk=40.4G
1429977201.95	GATHERING
1429977201.96	DATA READY
1429977201.96	STANDBY
1429977201.96	PERFORMING_LOCAL
1429977202.99	COMPLETED_LOCAL
1429977202.99	READY
1429977203.22	SENDING_DATA
1429977203.22	FINISHED
<END>