WatchdogThread<TestFunctionality>:::Test Echo to  has ended successfully.
WatchdogThread<TestFunctionality>:::Test SHA256LocalFile to  has ended successfully.
WatchdogThread<TestFunctionality>:::Test SHA256FTP to  has ended successfully.
WatchdogThread<TestFunctionality>:::Test WEKAfunctionality to  has ended successfully.

<BEGIN><SHA256LocalFile><127.0.0.1>
Tickets: 
14299765439895620bb7a531fd39e8865e1680a3b24e33abbf0ae83b212985c0df28a883847e1ed5
142997654402975beb47b08f41dad561a277c78100a5d4ff114d887c7a10fec806faa2d7239a872
Status: 
WAITING
WAITING
Synch: 
AssistanceApps/runtimeIO/14299765439895620bb7a531fd39e8865e1680a3b24e33abbf0ae83b212985c0df28a883847e1ed5/14299765439895620bb7a531fd39e8865e1680a3b24e33abbf0ae83b212985c0df28a883847e1ed5-stdout.dat
AssistanceApps/runtimeIO/14299765439895620bb7a531fd39e8865e1680a3b24e33abbf0ae83b212985c0df28a883847e1ed5/14299765439895620bb7a531fd39e8865e1680a3b24e33abbf0ae83b212985c0df28a883847e1ed5-stderr.dat
AssistanceApps/runtimeIO/142997654402975beb47b08f41dad561a277c78100a5d4ff114d887c7a10fec806faa2d7239a872/142997654402975beb47b08f41dad561a277c78100a5d4ff114d887c7a10fec806faa2d7239a872-stdout.dat
AssistanceApps/runtimeIO/142997654402975beb47b08f41dad561a277c78100a5d4ff114d887c7a10fec806faa2d7239a872/142997654402975beb47b08f41dad561a277c78100a5d4ff114d887c7a10fec806faa2d7239a872-stderr.dat
<END>

<BEGIN><Echo><>
Tickets: 
142997654408791b777c480b03031ba913335be869bd1dd664e5f989be7069d48ec630dd391dc3a
142997654401127492b914d28307fcd8a8316794745e965da65c1b73a602670d97c44edeea724f0d
1429976544011436cbc3afcaedf202ad35b0142e85de717f153fbfaf958a4234fae665ef2c4b2e4a
Status: 
WAITING
WAITING
WAITING
Synch: 
HELLO WORLD
HELLO, WORLD!
HEII0, W0R1D!!!111!
<END>

<BEGIN><WEKA><>
Tickets: 
1429976544096159316f140e9f8de9ce1e8902a03f3199d178f9660e7855ff290a61fb5d9dccfcb
142997654402115fe6801cfe4f25b915647f8e1822ca2c74b2854260210dcbd13c7db56a4e2b00a
Status: 
WAITING
WAITING
Submitting data 
Synch: 
testsResults/1429976544096159316f140e9f8de9ce1e8902a03f3199d178f9660e7855ff290a61fb5d9dccfcb-stdout.dat
testsResults/1429976544096159316f140e9f8de9ce1e8902a03f3199d178f9660e7855ff290a61fb5d9dccfcb-stderr.dat
testsResults/142997654402115fe6801cfe4f25b915647f8e1822ca2c74b2854260210dcbd13c7db56a4e2b00a-stdout.dat
testsResults/142997654402115fe6801cfe4f25b915647f8e1822ca2c74b2854260210dcbd13c7db56a4e2b00a-stderr.dat
<END>

<BEGIN><SHA256FTP><>
Tickets: 
142997654399615056722989705d4814d6a3c272c883206d9819729e569e3c9e840a78c8df228c1b
1429976544033404c67c8b9ef2d5f1fe52d5b7691b6ccde018fead83390a423f8b46e82a336fbc6
Status: 
WAITING
WAITING
Submitting data 
Synch: 
testsResults/142997654399615056722989705d4814d6a3c272c883206d9819729e569e3c9e840a78c8df228c1b-stdout.dat
testsResults/142997654399615056722989705d4814d6a3c272c883206d9819729e569e3c9e840a78c8df228c1b-stderr.dat
testsResults/1429976544033404c67c8b9ef2d5f1fe52d5b7691b6ccde018fead83390a423f8b46e82a336fbc6-stdout.dat
testsResults/1429976544033404c67c8b9ef2d5f1fe52d5b7691b6ccde018fead83390a423f8b46e82a336fbc6-stderr.dat
<END>
