
<BEGIN>
1429976829237261c7149ce71eabd4cb6a86b1392071d3b111a7ed066314c01c35b6d76798a2c977
0123456789ABCDEF
1429976829.23
SHA256_TEST
60000 -verbose 20000
['AssistanceApps/runtimeIO/1429976829237261c7149ce71eabd4cb6a86b1392071d3b111a7ed066314c01c35b6d76798a2c977/experimentData.dat']
['AssistanceApps/sha256Example.assistanceApp', '10', 'AssistanceApps/runtimeIO/1429976829237261c7149ce71eabd4cb6a86b1392071d3b111a7ed066314c01c35b6d76798a2c977/experimentData.dat', '1429976829237261c7149ce71eabd4cb6a86b1392071d3b111a7ed066314c01c35b6d76798a2c977', '60000 -verbose 20000']
FINISHED
1429976830.72
0
AssistanceApps/runtimeIO/1429976829237261c7149ce71eabd4cb6a86b1392071d3b111a7ed066314c01c35b6d76798a2c977/1429976829237261c7149ce71eabd4cb6a86b1392071d3b111a7ed066314c01c35b6d76798a2c977-stdout.dat
AssistanceApps/runtimeIO/1429976829237261c7149ce71eabd4cb6a86b1392071d3b111a7ed066314c01c35b6d76798a2c977/1429976829237261c7149ce71eabd4cb6a86b1392071d3b111a7ed066314c01c35b6d76798a2c977-stderr.dat

1429976829.23	DRAFT
1429976829.23	WAITING
1429976830.24	 CPU=1.75	 mem={'swap': 0.0, 'virtual': 0.0, 'physical': 17.8}	 freeDisk=40.8G
1429976830.24	GATHERING
1429976830.25	DATA READY
1429976830.25	STANDBY
1429976830.25	PERFORMING_LOCAL
1429976830.72	COMPLETED_LOCAL
1429976830.72	READY
1429976830.75	SENDING_DATA
1429976830.75	FINISHED
<END>
<BEGIN>
14299768292381788510bffed1f25d74558cd0155e505a160fe3d62703566814c395706afe7385ad
0123456789ABCDEF
1429976829.23
SHA256_TEST
60000 -verbose 20000
['testsData/experimentData.dat']
['AssistanceApps/sha256Example.assistanceApp', '10', 'testsData/experimentData.dat', '14299768292381788510bffed1f25d74558cd0155e505a160fe3d62703566814c395706afe7385ad', '60000 -verbose 20000']
READY
1429976830.24
0
AssistanceApps/runtimeIO/14299768292381788510bffed1f25d74558cd0155e505a160fe3d62703566814c395706afe7385ad/14299768292381788510bffed1f25d74558cd0155e505a160fe3d62703566814c395706afe7385ad-stdout.dat
AssistanceApps/runtimeIO/14299768292381788510bffed1f25d74558cd0155e505a160fe3d62703566814c395706afe7385ad/14299768292381788510bffed1f25d74558cd0155e505a160fe3d62703566814c395706afe7385ad-stderr.dat

1429976829.23	DRAFT
1429976829.23	WAITING
1429976830.24	 CPU=1.75	 mem={'swap': 0.0, 'virtual': 0.0, 'physical': 17.8}	 freeDisk=40.8G
1429976830.24	GATHERING
1429976830.24	DATA READY
1429976830.24	STANDBY
1429976830.24	PERFORMING_LOCAL
1429976830.24	COMPLETED_LOCAL
1429976830.24	READY
<END>
<BEGIN>
1429976829239706a431f4bac29d37d646ef530ff24176dab93605f14bfdbae5cf14a6dfe4ea5370
0123456789ABCDEF
1429976829.23
LOCAL_ECHO_TEST
Hello World
[]
['AssistanceApps/echoInAllCaps.assistanceApp', '10', '', '1429976829239706a431f4bac29d37d646ef530ff24176dab93605f14bfdbae5cf14a6dfe4ea5370', 'Hello World']
READY
1429976830.24
0
HELLO WORLD



1429976829.23	DRAFT
1429976829.23	WAITING
1429976830.23	 CPU=1.75	 mem={'swap': 0.0, 'virtual': 0.0, 'physical': 17.7}	 freeDisk=40.8G
1429976830.23	DATA READY
1429976830.23	STANDBY
1429976830.23	PERFORMING_LOCAL
1429976830.24	COMPLETED_LOCAL
1429976830.24	READY
<END>
<BEGIN>
142997682924409568ac2c26389fe547dfd9dd5a7a7e9bdb570832d1eb4afdbcc5fc4eb320d755a6
0123456789ABCDEF
1429976829.24
LOCAL_ECHO_TEST
HeII0, W0r1d!!!111!
[]
['AssistanceApps/echoInAllCaps.assistanceApp', '10', '', '142997682924409568ac2c26389fe547dfd9dd5a7a7e9bdb570832d1eb4afdbcc5fc4eb320d755a6', 'HeII0, W0r1d!!!111!']
READY
1429976830.24
0
HEII0, W0R1D!!!111!



1429976829.24	DRAFT
1429976829.24	WAITING
1429976830.24	 CPU=1.75	 mem={'swap': 0.0, 'virtual': 0.0, 'physical': 17.8}	 freeDisk=40.8G
1429976830.24	DATA READY
1429976830.24	STANDBY
1429976830.24	PERFORMING_LOCAL
1429976830.24	COMPLETED_LOCAL
1429976830.24	READY
<END>
<BEGIN>
1429976829248472afb9ad9451f5210152bd34c9a702c4d9d3208ff463dad2bca47df623f9d44f2b
0123456789ABCDEF
1429976829.24
WEKA_3_6_12
weka.classifiers.trees.J48 -t
['AssistanceApps/runtimeIO/1429976829248472afb9ad9451f5210152bd34c9a702c4d9d3208ff463dad2bca47df623f9d44f2b/weather.numeric.arff']
['AssistanceApps/assistanceWEKA.assistanceApp', '10', 'AssistanceApps/runtimeIO/1429976829248472afb9ad9451f5210152bd34c9a702c4d9d3208ff463dad2bca47df623f9d44f2b/weather.numeric.arff', '1429976829248472afb9ad9451f5210152bd34c9a702c4d9d3208ff463dad2bca47df623f9d44f2b', 'weka.classifiers.trees.J48 -t']
FINISHED
1429976830.43
0
AssistanceApps/runtimeIO/1429976829248472afb9ad9451f5210152bd34c9a702c4d9d3208ff463dad2bca47df623f9d44f2b/1429976829248472afb9ad9451f5210152bd34c9a702c4d9d3208ff463dad2bca47df623f9d44f2b-stdout.dat
AssistanceApps/runtimeIO/1429976829248472afb9ad9451f5210152bd34c9a702c4d9d3208ff463dad2bca47df623f9d44f2b/1429976829248472afb9ad9451f5210152bd34c9a702c4d9d3208ff463dad2bca47df623f9d44f2b-stderr.dat

1429976829.24	DRAFT
1429976829.24	WAITING
1429976830.24	 CPU=1.75	 mem={'swap': 0.0, 'virtual': 0.0, 'physical': 17.8}	 freeDisk=40.8G
1429976830.24	GATHERING
1429976830.25	DATA READY
1429976830.25	STANDBY
1429976830.25	PERFORMING_LOCAL
1429976830.43	COMPLETED_LOCAL
1429976830.43	READY
1429976830.5	SENDING_DATA
1429976830.5	FINISHED
<END>
<BEGIN>
14299768292301398510bffed1f25d74558cd0155e505a160fe3d62703566814c395706afe7385ad
0123456789ABCDEF
1429976829.23
SHA256_TEST
60000 -verbose 20000
['testsData/experimentData.dat']
['AssistanceApps/sha256Example.assistanceApp', '10', 'testsData/experimentData.dat', '14299768292301398510bffed1f25d74558cd0155e505a160fe3d62703566814c395706afe7385ad', '60000 -verbose 20000']
READY
1429976830.24
0
AssistanceApps/runtimeIO/14299768292301398510bffed1f25d74558cd0155e505a160fe3d62703566814c395706afe7385ad/14299768292301398510bffed1f25d74558cd0155e505a160fe3d62703566814c395706afe7385ad-stdout.dat
AssistanceApps/runtimeIO/14299768292301398510bffed1f25d74558cd0155e505a160fe3d62703566814c395706afe7385ad/14299768292301398510bffed1f25d74558cd0155e505a160fe3d62703566814c395706afe7385ad-stderr.dat

1429976829.23	DRAFT
1429976829.23	WAITING
1429976830.23	 CPU=1.75	 mem={'swap': 0.0, 'virtual': 0.0, 'physical': 17.7}	 freeDisk=40.8G
1429976830.23	GATHERING
1429976830.23	DATA READY
1429976830.23	STANDBY
1429976830.23	PERFORMING_LOCAL
1429976830.24	COMPLETED_LOCAL
1429976830.24	READY
<END>
<BEGIN>
1429976829236497c7149ce71eabd4cb6a86b1392071d3b111a7ed066314c01c35b6d76798a2c977
0123456789ABCDEF
1429976829.23
SHA256_TEST
60000 -verbose 20000
['AssistanceApps/runtimeIO/1429976829236497c7149ce71eabd4cb6a86b1392071d3b111a7ed066314c01c35b6d76798a2c977/experimentData.dat']
['AssistanceApps/sha256Example.assistanceApp', '10', 'AssistanceApps/runtimeIO/1429976829236497c7149ce71eabd4cb6a86b1392071d3b111a7ed066314c01c35b6d76798a2c977/experimentData.dat', '1429976829236497c7149ce71eabd4cb6a86b1392071d3b111a7ed066314c01c35b6d76798a2c977', '60000 -verbose 20000']
FINISHED
1429976830.72
0
AssistanceApps/runtimeIO/1429976829236497c7149ce71eabd4cb6a86b1392071d3b111a7ed066314c01c35b6d76798a2c977/1429976829236497c7149ce71eabd4cb6a86b1392071d3b111a7ed066314c01c35b6d76798a2c977-stdout.dat
AssistanceApps/runtimeIO/1429976829236497c7149ce71eabd4cb6a86b1392071d3b111a7ed066314c01c35b6d76798a2c977/1429976829236497c7149ce71eabd4cb6a86b1392071d3b111a7ed066314c01c35b6d76798a2c977-stderr.dat

1429976829.23	DRAFT
1429976829.23	WAITING
1429976830.24	 CPU=2.0	 mem={'swap': 0.0, 'virtual': 0.0, 'physical': 17.8}	 freeDisk=40.8G
1429976830.24	GATHERING
1429976830.24	DATA READY
1429976830.24	STANDBY
1429976830.24	PERFORMING_LOCAL
1429976830.72	COMPLETED_LOCAL
1429976830.72	READY
1429976830.75	SENDING_DATA
1429976830.75	FINISHED
<END>
<BEGIN>
1429976829230373693a5fd2d49f15b006658ccc0d2a504262c81ad5dbbac22434b4f3d8f7f3e1c1
0123456789ABCDEF
1429976829.23
WEKA_3_6_12
weka.classifiers.trees.J48 -t
['AssistanceApps/runtimeIO/1429976829230373693a5fd2d49f15b006658ccc0d2a504262c81ad5dbbac22434b4f3d8f7f3e1c1/weather.nominal.arff']
['AssistanceApps/assistanceWEKA.assistanceApp', '10', 'AssistanceApps/runtimeIO/1429976829230373693a5fd2d49f15b006658ccc0d2a504262c81ad5dbbac22434b4f3d8f7f3e1c1/weather.nominal.arff', '1429976829230373693a5fd2d49f15b006658ccc0d2a504262c81ad5dbbac22434b4f3d8f7f3e1c1', 'weka.classifiers.trees.J48 -t']
FINISHED
1429976830.4
0
AssistanceApps/runtimeIO/1429976829230373693a5fd2d49f15b006658ccc0d2a504262c81ad5dbbac22434b4f3d8f7f3e1c1/1429976829230373693a5fd2d49f15b006658ccc0d2a504262c81ad5dbbac22434b4f3d8f7f3e1c1-stdout.dat
AssistanceApps/runtimeIO/1429976829230373693a5fd2d49f15b006658ccc0d2a504262c81ad5dbbac22434b4f3d8f7f3e1c1/1429976829230373693a5fd2d49f15b006658ccc0d2a504262c81ad5dbbac22434b4f3d8f7f3e1c1-stderr.dat

1429976829.23	DRAFT
1429976829.23	WAITING
1429976830.24	 CPU=2.0	 mem={'swap': 0.0, 'virtual': 0.0, 'physical': 17.8}	 freeDisk=40.8G
1429976830.24	GATHERING
1429976830.24	DATA READY
1429976830.24	STANDBY
1429976830.24	PERFORMING_LOCAL
1429976830.4	COMPLETED_LOCAL
1429976830.4	READY
1429976830.5	SENDING_DATA
1429976830.5	FINISHED
<END>
<BEGIN>
14299768292327480a7d16f97767fa972757415122ab9c2225046762c6f8775b3ebbf8b3dc5b5d5f
0123456789ABCDEF
1429976829.23
LOCAL_ECHO_TEST
Hello, World!
[]
['AssistanceApps/echoInAllCaps.assistanceApp', '10', '', '14299768292327480a7d16f97767fa972757415122ab9c2225046762c6f8775b3ebbf8b3dc5b5d5f', 'Hello, World!']
READY
1429976830.24
0
HELLO, WORLD!



1429976829.23	DRAFT
1429976829.23	WAITING
1429976830.24	 CPU=2.0	 mem={'swap': 0.0, 'virtual': 0.0, 'physical': 17.8}	 freeDisk=40.8G
1429976830.24	DATA READY
1429976830.24	STANDBY
1429976830.24	PERFORMING_LOCAL
1429976830.24	COMPLETED_LOCAL
1429976830.24	READY
<END>