
<BEGIN>
142997904386772881e717414217de1b79fdace43a9a57fc987a34fde2152f3e47dbb8e3e697e70
0123456789ABCDEF
1429979043.8
SHA256_TEST
60000 -verbose 20000
['AssistanceApps/runtimeIO/142997904386772881e717414217de1b79fdace43a9a57fc987a34fde2152f3e47dbb8e3e697e70/experimentData.dat']
['AssistanceApps/sha256Example.assistanceApp', '10', 'AssistanceApps/runtimeIO/142997904386772881e717414217de1b79fdace43a9a57fc987a34fde2152f3e47dbb8e3e697e70/experimentData.dat', '142997904386772881e717414217de1b79fdace43a9a57fc987a34fde2152f3e47dbb8e3e697e70', '60000 -verbose 20000']
FINISHED
1429979045.28
0
AssistanceApps/runtimeIO/142997904386772881e717414217de1b79fdace43a9a57fc987a34fde2152f3e47dbb8e3e697e70/142997904386772881e717414217de1b79fdace43a9a57fc987a34fde2152f3e47dbb8e3e697e70-stdout.dat
AssistanceApps/runtimeIO/142997904386772881e717414217de1b79fdace43a9a57fc987a34fde2152f3e47dbb8e3e697e70/142997904386772881e717414217de1b79fdace43a9a57fc987a34fde2152f3e47dbb8e3e697e70-stderr.dat

1429979043.8	DRAFT
1429979043.8	WAITING
1429979044.8	 CPU=1.0	 mem={'swap': 0.0, 'virtual': 0.0, 'physical': 18.1}	 freeDisk=40.2G
1429979044.8	GATHERING
1429979044.81	DATA READY
1429979044.81	STANDBY
1429979044.81	PERFORMING_LOCAL
1429979045.28	COMPLETED_LOCAL
1429979045.28	READY
1429979045.32	SENDING_DATA
1429979045.32	FINISHED
<END>
<BEGIN>
142997904379056709dd24bfddb2bd617f1d8c17c13405f9f19e0033f2b86ce58cd9283c03f53df9
0123456789ABCDEF
1429979043.79
LOCAL_ECHO_TEST
Hello, World!
[]
['AssistanceApps/echoInAllCaps.assistanceApp', '10', '', '142997904379056709dd24bfddb2bd617f1d8c17c13405f9f19e0033f2b86ce58cd9283c03f53df9', 'Hello, World!']
READY
1429979044.79
0
HELLO, WORLD!



1429979043.79	DRAFT
1429979043.79	WAITING
1429979044.79	 CPU=1.0	 mem={'swap': 0.0, 'virtual': 0.0, 'physical': 18.0}	 freeDisk=40.2G
1429979044.79	DATA READY
1429979044.79	STANDBY
1429979044.79	PERFORMING_LOCAL
1429979044.79	COMPLETED_LOCAL
1429979044.79	READY
<END>
<BEGIN>
14299790437990723872097f415add626539f0a558e917d34d6715ff987140e6831ce0728c2992d3
0123456789ABCDEF
1429979043.79
WEKA_3_6_12
weka.classifiers.trees.J48 -t
['AssistanceApps/runtimeIO/14299790437990723872097f415add626539f0a558e917d34d6715ff987140e6831ce0728c2992d3/weather.nominal.arff']
['AssistanceApps/assistanceWEKA.assistanceApp', '10', 'AssistanceApps/runtimeIO/14299790437990723872097f415add626539f0a558e917d34d6715ff987140e6831ce0728c2992d3/weather.nominal.arff', '14299790437990723872097f415add626539f0a558e917d34d6715ff987140e6831ce0728c2992d3', 'weka.classifiers.trees.J48 -t']
FINISHED
1429979044.98
0
AssistanceApps/runtimeIO/14299790437990723872097f415add626539f0a558e917d34d6715ff987140e6831ce0728c2992d3/14299790437990723872097f415add626539f0a558e917d34d6715ff987140e6831ce0728c2992d3-stdout.dat
AssistanceApps/runtimeIO/14299790437990723872097f415add626539f0a558e917d34d6715ff987140e6831ce0728c2992d3/14299790437990723872097f415add626539f0a558e917d34d6715ff987140e6831ce0728c2992d3-stderr.dat

1429979043.79	DRAFT
1429979043.79	WAITING
1429979044.8	 CPU=1.0	 mem={'swap': 0.0, 'virtual': 0.0, 'physical': 18.0}	 freeDisk=40.2G
1429979044.8	GATHERING
1429979044.81	DATA READY
1429979044.81	STANDBY
1429979044.81	PERFORMING_LOCAL
1429979044.98	COMPLETED_LOCAL
1429979044.98	READY
1429979045.07	SENDING_DATA
1429979045.07	FINISHED
<END>
<BEGIN>
1429979043796625f7cb6e96fd5b4e0fce656a5f41426f2f99a5e0a6a6d8fb8cc792b6a24631ba4c
0123456789ABCDEF
1429979043.79
SHA256_TEST
60000 -verbose 20000
['AssistanceApps/runtimeIO/1429979043796625f7cb6e96fd5b4e0fce656a5f41426f2f99a5e0a6a6d8fb8cc792b6a24631ba4c/experimentData.dat']
['AssistanceApps/sha256Example.assistanceApp', '10', 'AssistanceApps/runtimeIO/1429979043796625f7cb6e96fd5b4e0fce656a5f41426f2f99a5e0a6a6d8fb8cc792b6a24631ba4c/experimentData.dat', '1429979043796625f7cb6e96fd5b4e0fce656a5f41426f2f99a5e0a6a6d8fb8cc792b6a24631ba4c', '60000 -verbose 20000']
FINISHED
1429979045.3
0
AssistanceApps/runtimeIO/1429979043796625f7cb6e96fd5b4e0fce656a5f41426f2f99a5e0a6a6d8fb8cc792b6a24631ba4c/1429979043796625f7cb6e96fd5b4e0fce656a5f41426f2f99a5e0a6a6d8fb8cc792b6a24631ba4c-stdout.dat
AssistanceApps/runtimeIO/1429979043796625f7cb6e96fd5b4e0fce656a5f41426f2f99a5e0a6a6d8fb8cc792b6a24631ba4c/1429979043796625f7cb6e96fd5b4e0fce656a5f41426f2f99a5e0a6a6d8fb8cc792b6a24631ba4c-stderr.dat

1429979043.79	DRAFT
1429979043.79	WAITING
1429979044.79	 CPU=1.0	 mem={'swap': 0.0, 'virtual': 0.0, 'physical': 18.0}	 freeDisk=40.2G
1429979044.79	GATHERING
1429979044.81	DATA READY
1429979044.81	STANDBY
1429979044.81	PERFORMING_LOCAL
1429979045.3	COMPLETED_LOCAL
1429979045.3	READY
1429979045.32	SENDING_DATA
1429979045.32	FINISHED
<END>
<BEGIN>
14299790438084600a31e9653386f0801e01991e7bce095be14e1c911344c759f5acbfe5c403090
0123456789ABCDEF
1429979043.8
WEKA_3_6_12
weka.classifiers.trees.J48 -t
['AssistanceApps/runtimeIO/14299790438084600a31e9653386f0801e01991e7bce095be14e1c911344c759f5acbfe5c403090/weather.numeric.arff']
['AssistanceApps/assistanceWEKA.assistanceApp', '10', 'AssistanceApps/runtimeIO/14299790438084600a31e9653386f0801e01991e7bce095be14e1c911344c759f5acbfe5c403090/weather.numeric.arff', '14299790438084600a31e9653386f0801e01991e7bce095be14e1c911344c759f5acbfe5c403090', 'weka.classifiers.trees.J48 -t']
FINISHED
1429979044.97
0
AssistanceApps/runtimeIO/14299790438084600a31e9653386f0801e01991e7bce095be14e1c911344c759f5acbfe5c403090/14299790438084600a31e9653386f0801e01991e7bce095be14e1c911344c759f5acbfe5c403090-stdout.dat
AssistanceApps/runtimeIO/14299790438084600a31e9653386f0801e01991e7bce095be14e1c911344c759f5acbfe5c403090/14299790438084600a31e9653386f0801e01991e7bce095be14e1c911344c759f5acbfe5c403090-stderr.dat

1429979043.8	DRAFT
1429979043.8	WAITING
1429979044.8	 CPU=1.0	 mem={'swap': 0.0, 'virtual': 0.0, 'physical': 18.0}	 freeDisk=40.2G
1429979044.8	GATHERING
1429979044.81	DATA READY
1429979044.81	STANDBY
1429979044.81	PERFORMING_LOCAL
1429979044.97	COMPLETED_LOCAL
1429979044.97	READY
1429979045.07	SENDING_DATA
1429979045.07	FINISHED
<END>
<BEGIN>
1429979043799790f3ae085fb564fd9557b2dde94a89532ab0286487bfe25ad5da8f2ba6bba0fad5
0123456789ABCDEF
1429979043.79
LOCAL_ECHO_TEST
HeII0, W0r1d!!!111!
[]
['AssistanceApps/echoInAllCaps.assistanceApp', '10', '', '1429979043799790f3ae085fb564fd9557b2dde94a89532ab0286487bfe25ad5da8f2ba6bba0fad5', 'HeII0, W0r1d!!!111!']
READY
1429979044.8
0
HEII0, W0R1D!!!111!



1429979043.79	DRAFT
1429979043.79	WAITING
1429979044.79	 CPU=1.0	 mem={'swap': 0.0, 'virtual': 0.0, 'physical': 18.0}	 freeDisk=40.2G
1429979044.79	DATA READY
1429979044.79	STANDBY
1429979044.79	PERFORMING_LOCAL
1429979044.8	COMPLETED_LOCAL
1429979044.8	READY
<END>
<BEGIN>
1429979043795729b7a2c3532be1245c32beb3be699fe96a4e30d6eb7105d5e4b735b61f469e199f
0123456789ABCDEF
1429979043.79
LOCAL_ECHO_TEST
Hello World
[]
['AssistanceApps/echoInAllCaps.assistanceApp', '10', '', '1429979043795729b7a2c3532be1245c32beb3be699fe96a4e30d6eb7105d5e4b735b61f469e199f', 'Hello World']
READY
1429979044.79
0
HELLO WORLD



1429979043.79	DRAFT
1429979043.79	WAITING
1429979044.79	 CPU=1.0	 mem={'swap': 0.0, 'virtual': 0.0, 'physical': 18.0}	 freeDisk=40.2G
1429979044.79	DATA READY
1429979044.79	STANDBY
1429979044.79	PERFORMING_LOCAL
1429979044.79	COMPLETED_LOCAL
1429979044.79	READY
<END>