
<BEGIN>
14299791341826011ddfcd4b657ef9794f5f4d66cc61f2ace87d04ddf8044b3c8101717852a8edc2
0123456789ABCDEF
1429979134.18
LOCAL_ECHO_TEST
HeII0, W0r1d!!!111!
[]
['AssistanceApps/echoInAllCaps.assistanceApp', '10', '', '14299791341826011ddfcd4b657ef9794f5f4d66cc61f2ace87d04ddf8044b3c8101717852a8edc2', 'HeII0, W0r1d!!!111!']
READY
1429979135.19
0
HEII0, W0R1D!!!111!



1429979134.18	DRAFT
1429979134.18	WAITING
1429979135.18	 CPU=1.0	 mem={'swap': 0.0, 'virtual': 0.0, 'physical': 18.4}	 freeDisk=40.1G
1429979135.18	DATA READY
1429979135.18	STANDBY
1429979135.18	PERFORMING_LOCAL
1429979135.19	COMPLETED_LOCAL
1429979135.19	READY
<END>
<BEGIN>
14299791341890285b12ccb4dc3e88f94447e8c562025374f2e8034986a7c4ec63a65b70070c1da2
0123456789ABCDEF
1429979134.18
SHA256_TEST
60000 -verbose 20000
['AssistanceApps/runtimeIO/14299791341890285b12ccb4dc3e88f94447e8c562025374f2e8034986a7c4ec63a65b70070c1da2/experimentData.dat']
['AssistanceApps/sha256Example.assistanceApp', '10', 'AssistanceApps/runtimeIO/14299791341890285b12ccb4dc3e88f94447e8c562025374f2e8034986a7c4ec63a65b70070c1da2/experimentData.dat', '14299791341890285b12ccb4dc3e88f94447e8c562025374f2e8034986a7c4ec63a65b70070c1da2', '60000 -verbose 20000']
FINISHED
1429979135.67
0
AssistanceApps/runtimeIO/14299791341890285b12ccb4dc3e88f94447e8c562025374f2e8034986a7c4ec63a65b70070c1da2/14299791341890285b12ccb4dc3e88f94447e8c562025374f2e8034986a7c4ec63a65b70070c1da2-stdout.dat
AssistanceApps/runtimeIO/14299791341890285b12ccb4dc3e88f94447e8c562025374f2e8034986a7c4ec63a65b70070c1da2/14299791341890285b12ccb4dc3e88f94447e8c562025374f2e8034986a7c4ec63a65b70070c1da2-stderr.dat

1429979134.18	DRAFT
1429979134.18	WAITING
1429979135.19	 CPU=1.0	 mem={'swap': 0.0, 'virtual': 0.0, 'physical': 18.4}	 freeDisk=40.1G
1429979135.19	GATHERING
1429979135.2	DATA READY
1429979135.2	STANDBY
1429979135.2	PERFORMING_LOCAL
1429979135.67	COMPLETED_LOCAL
1429979135.67	READY
1429979135.72	SENDING_DATA
1429979135.72	FINISHED
<END>
<BEGIN>
1429979134185976c83f14a6c4d809de557068192f6f67d65006b0b6c64867cbc72aedce18222b20
0123456789ABCDEF
1429979134.18
LOCAL_ECHO_TEST
Hello World
[]
['AssistanceApps/echoInAllCaps.assistanceApp', '10', '', '1429979134185976c83f14a6c4d809de557068192f6f67d65006b0b6c64867cbc72aedce18222b20', 'Hello World']
READY
1429979135.19
0
HELLO WORLD



1429979134.18	DRAFT
1429979134.18	WAITING
1429979135.18	 CPU=0.5	 mem={'swap': 0.0, 'virtual': 0.0, 'physical': 18.3}	 freeDisk=40.1G
1429979135.18	DATA READY
1429979135.18	STANDBY
1429979135.18	PERFORMING_LOCAL
1429979135.19	COMPLETED_LOCAL
1429979135.19	READY
<END>
<BEGIN>
14299791341849485b12ccb4dc3e88f94447e8c562025374f2e8034986a7c4ec63a65b70070c1da2
0123456789ABCDEF
1429979134.18
SHA256_TEST
60000 -verbose 20000
['AssistanceApps/runtimeIO/14299791341849485b12ccb4dc3e88f94447e8c562025374f2e8034986a7c4ec63a65b70070c1da2/experimentData.dat']
['AssistanceApps/sha256Example.assistanceApp', '10', 'AssistanceApps/runtimeIO/14299791341849485b12ccb4dc3e88f94447e8c562025374f2e8034986a7c4ec63a65b70070c1da2/experimentData.dat', '14299791341849485b12ccb4dc3e88f94447e8c562025374f2e8034986a7c4ec63a65b70070c1da2', '60000 -verbose 20000']
FINISHED
1429979135.71
0
AssistanceApps/runtimeIO/14299791341849485b12ccb4dc3e88f94447e8c562025374f2e8034986a7c4ec63a65b70070c1da2/14299791341849485b12ccb4dc3e88f94447e8c562025374f2e8034986a7c4ec63a65b70070c1da2-stdout.dat
AssistanceApps/runtimeIO/14299791341849485b12ccb4dc3e88f94447e8c562025374f2e8034986a7c4ec63a65b70070c1da2/14299791341849485b12ccb4dc3e88f94447e8c562025374f2e8034986a7c4ec63a65b70070c1da2-stderr.dat

1429979134.18	DRAFT
1429979134.18	WAITING
1429979135.19	 CPU=1.0	 mem={'swap': 0.0, 'virtual': 0.0, 'physical': 18.4}	 freeDisk=40.1G
1429979135.19	GATHERING
1429979135.2	DATA READY
1429979135.2	STANDBY
1429979135.2	PERFORMING_LOCAL
1429979135.71	COMPLETED_LOCAL
1429979135.71	READY
1429979135.71	SENDING_DATA
1429979135.71	FINISHED
<END>
<BEGIN>
14299791341935910331121d10c51771744867d081e9850e763c09ff60d47a2c9d853ea507648010
0123456789ABCDEF
1429979134.19
WEKA_3_6_12
weka.classifiers.trees.J48 -t
['AssistanceApps/runtimeIO/14299791341935910331121d10c51771744867d081e9850e763c09ff60d47a2c9d853ea507648010/weather.numeric.arff']
['AssistanceApps/assistanceWEKA.assistanceApp', '10', 'AssistanceApps/runtimeIO/14299791341935910331121d10c51771744867d081e9850e763c09ff60d47a2c9d853ea507648010/weather.numeric.arff', '14299791341935910331121d10c51771744867d081e9850e763c09ff60d47a2c9d853ea507648010', 'weka.classifiers.trees.J48 -t']
FINISHED
1429979135.36
0
AssistanceApps/runtimeIO/14299791341935910331121d10c51771744867d081e9850e763c09ff60d47a2c9d853ea507648010/14299791341935910331121d10c51771744867d081e9850e763c09ff60d47a2c9d853ea507648010-stdout.dat
AssistanceApps/runtimeIO/14299791341935910331121d10c51771744867d081e9850e763c09ff60d47a2c9d853ea507648010/14299791341935910331121d10c51771744867d081e9850e763c09ff60d47a2c9d853ea507648010-stderr.dat

1429979134.19	DRAFT
1429979134.19	WAITING
1429979135.19	 CPU=1.0	 mem={'swap': 0.0, 'virtual': 0.0, 'physical': 18.4}	 freeDisk=40.1G
1429979135.19	GATHERING
1429979135.2	DATA READY
1429979135.2	STANDBY
1429979135.2	PERFORMING_LOCAL
1429979135.36	COMPLETED_LOCAL
1429979135.36	READY
1429979135.46	SENDING_DATA
1429979135.46	FINISHED
<END>
<BEGIN>
1429979134183942a9ff1b651095552afc00f8e4f6c3cec3e1fc9ab00bedce2dbf37e838629e4cd8
0123456789ABCDEF
1429979134.18
WEKA_3_6_12
weka.classifiers.trees.J48 -t
['AssistanceApps/runtimeIO/1429979134183942a9ff1b651095552afc00f8e4f6c3cec3e1fc9ab00bedce2dbf37e838629e4cd8/weather.nominal.arff']
['AssistanceApps/assistanceWEKA.assistanceApp', '10', 'AssistanceApps/runtimeIO/1429979134183942a9ff1b651095552afc00f8e4f6c3cec3e1fc9ab00bedce2dbf37e838629e4cd8/weather.nominal.arff', '1429979134183942a9ff1b651095552afc00f8e4f6c3cec3e1fc9ab00bedce2dbf37e838629e4cd8', 'weka.classifiers.trees.J48 -t']
FINISHED
1429979135.33
0
AssistanceApps/runtimeIO/1429979134183942a9ff1b651095552afc00f8e4f6c3cec3e1fc9ab00bedce2dbf37e838629e4cd8/1429979134183942a9ff1b651095552afc00f8e4f6c3cec3e1fc9ab00bedce2dbf37e838629e4cd8-stdout.dat
AssistanceApps/runtimeIO/1429979134183942a9ff1b651095552afc00f8e4f6c3cec3e1fc9ab00bedce2dbf37e838629e4cd8/1429979134183942a9ff1b651095552afc00f8e4f6c3cec3e1fc9ab00bedce2dbf37e838629e4cd8-stderr.dat

1429979134.18	DRAFT
1429979134.18	WAITING
1429979135.19	 CPU=1.0	 mem={'swap': 0.0, 'virtual': 0.0, 'physical': 18.4}	 freeDisk=40.1G
1429979135.19	GATHERING
1429979135.2	DATA READY
1429979135.2	STANDBY
1429979135.2	PERFORMING_LOCAL
1429979135.33	COMPLETED_LOCAL
1429979135.33	READY
1429979135.46	SENDING_DATA
1429979135.46	FINISHED
<END>
<BEGIN>
1429979134185785a3e832dee8b3603f20a83e25777365434564a77f35af1a7db5b2d5c4a991a711
0123456789ABCDEF
1429979134.18
LOCAL_ECHO_TEST
Hello, World!
[]
['AssistanceApps/echoInAllCaps.assistanceApp', '10', '', '1429979134185785a3e832dee8b3603f20a83e25777365434564a77f35af1a7db5b2d5c4a991a711', 'Hello, World!']
READY
1429979135.18
0
HELLO, WORLD!



1429979134.18	DRAFT
1429979134.18	WAITING
1429979135.18	 CPU=0.5	 mem={'swap': 0.0, 'virtual': 0.0, 'physical': 18.4}	 freeDisk=40.1G
1429979135.18	DATA READY
1429979135.18	STANDBY
1429979135.18	PERFORMING_LOCAL
1429979135.18	COMPLETED_LOCAL
1429979135.18	READY
<END>