
<BEGIN>
142997898404704fa55ccdf24d5a28357816fefeb3c1f9e36f66bdd050cb01b753b3bc7ff459626
0123456789ABCDEF
1429978984.0
LOCAL_ECHO_TEST
Hello, World!
[]
['AssistanceApps/echoInAllCaps.assistanceApp', '10', '', '142997898404704fa55ccdf24d5a28357816fefeb3c1f9e36f66bdd050cb01b753b3bc7ff459626', 'Hello, World!']
READY
1429978985.0
0
HELLO, WORLD!



1429978984.0	DRAFT
1429978984.0	WAITING
1429978985.0	 CPU=0.75	 mem={'swap': 0.0, 'virtual': 0.0, 'physical': 18.0}	 freeDisk=40.1G
1429978985.0	DATA READY
1429978985.0	STANDBY
1429978985.0	PERFORMING_LOCAL
1429978985.0	COMPLETED_LOCAL
1429978985.0	READY
<END>
<BEGIN>
142997898408471ec03ff868ecf6c1c66c514c412ca5500911d4f14a391f4a8602f81167fdc599a
0123456789ABCDEF
1429978984.0
SHA256_TEST
60000 -verbose 20000
['AssistanceApps/runtimeIO/142997898408471ec03ff868ecf6c1c66c514c412ca5500911d4f14a391f4a8602f81167fdc599a/experimentData.dat']
['AssistanceApps/sha256Example.assistanceApp', '10', 'AssistanceApps/runtimeIO/142997898408471ec03ff868ecf6c1c66c514c412ca5500911d4f14a391f4a8602f81167fdc599a/experimentData.dat', '142997898408471ec03ff868ecf6c1c66c514c412ca5500911d4f14a391f4a8602f81167fdc599a', '60000 -verbose 20000']
FINISHED
1429978985.49
0
AssistanceApps/runtimeIO/142997898408471ec03ff868ecf6c1c66c514c412ca5500911d4f14a391f4a8602f81167fdc599a/142997898408471ec03ff868ecf6c1c66c514c412ca5500911d4f14a391f4a8602f81167fdc599a-stdout.dat
AssistanceApps/runtimeIO/142997898408471ec03ff868ecf6c1c66c514c412ca5500911d4f14a391f4a8602f81167fdc599a/142997898408471ec03ff868ecf6c1c66c514c412ca5500911d4f14a391f4a8602f81167fdc599a-stderr.dat

1429978984.0	DRAFT
1429978984.0	WAITING
1429978985.0	 CPU=0.75	 mem={'swap': 0.0, 'virtual': 0.0, 'physical': 18.0}	 freeDisk=40.1G
1429978985.0	GATHERING
1429978985.01	DATA READY
1429978985.01	STANDBY
1429978985.01	PERFORMING_LOCAL
1429978985.49	COMPLETED_LOCAL
1429978985.49	READY
1429978985.52	SENDING_DATA
1429978985.52	FINISHED
<END>
<BEGIN>
142997898403294189427cc8f7ea631ea58b38bbc93c2f9b4d5384b15ef59d9d6f479ec4d4b3ff7
0123456789ABCDEF
1429978984.0
LOCAL_ECHO_TEST
Hello World
[]
['AssistanceApps/echoInAllCaps.assistanceApp', '10', '', '142997898403294189427cc8f7ea631ea58b38bbc93c2f9b4d5384b15ef59d9d6f479ec4d4b3ff7', 'Hello World']
READY
1429978985.0
0
HELLO WORLD



1429978984.0	DRAFT
1429978984.0	WAITING
1429978985.0	 CPU=0.75	 mem={'swap': 0.0, 'virtual': 0.0, 'physical': 18.0}	 freeDisk=40.1G
1429978985.0	DATA READY
1429978985.0	STANDBY
1429978985.0	PERFORMING_LOCAL
1429978985.0	COMPLETED_LOCAL
1429978985.0	READY
<END>
<BEGIN>
1429978984076931a8f606f81f9df7834c03d33de032d8ec93d02aafc0ba0e5ebab8035deda3c08
0123456789ABCDEF
1429978984.0
WEKA_3_6_12
weka.classifiers.trees.J48 -t
['AssistanceApps/runtimeIO/1429978984076931a8f606f81f9df7834c03d33de032d8ec93d02aafc0ba0e5ebab8035deda3c08/weather.nominal.arff']
['AssistanceApps/assistanceWEKA.assistanceApp', '10', 'AssistanceApps/runtimeIO/1429978984076931a8f606f81f9df7834c03d33de032d8ec93d02aafc0ba0e5ebab8035deda3c08/weather.nominal.arff', '1429978984076931a8f606f81f9df7834c03d33de032d8ec93d02aafc0ba0e5ebab8035deda3c08', 'weka.classifiers.trees.J48 -t']
FINISHED
1429978985.18
0
AssistanceApps/runtimeIO/1429978984076931a8f606f81f9df7834c03d33de032d8ec93d02aafc0ba0e5ebab8035deda3c08/1429978984076931a8f606f81f9df7834c03d33de032d8ec93d02aafc0ba0e5ebab8035deda3c08-stdout.dat
AssistanceApps/runtimeIO/1429978984076931a8f606f81f9df7834c03d33de032d8ec93d02aafc0ba0e5ebab8035deda3c08/1429978984076931a8f606f81f9df7834c03d33de032d8ec93d02aafc0ba0e5ebab8035deda3c08-stderr.dat

1429978984.0	DRAFT
1429978984.0	WAITING
1429978985.01	 CPU=0.5	 mem={'swap': 0.0, 'virtual': 0.0, 'physical': 18.0}	 freeDisk=40.1G
1429978985.01	GATHERING
1429978985.02	DATA READY
1429978985.02	STANDBY
1429978985.02	PERFORMING_LOCAL
1429978985.18	COMPLETED_LOCAL
1429978985.18	READY
1429978985.27	SENDING_DATA
1429978985.27	FINISHED
<END>
<BEGIN>
1429978984010792356686751aeb586d43e455811b1266805aed2e23218b23a59d9756f6a8e5ebf
0123456789ABCDEF
1429978984.0
LOCAL_ECHO_TEST
HeII0, W0r1d!!!111!
[]
['AssistanceApps/echoInAllCaps.assistanceApp', '10', '', '1429978984010792356686751aeb586d43e455811b1266805aed2e23218b23a59d9756f6a8e5ebf', 'HeII0, W0r1d!!!111!']
READY
1429978985.01
0
HEII0, W0R1D!!!111!



1429978984.0	DRAFT
1429978984.0	WAITING
1429978985.0	 CPU=0.75	 mem={'swap': 0.0, 'virtual': 0.0, 'physical': 18.0}	 freeDisk=40.1G
1429978985.0	DATA READY
1429978985.0	STANDBY
1429978985.0	PERFORMING_LOCAL
1429978985.01	COMPLETED_LOCAL
1429978985.01	READY
<END>
<BEGIN>
142997898405566f961bc064f3264fc4b718c54a1e10309152ee692338aa6e29d512d3a331c0d3f
0123456789ABCDEF
1429978984.0
WEKA_3_6_12
weka.classifiers.trees.J48 -t
['AssistanceApps/runtimeIO/142997898405566f961bc064f3264fc4b718c54a1e10309152ee692338aa6e29d512d3a331c0d3f/weather.numeric.arff']
['AssistanceApps/assistanceWEKA.assistanceApp', '10', 'AssistanceApps/runtimeIO/142997898405566f961bc064f3264fc4b718c54a1e10309152ee692338aa6e29d512d3a331c0d3f/weather.numeric.arff', '142997898405566f961bc064f3264fc4b718c54a1e10309152ee692338aa6e29d512d3a331c0d3f', 'weka.classifiers.trees.J48 -t']
FINISHED
1429978985.18
0
AssistanceApps/runtimeIO/142997898405566f961bc064f3264fc4b718c54a1e10309152ee692338aa6e29d512d3a331c0d3f/142997898405566f961bc064f3264fc4b718c54a1e10309152ee692338aa6e29d512d3a331c0d3f-stdout.dat
AssistanceApps/runtimeIO/142997898405566f961bc064f3264fc4b718c54a1e10309152ee692338aa6e29d512d3a331c0d3f/142997898405566f961bc064f3264fc4b718c54a1e10309152ee692338aa6e29d512d3a331c0d3f-stderr.dat

1429978984.0	DRAFT
1429978984.0	WAITING
1429978985.01	 CPU=0.5	 mem={'swap': 0.0, 'virtual': 0.0, 'physical': 18.0}	 freeDisk=40.1G
1429978985.01	GATHERING
1429978985.02	DATA READY
1429978985.02	STANDBY
1429978985.02	PERFORMING_LOCAL
1429978985.18	COMPLETED_LOCAL
1429978985.18	READY
1429978985.27	SENDING_DATA
1429978985.27	FINISHED
<END>
<BEGIN>
142997898405235ec03ff868ecf6c1c66c514c412ca5500911d4f14a391f4a8602f81167fdc599a
0123456789ABCDEF
1429978984.0
SHA256_TEST
60000 -verbose 20000
['AssistanceApps/runtimeIO/142997898405235ec03ff868ecf6c1c66c514c412ca5500911d4f14a391f4a8602f81167fdc599a/experimentData.dat']
['AssistanceApps/sha256Example.assistanceApp', '10', 'AssistanceApps/runtimeIO/142997898405235ec03ff868ecf6c1c66c514c412ca5500911d4f14a391f4a8602f81167fdc599a/experimentData.dat', '142997898405235ec03ff868ecf6c1c66c514c412ca5500911d4f14a391f4a8602f81167fdc599a', '60000 -verbose 20000']
FINISHED
1429978985.5
0
AssistanceApps/runtimeIO/142997898405235ec03ff868ecf6c1c66c514c412ca5500911d4f14a391f4a8602f81167fdc599a/142997898405235ec03ff868ecf6c1c66c514c412ca5500911d4f14a391f4a8602f81167fdc599a-stdout.dat
AssistanceApps/runtimeIO/142997898405235ec03ff868ecf6c1c66c514c412ca5500911d4f14a391f4a8602f81167fdc599a/142997898405235ec03ff868ecf6c1c66c514c412ca5500911d4f14a391f4a8602f81167fdc599a-stderr.dat

1429978984.0	DRAFT
1429978984.0	WAITING
1429978985.01	 CPU=0.5	 mem={'swap': 0.0, 'virtual': 0.0, 'physical': 18.0}	 freeDisk=40.1G
1429978985.01	GATHERING
1429978985.02	DATA READY
1429978985.02	STANDBY
1429978985.02	PERFORMING_LOCAL
1429978985.5	COMPLETED_LOCAL
1429978985.5	READY
1429978985.52	SENDING_DATA
1429978985.52	FINISHED
<END>