
<BEGIN>
1430181984566680a52b845ed74c0d389edec6b2343f70c4a0efbcac209c1e45e80d95445d1af1a2
0123456789ABCDEF
1430181984.55
LOCAL_ECHO_TEST
HeII0, W0r1d!!!111!
[]
['AssistanceApps/echoInAllCaps.assistanceApp', '10', '', '1430181984566680a52b845ed74c0d389edec6b2343f70c4a0efbcac209c1e45e80d95445d1af1a2', 'HeII0, W0r1d!!!111!']
READY
1430181985.56
0
HEII0, W0R1D!!!111!



1430181984.55	DRAFT
1430181984.56	WAITING
1430181985.56	 CPU=1.25	 mem={'swap': 0.0, 'virtual': 0.0, 'physical': 18.6}	 freeDisk=39.9G
1430181985.56	DATA READY
1430181985.56	STANDBY
1430181985.56	PERFORMING_LOCAL
1430181985.56	COMPLETED_LOCAL
1430181985.56	READY
<END>
<BEGIN>
143018198455488190c8fbadb60eaf0746df52fbf7e3e17ddb7a210c77281937187dd57f6ad50106
0123456789ABCDEF
1430181984.55
LOCAL_ECHO_TEST
Hello, World!
[]
['AssistanceApps/echoInAllCaps.assistanceApp', '10', '', '143018198455488190c8fbadb60eaf0746df52fbf7e3e17ddb7a210c77281937187dd57f6ad50106', 'Hello, World!']
READY
1430181985.56
0
HELLO, WORLD!



1430181984.55	DRAFT
1430181984.55	WAITING
1430181985.56	 CPU=1.5	 mem={'swap': 0.0, 'virtual': 0.0, 'physical': 18.6}	 freeDisk=39.9G
1430181985.56	DATA READY
1430181985.56	STANDBY
1430181985.56	PERFORMING_LOCAL
1430181985.56	COMPLETED_LOCAL
1430181985.56	READY
<END>
<BEGIN>
1430181984564443caed3f3dde61d9c7dd9a575a94e5e8231146a71538d09b31df08e3a3e6486b4a
0123456789ABCDEF
1430181984.56
WEKA_3_6_12
weka.classifiers.trees.J48 -t
['AssistanceApps/runtimeIO/1430181984564443caed3f3dde61d9c7dd9a575a94e5e8231146a71538d09b31df08e3a3e6486b4a/weather.numeric.arff']
['AssistanceApps/assistanceWEKA.assistanceApp', '10', 'AssistanceApps/runtimeIO/1430181984564443caed3f3dde61d9c7dd9a575a94e5e8231146a71538d09b31df08e3a3e6486b4a/weather.numeric.arff', '1430181984564443caed3f3dde61d9c7dd9a575a94e5e8231146a71538d09b31df08e3a3e6486b4a', 'weka.classifiers.trees.J48 -t']
FINISHED
1430181985.76
0
AssistanceApps/runtimeIO/1430181984564443caed3f3dde61d9c7dd9a575a94e5e8231146a71538d09b31df08e3a3e6486b4a/1430181984564443caed3f3dde61d9c7dd9a575a94e5e8231146a71538d09b31df08e3a3e6486b4a-stdout.dat
AssistanceApps/runtimeIO/1430181984564443caed3f3dde61d9c7dd9a575a94e5e8231146a71538d09b31df08e3a3e6486b4a/1430181984564443caed3f3dde61d9c7dd9a575a94e5e8231146a71538d09b31df08e3a3e6486b4a-stderr.dat

1430181984.56	DRAFT
1430181984.56	WAITING
1430181985.56	 CPU=1.25	 mem={'swap': 0.0, 'virtual': 0.0, 'physical': 18.6}	 freeDisk=39.9G
1430181985.56	GATHERING
1430181985.58	DATA READY
1430181985.58	STANDBY
1430181985.58	PERFORMING_LOCAL
1430181985.76	COMPLETED_LOCAL
1430181985.76	READY
1430181985.85	SENDING_DATA
1430181985.85	FINISHED
<END>
<BEGIN>
1430181984559261b415fac99fe7e46f103f10686ba276076e44b1b21192ae8de40c5fa4627f16c7
0123456789ABCDEF
1430181984.55
WEKA_3_6_12
weka.classifiers.trees.J48 -t
['AssistanceApps/runtimeIO/1430181984559261b415fac99fe7e46f103f10686ba276076e44b1b21192ae8de40c5fa4627f16c7/weather.nominal.arff']
['AssistanceApps/assistanceWEKA.assistanceApp', '10', 'AssistanceApps/runtimeIO/1430181984559261b415fac99fe7e46f103f10686ba276076e44b1b21192ae8de40c5fa4627f16c7/weather.nominal.arff', '1430181984559261b415fac99fe7e46f103f10686ba276076e44b1b21192ae8de40c5fa4627f16c7', 'weka.classifiers.trees.J48 -t']
FINISHED
1430181985.72
0
AssistanceApps/runtimeIO/1430181984559261b415fac99fe7e46f103f10686ba276076e44b1b21192ae8de40c5fa4627f16c7/1430181984559261b415fac99fe7e46f103f10686ba276076e44b1b21192ae8de40c5fa4627f16c7-stdout.dat
AssistanceApps/runtimeIO/1430181984559261b415fac99fe7e46f103f10686ba276076e44b1b21192ae8de40c5fa4627f16c7/1430181984559261b415fac99fe7e46f103f10686ba276076e44b1b21192ae8de40c5fa4627f16c7-stderr.dat

1430181984.55	DRAFT
1430181984.55	WAITING
1430181985.56	 CPU=1.5	 mem={'swap': 0.0, 'virtual': 0.0, 'physical': 18.6}	 freeDisk=39.9G
1430181985.56	GATHERING
1430181985.57	DATA READY
1430181985.57	STANDBY
1430181985.57	PERFORMING_LOCAL
1430181985.72	COMPLETED_LOCAL
1430181985.72	READY
1430181985.84	SENDING_DATA
1430181985.84	FINISHED
<END>
<BEGIN>
1430181984551549f78ce2e9a1e0627861184d50bb68f079c0ab6b95dec284c73df723cb9cf73809
0123456789ABCDEF
1430181984.55
SHA256_TEST
60000 -verbose 20000
['AssistanceApps/runtimeIO/1430181984551549f78ce2e9a1e0627861184d50bb68f079c0ab6b95dec284c73df723cb9cf73809/experimentData.dat']
['AssistanceApps/sha256Example.assistanceApp', '10', 'AssistanceApps/runtimeIO/1430181984551549f78ce2e9a1e0627861184d50bb68f079c0ab6b95dec284c73df723cb9cf73809/experimentData.dat', '1430181984551549f78ce2e9a1e0627861184d50bb68f079c0ab6b95dec284c73df723cb9cf73809', '60000 -verbose 20000']
FINISHED
1430181986.05
0
AssistanceApps/runtimeIO/1430181984551549f78ce2e9a1e0627861184d50bb68f079c0ab6b95dec284c73df723cb9cf73809/1430181984551549f78ce2e9a1e0627861184d50bb68f079c0ab6b95dec284c73df723cb9cf73809-stdout.dat
AssistanceApps/runtimeIO/1430181984551549f78ce2e9a1e0627861184d50bb68f079c0ab6b95dec284c73df723cb9cf73809/1430181984551549f78ce2e9a1e0627861184d50bb68f079c0ab6b95dec284c73df723cb9cf73809-stderr.dat

1430181984.55	DRAFT
1430181984.55	WAITING
1430181985.56	 CPU=1.25	 mem={'swap': 0.0, 'virtual': 0.0, 'physical': 18.6}	 freeDisk=39.9G
1430181985.56	GATHERING
1430181985.57	DATA READY
1430181985.57	STANDBY
1430181985.57	PERFORMING_LOCAL
1430181986.05	COMPLETED_LOCAL
1430181986.05	READY
1430181986.08	SENDING_DATA
1430181986.08	FINISHED
<END>
<BEGIN>
1430181984556973e269891d656577a238fb4f32c6ebbedafd293fe03d4eb4b170caf54bcbb2399c
0123456789ABCDEF
1430181984.53
LOCAL_ECHO_TEST
Hello World
[]
['AssistanceApps/echoInAllCaps.assistanceApp', '10', '', '1430181984556973e269891d656577a238fb4f32c6ebbedafd293fe03d4eb4b170caf54bcbb2399c', 'Hello World']
READY
1430181985.55
0
HELLO WORLD



1430181984.53	DRAFT
1430181984.55	WAITING
1430181985.55	 CPU=1.5	 mem={'swap': 0.0, 'virtual': 0.0, 'physical': 18.6}	 freeDisk=39.9G
1430181985.55	DATA READY
1430181985.55	STANDBY
1430181985.55	PERFORMING_LOCAL
1430181985.55	COMPLETED_LOCAL
1430181985.55	READY
<END>
<BEGIN>
1430181984556385f78ce2e9a1e0627861184d50bb68f079c0ab6b95dec284c73df723cb9cf73809
0123456789ABCDEF
1430181984.55
SHA256_TEST
60000 -verbose 20000
['AssistanceApps/runtimeIO/1430181984556385f78ce2e9a1e0627861184d50bb68f079c0ab6b95dec284c73df723cb9cf73809/experimentData.dat']
['AssistanceApps/sha256Example.assistanceApp', '10', 'AssistanceApps/runtimeIO/1430181984556385f78ce2e9a1e0627861184d50bb68f079c0ab6b95dec284c73df723cb9cf73809/experimentData.dat', '1430181984556385f78ce2e9a1e0627861184d50bb68f079c0ab6b95dec284c73df723cb9cf73809', '60000 -verbose 20000']
FINISHED
1430181986.04
0
AssistanceApps/runtimeIO/1430181984556385f78ce2e9a1e0627861184d50bb68f079c0ab6b95dec284c73df723cb9cf73809/1430181984556385f78ce2e9a1e0627861184d50bb68f079c0ab6b95dec284c73df723cb9cf73809-stdout.dat
AssistanceApps/runtimeIO/1430181984556385f78ce2e9a1e0627861184d50bb68f079c0ab6b95dec284c73df723cb9cf73809/1430181984556385f78ce2e9a1e0627861184d50bb68f079c0ab6b95dec284c73df723cb9cf73809-stderr.dat

1430181984.55	DRAFT
1430181984.55	WAITING
1430181985.55	 CPU=1.5	 mem={'swap': 0.0, 'virtual': 0.0, 'physical': 18.6}	 freeDisk=39.9G
1430181985.55	GATHERING
1430181985.57	DATA READY
1430181985.57	STANDBY
1430181985.57	PERFORMING_LOCAL
1430181986.04	COMPLETED_LOCAL
1430181986.04	READY
1430181986.08	SENDING_DATA
1430181986.08	FINISHED
<END>