
<BEGIN>
1429979521198857bbb7c8b027f80816585bbb47a8ddea876bf448ec768e3dc46d8662836939e459
0123456789ABCDEF
1429979521.19
LOCAL_ECHO_TEST
Hello World
[]
['AssistanceApps/echoInAllCaps.assistanceApp', '10', '', '1429979521198857bbb7c8b027f80816585bbb47a8ddea876bf448ec768e3dc46d8662836939e459', 'Hello World']
READY
1429979522.2
0
HELLO WORLD



1429979521.19	DRAFT
1429979521.19	WAITING
1429979522.19	 CPU=1.5	 mem={'swap': 0.0, 'virtual': 0.0, 'physical': 18.2}	 freeDisk=40.4G
1429979522.19	DATA READY
1429979522.19	STANDBY
1429979522.19	PERFORMING_LOCAL
1429979522.2	COMPLETED_LOCAL
1429979522.2	READY
<END>
<BEGIN>
142997952119215836997c1f099c494ff28dca3c36e57edce7884a18af784215f7583fde4c9643b1
0123456789ABCDEF
1429979521.19
SHA256_TEST
60000 -verbose 20000
['AssistanceApps/runtimeIO/142997952119215836997c1f099c494ff28dca3c36e57edce7884a18af784215f7583fde4c9643b1/experimentData.dat']
['AssistanceApps/sha256Example.assistanceApp', '10', 'AssistanceApps/runtimeIO/142997952119215836997c1f099c494ff28dca3c36e57edce7884a18af784215f7583fde4c9643b1/experimentData.dat', '142997952119215836997c1f099c494ff28dca3c36e57edce7884a18af784215f7583fde4c9643b1', '60000 -verbose 20000']
FINISHED
1429979522.68
0
AssistanceApps/runtimeIO/142997952119215836997c1f099c494ff28dca3c36e57edce7884a18af784215f7583fde4c9643b1/142997952119215836997c1f099c494ff28dca3c36e57edce7884a18af784215f7583fde4c9643b1-stdout.dat
AssistanceApps/runtimeIO/142997952119215836997c1f099c494ff28dca3c36e57edce7884a18af784215f7583fde4c9643b1/142997952119215836997c1f099c494ff28dca3c36e57edce7884a18af784215f7583fde4c9643b1-stderr.dat

1429979521.19	DRAFT
1429979521.19	WAITING
1429979522.2	 CPU=1.5	 mem={'swap': 0.0, 'virtual': 0.0, 'physical': 18.2}	 freeDisk=40.4G
1429979522.2	GATHERING
1429979522.21	DATA READY
1429979522.21	STANDBY
1429979522.21	PERFORMING_LOCAL
1429979522.68	COMPLETED_LOCAL
1429979522.68	READY
1429979522.71	SENDING_DATA
1429979522.71	FINISHED
<END>
<BEGIN>
1429979521194846b6ace3416c32a5eb305f7b7691a336e64db61e5ce7a86e87943f31794ff322c9
0123456789ABCDEF
1429979521.19
LOCAL_ECHO_TEST
Hello, World!
[]
['AssistanceApps/echoInAllCaps.assistanceApp', '10', '', '1429979521194846b6ace3416c32a5eb305f7b7691a336e64db61e5ce7a86e87943f31794ff322c9', 'Hello, World!']
READY
1429979522.2
0
HELLO, WORLD!



1429979521.19	DRAFT
1429979521.19	WAITING
1429979522.19	 CPU=1.5	 mem={'swap': 0.0, 'virtual': 0.0, 'physical': 18.2}	 freeDisk=40.4G
1429979522.19	DATA READY
1429979522.19	STANDBY
1429979522.19	PERFORMING_LOCAL
1429979522.2	COMPLETED_LOCAL
1429979522.2	READY
<END>
<BEGIN>
142997952124633d3010b9157fb218209d6c5d2775a21cda7d5128919480a94e3ae7a1352b6ca63
0123456789ABCDEF
1429979521.2
WEKA_3_6_12
weka.classifiers.trees.J48 -t
['AssistanceApps/runtimeIO/142997952124633d3010b9157fb218209d6c5d2775a21cda7d5128919480a94e3ae7a1352b6ca63/weather.numeric.arff']
['AssistanceApps/assistanceWEKA.assistanceApp', '10', 'AssistanceApps/runtimeIO/142997952124633d3010b9157fb218209d6c5d2775a21cda7d5128919480a94e3ae7a1352b6ca63/weather.numeric.arff', '142997952124633d3010b9157fb218209d6c5d2775a21cda7d5128919480a94e3ae7a1352b6ca63', 'weka.classifiers.trees.J48 -t']
FINISHED
1429979522.38
0
AssistanceApps/runtimeIO/142997952124633d3010b9157fb218209d6c5d2775a21cda7d5128919480a94e3ae7a1352b6ca63/142997952124633d3010b9157fb218209d6c5d2775a21cda7d5128919480a94e3ae7a1352b6ca63-stdout.dat
AssistanceApps/runtimeIO/142997952124633d3010b9157fb218209d6c5d2775a21cda7d5128919480a94e3ae7a1352b6ca63/142997952124633d3010b9157fb218209d6c5d2775a21cda7d5128919480a94e3ae7a1352b6ca63-stderr.dat

1429979521.2	DRAFT
1429979521.2	WAITING
1429979522.2	 CPU=1.5	 mem={'swap': 0.0, 'virtual': 0.0, 'physical': 18.2}	 freeDisk=40.4G
1429979522.2	GATHERING
1429979522.21	DATA READY
1429979522.21	STANDBY
1429979522.21	PERFORMING_LOCAL
1429979522.38	COMPLETED_LOCAL
1429979522.38	READY
1429979522.47	SENDING_DATA
1429979522.47	FINISHED
<END>
<BEGIN>
1429979521276383a4323452d2166be455b526c647e846321538cb7404a0fb96180fd0f0644fe39
0123456789ABCDEF
1429979521.2
WEKA_3_6_12
weka.classifiers.trees.J48 -t
['AssistanceApps/runtimeIO/1429979521276383a4323452d2166be455b526c647e846321538cb7404a0fb96180fd0f0644fe39/weather.nominal.arff']
['AssistanceApps/assistanceWEKA.assistanceApp', '10', 'AssistanceApps/runtimeIO/1429979521276383a4323452d2166be455b526c647e846321538cb7404a0fb96180fd0f0644fe39/weather.nominal.arff', '1429979521276383a4323452d2166be455b526c647e846321538cb7404a0fb96180fd0f0644fe39', 'weka.classifiers.trees.J48 -t']
FINISHED
1429979522.36
0
AssistanceApps/runtimeIO/1429979521276383a4323452d2166be455b526c647e846321538cb7404a0fb96180fd0f0644fe39/1429979521276383a4323452d2166be455b526c647e846321538cb7404a0fb96180fd0f0644fe39-stdout.dat
AssistanceApps/runtimeIO/1429979521276383a4323452d2166be455b526c647e846321538cb7404a0fb96180fd0f0644fe39/1429979521276383a4323452d2166be455b526c647e846321538cb7404a0fb96180fd0f0644fe39-stderr.dat

1429979521.2	DRAFT
1429979521.2	WAITING
1429979522.2	 CPU=1.5	 mem={'swap': 0.0, 'virtual': 0.0, 'physical': 18.2}	 freeDisk=40.4G
1429979522.2	GATHERING
1429979522.21	DATA READY
1429979522.21	STANDBY
1429979522.21	PERFORMING_LOCAL
1429979522.36	COMPLETED_LOCAL
1429979522.36	READY
1429979522.46	SENDING_DATA
1429979522.46	FINISHED
<END>
<BEGIN>
142997952119303330f52aee7254b5461f7f8474d06c0c810a8c38c3a9f843e479dd09ba690acdaf
0123456789ABCDEF
1429979521.19
LOCAL_ECHO_TEST
HeII0, W0r1d!!!111!
[]
['AssistanceApps/echoInAllCaps.assistanceApp', '10', '', '142997952119303330f52aee7254b5461f7f8474d06c0c810a8c38c3a9f843e479dd09ba690acdaf', 'HeII0, W0r1d!!!111!']
READY
1429979522.2
0
HEII0, W0R1D!!!111!



1429979521.19	DRAFT
1429979521.19	WAITING
1429979522.2	 CPU=1.5	 mem={'swap': 0.0, 'virtual': 0.0, 'physical': 18.2}	 freeDisk=40.4G
1429979522.2	DATA READY
1429979522.2	STANDBY
1429979522.2	PERFORMING_LOCAL
1429979522.2	COMPLETED_LOCAL
1429979522.2	READY
<END>
<BEGIN>
142997952119863536997c1f099c494ff28dca3c36e57edce7884a18af784215f7583fde4c9643b1
0123456789ABCDEF
1429979521.19
SHA256_TEST
60000 -verbose 20000
['AssistanceApps/runtimeIO/142997952119863536997c1f099c494ff28dca3c36e57edce7884a18af784215f7583fde4c9643b1/experimentData.dat']
['AssistanceApps/sha256Example.assistanceApp', '10', 'AssistanceApps/runtimeIO/142997952119863536997c1f099c494ff28dca3c36e57edce7884a18af784215f7583fde4c9643b1/experimentData.dat', '142997952119863536997c1f099c494ff28dca3c36e57edce7884a18af784215f7583fde4c9643b1', '60000 -verbose 20000']
FINISHED
1429979522.68
0
AssistanceApps/runtimeIO/142997952119863536997c1f099c494ff28dca3c36e57edce7884a18af784215f7583fde4c9643b1/142997952119863536997c1f099c494ff28dca3c36e57edce7884a18af784215f7583fde4c9643b1-stdout.dat
AssistanceApps/runtimeIO/142997952119863536997c1f099c494ff28dca3c36e57edce7884a18af784215f7583fde4c9643b1/142997952119863536997c1f099c494ff28dca3c36e57edce7884a18af784215f7583fde4c9643b1-stderr.dat

1429979521.19	DRAFT
1429979521.19	WAITING
1429979522.2	 CPU=1.5	 mem={'swap': 0.0, 'virtual': 0.0, 'physical': 18.2}	 freeDisk=40.4G
1429979522.2	GATHERING
1429979522.21	DATA READY
1429979522.21	STANDBY
1429979522.21	PERFORMING_LOCAL
1429979522.68	COMPLETED_LOCAL
1429979522.68	READY
1429979522.72	SENDING_DATA
1429979522.72	FINISHED
<END>