
<BEGIN>
14301819845609509b87f43b7a7d8446823a53ed61531efb4a233c2abe08b1fa431f0adffb684efe
0123456789ABCDEF
1430181984.54
LOCAL_ECHO_TEST
Hello World
[]
['AssistanceApps/echoInAllCaps.assistanceApp', '10', '', '14301819845609509b87f43b7a7d8446823a53ed61531efb4a233c2abe08b1fa431f0adffb684efe', 'Hello World']
READY
1430181985.56
0
HELLO WORLD



1430181984.54	DRAFT
1430181984.56	WAITING
1430181985.56	 CPU=1.5	 mem={'swap': 0.0, 'virtual': 0.0, 'physical': 17.6}	 freeDisk=41.0G
1430181985.56	DATA READY
1430181985.56	STANDBY
1430181985.56	PERFORMING_LOCAL
1430181985.56	COMPLETED_LOCAL
1430181985.56	READY
<END>
<BEGIN>
1430181984566306a52b845ed74c0d389edec6b2343f70c4a0efbcac209c1e45e80d95445d1af1a2
0123456789ABCDEF
1430181984.56
LOCAL_ECHO_TEST
HeII0, W0r1d!!!111!
[]
['AssistanceApps/echoInAllCaps.assistanceApp', '10', '', '1430181984566306a52b845ed74c0d389edec6b2343f70c4a0efbcac209c1e45e80d95445d1af1a2', 'HeII0, W0r1d!!!111!']
READY
1430181985.57
0
HEII0, W0R1D!!!111!



1430181984.56	DRAFT
1430181984.56	WAITING
1430181985.57	 CPU=1.75	 mem={'swap': 0.0, 'virtual': 0.0, 'physical': 17.7}	 freeDisk=41.0G
1430181985.57	DATA READY
1430181985.57	STANDBY
1430181985.57	PERFORMING_LOCAL
1430181985.57	COMPLETED_LOCAL
1430181985.57	READY
<END>
<BEGIN>
14301819845603128cf6e54f6f0c0a097d86f873a1c6cbeb02c964a1ff08c1ac6e6c28c0e7ada946
0123456789ABCDEF
1430181984.56
WEKA_3_6_12
weka.classifiers.trees.J48 -t
['AssistanceApps/runtimeIO/14301819845603128cf6e54f6f0c0a097d86f873a1c6cbeb02c964a1ff08c1ac6e6c28c0e7ada946/weather.nominal.arff']
['AssistanceApps/assistanceWEKA.assistanceApp', '10', 'AssistanceApps/runtimeIO/14301819845603128cf6e54f6f0c0a097d86f873a1c6cbeb02c964a1ff08c1ac6e6c28c0e7ada946/weather.nominal.arff', '14301819845603128cf6e54f6f0c0a097d86f873a1c6cbeb02c964a1ff08c1ac6e6c28c0e7ada946', 'weka.classifiers.trees.J48 -t']
FINISHED
1430181985.75
0
AssistanceApps/runtimeIO/14301819845603128cf6e54f6f0c0a097d86f873a1c6cbeb02c964a1ff08c1ac6e6c28c0e7ada946/14301819845603128cf6e54f6f0c0a097d86f873a1c6cbeb02c964a1ff08c1ac6e6c28c0e7ada946-stdout.dat
AssistanceApps/runtimeIO/14301819845603128cf6e54f6f0c0a097d86f873a1c6cbeb02c964a1ff08c1ac6e6c28c0e7ada946/14301819845603128cf6e54f6f0c0a097d86f873a1c6cbeb02c964a1ff08c1ac6e6c28c0e7ada946-stderr.dat

1430181984.56	DRAFT
1430181984.56	WAITING
1430181985.57	 CPU=1.75	 mem={'swap': 0.0, 'virtual': 0.0, 'physical': 17.7}	 freeDisk=41.0G
1430181985.57	GATHERING
1430181985.58	DATA READY
1430181985.58	STANDBY
1430181985.58	PERFORMING_LOCAL
1430181985.75	COMPLETED_LOCAL
1430181985.75	READY
1430181985.84	SENDING_DATA
1430181985.84	FINISHED
<END>
<BEGIN>
1430181984568455dc9ab6202fc3f6d2c7dceb3cd102415622c1f97a84fe6c7f44d9ea4edc26f653
0123456789ABCDEF
1430181984.56
SHA256_TEST
60000 -verbose 20000
['AssistanceApps/runtimeIO/1430181984568455dc9ab6202fc3f6d2c7dceb3cd102415622c1f97a84fe6c7f44d9ea4edc26f653/experimentData.dat']
['AssistanceApps/sha256Example.assistanceApp', '10', 'AssistanceApps/runtimeIO/1430181984568455dc9ab6202fc3f6d2c7dceb3cd102415622c1f97a84fe6c7f44d9ea4edc26f653/experimentData.dat', '1430181984568455dc9ab6202fc3f6d2c7dceb3cd102415622c1f97a84fe6c7f44d9ea4edc26f653', '60000 -verbose 20000']
FINISHED
1430181986.04
0
AssistanceApps/runtimeIO/1430181984568455dc9ab6202fc3f6d2c7dceb3cd102415622c1f97a84fe6c7f44d9ea4edc26f653/1430181984568455dc9ab6202fc3f6d2c7dceb3cd102415622c1f97a84fe6c7f44d9ea4edc26f653-stdout.dat
AssistanceApps/runtimeIO/1430181984568455dc9ab6202fc3f6d2c7dceb3cd102415622c1f97a84fe6c7f44d9ea4edc26f653/1430181984568455dc9ab6202fc3f6d2c7dceb3cd102415622c1f97a84fe6c7f44d9ea4edc26f653-stderr.dat

1430181984.56	DRAFT
1430181984.56	WAITING
1430181985.56	 CPU=1.5	 mem={'swap': 0.0, 'virtual': 0.0, 'physical': 17.6}	 freeDisk=41.0G
1430181985.56	GATHERING
1430181985.57	DATA READY
1430181985.57	STANDBY
1430181985.57	PERFORMING_LOCAL
1430181986.04	COMPLETED_LOCAL
1430181986.04	READY
1430181986.08	SENDING_DATA
1430181986.08	FINISHED
<END>
<BEGIN>
1430181984573624f360d05592c2bee462bc751ef7c3073b25ce4c89cd6753d2757198a20e39ece8
0123456789ABCDEF
1430181984.57
WEKA_3_6_12
weka.classifiers.trees.J48 -t
['AssistanceApps/runtimeIO/1430181984573624f360d05592c2bee462bc751ef7c3073b25ce4c89cd6753d2757198a20e39ece8/weather.numeric.arff']
['AssistanceApps/assistanceWEKA.assistanceApp', '10', 'AssistanceApps/runtimeIO/1430181984573624f360d05592c2bee462bc751ef7c3073b25ce4c89cd6753d2757198a20e39ece8/weather.numeric.arff', '1430181984573624f360d05592c2bee462bc751ef7c3073b25ce4c89cd6753d2757198a20e39ece8', 'weka.classifiers.trees.J48 -t']
FINISHED
1430181985.76
0
AssistanceApps/runtimeIO/1430181984573624f360d05592c2bee462bc751ef7c3073b25ce4c89cd6753d2757198a20e39ece8/1430181984573624f360d05592c2bee462bc751ef7c3073b25ce4c89cd6753d2757198a20e39ece8-stdout.dat
AssistanceApps/runtimeIO/1430181984573624f360d05592c2bee462bc751ef7c3073b25ce4c89cd6753d2757198a20e39ece8/1430181984573624f360d05592c2bee462bc751ef7c3073b25ce4c89cd6753d2757198a20e39ece8-stderr.dat

1430181984.57	DRAFT
1430181984.57	WAITING
1430181985.57	 CPU=2.0	 mem={'swap': 0.0, 'virtual': 0.0, 'physical': 17.7}	 freeDisk=41.0G
1430181985.57	GATHERING
1430181985.58	DATA READY
1430181985.58	STANDBY
1430181985.58	PERFORMING_LOCAL
1430181985.76	COMPLETED_LOCAL
1430181985.76	READY
1430181985.84	SENDING_DATA
1430181985.84	FINISHED
<END>
<BEGIN>
1430181984563687dc9ab6202fc3f6d2c7dceb3cd102415622c1f97a84fe6c7f44d9ea4edc26f653
0123456789ABCDEF
1430181984.56
SHA256_TEST
60000 -verbose 20000
['AssistanceApps/runtimeIO/1430181984563687dc9ab6202fc3f6d2c7dceb3cd102415622c1f97a84fe6c7f44d9ea4edc26f653/experimentData.dat']
['AssistanceApps/sha256Example.assistanceApp', '10', 'AssistanceApps/runtimeIO/1430181984563687dc9ab6202fc3f6d2c7dceb3cd102415622c1f97a84fe6c7f44d9ea4edc26f653/experimentData.dat', '1430181984563687dc9ab6202fc3f6d2c7dceb3cd102415622c1f97a84fe6c7f44d9ea4edc26f653', '60000 -verbose 20000']
FINISHED
1430181986.05
0
AssistanceApps/runtimeIO/1430181984563687dc9ab6202fc3f6d2c7dceb3cd102415622c1f97a84fe6c7f44d9ea4edc26f653/1430181984563687dc9ab6202fc3f6d2c7dceb3cd102415622c1f97a84fe6c7f44d9ea4edc26f653-stdout.dat
AssistanceApps/runtimeIO/1430181984563687dc9ab6202fc3f6d2c7dceb3cd102415622c1f97a84fe6c7f44d9ea4edc26f653/1430181984563687dc9ab6202fc3f6d2c7dceb3cd102415622c1f97a84fe6c7f44d9ea4edc26f653-stderr.dat

1430181984.56	DRAFT
1430181984.56	WAITING
1430181985.56	 CPU=1.5	 mem={'swap': 0.0, 'virtual': 0.0, 'physical': 17.6}	 freeDisk=41.0G
1430181985.56	GATHERING
1430181985.57	DATA READY
1430181985.57	STANDBY
1430181985.57	PERFORMING_LOCAL
1430181986.05	COMPLETED_LOCAL
1430181986.05	READY
1430181986.09	SENDING_DATA
1430181986.09	FINISHED
<END>
<BEGIN>
1430181984562745a6d63b57b080fb5bb79a2f95de6ad3eb4cc00863a0997cb275bf4b9ea6d0e134
0123456789ABCDEF
1430181984.56
LOCAL_ECHO_TEST
Hello, World!
[]
['AssistanceApps/echoInAllCaps.assistanceApp', '10', '', '1430181984562745a6d63b57b080fb5bb79a2f95de6ad3eb4cc00863a0997cb275bf4b9ea6d0e134', 'Hello, World!']
READY
1430181985.56
0
HELLO, WORLD!



1430181984.56	DRAFT
1430181984.56	WAITING
1430181985.56	 CPU=1.5	 mem={'swap': 0.0, 'virtual': 0.0, 'physical': 17.7}	 freeDisk=41.0G
1430181985.56	DATA READY
1430181985.56	STANDBY
1430181985.56	PERFORMING_LOCAL
1430181985.56	COMPLETED_LOCAL
1430181985.56	READY
<END>