
====================================
Logs for all Assistance ServiceTickets in the Officer's Buffers as in 2015-04-06 23:38:35:614917
ServiceTicket 142837431239df89103fdd00d3e3f114c1d51295c439a687e24a1ae84532c6a63fc7f29d3233 (READY) Log:
	2015-04-06 23:38:32:393288 |- New task (appID 'LOCAL_ECHO_TEST') received by Assistance from token 0123456789ABCDEF;
	2015-04-06 23:38:32:393459 |- Assigned ticket '142837431239df89103fdd00d3e3f114c1d51295c439a687e24a1ae84532c6a63fc7f29d3233';
	2015-04-06 23:38:32:393534 |- Status update: (DRAFT --> WAITING);
	2015-04-06 23:38:33:405539 |- The current usage of system resources is: --free space (in AssistanceApps CWD partition): 45.2G;	--memory usage: {'swap': 0.0, 'virtual': 0.0, 'physical': 31.5}%;	--CPU usage: 32.575%;
	2015-04-06 23:38:33:405673 |- Status update: (WAITING --> PERFORMING_LOCAL);
	2015-04-06 23:38:33:415458 |- Status update: (PERFORMING_LOCAL --> COMPLETED_LOCAL);
	2015-04-06 23:38:33:415572 |- Status update: (COMPLETED_LOCAL --> READY);

ServiceTicket 14283743128efc99f5a4a15d472e4a89d4f41185aa4272d5eafbf57e498ded08682b55e2896 (READY) Log:
	2015-04-06 23:38:32:797210 |- New task (appID 'SHA256_TEST') received by Assistance from token 0123456789ABCDEF;
	2015-04-06 23:38:32:797597 |- Assigned ticket '14283743128efc99f5a4a15d472e4a89d4f41185aa4272d5eafbf57e498ded08682b55e2896';
	2015-04-06 23:38:32:797689 |- Status update: (DRAFT --> WAITING);
	2015-04-06 23:38:33:802265 |- The current usage of system resources is: --free space (in AssistanceApps CWD partition): 45.2G;	--memory usage: {'swap': 0.0, 'virtual': 0.0, 'physical': 31.6}%;	--CPU usage: 11.15%;
	2015-04-06 23:38:33:802406 |- Status update: (WAITING --> PERFORMING_LOCAL);
	2015-04-06 23:38:34:972393 |- Status update: (PERFORMING_LOCAL --> COMPLETED_LOCAL);
	2015-04-06 23:38:34:972495 |- Status update: (COMPLETED_LOCAL --> READY);

ServiceTicket 1428374313111f30273b3ef7aae49b4ad01b4b4749f42eff942f739cfd2bf86d901d35729ae (READY) Log:
	2015-04-06 23:38:33:098492 |- New task (appID 'SHA256_TEST') received by Assistance from token 0123456789ABCDEF;
	2015-04-06 23:38:33:098723 |- Assigned ticket '1428374313111f30273b3ef7aae49b4ad01b4b4749f42eff942f739cfd2bf86d901d35729ae';
	2015-04-06 23:38:33:098769 |- Status update: (DRAFT --> WAITING);
	2015-04-06 23:38:34:102507 |- The current usage of system resources is: --free space (in AssistanceApps CWD partition): 45.2G;	--memory usage: {'swap': 0.0, 'virtual': 0.0, 'physical': 31.6}%;	--CPU usage: 17.925%;
	2015-04-06 23:38:34:102641 |- Status update: (WAITING --> PERFORMING_LOCAL);
	2015-04-06 23:38:35:260806 |- Status update: (PERFORMING_LOCAL --> COMPLETED_LOCAL);
	2015-04-06 23:38:35:260871 |- Status update: (COMPLETED_LOCAL --> READY);

ServiceTicket 142837431269d4c0ede2f33bbfb251fa8f257b5b15f65c73e6460b39bea6b1ba398f3891485 (READY) Log:
	2015-04-06 23:38:32:596182 |- New task (appID 'LOCAL_ECHO_TEST') received by Assistance from token 0123456789ABCDEF;
	2015-04-06 23:38:32:596465 |- Assigned ticket '142837431269d4c0ede2f33bbfb251fa8f257b5b15f65c73e6460b39bea6b1ba398f3891485';
	2015-04-06 23:38:32:596537 |- Status update: (DRAFT --> WAITING);
	2015-04-06 23:38:33:601200 |- The current usage of system resources is: --free space (in AssistanceApps CWD partition): 45.2G;	--memory usage: {'swap': 0.0, 'virtual': 0.0, 'physical': 31.5}%;	--CPU usage: 21.0%;
	2015-04-06 23:38:33:601332 |- Status update: (WAITING --> PERFORMING_LOCAL);
	2015-04-06 23:38:33:610270 |- Status update: (PERFORMING_LOCAL --> COMPLETED_LOCAL);
	2015-04-06 23:38:33:610392 |- Status update: (COMPLETED_LOCAL --> READY);
