
====================================
Logs for all Assistance ServiceTickets in the Officer's Buffers as in 2015-04-08 20:28:20:722137
ServiceTicket 142853569722a5a758e958a29669016cb432603096ae6b372cdb65088cc6f81afc6fc60cda0b (READY) Log:
	2015-04-08 20:28:17:215549 |- New task (APPID 'LOCAL_ECHO_TEST') received by Assistance from token 0123456789ABCDEF;
	2015-04-08 20:28:17:215949 |- Assigned TICKET '142853569722a5a758e958a29669016cb432603096ae6b372cdb65088cc6f81afc6fc60cda0b';
	2015-04-08 20:28:17:216008 |- Status update: (DRAFT --> WAITING);
	2015-04-08 20:28:18:220964 |- The current usage of system resources is: --free space (in AssistanceApps CWD partition): 45.0G;	--memory usage: {'swap': 0.0, 'virtual': 0.0, 'physical': 24.9}%;	--CPU usage: 27.8%;
	2015-04-08 20:28:18:221091 |- Status update: (WAITING --> PERFORMING_LOCAL);
	2015-04-08 20:28:18:235526 |- Status update: (PERFORMING_LOCAL --> COMPLETED_LOCAL);
	2015-04-08 20:28:18:235742 |- Status update: (COMPLETED_LOCAL --> READY);

ServiceTicket 14285356972113f1b588ea9c57a13b13d1e708e6be65a2c4e2f51acd95577daa2b8ac447c0a5 (READY) Log:
	2015-04-08 20:28:17:205435 |- New task (APPID 'LOCAL_ECHO_TEST') received by Assistance from token 0123456789ABCDEF;
	2015-04-08 20:28:17:205641 |- Assigned TICKET '14285356972113f1b588ea9c57a13b13d1e708e6be65a2c4e2f51acd95577daa2b8ac447c0a5';
	2015-04-08 20:28:17:205718 |- Status update: (DRAFT --> WAITING);
	2015-04-08 20:28:18:221505 |- The current usage of system resources is: --free space (in AssistanceApps CWD partition): 45.0G;	--memory usage: {'swap': 0.0, 'virtual': 0.0, 'physical': 24.8}%;	--CPU usage: 27.8%;
	2015-04-08 20:28:18:221640 |- Status update: (WAITING --> PERFORMING_LOCAL);
	2015-04-08 20:28:18:235974 |- Status update: (PERFORMING_LOCAL --> COMPLETED_LOCAL);
	2015-04-08 20:28:18:237459 |- Status update: (COMPLETED_LOCAL --> READY);

ServiceTicket 142853569824fcc724350d41031854239afa18539a79958f1d1ddd57e95a6c6aaf0276b28dc3 (READY) Log:
	2015-04-08 20:28:18:244138 |- New task (APPID 'SHA256_TEST') received by Assistance from token 0123456789ABCDEF;
	2015-04-08 20:28:18:244305 |- Assigned TICKET '142853569824fcc724350d41031854239afa18539a79958f1d1ddd57e95a6c6aaf0276b28dc3';
	2015-04-08 20:28:18:244366 |- Status update: (DRAFT --> WAITING);
	2015-04-08 20:28:19:260622 |- The current usage of system resources is: --free space (in AssistanceApps CWD partition): 45.0G;	--memory usage: {'swap': 0.0, 'virtual': 0.0, 'physical': 24.8}%;	--CPU usage: 31.025%;
	2015-04-08 20:28:19:260793 |- Status update: (WAITING --> PERFORMING_LOCAL);
	2015-04-08 20:28:20:717086 |- Status update: (PERFORMING_LOCAL --> COMPLETED_LOCAL);
	2015-04-08 20:28:20:717272 |- Status update: (COMPLETED_LOCAL --> READY);
