
====================================
Logs for all Assistance ServiceTickets in the Officer's Buffers as in 2015-04-08 13:55:02:835254
ServiceTicket 14285121000233544f9dd1737a5a1c6ec2a811a11c8470495ce8e06d92801ca844c1c06e61cb (READY) Log:
	2015-04-08 13:55:00:020281 |- New task (appID 'LOCAL_ECHO_TEST') received by Assistance from token 0123456789ABCDEF;
	2015-04-08 13:55:00:020854 |- Assigned ticket '14285121000233544f9dd1737a5a1c6ec2a811a11c8470495ce8e06d92801ca844c1c06e61cb';
	2015-04-08 13:55:00:020946 |- Status update: (DRAFT --> WAITING);
	2015-04-08 13:55:01:036327 |- The current usage of system resources is: --free space (in AssistanceApps CWD partition): 45.1G;	--memory usage: {'swap': 0.0, 'virtual': 0.0, 'physical': 22.1}%;	--CPU usage: 42.525%;
	2015-04-08 13:55:01:036619 |- Status update: (WAITING --> PERFORMING_LOCAL);
	2015-04-08 13:55:01:059037 |- Status update: (PERFORMING_LOCAL --> COMPLETED_LOCAL);
	2015-04-08 13:55:01:059435 |- Status update: (COMPLETED_LOCAL --> READY);

ServiceTicket 1428512102839cd0fbdac5773380d1c94a75b38f06d5fff960bc315cb729202b11c79d490c3c (WAITING) Log:
	2015-04-08 13:55:02:830243 |- New task (appID 'SHA256_TEST') received by Assistance from token 0123456789ABCDEF;
	2015-04-08 13:55:02:830572 |- Assigned ticket '1428512102839cd0fbdac5773380d1c94a75b38f06d5fff960bc315cb729202b11c79d490c3c';
	2015-04-08 13:55:02:830647 |- Status update: (DRAFT --> WAITING);

ServiceTicket 1428512100029b030aa5724784807c86599b7f9794008bc63ecc4c2434b216b2c16f8a37b0a0 (READY) Log:
	2015-04-08 13:55:00:017454 |- New task (appID 'LOCAL_ECHO_TEST') received by Assistance from token 0123456789ABCDEF;
	2015-04-08 13:55:00:017642 |- Assigned ticket '1428512100029b030aa5724784807c86599b7f9794008bc63ecc4c2434b216b2c16f8a37b0a0';
	2015-04-08 13:55:00:017709 |- Status update: (DRAFT --> WAITING);
	2015-04-08 13:55:01:025887 |- The current usage of system resources is: --free space (in AssistanceApps CWD partition): 45.1G;	--memory usage: {'swap': 0.0, 'virtual': 0.0, 'physical': 22.0}%;	--CPU usage: 42.45%;
	2015-04-08 13:55:01:025978 |- Status update: (WAITING --> PERFORMING_LOCAL);
	2015-04-08 13:55:01:047558 |- Status update: (PERFORMING_LOCAL --> COMPLETED_LOCAL);
	2015-04-08 13:55:01:048131 |- Status update: (COMPLETED_LOCAL --> READY);

ServiceTicket 142851210003c839f30be173e59d58bfae7addebbc97d075ec055592e4e6843ac298a392eb7b (READY) Log:
	2015-04-08 13:55:00:024950 |- New task (appID 'SHA256_TEST') received by Assistance from token 0123456789ABCDEF;
	2015-04-08 13:55:00:025431 |- Assigned ticket '142851210003c839f30be173e59d58bfae7addebbc97d075ec055592e4e6843ac298a392eb7b';
	2015-04-08 13:55:00:025499 |- Status update: (DRAFT --> WAITING);
	2015-04-08 13:55:01:030648 |- The current usage of system resources is: --free space (in AssistanceApps CWD partition): 45.1G;	--memory usage: {'swap': 0.0, 'virtual': 0.0, 'physical': 22.1}%;	--CPU usage: 42.525%;
	2015-04-08 13:55:01:030758 |- Status update: (WAITING --> PERFORMING_LOCAL);
	2015-04-08 13:55:02:711396 |- Status update: (PERFORMING_LOCAL --> COMPLETED_LOCAL);
	2015-04-08 13:55:02:711741 |- Status update: (COMPLETED_LOCAL --> READY);

ServiceTicket 142851210013b92de11b8c0c7ae7bff953bbbb76fc210043db2ba5d1b89e89cab4835dc4b3a0 (READY) Log:
	2015-04-08 13:55:00:125771 |- New task (appID 'SHA256_TEST') received by Assistance from token 0123456789ABCDEF;
	2015-04-08 13:55:00:126019 |- Assigned ticket '142851210013b92de11b8c0c7ae7bff953bbbb76fc210043db2ba5d1b89e89cab4835dc4b3a0';
	2015-04-08 13:55:00:126088 |- Status update: (DRAFT --> WAITING);
	2015-04-08 13:55:01:131583 |- The current usage of system resources is: --free space (in AssistanceApps CWD partition): 45.1G;	--memory usage: {'swap': 0.0, 'virtual': 0.0, 'physical': 22.1}%;	--CPU usage: 46.825%;
	2015-04-08 13:55:01:131746 |- Status update: (WAITING --> PERFORMING_LOCAL);
	2015-04-08 13:55:02:827210 |- Status update: (PERFORMING_LOCAL --> COMPLETED_LOCAL);
	2015-04-08 13:55:02:827629 |- Status update: (COMPLETED_LOCAL --> READY);
