
====================================
Logs for all Assistance ServiceTickets in the Officer's Buffers as in 2015-04-06 23:40:55:346782
ServiceTicket 1428374452735ec377d7f8e9c309ddb0b893fc689980fd946135a5bdda47513a585b1f8cd69f (READY) Log:
	2015-04-06 23:40:52:734643 |- New task (appID 'SHA256_TEST') received by Assistance from token 0123456789ABCDEF;
	2015-04-06 23:40:52:734916 |- Assigned ticket '1428374452735ec377d7f8e9c309ddb0b893fc689980fd946135a5bdda47513a585b1f8cd69f';
	2015-04-06 23:40:52:734984 |- Status update: (DRAFT --> WAITING);
	2015-04-06 23:40:53:739128 |- The current usage of system resources is: --free space (in AssistanceApps CWD partition): 45.2G;	--memory usage: {'swap': 0.0, 'virtual': 0.0, 'physical': 31.8}%;	--CPU usage: 28.55%;
	2015-04-06 23:40:53:739251 |- Status update: (WAITING --> PERFORMING_LOCAL);
	2015-04-06 23:40:54:857539 |- Status update: (PERFORMING_LOCAL --> COMPLETED_LOCAL);
	2015-04-06 23:40:54:857610 |- Status update: (COMPLETED_LOCAL --> READY);

ServiceTicket 1428374452333d0f97ded1081f02772e81e20d5ed541b5434a93399124d9c984e04cfe730f7c (READY) Log:
	2015-04-06 23:40:52:333304 |- New task (appID 'LOCAL_ECHO_TEST') received by Assistance from token 0123456789ABCDEF;
	2015-04-06 23:40:52:333471 |- Assigned ticket '1428374452333d0f97ded1081f02772e81e20d5ed541b5434a93399124d9c984e04cfe730f7c';
	2015-04-06 23:40:52:333546 |- Status update: (DRAFT --> WAITING);
	2015-04-06 23:40:53:360261 |- The current usage of system resources is: --free space (in AssistanceApps CWD partition): 45.2G;	--memory usage: {'swap': 0.0, 'virtual': 0.0, 'physical': 31.8}%;	--CPU usage: 42.075%;
	2015-04-06 23:40:53:360412 |- Status update: (WAITING --> PERFORMING_LOCAL);
	2015-04-06 23:40:53:369545 |- Status update: (PERFORMING_LOCAL --> COMPLETED_LOCAL);
	2015-04-06 23:40:53:369666 |- Status update: (COMPLETED_LOCAL --> READY);

ServiceTicket 14283744530455d2a9be5713884565acee1be521e9255fafc3323221478ffb215e24ed2dbb23 (READY) Log:
	2015-04-06 23:40:53:035752 |- New task (appID 'SHA256_TEST') received by Assistance from token 0123456789ABCDEF;
	2015-04-06 23:40:53:035982 |- Assigned ticket '14283744530455d2a9be5713884565acee1be521e9255fafc3323221478ffb215e24ed2dbb23';
	2015-04-06 23:40:53:036036 |- Status update: (DRAFT --> WAITING);
	2015-04-06 23:40:54:039210 |- The current usage of system resources is: --free space (in AssistanceApps CWD partition): 45.2G;	--memory usage: {'swap': 0.0, 'virtual': 0.0, 'physical': 31.8}%;	--CPU usage: 32.4%;
	2015-04-06 23:40:54:039323 |- Status update: (WAITING --> PERFORMING_LOCAL);
	2015-04-06 23:40:55:137598 |- Status update: (PERFORMING_LOCAL --> COMPLETED_LOCAL);
	2015-04-06 23:40:55:137660 |- Status update: (COMPLETED_LOCAL --> READY);

ServiceTicket 1428374452536b5f2ebb8390a83669878aff305b97988b097c0bda4f8ace7c0727ecb582431c (READY) Log:
	2015-04-06 23:40:52:533960 |- New task (appID 'LOCAL_ECHO_TEST') received by Assistance from token 0123456789ABCDEF;
	2015-04-06 23:40:52:534179 |- Assigned ticket '1428374452536b5f2ebb8390a83669878aff305b97988b097c0bda4f8ace7c0727ecb582431c';
	2015-04-06 23:40:52:534240 |- Status update: (DRAFT --> WAITING);
	2015-04-06 23:40:53:537560 |- The current usage of system resources is: --free space (in AssistanceApps CWD partition): 45.2G;	--memory usage: {'swap': 0.0, 'virtual': 0.0, 'physical': 31.8}%;	--CPU usage: 33.5%;
	2015-04-06 23:40:53:537665 |- Status update: (WAITING --> PERFORMING_LOCAL);
	2015-04-06 23:40:53:547182 |- Status update: (PERFORMING_LOCAL --> COMPLETED_LOCAL);
	2015-04-06 23:40:53:547299 |- Status update: (COMPLETED_LOCAL --> READY);
