
====================================
Logs for all Assistance ServiceTickets in the Officer's Buffers as in 2015-04-08 00:40:14:180666
ServiceTicket 14284644116761d1f5c04b46c0d43f88308a30162a9a4f802f96c7079987f8ffbba304f39e48 (READY) Log:
	2015-04-08 00:40:11:666287 |- New task (appID 'SHA256_TEST') received by Assistance from token 0123456789ABCDEF;
	2015-04-08 00:40:11:666412 |- Assigned ticket '14284644116761d1f5c04b46c0d43f88308a30162a9a4f802f96c7079987f8ffbba304f39e48';
	2015-04-08 00:40:11:666456 |- Status update: (DRAFT --> WAITING);
	2015-04-08 00:40:12:669422 |- The current usage of system resources is: --free space (in AssistanceApps CWD partition): 45.1G;	--memory usage: {'swap': 0.0, 'virtual': 0.0, 'physical': 33.5}%;	--CPU usage: 45.325%;
	2015-04-08 00:40:12:669561 |- Status update: (WAITING --> PERFORMING_LOCAL);
	2015-04-08 00:40:14:105275 |- Status update: (PERFORMING_LOCAL --> COMPLETED_LOCAL);
	2015-04-08 00:40:14:107115 |- Status update: (COMPLETED_LOCAL --> READY);

ServiceTicket 14284644116608ba69170f720fbda4fd7fe896307b16159f996bd9d94e9221c0e850c1908125 (READY) Log:
	2015-04-08 00:40:11:655451 |- New task (appID 'LOCAL_ECHO_TEST') received by Assistance from token 0123456789ABCDEF;
	2015-04-08 00:40:11:655623 |- Assigned ticket '14284644116608ba69170f720fbda4fd7fe896307b16159f996bd9d94e9221c0e850c1908125';
	2015-04-08 00:40:11:655694 |- Status update: (DRAFT --> WAITING);
	2015-04-08 00:40:12:660222 |- The current usage of system resources is: --free space (in AssistanceApps CWD partition): 45.1G;	--memory usage: {'swap': 0.0, 'virtual': 0.0, 'physical': 33.5}%;	--CPU usage: 45.975%;
	2015-04-08 00:40:12:660344 |- Status update: (WAITING --> PERFORMING_LOCAL);
	2015-04-08 00:40:12:674014 |- Status update: (PERFORMING_LOCAL --> COMPLETED_LOCAL);
	2015-04-08 00:40:12:674219 |- Status update: (COMPLETED_LOCAL --> READY);

ServiceTicket 14284644141893f15485b529decc676c82aa84b44d65656d9af117292fec8e0fc5d9c52785a9 (WAITING) Log:
	2015-04-08 00:40:14:178156 |- New task (appID 'SHA256_TEST') received by Assistance from token 0123456789ABCDEF;
	2015-04-08 00:40:14:178480 |- Assigned ticket '14284644141893f15485b529decc676c82aa84b44d65656d9af117292fec8e0fc5d9c52785a9';
	2015-04-08 00:40:14:178556 |- Status update: (DRAFT --> WAITING);

ServiceTicket 142846441177567e89e3a074e7e35cbbcea338efd95f0242ab5648383602033cbb53a5791ea0 (READY) Log:
	2015-04-08 00:40:11:767142 |- New task (appID 'SHA256_TEST') received by Assistance from token 0123456789ABCDEF;
	2015-04-08 00:40:11:767456 |- Assigned ticket '142846441177567e89e3a074e7e35cbbcea338efd95f0242ab5648383602033cbb53a5791ea0';
	2015-04-08 00:40:11:767534 |- Status update: (DRAFT --> WAITING);
	2015-04-08 00:40:12:771418 |- The current usage of system resources is: --free space (in AssistanceApps CWD partition): 45.1G;	--memory usage: {'swap': 0.0, 'virtual': 0.0, 'physical': 33.5}%;	--CPU usage: 45.05%;
	2015-04-08 00:40:12:771498 |- Status update: (WAITING --> PERFORMING_LOCAL);
	2015-04-08 00:40:14:176195 |- Status update: (PERFORMING_LOCAL --> COMPLETED_LOCAL);
	2015-04-08 00:40:14:176401 |- Status update: (COMPLETED_LOCAL --> READY);

ServiceTicket 1428464411664ed7826994e0e3ede6ec3e7251cf83f5de70d4e8e992d33ce5e5cecbb5255642 (READY) Log:
	2015-04-08 00:40:11:656326 |- New task (appID 'LOCAL_ECHO_TEST') received by Assistance from token 0123456789ABCDEF;
	2015-04-08 00:40:11:656438 |- Assigned ticket '1428464411664ed7826994e0e3ede6ec3e7251cf83f5de70d4e8e992d33ce5e5cecbb5255642';
	2015-04-08 00:40:11:656478 |- Status update: (DRAFT --> WAITING);
	2015-04-08 00:40:12:672361 |- The current usage of system resources is: --free space (in AssistanceApps CWD partition): 45.1G;	--memory usage: {'swap': 0.0, 'virtual': 0.0, 'physical': 33.5}%;	--CPU usage: 45.325%;
	2015-04-08 00:40:12:672495 |- Status update: (WAITING --> PERFORMING_LOCAL);
	2015-04-08 00:40:14:106799 |- Status update: (PERFORMING_LOCAL --> COMPLETED_LOCAL);
	2015-04-08 00:40:14:109038 |- Status update: (COMPLETED_LOCAL --> READY);
