
====================================
Logs for all Assistance ServiceTickets in the Officer's Buffers as in 2015-04-08 14:19:17:061314
ServiceTicket 1428513554465ed9f71d36f0d9ca3fe8babaef02b98875471aa1740338dfb04d8855a1e17122 (READY) Log:
	2015-04-08 14:19:14:462789 |- New task (appID 'SHA256_TEST') received by Assistance from token 0123456789ABCDEF;
	2015-04-08 14:19:14:463141 |- Assigned ticket '1428513554465ed9f71d36f0d9ca3fe8babaef02b98875471aa1740338dfb04d8855a1e17122';
	2015-04-08 14:19:14:463211 |- Status update: (DRAFT --> WAITING);
	2015-04-08 14:19:15:467745 |- The current usage of system resources is: --free space (in AssistanceApps CWD partition): 45.1G;	--memory usage: {'swap': 0.0, 'virtual': 0.0, 'physical': 22.5}%;	--CPU usage: 23.8%;
	2015-04-08 14:19:15:467874 |- Status update: (WAITING --> PERFORMING_LOCAL);
	2015-04-08 14:19:17:053247 |- Status update: (PERFORMING_LOCAL --> COMPLETED_LOCAL);
	2015-04-08 14:19:17:053497 |- Status update: (COMPLETED_LOCAL --> READY);

ServiceTicket 142851355435dc63b869ae258b2087241667697bff89af8ded6b2b55cdf013b775a62295e345 (READY) Log:
	2015-04-08 14:19:14:353828 |- New task (appID 'LOCAL_ECHO_TEST') received by Assistance from token 0123456789ABCDEF;
	2015-04-08 14:19:14:354117 |- Assigned ticket '142851355435dc63b869ae258b2087241667697bff89af8ded6b2b55cdf013b775a62295e345';
	2015-04-08 14:19:14:354229 |- Status update: (DRAFT --> WAITING);
	2015-04-08 14:19:15:370999 |- The current usage of system resources is: --free space (in AssistanceApps CWD partition): 45.1G;	--memory usage: {'swap': 0.0, 'virtual': 0.0, 'physical': 22.5}%;	--CPU usage: 22.125%;
	2015-04-08 14:19:15:371067 |- Status update: (WAITING --> PERFORMING_LOCAL);
	2015-04-08 14:19:16:931743 |- Status update: (PERFORMING_LOCAL --> COMPLETED_LOCAL);
	2015-04-08 14:19:16:932098 |- Status update: (COMPLETED_LOCAL --> READY);

ServiceTicket 14285135543667f5bb07f1edfb4422db341a90a347d683cfc10199fa679cee204f097e906d92 (READY) Log:
	2015-04-08 14:19:14:361787 |- New task (appID 'SHA256_TEST') received by Assistance from token 0123456789ABCDEF;
	2015-04-08 14:19:14:361970 |- Assigned ticket '14285135543667f5bb07f1edfb4422db341a90a347d683cfc10199fa679cee204f097e906d92';
	2015-04-08 14:19:14:362039 |- Status update: (DRAFT --> WAITING);
	2015-04-08 14:19:15:370088 |- The current usage of system resources is: --free space (in AssistanceApps CWD partition): 45.1G;	--memory usage: {'swap': 0.0, 'virtual': 0.0, 'physical': 22.5}%;	--CPU usage: 21.875%;
	2015-04-08 14:19:15:370225 |- Status update: (WAITING --> PERFORMING_LOCAL);
	2015-04-08 14:19:16:932569 |- Status update: (PERFORMING_LOCAL --> COMPLETED_LOCAL);
	2015-04-08 14:19:16:932884 |- Status update: (COMPLETED_LOCAL --> READY);

ServiceTicket 14285135543639ee8dbcf3cf22ce159f79c9624abb59b76ce012dc2dcd70aa3d9e6176ea99db (READY) Log:
	2015-04-08 14:19:14:358894 |- New task (appID 'LOCAL_ECHO_TEST') received by Assistance from token 0123456789ABCDEF;
	2015-04-08 14:19:14:359222 |- Assigned ticket '14285135543639ee8dbcf3cf22ce159f79c9624abb59b76ce012dc2dcd70aa3d9e6176ea99db';
	2015-04-08 14:19:14:359274 |- Status update: (DRAFT --> WAITING);
	2015-04-08 14:19:15:369420 |- The current usage of system resources is: --free space (in AssistanceApps CWD partition): 45.1G;	--memory usage: {'swap': 0.0, 'virtual': 0.0, 'physical': 22.5}%;	--CPU usage: 22.125%;
	2015-04-08 14:19:15:369590 |- Status update: (WAITING --> PERFORMING_LOCAL);
	2015-04-08 14:19:16:931042 |- Status update: (PERFORMING_LOCAL --> COMPLETED_LOCAL);
	2015-04-08 14:19:16:931627 |- Status update: (COMPLETED_LOCAL --> READY);

ServiceTicket 142851355706de5f0259de1a101e9a8580bb98fc1ee894caf501fab5c77be7f1f448fe4dfebe (WAITING) Log:
	2015-04-08 14:19:17:056006 |- New task (appID 'SHA256_TEST') received by Assistance from token 0123456789ABCDEF;
	2015-04-08 14:19:17:056264 |- Assigned ticket '142851355706de5f0259de1a101e9a8580bb98fc1ee894caf501fab5c77be7f1f448fe4dfebe';
	2015-04-08 14:19:17:056320 |- Status update: (DRAFT --> WAITING);
