
====================================
Logs for all Assistance ServiceTickets in the Officer's Buffers as in 2015-04-08 20:34:11:325983
ServiceTicket 142853604772529d34931954079406a5b0c3090566c63e123b3daa64b65383171f88a8dd3707 (READY) Log:
	2015-04-08 20:34:07:717826 |- New task (APPID 'LOCAL_ECHO_TEST') received by Assistance from token 0123456789ABCDEF;
	2015-04-08 20:34:07:717993 |- Assigned TICKET '142853604772529d34931954079406a5b0c3090566c63e123b3daa64b65383171f88a8dd3707';
	2015-04-08 20:34:07:718059 |- Status update: (DRAFT --> WAITING);
	2015-04-08 20:34:08:725334 |- The current usage of system resources is: --free space (in AssistanceApps CWD partition): 45.0G;	--memory usage: {'swap': 0.0, 'virtual': 0.0, 'physical': 24.8}%;	--CPU usage: 48.925%;
	2015-04-08 20:34:08:725488 |- Status update: (WAITING --> PERFORMING_LOCAL);
	2015-04-08 20:34:08:739614 |- Status update: (PERFORMING_LOCAL --> COMPLETED_LOCAL);
	2015-04-08 20:34:08:739837 |- Status update: (COMPLETED_LOCAL --> READY);

ServiceTicket 1428536048766ebf32f91ed6d7aaf02aa52fd480cf5097cd4b3d11013d3e5f5ca67f9a367a7e (READY) Log:
	2015-04-08 20:34:08:758159 |- New task (APPID 'SHA256_TEST') received by Assistance from token 0123456789ABCDEF;
	2015-04-08 20:34:08:758534 |- Assigned TICKET '1428536048766ebf32f91ed6d7aaf02aa52fd480cf5097cd4b3d11013d3e5f5ca67f9a367a7e';
	2015-04-08 20:34:08:758594 |- Status update: (DRAFT --> WAITING);
	2015-04-08 20:34:09:764920 |- The current usage of system resources is: --free space (in AssistanceApps CWD partition): 45.0G;	--memory usage: {'swap': 0.0, 'virtual': 0.0, 'physical': 24.8}%;	--CPU usage: 27.95%;
	2015-04-08 20:34:09:765076 |- Status update: (WAITING --> PERFORMING_LOCAL);
	2015-04-08 20:34:11:320608 |- Status update: (PERFORMING_LOCAL --> COMPLETED_LOCAL);
	2015-04-08 20:34:11:320814 |- Status update: (COMPLETED_LOCAL --> READY);

ServiceTicket 1428536047720f2f9762881836335ed1bc9c797b65317a3410a10f333766d23ac6ae610de920 (READY) Log:
	2015-04-08 20:34:07:718994 |- New task (APPID 'LOCAL_ECHO_TEST') received by Assistance from token 0123456789ABCDEF;
	2015-04-08 20:34:07:719129 |- Assigned TICKET '1428536047720f2f9762881836335ed1bc9c797b65317a3410a10f333766d23ac6ae610de920';
	2015-04-08 20:34:07:719166 |- Status update: (DRAFT --> WAITING);
	2015-04-08 20:34:08:741411 |- The current usage of system resources is: --free space (in AssistanceApps CWD partition): 45.0G;	--memory usage: {'swap': 0.0, 'virtual': 0.0, 'physical': 24.8}%;	--CPU usage: 47.925%;
	2015-04-08 20:34:08:741519 |- Status update: (WAITING --> PERFORMING_LOCAL);
	2015-04-08 20:34:08:752764 |- Status update: (PERFORMING_LOCAL --> COMPLETED_LOCAL);
	2015-04-08 20:34:08:753099 |- Status update: (COMPLETED_LOCAL --> READY);
