
====================================
Logs for all Assistance ServiceTickets in the Officer's Buffers as in 2015-04-08 14:16:45:464256
ServiceTicket 142851340258ce5507274d3bdd3834b0662938f555287e7999055ccda723f1cfd9ac4846181c (READY) Log:
	2015-04-08 14:16:42:579518 |- New task (appID 'LOCAL_ECHO_TEST') received by Assistance from token 0123456789ABCDEF;
	2015-04-08 14:16:42:581252 |- Assigned ticket '142851340258ce5507274d3bdd3834b0662938f555287e7999055ccda723f1cfd9ac4846181c';
	2015-04-08 14:16:42:581327 |- Status update: (DRAFT --> WAITING);
	2015-04-08 14:16:43:591963 |- The current usage of system resources is: --free space (in AssistanceApps CWD partition): 45.1G;	--memory usage: {'swap': 0.0, 'virtual': 0.0, 'physical': 22.3}%;	--CPU usage: 31.45%;
	2015-04-08 14:16:43:592334 |- Status update: (WAITING --> PERFORMING_LOCAL);
	2015-04-08 14:16:43:610767 |- Status update: (PERFORMING_LOCAL --> COMPLETED_LOCAL);
	2015-04-08 14:16:43:611292 |- Status update: (COMPLETED_LOCAL --> READY);

ServiceTicket 1428513402596cdbb516734517ce3ec25f8ca4be22dd5b70bbb79bc7863cca3511ad2f5d8201 (READY) Log:
	2015-04-08 14:16:42:585143 |- New task (appID 'SHA256_TEST') received by Assistance from token 0123456789ABCDEF;
	2015-04-08 14:16:42:585311 |- Assigned ticket '1428513402596cdbb516734517ce3ec25f8ca4be22dd5b70bbb79bc7863cca3511ad2f5d8201';
	2015-04-08 14:16:42:585375 |- Status update: (DRAFT --> WAITING);
	2015-04-08 14:16:43:594936 |- The current usage of system resources is: --free space (in AssistanceApps CWD partition): 45.1G;	--memory usage: {'swap': 0.0, 'virtual': 0.0, 'physical': 22.3}%;	--CPU usage: 31.525%;
	2015-04-08 14:16:43:595101 |- Status update: (WAITING --> PERFORMING_LOCAL);
	2015-04-08 14:16:45:353115 |- Status update: (PERFORMING_LOCAL --> COMPLETED_LOCAL);
	2015-04-08 14:16:45:353389 |- Status update: (COMPLETED_LOCAL --> READY);

ServiceTicket 142851340546762100f90dfe427d8f9e53dddc053d9b036426f3c2eacca06f30fa362a103628 (WAITING) Log:
	2015-04-08 14:16:45:459683 |- New task (appID 'SHA256_TEST') received by Assistance from token 0123456789ABCDEF;
	2015-04-08 14:16:45:459925 |- Assigned ticket '142851340546762100f90dfe427d8f9e53dddc053d9b036426f3c2eacca06f30fa362a103628';
	2015-04-08 14:16:45:460072 |- Status update: (DRAFT --> WAITING);

ServiceTicket 1428513402587bdcb42a385164502fee292502f715da0036d064fb441775003461616feb53e4 (READY) Log:
	2015-04-08 14:16:42:577403 |- New task (appID 'LOCAL_ECHO_TEST') received by Assistance from token 0123456789ABCDEF;
	2015-04-08 14:16:42:577636 |- Assigned ticket '1428513402587bdcb42a385164502fee292502f715da0036d064fb441775003461616feb53e4';
	2015-04-08 14:16:42:577722 |- Status update: (DRAFT --> WAITING);
	2015-04-08 14:16:43:584466 |- The current usage of system resources is: --free space (in AssistanceApps CWD partition): 45.1G;	--memory usage: {'swap': 0.0, 'virtual': 0.0, 'physical': 22.3}%;	--CPU usage: 31.25%;
	2015-04-08 14:16:43:584610 |- Status update: (WAITING --> PERFORMING_LOCAL);
	2015-04-08 14:16:43:603717 |- Status update: (PERFORMING_LOCAL --> COMPLETED_LOCAL);
	2015-04-08 14:16:43:604155 |- Status update: (COMPLETED_LOCAL --> READY);

ServiceTicket 142851340269ce9f6061b9d9fe291ae27e7f3af536545799f58fc9fb333bc3c3e3a3909d8139 (READY) Log:
	2015-04-08 14:16:42:686232 |- New task (appID 'SHA256_TEST') received by Assistance from token 0123456789ABCDEF;
	2015-04-08 14:16:42:686576 |- Assigned ticket '142851340269ce9f6061b9d9fe291ae27e7f3af536545799f58fc9fb333bc3c3e3a3909d8139';
	2015-04-08 14:16:42:686648 |- Status update: (DRAFT --> WAITING);
	2015-04-08 14:16:43:691635 |- The current usage of system resources is: --free space (in AssistanceApps CWD partition): 45.1G;	--memory usage: {'swap': 0.0, 'virtual': 0.0, 'physical': 22.3}%;	--CPU usage: 33.775%;
	2015-04-08 14:16:43:691768 |- Status update: (WAITING --> PERFORMING_LOCAL);
	2015-04-08 14:16:45:455526 |- Status update: (PERFORMING_LOCAL --> COMPLETED_LOCAL);
	2015-04-08 14:16:45:457354 |- Status update: (COMPLETED_LOCAL --> READY);
