
====================================
Logs for all Assistance ServiceTickets in the Officer's Buffers as in 2015-04-08 17:51:54:937168
ServiceTicket 142852631213998173756cd50d38c34f1d58448a652e82434868494a5f9a47b56c76e6003173 (READY) Log:
	2015-04-08 17:51:52:129344 |- New task (appID 'SHA256_TEST') received by Assistance from token 0123456789ABCDEF;
	2015-04-08 17:51:52:129684 |- Assigned ticket '142852631213998173756cd50d38c34f1d58448a652e82434868494a5f9a47b56c76e6003173';
	2015-04-08 17:51:52:129765 |- Status update: (DRAFT --> WAITING);
	2015-04-08 17:51:53:135231 |- The current usage of system resources is: --free space (in AssistanceApps CWD partition): 45.0G;	--memory usage: {'swap': 0.0, 'virtual': 0.0, 'physical': 24.8}%;	--CPU usage: 29.825%;
	2015-04-08 17:51:53:135359 |- Status update: (WAITING --> PERFORMING_LOCAL);
	2015-04-08 17:51:54:906608 |- Status update: (PERFORMING_LOCAL --> COMPLETED_LOCAL);
	2015-04-08 17:51:54:907002 |- Status update: (COMPLETED_LOCAL --> READY);

ServiceTicket 14285263109862eba828bcf7a9e842a3223738f587ed69572accb9718c8bcfc18ec22289d736 (READY) Log:
	2015-04-08 17:51:50:981502 |- New task (appID 'LOCAL_ECHO_TEST') received by Assistance from token 0123456789ABCDEF;
	2015-04-08 17:51:50:982065 |- Assigned ticket '14285263109862eba828bcf7a9e842a3223738f587ed69572accb9718c8bcfc18ec22289d736';
	2015-04-08 17:51:50:982196 |- Status update: (DRAFT --> WAITING);
	2015-04-08 17:51:52:007396 |- The current usage of system resources is: --free space (in AssistanceApps CWD partition): 45.0G;	--memory usage: {'swap': 0.0, 'virtual': 0.0, 'physical': 24.8}%;	--CPU usage: 29.6%;
	2015-04-08 17:51:52:007556 |- Status update: (WAITING --> PERFORMING_LOCAL);
	2015-04-08 17:51:52:024496 |- Status update: (PERFORMING_LOCAL --> COMPLETED_LOCAL);
	2015-04-08 17:51:52:024765 |- Status update: (COMPLETED_LOCAL --> READY);

ServiceTicket 142852631099553bc143a0be463f02c84f7e4f47de10c5d46ca5ca3ddbf131ebad2ef56ad815 (READY) Log:
	2015-04-08 17:51:50:984844 |- New task (appID 'LOCAL_ECHO_TEST') received by Assistance from token 0123456789ABCDEF;
	2015-04-08 17:51:50:985135 |- Assigned ticket '142852631099553bc143a0be463f02c84f7e4f47de10c5d46ca5ca3ddbf131ebad2ef56ad815';
	2015-04-08 17:51:50:985193 |- Status update: (DRAFT --> WAITING);
	2015-04-08 17:51:51:999815 |- The current usage of system resources is: --free space (in AssistanceApps CWD partition): 45.0G;	--memory usage: {'swap': 0.0, 'virtual': 0.0, 'physical': 24.8}%;	--CPU usage: 29.825%;
	2015-04-08 17:51:51:999961 |- Status update: (WAITING --> PERFORMING_LOCAL);
	2015-04-08 17:51:52:017077 |- Status update: (PERFORMING_LOCAL --> COMPLETED_LOCAL);
	2015-04-08 17:51:52:017564 |- Status update: (COMPLETED_LOCAL --> READY);

ServiceTicket 1428526312037df97ce3aaa66afda147dc75db8db73b7517e6fbff1c16f26ab88893a8da7d83 (READY) Log:
	2015-04-08 17:51:52:028685 |- New task (appID 'SHA256_TEST') received by Assistance from token 0123456789ABCDEF;
	2015-04-08 17:51:52:028897 |- Assigned ticket '1428526312037df97ce3aaa66afda147dc75db8db73b7517e6fbff1c16f26ab88893a8da7d83';
	2015-04-08 17:51:52:028967 |- Status update: (DRAFT --> WAITING);
	2015-04-08 17:51:53:037816 |- The current usage of system resources is: --free space (in AssistanceApps CWD partition): 45.0G;	--memory usage: {'swap': 0.0, 'virtual': 0.0, 'physical': 24.8}%;	--CPU usage: 22.325%;
	2015-04-08 17:51:53:037966 |- Status update: (WAITING --> PERFORMING_LOCAL);
	2015-04-08 17:51:54:932171 |- Status update: (PERFORMING_LOCAL --> COMPLETED_LOCAL);
	2015-04-08 17:51:54:932535 |- Status update: (COMPLETED_LOCAL --> READY);
