
====================================
Logs for all Assistance ServiceTickets in the Officer's Buffers as in 2015-04-08 00:14:50:174332
ServiceTicket 142846288781747912b3f3c6a939a1721f912c388a021f821fda1ae5437253bbbc9d2609590c (READY) Log:
	2015-04-08 00:14:47:808853 |- New task (appID 'SHA256_TEST') received by Assistance from token 0123456789ABCDEF;
	2015-04-08 00:14:47:809083 |- Assigned ticket '142846288781747912b3f3c6a939a1721f912c388a021f821fda1ae5437253bbbc9d2609590c';
	2015-04-08 00:14:47:809136 |- Status update: (DRAFT --> WAITING);
	2015-04-08 00:14:48:815583 |- The current usage of system resources is: --free space (in AssistanceApps CWD partition): 45.1G;	--memory usage: {'swap': 0.0, 'virtual': 0.0, 'physical': 33.4}%;	--CPU usage: 66.875%;
	2015-04-08 00:14:48:815686 |- Status update: (WAITING --> PERFORMING_LOCAL);
	2015-04-08 00:14:50:172268 |- Status update: (PERFORMING_LOCAL --> COMPLETED_LOCAL);
	2015-04-08 00:14:50:172431 |- Status update: (COMPLETED_LOCAL --> READY);

ServiceTicket 142846288776e2298bac733fa12401f57010cd43c07257b98c3279c21f37db6bca09fc65e43 (READY) Log:
	2015-04-08 00:14:47:704436 |- New task (appID 'LOCAL_ECHO_TEST') received by Assistance from token 0123456789ABCDEF;
	2015-04-08 00:14:47:704623 |- Assigned ticket '142846288776e2298bac733fa12401f57010cd43c07257b98c3279c21f37db6bca09fc65e43';
	2015-04-08 00:14:47:704699 |- Status update: (DRAFT --> WAITING);
	2015-04-08 00:14:48:707646 |- The current usage of system resources is: --free space (in AssistanceApps CWD partition): 45.1G;	--memory usage: {'swap': 0.0, 'virtual': 0.0, 'physical': 33.4}%;	--CPU usage: 64.35%;
	2015-04-08 00:14:48:707734 |- Status update: (WAITING --> PERFORMING_LOCAL);
	2015-04-08 00:14:48:734031 |- Status update: (PERFORMING_LOCAL --> COMPLETED_LOCAL);
	2015-04-08 00:14:48:734936 |- Status update: (COMPLETED_LOCAL --> READY);

ServiceTicket 14284628877100d3b57a48a8ea75490dda97cba41e1a2468efb632c2dbb5d0fcdb2d95a08bb3 (READY) Log:
	2015-04-08 00:14:47:705495 |- New task (appID 'LOCAL_ECHO_TEST') received by Assistance from token 0123456789ABCDEF;
	2015-04-08 00:14:47:705912 |- Assigned ticket '14284628877100d3b57a48a8ea75490dda97cba41e1a2468efb632c2dbb5d0fcdb2d95a08bb3';
	2015-04-08 00:14:47:705969 |- Status update: (DRAFT --> WAITING);
	2015-04-08 00:14:48:716904 |- The current usage of system resources is: --free space (in AssistanceApps CWD partition): 45.1G;	--memory usage: {'swap': 0.0, 'virtual': 0.0, 'physical': 33.4}%;	--CPU usage: 63.65%;
	2015-04-08 00:14:48:717039 |- Status update: (WAITING --> PERFORMING_LOCAL);
	2015-04-08 00:14:48:744752 |- Status update: (PERFORMING_LOCAL --> COMPLETED_LOCAL);
	2015-04-08 00:14:48:745049 |- Status update: (COMPLETED_LOCAL --> READY);

ServiceTicket 142846288771d95753419598894492feb81e52d4d86ab8dfb6a6732eb70219098dc4f0b04e4c (READY) Log:
	2015-04-08 00:14:47:707775 |- New task (appID 'SHA256_TEST') received by Assistance from token 0123456789ABCDEF;
	2015-04-08 00:14:47:708049 |- Assigned ticket '142846288771d95753419598894492feb81e52d4d86ab8dfb6a6732eb70219098dc4f0b04e4c';
	2015-04-08 00:14:47:708172 |- Status update: (DRAFT --> WAITING);
	2015-04-08 00:14:48:721779 |- The current usage of system resources is: --free space (in AssistanceApps CWD partition): 45.1G;	--memory usage: {'swap': 0.0, 'virtual': 0.0, 'physical': 33.4}%;	--CPU usage: 63.65%;
	2015-04-08 00:14:48:721908 |- Status update: (WAITING --> PERFORMING_LOCAL);
	2015-04-08 00:14:49:870889 |- Status update: (PERFORMING_LOCAL --> COMPLETED_LOCAL);
	2015-04-08 00:14:49:872564 |- Status update: (COMPLETED_LOCAL --> READY);
