
====================================
Logs for all Assistance ServiceTickets in the Officer's Buffers as in 2015-04-08 13:53:40:239137
ServiceTicket 142851201754af94c06eb8efbd1f90350ee82b3d4d66bb42c31eb039be86443fd7f5678f27c (READY) Log:
	2015-04-08 13:53:37:499583 |- New task (appID 'SHA256_TEST') received by Assistance from token 0123456789ABCDEF;
	2015-04-08 13:53:37:499865 |- Assigned ticket '142851201754af94c06eb8efbd1f90350ee82b3d4d66bb42c31eb039be86443fd7f5678f27c';
	2015-04-08 13:53:37:499933 |- Status update: (DRAFT --> WAITING);
	2015-04-08 13:53:38:506042 |- The current usage of system resources is: --free space (in AssistanceApps CWD partition): 45.1G;	--memory usage: {'swap': 0.0, 'virtual': 0.0, 'physical': 22.1}%;	--CPU usage: 24.1%;
	2015-04-08 13:53:38:506226 |- Status update: (WAITING --> PERFORMING_LOCAL);
	2015-04-08 13:53:40:230654 |- Status update: (PERFORMING_LOCAL --> COMPLETED_LOCAL);
	2015-04-08 13:53:40:231060 |- Status update: (COMPLETED_LOCAL --> READY);

ServiceTicket 142851201739d4a7447f684933d9fd0dd33ede9a6beb913db04acc0b993e4770ccb4cad4edcc (READY) Log:
	2015-04-08 13:53:37:394609 |- New task (appID 'LOCAL_ECHO_TEST') received by Assistance from token 0123456789ABCDEF;
	2015-04-08 13:53:37:394808 |- Assigned ticket '142851201739d4a7447f684933d9fd0dd33ede9a6beb913db04acc0b993e4770ccb4cad4edcc';
	2015-04-08 13:53:37:394862 |- Status update: (DRAFT --> WAITING);
	2015-04-08 13:53:38:411759 |- The current usage of system resources is: --free space (in AssistanceApps CWD partition): 45.1G;	--memory usage: {'swap': 0.0, 'virtual': 0.0, 'physical': 22.0}%;	--CPU usage: 23.85%;
	2015-04-08 13:53:38:411922 |- Status update: (WAITING --> PERFORMING_LOCAL);
	2015-04-08 13:53:40:103591 |- Status update: (PERFORMING_LOCAL --> COMPLETED_LOCAL);
	2015-04-08 13:53:40:104564 |- Status update: (COMPLETED_LOCAL --> READY);

ServiceTicket 142851202023cdaec0e247dee21d79180472b265dd22d81707ab167239c7559d948f6c391783 (WAITING) Log:
	2015-04-08 13:53:40:233438 |- New task (appID 'SHA256_TEST') received by Assistance from token 0123456789ABCDEF;
	2015-04-08 13:53:40:233872 |- Assigned ticket '142851202023cdaec0e247dee21d79180472b265dd22d81707ab167239c7559d948f6c391783';
	2015-04-08 13:53:40:233935 |- Status update: (DRAFT --> WAITING);

ServiceTicket 1428512017439366de8deb94b26f41fc2aeb3543243a15e08b70e923a6e8576d3562b2ffa05 (READY) Log:
	2015-04-08 13:53:37:398889 |- New task (appID 'SHA256_TEST') received by Assistance from token 0123456789ABCDEF;
	2015-04-08 13:53:37:399113 |- Assigned ticket '1428512017439366de8deb94b26f41fc2aeb3543243a15e08b70e923a6e8576d3562b2ffa05';
	2015-04-08 13:53:37:399180 |- Status update: (DRAFT --> WAITING);
	2015-04-08 13:53:38:407260 |- The current usage of system resources is: --free space (in AssistanceApps CWD partition): 45.1G;	--memory usage: {'swap': 0.0, 'virtual': 0.0, 'physical': 22.0}%;	--CPU usage: 23.85%;
	2015-04-08 13:53:38:407394 |- Status update: (WAITING --> PERFORMING_LOCAL);
	2015-04-08 13:53:40:104313 |- Status update: (PERFORMING_LOCAL --> COMPLETED_LOCAL);
	2015-04-08 13:53:40:104713 |- Status update: (COMPLETED_LOCAL --> READY);

ServiceTicket 142851201739bc986bbcc3247c88b67c52d04ff8d73b134ff99b5442d2b3af37638cd3e12750 (READY) Log:
	2015-04-08 13:53:37:393283 |- New task (appID 'LOCAL_ECHO_TEST') received by Assistance from token 0123456789ABCDEF;
	2015-04-08 13:53:37:393542 |- Assigned ticket '142851201739bc986bbcc3247c88b67c52d04ff8d73b134ff99b5442d2b3af37638cd3e12750';
	2015-04-08 13:53:37:393624 |- Status update: (DRAFT --> WAITING);
	2015-04-08 13:53:38:398327 |- The current usage of system resources is: --free space (in AssistanceApps CWD partition): 45.1G;	--memory usage: {'swap': 0.0, 'virtual': 0.0, 'physical': 22.0}%;	--CPU usage: 24.125%;
	2015-04-08 13:53:38:398460 |- Status update: (WAITING --> PERFORMING_LOCAL);
	2015-04-08 13:53:38:412764 |- Status update: (PERFORMING_LOCAL --> COMPLETED_LOCAL);
	2015-04-08 13:53:38:413542 |- Status update: (COMPLETED_LOCAL --> READY);
