
====================================
Logs for all Assistance ServiceTickets in the Officer's Buffers as in 2015-04-09 00:32:20:034647
ServiceTicket 142855033745c1cd03d1abc38dce5b5ec13b5e81c28df15da3982c5b623dc43ea76c4690b26f (READY) Log:
	2015-04-09 00:32:17:448846 |- New task (APPID 'SHA256_TEST') received by Assistance from token 0123456789ABCDEF;
	2015-04-09 00:32:17:449072 |- Assigned TICKET '142855033745c1cd03d1abc38dce5b5ec13b5e81c28df15da3982c5b623dc43ea76c4690b26f';
	2015-04-09 00:32:17:449130 |- Status update: (DRAFT --> WAITING);
	2015-04-09 00:32:18:457050 |- The current usage of system resources is: --free space (in AssistanceApps CWD partition): 45.0G;	--memory usage: {'swap': 0.0, 'virtual': 0.0, 'physical': 31.4}%;	--CPU usage: 28.55%;
	2015-04-09 00:32:18:457144 |- Status update: (WAITING --> PERFORMING_LOCAL);
	2015-04-09 00:32:20:030482 |- Status update: (PERFORMING_LOCAL --> COMPLETED_LOCAL);
	2015-04-09 00:32:20:030718 |- Status update: (COMPLETED_LOCAL --> READY);

ServiceTicket 14285503364219e308ebcdfece57807a50b335c5e8d279dd62197738c82666387934bf0636b0 (READY) Log:
	2015-04-09 00:32:16:419383 |- New task (APPID 'LOCAL_ECHO_TEST') received by Assistance from token 0123456789ABCDEF;
	2015-04-09 00:32:16:419791 |- Assigned TICKET '14285503364219e308ebcdfece57807a50b335c5e8d279dd62197738c82666387934bf0636b0';
	2015-04-09 00:32:16:419828 |- Status update: (DRAFT --> WAITING);
	2015-04-09 00:32:17:427112 |- The current usage of system resources is: --free space (in AssistanceApps CWD partition): 45.0G;	--memory usage: {'swap': 0.0, 'virtual': 0.0, 'physical': 31.4}%;	--CPU usage: 46.625%;
	2015-04-09 00:32:17:427236 |- Status update: (WAITING --> PERFORMING_LOCAL);
	2015-04-09 00:32:17:444366 |- Status update: (PERFORMING_LOCAL --> COMPLETED_LOCAL);
	2015-04-09 00:32:17:444558 |- Status update: (COMPLETED_LOCAL --> READY);

ServiceTicket 142855033642821d0e457ed4e9e2e0ee53a14e4fb4a04b014690b30c2613c6696270883dd49a (READY) Log:
	2015-04-09 00:32:16:418201 |- New task (APPID 'LOCAL_ECHO_TEST') received by Assistance from token 0123456789ABCDEF;
	2015-04-09 00:32:16:418373 |- Assigned TICKET '142855033642821d0e457ed4e9e2e0ee53a14e4fb4a04b014690b30c2613c6696270883dd49a';
	2015-04-09 00:32:16:418433 |- Status update: (DRAFT --> WAITING);
	2015-04-09 00:32:17:424168 |- The current usage of system resources is: --free space (in AssistanceApps CWD partition): 45.0G;	--memory usage: {'swap': 0.0, 'virtual': 0.0, 'physical': 31.4}%;	--CPU usage: 46.625%;
	2015-04-09 00:32:17:424291 |- Status update: (WAITING --> PERFORMING_LOCAL);
	2015-04-09 00:32:17:441578 |- Status update: (PERFORMING_LOCAL --> COMPLETED_LOCAL);
	2015-04-09 00:32:17:442009 |- Status update: (COMPLETED_LOCAL --> READY);
