
====================================
Logs for all Assistance ServiceTickets in the Officer's Buffers as in 2015-04-08 22:52:45:309623
ServiceTicket 1428544361735538fb08a8514ea7ce802187a1f8d8285e7b0b21879839f585a19a17b580bfde (READY) Log:
	2015-04-08 22:52:41:726343 |- New task (APPID 'LOCAL_ECHO_TEST') received by Assistance from token 0123456789ABCDEF;
	2015-04-08 22:52:41:726593 |- Assigned TICKET '1428544361735538fb08a8514ea7ce802187a1f8d8285e7b0b21879839f585a19a17b580bfde';
	2015-04-08 22:52:41:726658 |- Status update: (DRAFT --> WAITING);
	2015-04-08 22:52:42:735733 |- The current usage of system resources is: --free space (in AssistanceApps CWD partition): 45.0G;	--memory usage: {'swap': 0.0, 'virtual': 0.0, 'physical': 27.2}%;	--CPU usage: 61.375%;
	2015-04-08 22:52:42:735887 |- Status update: (WAITING --> PERFORMING_LOCAL);
	2015-04-08 22:52:42:749211 |- Status update: (PERFORMING_LOCAL --> COMPLETED_LOCAL);
	2015-04-08 22:52:42:749687 |- Status update: (COMPLETED_LOCAL --> READY);

ServiceTicket 142854436283fdc7eee78e144e6cdfd6d36731da39f2a259f323b6d7482f30aa5c66ab8f8c3 (READY) Log:
	2015-04-08 22:52:42:795624 |- New task (APPID 'SHA256_TEST') received by Assistance from token 0123456789ABCDEF;
	2015-04-08 22:52:42:795888 |- Assigned TICKET '142854436283fdc7eee78e144e6cdfd6d36731da39f2a259f323b6d7482f30aa5c66ab8f8c3';
	2015-04-08 22:52:42:795973 |- Status update: (DRAFT --> WAITING);
	2015-04-08 22:52:43:811826 |- The current usage of system resources is: --free space (in AssistanceApps CWD partition): 45.0G;	--memory usage: {'swap': 0.0, 'virtual': 0.0, 'physical': 27.2}%;	--CPU usage: 51.675%;
	2015-04-08 22:52:43:811973 |- Status update: (WAITING --> PERFORMING_LOCAL);
	2015-04-08 22:52:45:307852 |- Status update: (PERFORMING_LOCAL --> COMPLETED_LOCAL);
	2015-04-08 22:52:45:308044 |- Status update: (COMPLETED_LOCAL --> READY);

ServiceTicket 142854436173c6b93655419fc65705be5e0ee7ec0c5231fd4d1c3681d80dfb03dc8b63c66d62 (READY) Log:
	2015-04-08 22:52:41:733139 |- New task (APPID 'LOCAL_ECHO_TEST') received by Assistance from token 0123456789ABCDEF;
	2015-04-08 22:52:41:733286 |- Assigned TICKET '142854436173c6b93655419fc65705be5e0ee7ec0c5231fd4d1c3681d80dfb03dc8b63c66d62';
	2015-04-08 22:52:41:733343 |- Status update: (DRAFT --> WAITING);
	2015-04-08 22:52:42:776695 |- The current usage of system resources is: --free space (in AssistanceApps CWD partition): 45.0G;	--memory usage: {'swap': 0.0, 'virtual': 0.0, 'physical': 27.2}%;	--CPU usage: 59.125%;
	2015-04-08 22:52:42:776826 |- Status update: (WAITING --> PERFORMING_LOCAL);
	2015-04-08 22:52:42:790558 |- Status update: (PERFORMING_LOCAL --> COMPLETED_LOCAL);
	2015-04-08 22:52:42:790875 |- Status update: (COMPLETED_LOCAL --> READY);

ServiceTicket 1428544362791419355fa3cf1b0ea17dbb8384ca2098e33c08e0a83002b13d0256e7fd722307 (READY) Log:
	2015-04-08 22:52:42:792827 |- New task (APPID 'SHA256_TEST') received by Assistance from token 0123456789ABCDEF;
	2015-04-08 22:52:42:793144 |- Assigned TICKET '1428544362791419355fa3cf1b0ea17dbb8384ca2098e33c08e0a83002b13d0256e7fd722307';
	2015-04-08 22:52:42:793219 |- Status update: (DRAFT --> WAITING);
	2015-04-08 22:52:43:803065 |- The current usage of system resources is: --free space (in AssistanceApps CWD partition): 45.0G;	--memory usage: {'swap': 0.0, 'virtual': 0.0, 'physical': 27.2}%;	--CPU usage: 51.55%;
	2015-04-08 22:52:43:803217 |- Status update: (WAITING --> PERFORMING_LOCAL);
	2015-04-08 22:52:45:274044 |- Status update: (PERFORMING_LOCAL --> COMPLETED_LOCAL);
	2015-04-08 22:52:45:274412 |- Status update: (COMPLETED_LOCAL --> READY);
