
====================================
Logs for all Assistance ServiceTickets in the Officer's Buffers as in 2015-04-08 19:54:19:395887
ServiceTicket 142853365605da3b0537b8477606d8780edfdf1ccd48e313b9c2f84e0ca7216736a473b188b3 (READY) Log:
	2015-04-08 19:54:16:049691 |- New task (appID 'LOCAL_ECHO_TEST') received by Assistance from token 0123456789ABCDEF;
	2015-04-08 19:54:16:049948 |- Assigned ticket '142853365605da3b0537b8477606d8780edfdf1ccd48e313b9c2f84e0ca7216736a473b188b3';
	2015-04-08 19:54:16:050053 |- Status update: (DRAFT --> WAITING);
	2015-04-08 19:54:17:056622 |- The current usage of system resources is: --free space (in AssistanceApps CWD partition): 45.0G;	--memory usage: {'swap': 0.0, 'virtual': 0.0, 'physical': 18.2}%;	--CPU usage: 71.425%;
	2015-04-08 19:54:17:056711 |- Status update: (WAITING --> PERFORMING_LOCAL);
	2015-04-08 19:54:17:074705 |- Status update: (PERFORMING_LOCAL --> COMPLETED_LOCAL);
	2015-04-08 19:54:17:074911 |- Status update: (COMPLETED_LOCAL --> READY);

ServiceTicket 14285336560536c92d4698f718b6de324b3fc268a07b14b3b928dedea2508d92abc3bffd4b44 (READY) Log:
	2015-04-08 19:54:16:051538 |- New task (appID 'LOCAL_ECHO_TEST') received by Assistance from token 0123456789ABCDEF;
	2015-04-08 19:54:16:051763 |- Assigned ticket '14285336560536c92d4698f718b6de324b3fc268a07b14b3b928dedea2508d92abc3bffd4b44';
	2015-04-08 19:54:16:051838 |- Status update: (DRAFT --> WAITING);
	2015-04-08 19:54:17:064451 |- The current usage of system resources is: --free space (in AssistanceApps CWD partition): 45.0G;	--memory usage: {'swap': 0.0, 'virtual': 0.0, 'physical': 18.2}%;	--CPU usage: 71.225%;
	2015-04-08 19:54:17:064631 |- Status update: (WAITING --> PERFORMING_LOCAL);
	2015-04-08 19:54:17:086221 |- Status update: (PERFORMING_LOCAL --> COMPLETED_LOCAL);
	2015-04-08 19:54:17:086469 |- Status update: (COMPLETED_LOCAL --> READY);

ServiceTicket 142853365709e1ba44fd8152f99d9baf7710f782e95a6165b87cff11aa6a3d23d62df436845f (READY) Log:
	2015-04-08 19:54:17:091361 |- New task (appID 'SHA256_TEST') received by Assistance from token 0123456789ABCDEF;
	2015-04-08 19:54:17:091670 |- Assigned ticket '142853365709e1ba44fd8152f99d9baf7710f782e95a6165b87cff11aa6a3d23d62df436845f';
	2015-04-08 19:54:17:091732 |- Status update: (DRAFT --> WAITING);
	2015-04-08 19:54:18:098696 |- The current usage of system resources is: --free space (in AssistanceApps CWD partition): 45.0G;	--memory usage: {'swap': 0.0, 'virtual': 0.0, 'physical': 18.2}%;	--CPU usage: 32.075%;
	2015-04-08 19:54:18:098796 |- Status update: (WAITING --> PERFORMING_LOCAL);
	2015-04-08 19:54:19:387980 |- Status update: (PERFORMING_LOCAL --> COMPLETED_LOCAL);
	2015-04-08 19:54:19:388245 |- Status update: (COMPLETED_LOCAL --> READY);
