
====================================
Logs for all Assistance ServiceTickets in the Officer's Buffers as in 2015-04-08 20:30:11:251038
ServiceTicket 1428535807820556cdec88e9d193c1e3705f462003961d46b54c78f29f48f7e66ee354b0539c (READY) Log:
	2015-04-08 20:30:07:816601 |- New task (APPID 'LOCAL_ECHO_TEST') received by Assistance from token 0123456789ABCDEF;
	2015-04-08 20:30:07:816867 |- Assigned TICKET '1428535807820556cdec88e9d193c1e3705f462003961d46b54c78f29f48f7e66ee354b0539c';
	2015-04-08 20:30:07:816919 |- Status update: (DRAFT --> WAITING);
	2015-04-08 20:30:08:825336 |- The current usage of system resources is: --free space (in AssistanceApps CWD partition): 45.0G;	--memory usage: {'swap': 0.0, 'virtual': 0.0, 'physical': 24.7}%;	--CPU usage: 30.125%;
	2015-04-08 20:30:08:825691 |- Status update: (WAITING --> PERFORMING_LOCAL);
	2015-04-08 20:30:08:841870 |- Status update: (PERFORMING_LOCAL --> COMPLETED_LOCAL);
	2015-04-08 20:30:08:843262 |- Status update: (COMPLETED_LOCAL --> READY);

ServiceTicket 142853580885d8632a46c82e97bfdef8f98803f28d4db67295b9857f23a5e810aa26b8909d65 (READY) Log:
	2015-04-08 20:30:08:848497 |- New task (APPID 'SHA256_TEST') received by Assistance from token 0123456789ABCDEF;
	2015-04-08 20:30:08:848756 |- Assigned TICKET '142853580885d8632a46c82e97bfdef8f98803f28d4db67295b9857f23a5e810aa26b8909d65';
	2015-04-08 20:30:08:848816 |- Status update: (DRAFT --> WAITING);
	2015-04-08 20:30:09:859614 |- The current usage of system resources is: --free space (in AssistanceApps CWD partition): 45.0G;	--memory usage: {'swap': 0.0, 'virtual': 0.0, 'physical': 24.8}%;	--CPU usage: 27.175%;
	2015-04-08 20:30:09:859724 |- Status update: (WAITING --> PERFORMING_LOCAL);
	2015-04-08 20:30:11:247367 |- Status update: (PERFORMING_LOCAL --> COMPLETED_LOCAL);
	2015-04-08 20:30:11:247614 |- Status update: (COMPLETED_LOCAL --> READY);

ServiceTicket 142853580782897368ffa5816017ad6bc9d3e94f29cf8ae6eb1462b4b78a8342ce8ff83020fc (READY) Log:
	2015-04-08 20:30:07:815157 |- New task (APPID 'LOCAL_ECHO_TEST') received by Assistance from token 0123456789ABCDEF;
	2015-04-08 20:30:07:815361 |- Assigned TICKET '142853580782897368ffa5816017ad6bc9d3e94f29cf8ae6eb1462b4b78a8342ce8ff83020fc';
	2015-04-08 20:30:07:815438 |- Status update: (DRAFT --> WAITING);
	2015-04-08 20:30:08:820287 |- The current usage of system resources is: --free space (in AssistanceApps CWD partition): 45.0G;	--memory usage: {'swap': 0.0, 'virtual': 0.0, 'physical': 24.8}%;	--CPU usage: 30.125%;
	2015-04-08 20:30:08:820391 |- Status update: (WAITING --> PERFORMING_LOCAL);
	2015-04-08 20:30:08:834234 |- Status update: (PERFORMING_LOCAL --> COMPLETED_LOCAL);
	2015-04-08 20:30:08:839107 |- Status update: (COMPLETED_LOCAL --> READY);
