
====================================
Logs for all Assistance ServiceTickets in the Officer's Buffers as in 2015-04-21 10:50:01:303698
ServiceTicket 1429624193836493cea590da2107a3e3f65d1d46cbd21705ab2eeef3e29f01f60172fa95393b3b08 (READY) Log:
	2015-04-21 10:49:53:827835 |- New task (APPID 'LOCAL_ECHO_TEST') received by Assistance from token 0123456789ABCDEF;
	2015-04-21 10:49:53:828032 |- Status update: (DRAFT --> WAITING);
	2015-04-21 10:49:54:836255 |- The current usage of system resources is: --free space (in AssistanceApps CWD partition): 40.7G;	--memory usage: {'swap': 0.0, 'virtual': 0.0, 'physical': 40.9}%;	--CPU usage: 36.725%;
	2015-04-21 10:49:54:836437 |- Status update: (WAITING --> GATHERING);
	2015-04-21 10:49:54:836483 |- Status update: (GATHERING --> DATA READY);
	2015-04-21 10:49:54:836526 |- Status update: (DATA READY --> STANDBY);
	2015-04-21 10:49:54:836563 |- Status update: (STANDBY --> PERFORMING_LOCAL);
	2015-04-21 10:49:54:849449 |- Status update: (PERFORMING_LOCAL --> COMPLETED_LOCAL);
	2015-04-21 10:49:54:849607 |- Status update: (COMPLETED_LOCAL --> READY);

ServiceTicket 14296241974959667d9042517f018d53a1528ae1d6820e27beca9c70235afb5f8e63efa170feacbf (FINISHED) Log:
	2015-04-21 10:49:57:489924 |- New task (APPID 'SHA256_TEST') received by Assistance from token 0123456789ABCDEF;
	2015-04-21 10:49:57:490272 |- Status update: (DRAFT --> WAITING);
	2015-04-21 10:49:58:494743 |- The current usage of system resources is: --free space (in AssistanceApps CWD partition): 40.7G;	--memory usage: {'swap': 0.0, 'virtual': 0.0, 'physical': 41.2}%;	--CPU usage: 23.45%;
	2015-04-21 10:49:58:494889 |- Status update: (WAITING --> GATHERING);
	2015-04-21 10:49:58:501480 |- Status update: (GATHERING --> DATA READY);
	2015-04-21 10:49:58:501682 |- Status update: (DATA READY --> STANDBY);
	2015-04-21 10:49:58:501738 |- Status update: (STANDBY --> PERFORMING_LOCAL);
	2015-04-21 10:49:59:661966 |- Status update: (PERFORMING_LOCAL --> COMPLETED_LOCAL);
	2015-04-21 10:49:59:662077 |- Status update: (COMPLETED_LOCAL --> READY);
	2015-04-21 10:49:59:766765 |- Status update: (READY --> SENDING_DATA);
	2015-04-21 10:49:59:766975 |- Status update: (SENDING_DATA --> FINISHED);

ServiceTicket 142962419495893777d9270594eef398ff8494b05985ebc7966b790abbbd4d7efb03f8be6f2707d1 (READY) Log:
	2015-04-21 10:49:54:952864 |- New task (APPID 'SHA256_TEST') received by Assistance from token 0123456789ABCDEF;
	2015-04-21 10:49:54:953295 |- Status update: (DRAFT --> WAITING);
	2015-04-21 10:49:55:958956 |- The current usage of system resources is: --free space (in AssistanceApps CWD partition): 40.7G;	--memory usage: {'swap': 0.0, 'virtual': 0.0, 'physical': 41.2}%;	--CPU usage: 26.725%;
	2015-04-21 10:49:55:959064 |- Status update: (WAITING --> GATHERING);
	2015-04-21 10:49:55:959177 |- Status update: (GATHERING --> DATA READY);
	2015-04-21 10:49:55:959217 |- Status update: (DATA READY --> STANDBY);
	2015-04-21 10:49:55:959251 |- Status update: (STANDBY --> PERFORMING_LOCAL);
	2015-04-21 10:49:57:414809 |- Status update: (PERFORMING_LOCAL --> COMPLETED_LOCAL);
	2015-04-21 10:49:57:414924 |- Status update: (COMPLETED_LOCAL --> READY);

ServiceTicket 142962419977277152a9302acfe8ffbd17bff22e0c080fd5151256a70366e01c283972ddfd504fcd (FINISHED) Log:
	2015-04-21 10:49:59:772452 |- New task (APPID 'WEKA_3_6_12') received by Assistance from token 0123456789ABCDEF;
	2015-04-21 10:49:59:772921 |- Status update: (DRAFT --> WAITING);
	2015-04-21 10:50:00:776368 |- The current usage of system resources is: --free space (in AssistanceApps CWD partition): 40.7G;	--memory usage: {'swap': 0.0, 'virtual': 0.0, 'physical': 41.2}%;	--CPU usage: 28.575%;
	2015-04-21 10:50:00:776459 |- Status update: (WAITING --> GATHERING);
	2015-04-21 10:50:00:792222 |- Status update: (GATHERING --> DATA READY);
	2015-04-21 10:50:00:792494 |- Status update: (DATA READY --> STANDBY);
	2015-04-21 10:50:00:793088 |- Status update: (STANDBY --> PERFORMING_LOCAL);
	2015-04-21 10:50:01:220923 |- Status update: (PERFORMING_LOCAL --> COMPLETED_LOCAL);
	2015-04-21 10:50:01:221040 |- Status update: (COMPLETED_LOCAL --> READY);
	2015-04-21 10:50:01:302635 |- Status update: (READY --> SENDING_DATA);
	2015-04-21 10:50:01:303018 |- Status update: (SENDING_DATA --> FINISHED);

ServiceTicket 142962419977108975db3ccada35c3512b0d9405ef6e2309b19aba0fca7d123e97f31aa8471fc61b (FINISHED) Log:
	2015-04-21 10:49:59:770483 |- New task (APPID 'WEKA_3_6_12') received by Assistance from token 0123456789ABCDEF;
	2015-04-21 10:49:59:770857 |- Status update: (DRAFT --> WAITING);
	2015-04-21 10:50:00:774996 |- The current usage of system resources is: --free space (in AssistanceApps CWD partition): 40.7G;	--memory usage: {'swap': 0.0, 'virtual': 0.0, 'physical': 41.2}%;	--CPU usage: 28.975%;
	2015-04-21 10:50:00:775109 |- Status update: (WAITING --> GATHERING);
	2015-04-21 10:50:00:785455 |- Status update: (GATHERING --> DATA READY);
	2015-04-21 10:50:00:785724 |- Status update: (DATA READY --> STANDBY);
	2015-04-21 10:50:00:785777 |- Status update: (STANDBY --> PERFORMING_LOCAL);
	2015-04-21 10:50:01:224874 |- Status update: (PERFORMING_LOCAL --> COMPLETED_LOCAL);
	2015-04-21 10:50:01:224984 |- Status update: (COMPLETED_LOCAL --> READY);
	2015-04-21 10:50:01:299885 |- Status update: (READY --> SENDING_DATA);
	2015-04-21 10:50:01:300463 |- Status update: (SENDING_DATA --> FINISHED);

ServiceTicket 1429624193832747f8287c49505bbe613177a2758311d3a0480bf64f23549f6cef30c2baa5a13de1 (READY) Log:
	2015-04-21 10:49:53:826833 |- New task (APPID 'LOCAL_ECHO_TEST') received by Assistance from token 0123456789ABCDEF;
	2015-04-21 10:49:53:827116 |- Status update: (DRAFT --> WAITING);
	2015-04-21 10:49:54:831391 |- The current usage of system resources is: --free space (in AssistanceApps CWD partition): 40.7G;	--memory usage: {'swap': 0.0, 'virtual': 0.0, 'physical': 40.9}%;	--CPU usage: 37.1%;
	2015-04-21 10:49:54:831480 |- Status update: (WAITING --> GATHERING);
	2015-04-21 10:49:54:831509 |- Status update: (GATHERING --> DATA READY);
	2015-04-21 10:49:54:831539 |- Status update: (DATA READY --> STANDBY);
	2015-04-21 10:49:54:831566 |- Status update: (STANDBY --> PERFORMING_LOCAL);
	2015-04-21 10:49:54:843866 |- Status update: (PERFORMING_LOCAL --> COMPLETED_LOCAL);
	2015-04-21 10:49:54:844398 |- Status update: (COMPLETED_LOCAL --> READY);

ServiceTicket 14296241974994277d9042517f018d53a1528ae1d6820e27beca9c70235afb5f8e63efa170feacbf (FINISHED) Log:
	2015-04-21 10:49:57:491320 |- New task (APPID 'SHA256_TEST') received by Assistance from token 0123456789ABCDEF;
	2015-04-21 10:49:57:491653 |- Status update: (DRAFT --> WAITING);
	2015-04-21 10:49:58:496942 |- The current usage of system resources is: --free space (in AssistanceApps CWD partition): 40.7G;	--memory usage: {'swap': 0.0, 'virtual': 0.0, 'physical': 41.2}%;	--CPU usage: 23.775%;
	2015-04-21 10:49:58:497020 |- Status update: (WAITING --> GATHERING);
	2015-04-21 10:49:58:506794 |- Status update: (GATHERING --> DATA READY);
	2015-04-21 10:49:58:507076 |- Status update: (DATA READY --> STANDBY);
	2015-04-21 10:49:58:507128 |- Status update: (STANDBY --> PERFORMING_LOCAL);
	2015-04-21 10:49:59:689969 |- Status update: (PERFORMING_LOCAL --> COMPLETED_LOCAL);
	2015-04-21 10:49:59:690057 |- Status update: (COMPLETED_LOCAL --> READY);
	2015-04-21 10:49:59:768928 |- Status update: (READY --> SENDING_DATA);
	2015-04-21 10:49:59:769303 |- Status update: (SENDING_DATA --> FINISHED);

ServiceTicket 142962419496786393c77b93d8a35a4459fa4fae9e7ee41a0f53c7f85190441b62cb4f7c4d831293 (READY) Log:
	2015-04-21 10:49:54:954874 |- New task (APPID 'SHA256_TEST') received by Assistance from token 0123456789ABCDEF;
	2015-04-21 10:49:54:955275 |- Status update: (DRAFT --> WAITING);
	2015-04-21 10:49:55:962332 |- The current usage of system resources is: --free space (in AssistanceApps CWD partition): 40.7G;	--memory usage: {'swap': 0.0, 'virtual': 0.0, 'physical': 41.2}%;	--CPU usage: 26.8%;
	2015-04-21 10:49:55:962603 |- Status update: (WAITING --> GATHERING);
	2015-04-21 10:49:55:962743 |- Status update: (GATHERING --> DATA READY);
	2015-04-21 10:49:55:962795 |- Status update: (DATA READY --> STANDBY);
	2015-04-21 10:49:55:962837 |- Status update: (STANDBY --> PERFORMING_LOCAL);
	2015-04-21 10:49:57:380522 |- Status update: (PERFORMING_LOCAL --> COMPLETED_LOCAL);
	2015-04-21 10:49:57:380643 |- Status update: (COMPLETED_LOCAL --> READY);

ServiceTicket 14296241938303086e0f7542fba306837ab6c6238093fc60f18e433c272098362140f708f731832e (READY) Log:
	2015-04-21 10:49:53:830306 |- New task (APPID 'LOCAL_ECHO_TEST') received by Assistance from token 0123456789ABCDEF;
	2015-04-21 10:49:53:830624 |- Status update: (DRAFT --> WAITING);
	2015-04-21 10:49:54:840310 |- The current usage of system resources is: --free space (in AssistanceApps CWD partition): 40.7G;	--memory usage: {'swap': 0.0, 'virtual': 0.0, 'physical': 40.9}%;	--CPU usage: 36.725%;
	2015-04-21 10:49:54:840544 |- Status update: (WAITING --> GATHERING);
	2015-04-21 10:49:54:840580 |- Status update: (GATHERING --> DATA READY);
	2015-04-21 10:49:54:840615 |- Status update: (DATA READY --> STANDBY);
	2015-04-21 10:49:54:840650 |- Status update: (STANDBY --> PERFORMING_LOCAL);
	2015-04-21 10:49:54:851538 |- Status update: (PERFORMING_LOCAL --> COMPLETED_LOCAL);
	2015-04-21 10:49:54:851592 |- Status update: (COMPLETED_LOCAL --> READY);
