
====================================
Logs for all Assistance ServiceTickets in the Officer's Buffers as in 2015-04-21 10:46:34:723820
ServiceTicket 142962398767375191b79610ce51cec68d4c0f99c9181aaa6c15de13658b5ef33413e12b8b205c52 (READY) Log:
	2015-04-21 10:46:27:669121 |- New task (APPID 'SHA256_TEST') received by Assistance from token 0123456789ABCDEF;
	2015-04-21 10:46:27:669373 |- Status update: (DRAFT --> WAITING);
	2015-04-21 10:46:28:675768 |- The current usage of system resources is: --free space (in AssistanceApps CWD partition): 40.7G;	--memory usage: {'swap': 0.0, 'virtual': 0.0, 'physical': 40.5}%;	--CPU usage: 9.525%;
	2015-04-21 10:46:28:675970 |- Status update: (WAITING --> GATHERING);
	2015-04-21 10:46:28:676069 |- Status update: (GATHERING --> DATA READY);
	2015-04-21 10:46:28:676114 |- Status update: (DATA READY --> STANDBY);
	2015-04-21 10:46:28:676156 |- Status update: (STANDBY --> PERFORMING_LOCAL);
	2015-04-21 10:46:30:078123 |- Status update: (PERFORMING_LOCAL --> COMPLETED_LOCAL);
	2015-04-21 10:46:30:078270 |- Status update: (COMPLETED_LOCAL --> READY);

ServiceTicket 1429623992788519b3b9febfe2d17c0854999ddb0a85bd3b8f976b5028e563d55b2d0834798870cd (FINISHED) Log:
	2015-04-21 10:46:32:777737 |- New task (APPID 'WEKA_3_6_12') received by Assistance from token 0123456789ABCDEF;
	2015-04-21 10:46:32:778246 |- Status update: (DRAFT --> WAITING);
	2015-04-21 10:46:33:782081 |- The current usage of system resources is: --free space (in AssistanceApps CWD partition): 40.7G;	--memory usage: {'swap': 0.0, 'virtual': 0.0, 'physical': 40.5}%;	--CPU usage: 18.8%;
	2015-04-21 10:46:33:782232 |- Status update: (WAITING --> GATHERING);
	2015-04-21 10:46:33:791243 |- Status update: (GATHERING --> DATA READY);
	2015-04-21 10:46:33:792039 |- Status update: (DATA READY --> STANDBY);
	2015-04-21 10:46:33:792143 |- Status update: (STANDBY --> PERFORMING_LOCAL);
	2015-04-21 10:46:34:213534 |- Status update: (PERFORMING_LOCAL --> COMPLETED_LOCAL);
	2015-04-21 10:46:34:213646 |- Status update: (COMPLETED_LOCAL --> READY);
	2015-04-21 10:46:34:217320 |- Status update: (READY --> SENDING_DATA);
	2015-04-21 10:46:34:217821 |- Status update: (SENDING_DATA --> FINISHED);

ServiceTicket 142962398767232191b79610ce51cec68d4c0f99c9181aaa6c15de13658b5ef33413e12b8b205c52 (READY) Log:
	2015-04-21 10:46:27:667208 |- New task (APPID 'SHA256_TEST') received by Assistance from token 0123456789ABCDEF;
	2015-04-21 10:46:27:667530 |- Status update: (DRAFT --> WAITING);
	2015-04-21 10:46:28:672607 |- The current usage of system resources is: --free space (in AssistanceApps CWD partition): 40.7G;	--memory usage: {'swap': 0.0, 'virtual': 0.0, 'physical': 40.5}%;	--CPU usage: 10.025%;
	2015-04-21 10:46:28:672726 |- Status update: (WAITING --> GATHERING);
	2015-04-21 10:46:28:672876 |- Status update: (GATHERING --> DATA READY);
	2015-04-21 10:46:28:672925 |- Status update: (DATA READY --> STANDBY);
	2015-04-21 10:46:28:672960 |- Status update: (STANDBY --> PERFORMING_LOCAL);
	2015-04-21 10:46:30:082467 |- Status update: (PERFORMING_LOCAL --> COMPLETED_LOCAL);
	2015-04-21 10:46:30:082561 |- Status update: (COMPLETED_LOCAL --> READY);

ServiceTicket 1429623992787209b119473c9e1d259e3fc8e5426e2ec8376f4f1ab2d7ca3f68a8132791c92af4ce (FINISHED) Log:
	2015-04-21 10:46:32:780389 |- New task (APPID 'WEKA_3_6_12') received by Assistance from token 0123456789ABCDEF;
	2015-04-21 10:46:32:780625 |- Status update: (DRAFT --> WAITING);
	2015-04-21 10:46:33:784750 |- The current usage of system resources is: --free space (in AssistanceApps CWD partition): 40.7G;	--memory usage: {'swap': 0.0, 'virtual': 0.0, 'physical': 40.5}%;	--CPU usage: 18.65%;
	2015-04-21 10:46:33:784855 |- Status update: (WAITING --> GATHERING);
	2015-04-21 10:46:34:212615 |- Status update: (GATHERING --> DATA READY);
	2015-04-21 10:46:34:212981 |- Status update: (DATA READY --> STANDBY);
	2015-04-21 10:46:34:213029 |- Status update: (STANDBY --> PERFORMING_LOCAL);
	2015-04-21 10:46:34:619789 |- Status update: (PERFORMING_LOCAL --> COMPLETED_LOCAL);
	2015-04-21 10:46:34:619920 |- Status update: (COMPLETED_LOCAL --> READY);
	2015-04-21 10:46:34:722678 |- Status update: (READY --> SENDING_DATA);
	2015-04-21 10:46:34:723182 |- Status update: (SENDING_DATA --> FINISHED);

ServiceTicket 1429623986648397541528914deee6a5f737ecbf1d37d8df6251d13a28989366c4efe0265b78121e (READY) Log:
	2015-04-21 10:46:26:643215 |- New task (APPID 'LOCAL_ECHO_TEST') received by Assistance from token 0123456789ABCDEF;
	2015-04-21 10:46:26:643451 |- Status update: (DRAFT --> WAITING);
	2015-04-21 10:46:27:646941 |- The current usage of system resources is: --free space (in AssistanceApps CWD partition): 40.7G;	--memory usage: {'swap': 0.0, 'virtual': 0.0, 'physical': 40.4}%;	--CPU usage: 47.95%;
	2015-04-21 10:46:27:647059 |- Status update: (WAITING --> GATHERING);
	2015-04-21 10:46:27:647097 |- Status update: (GATHERING --> DATA READY);
	2015-04-21 10:46:27:647135 |- Status update: (DATA READY --> STANDBY);
	2015-04-21 10:46:27:647169 |- Status update: (STANDBY --> PERFORMING_LOCAL);
	2015-04-21 10:46:27:656114 |- Status update: (PERFORMING_LOCAL --> COMPLETED_LOCAL);
	2015-04-21 10:46:27:656326 |- Status update: (COMPLETED_LOCAL --> READY);

ServiceTicket 1429623990180277867dbb2093c6b85bd1907c495e448b17c53a8fc4e3770c7b91f078531dfd4ac (FINISHED) Log:
	2015-04-21 10:46:30:102975 |- New task (APPID 'SHA256_TEST') received by Assistance from token 0123456789ABCDEF;
	2015-04-21 10:46:30:103143 |- Status update: (DRAFT --> WAITING);
	2015-04-21 10:46:31:106841 |- The current usage of system resources is: --free space (in AssistanceApps CWD partition): 40.7G;	--memory usage: {'swap': 0.0, 'virtual': 0.0, 'physical': 40.5}%;	--CPU usage: 25.875%;
	2015-04-21 10:46:31:106941 |- Status update: (WAITING --> GATHERING);
	2015-04-21 10:46:31:512608 |- Status update: (GATHERING --> DATA READY);
	2015-04-21 10:46:31:513004 |- Status update: (DATA READY --> STANDBY);
	2015-04-21 10:46:31:513088 |- Status update: (STANDBY --> PERFORMING_LOCAL);
	2015-04-21 10:46:32:556376 |- Status update: (PERFORMING_LOCAL --> COMPLETED_LOCAL);
	2015-04-21 10:46:32:556481 |- Status update: (COMPLETED_LOCAL --> READY);
	2015-04-21 10:46:32:776197 |- Status update: (READY --> SENDING_DATA);
	2015-04-21 10:46:32:776709 |- Status update: (SENDING_DATA --> FINISHED);

ServiceTicket 1429623986640361ea1b6b88f87b721cf578968168419746325e9a7ef7040cba15637c2db4d4c012 (READY) Log:
	2015-04-21 10:46:26:643957 |- New task (APPID 'LOCAL_ECHO_TEST') received by Assistance from token 0123456789ABCDEF;
	2015-04-21 10:46:26:644152 |- Status update: (DRAFT --> WAITING);
	2015-04-21 10:46:27:650469 |- The current usage of system resources is: --free space (in AssistanceApps CWD partition): 40.7G;	--memory usage: {'swap': 0.0, 'virtual': 0.0, 'physical': 40.4}%;	--CPU usage: 47.85%;
	2015-04-21 10:46:27:650700 |- Status update: (WAITING --> GATHERING);
	2015-04-21 10:46:27:650746 |- Status update: (GATHERING --> DATA READY);
	2015-04-21 10:46:27:650800 |- Status update: (DATA READY --> STANDBY);
	2015-04-21 10:46:27:650856 |- Status update: (STANDBY --> PERFORMING_LOCAL);
	2015-04-21 10:46:27:659076 |- Status update: (PERFORMING_LOCAL --> COMPLETED_LOCAL);
	2015-04-21 10:46:27:659381 |- Status update: (COMPLETED_LOCAL --> READY);

ServiceTicket 1429623990121287867dbb2093c6b85bd1907c495e448b17c53a8fc4e3770c7b91f078531dfd4ac (FINISHED) Log:
	2015-04-21 10:46:30:101531 |- New task (APPID 'SHA256_TEST') received by Assistance from token 0123456789ABCDEF;
	2015-04-21 10:46:30:101746 |- Status update: (DRAFT --> WAITING);
	2015-04-21 10:46:31:104942 |- The current usage of system resources is: --free space (in AssistanceApps CWD partition): 40.7G;	--memory usage: {'swap': 0.0, 'virtual': 0.0, 'physical': 40.5}%;	--CPU usage: 25.85%;
	2015-04-21 10:46:31:105057 |- Status update: (WAITING --> GATHERING);
	2015-04-21 10:46:31:112144 |- Status update: (GATHERING --> DATA READY);
	2015-04-21 10:46:31:112329 |- Status update: (DATA READY --> STANDBY);
	2015-04-21 10:46:31:112426 |- Status update: (STANDBY --> PERFORMING_LOCAL);
	2015-04-21 10:46:31:513420 |- Status update: (PERFORMING_LOCAL --> COMPLETED_LOCAL);
	2015-04-21 10:46:31:513533 |- Status update: (COMPLETED_LOCAL --> READY);
	2015-04-21 10:46:31:517493 |- Status update: (READY --> SENDING_DATA);
	2015-04-21 10:46:31:517882 |- Status update: (SENDING_DATA --> FINISHED);

ServiceTicket 142962398665651774a7202e818f861f3ec0a59a50a5b0995df73092e9481f2e7822315984e79412 (READY) Log:
	2015-04-21 10:46:26:645389 |- New task (APPID 'LOCAL_ECHO_TEST') received by Assistance from token 0123456789ABCDEF;
	2015-04-21 10:46:26:645601 |- Status update: (DRAFT --> WAITING);
	2015-04-21 10:46:27:655180 |- The current usage of system resources is: --free space (in AssistanceApps CWD partition): 40.7G;	--memory usage: {'swap': 0.0, 'virtual': 0.0, 'physical': 40.4}%;	--CPU usage: 48.075%;
	2015-04-21 10:46:27:655323 |- Status update: (WAITING --> GATHERING);
	2015-04-21 10:46:27:655361 |- Status update: (GATHERING --> DATA READY);
	2015-04-21 10:46:27:655403 |- Status update: (DATA READY --> STANDBY);
	2015-04-21 10:46:27:655441 |- Status update: (STANDBY --> PERFORMING_LOCAL);
	2015-04-21 10:46:27:664579 |- Status update: (PERFORMING_LOCAL --> COMPLETED_LOCAL);
	2015-04-21 10:46:27:664675 |- Status update: (COMPLETED_LOCAL --> READY);
