
====================================
Logs for all Assistance ServiceTickets in the Officer's Buffers as in 2015-04-21 10:48:18:751548
ServiceTicket 14296240910728139d94b1f480082519b18fa7eb99e9fd3dd4a3454e95fbbb5a65a157b349c7b8a9 (READY) Log:
	2015-04-21 10:48:11:073848 |- New task (APPID 'LOCAL_ECHO_TEST') received by Assistance from token 0123456789ABCDEF;
	2015-04-21 10:48:11:074083 |- Status update: (DRAFT --> WAITING);
	2015-04-21 10:48:12:081745 |- The current usage of system resources is: --free space (in AssistanceApps CWD partition): 40.7G;	--memory usage: {'swap': 0.0, 'virtual': 0.0, 'physical': 40.4}%;	--CPU usage: 46.625%;
	2015-04-21 10:48:12:081815 |- Status update: (WAITING --> GATHERING);
	2015-04-21 10:48:12:081853 |- Status update: (GATHERING --> DATA READY);
	2015-04-21 10:48:12:081889 |- Status update: (DATA READY --> STANDBY);
	2015-04-21 10:48:12:081924 |- Status update: (STANDBY --> PERFORMING_LOCAL);
	2015-04-21 10:48:12:093842 |- Status update: (PERFORMING_LOCAL --> COMPLETED_LOCAL);
	2015-04-21 10:48:12:093941 |- Status update: (COMPLETED_LOCAL --> READY);

ServiceTicket 142962409221790f48ffc88599bb095d1307422f2108c5814135a78351fb887b3cbfa79789ceee8 (READY) Log:
	2015-04-21 10:48:12:199070 |- New task (APPID 'SHA256_TEST') received by Assistance from token 0123456789ABCDEF;
	2015-04-21 10:48:12:199528 |- Status update: (DRAFT --> WAITING);
	2015-04-21 10:48:13:205263 |- The current usage of system resources is: --free space (in AssistanceApps CWD partition): 40.7G;	--memory usage: {'swap': 0.0, 'virtual': 0.0, 'physical': 40.4}%;	--CPU usage: 15.65%;
	2015-04-21 10:48:13:205493 |- Status update: (WAITING --> GATHERING);
	2015-04-21 10:48:13:205594 |- Status update: (GATHERING --> DATA READY);
	2015-04-21 10:48:13:205639 |- Status update: (DATA READY --> STANDBY);
	2015-04-21 10:48:13:205678 |- Status update: (STANDBY --> PERFORMING_LOCAL);
	2015-04-21 10:48:14:374349 |- Status update: (PERFORMING_LOCAL --> COMPLETED_LOCAL);
	2015-04-21 10:48:14:374518 |- Status update: (COMPLETED_LOCAL --> READY);

ServiceTicket 1429624091071615afd5de4deabea08e8142218333565218d84a9779bf85e3024861645103a077f2 (READY) Log:
	2015-04-21 10:48:11:070749 |- New task (APPID 'LOCAL_ECHO_TEST') received by Assistance from token 0123456789ABCDEF;
	2015-04-21 10:48:11:071012 |- Status update: (DRAFT --> WAITING);
	2015-04-21 10:48:12:080661 |- The current usage of system resources is: --free space (in AssistanceApps CWD partition): 40.7G;	--memory usage: {'swap': 0.0, 'virtual': 0.0, 'physical': 40.4}%;	--CPU usage: 46.625%;
	2015-04-21 10:48:12:080818 |- Status update: (WAITING --> GATHERING);
	2015-04-21 10:48:12:080855 |- Status update: (GATHERING --> DATA READY);
	2015-04-21 10:48:12:080955 |- Status update: (DATA READY --> STANDBY);
	2015-04-21 10:48:12:080998 |- Status update: (STANDBY --> PERFORMING_LOCAL);
	2015-04-21 10:48:12:094246 |- Status update: (PERFORMING_LOCAL --> COMPLETED_LOCAL);
	2015-04-21 10:48:12:094324 |- Status update: (COMPLETED_LOCAL --> READY);

ServiceTicket 142962409229422f48ffc88599bb095d1307422f2108c5814135a78351fb887b3cbfa79789ceee8 (READY) Log:
	2015-04-21 10:48:12:197008 |- New task (APPID 'SHA256_TEST') received by Assistance from token 0123456789ABCDEF;
	2015-04-21 10:48:12:197356 |- Status update: (DRAFT --> WAITING);
	2015-04-21 10:48:13:202714 |- The current usage of system resources is: --free space (in AssistanceApps CWD partition): 40.7G;	--memory usage: {'swap': 0.0, 'virtual': 0.0, 'physical': 40.4}%;	--CPU usage: 15.875%;
	2015-04-21 10:48:13:202810 |- Status update: (WAITING --> GATHERING);
	2015-04-21 10:48:13:202899 |- Status update: (GATHERING --> DATA READY);
	2015-04-21 10:48:13:202932 |- Status update: (DATA READY --> STANDBY);
	2015-04-21 10:48:13:202958 |- Status update: (STANDBY --> PERFORMING_LOCAL);
	2015-04-21 10:48:14:446481 |- Status update: (PERFORMING_LOCAL --> COMPLETED_LOCAL);
	2015-04-21 10:48:14:446587 |- Status update: (COMPLETED_LOCAL --> READY);

ServiceTicket 1429624094532305d0b8aed658a4731c7dfac232d37f3609bd8edcbfaf92bb13942cc0f0d4fb2183 (FINISHED) Log:
	2015-04-21 10:48:14:531454 |- New task (APPID 'SHA256_TEST') received by Assistance from token 0123456789ABCDEF;
	2015-04-21 10:48:14:531739 |- Status update: (DRAFT --> WAITING);
	2015-04-21 10:48:15:538634 |- The current usage of system resources is: --free space (in AssistanceApps CWD partition): 40.7G;	--memory usage: {'swap': 0.0, 'virtual': 0.0, 'physical': 40.4}%;	--CPU usage: 22.85%;
	2015-04-21 10:48:15:538737 |- Status update: (WAITING --> GATHERING);
	2015-04-21 10:48:15:549035 |- Status update: (GATHERING --> DATA READY);
	2015-04-21 10:48:15:549471 |- Status update: (DATA READY --> STANDBY);
	2015-04-21 10:48:15:549601 |- Status update: (STANDBY --> PERFORMING_LOCAL);
	2015-04-21 10:48:16:681761 |- Status update: (PERFORMING_LOCAL --> COMPLETED_LOCAL);
	2015-04-21 10:48:16:681813 |- Status update: (COMPLETED_LOCAL --> READY);
	2015-04-21 10:48:16:808559 |- Status update: (READY --> SENDING_DATA);
	2015-04-21 10:48:16:809025 |- Status update: (SENDING_DATA --> FINISHED);

ServiceTicket 14296240910602098f0e5bf2b4a75c195beb503f441ab310895b0a7ba34d956a8726ccdd5be41f71 (READY) Log:
	2015-04-21 10:48:11:059268 |- New task (APPID 'LOCAL_ECHO_TEST') received by Assistance from token 0123456789ABCDEF;
	2015-04-21 10:48:11:059594 |- Status update: (DRAFT --> WAITING);
	2015-04-21 10:48:12:074465 |- The current usage of system resources is: --free space (in AssistanceApps CWD partition): 40.7G;	--memory usage: {'swap': 0.0, 'virtual': 0.0, 'physical': 40.4}%;	--CPU usage: 46.85%;
	2015-04-21 10:48:12:074578 |- Status update: (WAITING --> GATHERING);
	2015-04-21 10:48:12:074614 |- Status update: (GATHERING --> DATA READY);
	2015-04-21 10:48:12:074651 |- Status update: (DATA READY --> STANDBY);
	2015-04-21 10:48:12:074684 |- Status update: (STANDBY --> PERFORMING_LOCAL);
	2015-04-21 10:48:12:090737 |- Status update: (PERFORMING_LOCAL --> COMPLETED_LOCAL);
	2015-04-21 10:48:12:090956 |- Status update: (COMPLETED_LOCAL --> READY);

ServiceTicket 142962409681185484757389f60b44efdaff572fe70d2b1559ae1157639cbd7281e54404292337bc (FINISHED) Log:
	2015-04-21 10:48:16:812471 |- New task (APPID 'WEKA_3_6_12') received by Assistance from token 0123456789ABCDEF;
	2015-04-21 10:48:16:812769 |- Status update: (DRAFT --> WAITING);
	2015-04-21 10:48:17:819125 |- The current usage of system resources is: --free space (in AssistanceApps CWD partition): 40.7G;	--memory usage: {'swap': 0.0, 'virtual': 0.0, 'physical': 40.4}%;	--CPU usage: 15.4%;
	2015-04-21 10:48:17:819235 |- Status update: (WAITING --> GATHERING);
	2015-04-21 10:48:18:241570 |- Status update: (GATHERING --> DATA READY);
	2015-04-21 10:48:18:241768 |- Status update: (DATA READY --> STANDBY);
	2015-04-21 10:48:18:241804 |- Status update: (STANDBY --> PERFORMING_LOCAL);
	2015-04-21 10:48:18:631794 |- Status update: (PERFORMING_LOCAL --> COMPLETED_LOCAL);
	2015-04-21 10:48:18:631904 |- Status update: (COMPLETED_LOCAL --> READY);
	2015-04-21 10:48:18:750460 |- Status update: (READY --> SENDING_DATA);
	2015-04-21 10:48:18:750886 |- Status update: (SENDING_DATA --> FINISHED);

ServiceTicket 142962409681215196bd8e2f73be6767570c78d912eb36476c36477761c3f18fa31fb9dcd544b1e6 (FINISHED) Log:
	2015-04-21 10:48:16:810281 |- New task (APPID 'WEKA_3_6_12') received by Assistance from token 0123456789ABCDEF;
	2015-04-21 10:48:16:810617 |- Status update: (DRAFT --> WAITING);
	2015-04-21 10:48:17:814897 |- The current usage of system resources is: --free space (in AssistanceApps CWD partition): 40.7G;	--memory usage: {'swap': 0.0, 'virtual': 0.0, 'physical': 40.4}%;	--CPU usage: 16.075%;
	2015-04-21 10:48:17:814992 |- Status update: (WAITING --> GATHERING);
	2015-04-21 10:48:17:824216 |- Status update: (GATHERING --> DATA READY);
	2015-04-21 10:48:17:824441 |- Status update: (DATA READY --> STANDBY);
	2015-04-21 10:48:17:824539 |- Status update: (STANDBY --> PERFORMING_LOCAL);
	2015-04-21 10:48:18:241318 |- Status update: (PERFORMING_LOCAL --> COMPLETED_LOCAL);
	2015-04-21 10:48:18:241455 |- Status update: (COMPLETED_LOCAL --> READY);
	2015-04-21 10:48:18:244967 |- Status update: (READY --> SENDING_DATA);
	2015-04-21 10:48:18:245330 |- Status update: (SENDING_DATA --> FINISHED);

ServiceTicket 1429624094530265d0b8aed658a4731c7dfac232d37f3609bd8edcbfaf92bb13942cc0f0d4fb2183 (FINISHED) Log:
	2015-04-21 10:48:14:530019 |- New task (APPID 'SHA256_TEST') received by Assistance from token 0123456789ABCDEF;
	2015-04-21 10:48:14:530393 |- Status update: (DRAFT --> WAITING);
	2015-04-21 10:48:15:537759 |- The current usage of system resources is: --free space (in AssistanceApps CWD partition): 40.7G;	--memory usage: {'swap': 0.0, 'virtual': 0.0, 'physical': 40.4}%;	--CPU usage: 22.85%;
	2015-04-21 10:48:15:537880 |- Status update: (WAITING --> GATHERING);
	2015-04-21 10:48:15:543307 |- Status update: (GATHERING --> DATA READY);
	2015-04-21 10:48:15:543563 |- Status update: (DATA READY --> STANDBY);
	2015-04-21 10:48:15:543669 |- Status update: (STANDBY --> PERFORMING_LOCAL);
	2015-04-21 10:48:16:679994 |- Status update: (PERFORMING_LOCAL --> COMPLETED_LOCAL);
	2015-04-21 10:48:16:680110 |- Status update: (COMPLETED_LOCAL --> READY);
	2015-04-21 10:48:16:806349 |- Status update: (READY --> SENDING_DATA);
	2015-04-21 10:48:16:806703 |- Status update: (SENDING_DATA --> FINISHED);
