
<BEGIN>
1429978533287852a52810bbaa10023dbd0d8268297d46ed3e526baba6795fd26f30c21bf740b9b5
0123456789ABCDEF
1429978533.28
WEKA_3_6_12
weka.classifiers.trees.J48 -t
['AssistanceApps/runtimeIO/1429978533287852a52810bbaa10023dbd0d8268297d46ed3e526baba6795fd26f30c21bf740b9b5/weather.nominal.arff']
['AssistanceApps/assistanceWEKA.assistanceApp', '10', 'AssistanceApps/runtimeIO/1429978533287852a52810bbaa10023dbd0d8268297d46ed3e526baba6795fd26f30c21bf740b9b5/weather.nominal.arff', '1429978533287852a52810bbaa10023dbd0d8268297d46ed3e526baba6795fd26f30c21bf740b9b5', 'weka.classifiers.trees.J48 -t']
FINISHED
1429978534.47
0
AssistanceApps/runtimeIO/1429978533287852a52810bbaa10023dbd0d8268297d46ed3e526baba6795fd26f30c21bf740b9b5/1429978533287852a52810bbaa10023dbd0d8268297d46ed3e526baba6795fd26f30c21bf740b9b5-stdout.dat
AssistanceApps/runtimeIO/1429978533287852a52810bbaa10023dbd0d8268297d46ed3e526baba6795fd26f30c21bf740b9b5/1429978533287852a52810bbaa10023dbd0d8268297d46ed3e526baba6795fd26f30c21bf740b9b5-stderr.dat

1429978533.28	DRAFT
1429978533.28	WAITING
1429978534.29	 CPU=1.225	 mem={'swap': 0.0, 'virtual': 0.0, 'physical': 18.0}	 freeDisk=40.2G
1429978534.29	GATHERING
1429978534.3	DATA READY
1429978534.3	STANDBY
1429978534.3	PERFORMING_LOCAL
1429978534.47	COMPLETED_LOCAL
1429978534.47	READY
1429978534.55	SENDING_DATA
1429978534.55	FINISHED
<END>
<BEGIN>
1429978533288800b0f9191b5fba4df45b3fe57e15015cd060f3a2f42aea31c177d362430984dd29
0123456789ABCDEF
1429978533.28
SHA256_TEST
60000 -verbose 20000
['AssistanceApps/runtimeIO/1429978533288800b0f9191b5fba4df45b3fe57e15015cd060f3a2f42aea31c177d362430984dd29/experimentData.dat']
['AssistanceApps/sha256Example.assistanceApp', '10', 'AssistanceApps/runtimeIO/1429978533288800b0f9191b5fba4df45b3fe57e15015cd060f3a2f42aea31c177d362430984dd29/experimentData.dat', '1429978533288800b0f9191b5fba4df45b3fe57e15015cd060f3a2f42aea31c177d362430984dd29', '60000 -verbose 20000']
FINISHED
1429978534.77
0
AssistanceApps/runtimeIO/1429978533288800b0f9191b5fba4df45b3fe57e15015cd060f3a2f42aea31c177d362430984dd29/1429978533288800b0f9191b5fba4df45b3fe57e15015cd060f3a2f42aea31c177d362430984dd29-stdout.dat
AssistanceApps/runtimeIO/1429978533288800b0f9191b5fba4df45b3fe57e15015cd060f3a2f42aea31c177d362430984dd29/1429978533288800b0f9191b5fba4df45b3fe57e15015cd060f3a2f42aea31c177d362430984dd29-stderr.dat

1429978533.28	DRAFT
1429978533.28	WAITING
1429978534.28	 CPU=1.225	 mem={'swap': 0.0, 'virtual': 0.0, 'physical': 18.0}	 freeDisk=40.2G
1429978534.28	GATHERING
1429978534.3	DATA READY
1429978534.3	STANDBY
1429978534.3	PERFORMING_LOCAL
1429978534.77	COMPLETED_LOCAL
1429978534.77	READY
1429978534.81	SENDING_DATA
1429978534.81	FINISHED
<END>
<BEGIN>
142997853328679881ee79f023c85367f9b7bcc17c108c246d759472f3b3b3822cb100ab058d4078
0123456789ABCDEF
1429978533.28
LOCAL_ECHO_TEST
Hello World
[]
['AssistanceApps/echoInAllCaps.assistanceApp', '10', '', '142997853328679881ee79f023c85367f9b7bcc17c108c246d759472f3b3b3822cb100ab058d4078', 'Hello World']
READY
1429978534.28
0
HELLO WORLD



1429978533.28	DRAFT
1429978533.28	WAITING
1429978534.28	 CPU=1.25	 mem={'swap': 0.0, 'virtual': 0.0, 'physical': 18.0}	 freeDisk=40.2G
1429978534.28	DATA READY
1429978534.28	STANDBY
1429978534.28	PERFORMING_LOCAL
1429978534.28	COMPLETED_LOCAL
1429978534.28	READY
<END>
<BEGIN>
1429978533285955b0f9191b5fba4df45b3fe57e15015cd060f3a2f42aea31c177d362430984dd29
0123456789ABCDEF
1429978533.28
SHA256_TEST
60000 -verbose 20000
['AssistanceApps/runtimeIO/1429978533285955b0f9191b5fba4df45b3fe57e15015cd060f3a2f42aea31c177d362430984dd29/experimentData.dat']
['AssistanceApps/sha256Example.assistanceApp', '10', 'AssistanceApps/runtimeIO/1429978533285955b0f9191b5fba4df45b3fe57e15015cd060f3a2f42aea31c177d362430984dd29/experimentData.dat', '1429978533285955b0f9191b5fba4df45b3fe57e15015cd060f3a2f42aea31c177d362430984dd29', '60000 -verbose 20000']
FINISHED
1429978534.77
0
AssistanceApps/runtimeIO/1429978533285955b0f9191b5fba4df45b3fe57e15015cd060f3a2f42aea31c177d362430984dd29/1429978533285955b0f9191b5fba4df45b3fe57e15015cd060f3a2f42aea31c177d362430984dd29-stdout.dat
AssistanceApps/runtimeIO/1429978533285955b0f9191b5fba4df45b3fe57e15015cd060f3a2f42aea31c177d362430984dd29/1429978533285955b0f9191b5fba4df45b3fe57e15015cd060f3a2f42aea31c177d362430984dd29-stderr.dat

1429978533.28	DRAFT
1429978533.28	WAITING
1429978534.28	 CPU=1.225	 mem={'swap': 0.0, 'virtual': 0.0, 'physical': 18.0}	 freeDisk=40.2G
1429978534.28	GATHERING
1429978534.29	DATA READY
1429978534.29	STANDBY
1429978534.29	PERFORMING_LOCAL
1429978534.77	COMPLETED_LOCAL
1429978534.77	READY
1429978534.8	SENDING_DATA
1429978534.8	FINISHED
<END>
<BEGIN>
142997853328457131c18f10977086dfaeb0788b90a72f5927ab26dc219a5d20887b75e55f044d9c
0123456789ABCDEF
1429978533.28
LOCAL_ECHO_TEST
Hello, World!
[]
['AssistanceApps/echoInAllCaps.assistanceApp', '10', '', '142997853328457131c18f10977086dfaeb0788b90a72f5927ab26dc219a5d20887b75e55f044d9c', 'Hello, World!']
READY
1429978534.28
0
HELLO, WORLD!



1429978533.28	DRAFT
1429978533.28	WAITING
1429978534.28	 CPU=1.25	 mem={'swap': 0.0, 'virtual': 0.0, 'physical': 18.0}	 freeDisk=40.2G
1429978534.28	DATA READY
1429978534.28	STANDBY
1429978534.28	PERFORMING_LOCAL
1429978534.28	COMPLETED_LOCAL
1429978534.28	READY
<END>
<BEGIN>
1429978533280762e902245a9f39a81c1599f79120a58a062f8d3c638c473379eb831c700651eb95
0123456789ABCDEF
1429978533.28
LOCAL_ECHO_TEST
HeII0, W0r1d!!!111!
[]
['AssistanceApps/echoInAllCaps.assistanceApp', '10', '', '1429978533280762e902245a9f39a81c1599f79120a58a062f8d3c638c473379eb831c700651eb95', 'HeII0, W0r1d!!!111!']
READY
1429978534.28
0
HEII0, W0R1D!!!111!



1429978533.28	DRAFT
1429978533.28	WAITING
1429978534.28	 CPU=1.725	 mem={'swap': 0.0, 'virtual': 0.0, 'physical': 18.0}	 freeDisk=40.2G
1429978534.28	DATA READY
1429978534.28	STANDBY
1429978534.28	PERFORMING_LOCAL
1429978534.28	COMPLETED_LOCAL
1429978534.28	READY
<END>
<BEGIN>
14299785332970976b98103e4c1239303e16531248ebe8c1278db3383e2a3955ee7982283aa7ff22
0123456789ABCDEF
1429978533.29
WEKA_3_6_12
weka.classifiers.trees.J48 -t
['AssistanceApps/runtimeIO/14299785332970976b98103e4c1239303e16531248ebe8c1278db3383e2a3955ee7982283aa7ff22/weather.numeric.arff']
['AssistanceApps/assistanceWEKA.assistanceApp', '10', 'AssistanceApps/runtimeIO/14299785332970976b98103e4c1239303e16531248ebe8c1278db3383e2a3955ee7982283aa7ff22/weather.numeric.arff', '14299785332970976b98103e4c1239303e16531248ebe8c1278db3383e2a3955ee7982283aa7ff22', 'weka.classifiers.trees.J48 -t']
FINISHED
1429978534.45
0
AssistanceApps/runtimeIO/14299785332970976b98103e4c1239303e16531248ebe8c1278db3383e2a3955ee7982283aa7ff22/14299785332970976b98103e4c1239303e16531248ebe8c1278db3383e2a3955ee7982283aa7ff22-stdout.dat
AssistanceApps/runtimeIO/14299785332970976b98103e4c1239303e16531248ebe8c1278db3383e2a3955ee7982283aa7ff22/14299785332970976b98103e4c1239303e16531248ebe8c1278db3383e2a3955ee7982283aa7ff22-stderr.dat

1429978533.29	DRAFT
1429978533.29	WAITING
1429978534.29	 CPU=1.25	 mem={'swap': 0.0, 'virtual': 0.0, 'physical': 18.0}	 freeDisk=40.2G
1429978534.29	GATHERING
1429978534.3	DATA READY
1429978534.3	STANDBY
1429978534.3	PERFORMING_LOCAL
1429978534.45	COMPLETED_LOCAL
1429978534.45	READY
1429978534.56	SENDING_DATA
1429978534.56	FINISHED
<END>