
<BEGIN>
142997946118226781e11cdc544820aaab5f0402c5895579fa6a2eadac14609cdddc050ebaee29dc
0123456789ABCDEF
1429979461.18
SHA256_TEST
60000 -verbose 20000
['testsData/experimentData.dat']
['AssistanceApps/sha256Example.assistanceApp', '10', 'testsData/experimentData.dat', '142997946118226781e11cdc544820aaab5f0402c5895579fa6a2eadac14609cdddc050ebaee29dc', '60000 -verbose 20000']
READY
1429979462.2
0
AssistanceApps/runtimeIO/142997946118226781e11cdc544820aaab5f0402c5895579fa6a2eadac14609cdddc050ebaee29dc/142997946118226781e11cdc544820aaab5f0402c5895579fa6a2eadac14609cdddc050ebaee29dc-stdout.dat
AssistanceApps/runtimeIO/142997946118226781e11cdc544820aaab5f0402c5895579fa6a2eadac14609cdddc050ebaee29dc/142997946118226781e11cdc544820aaab5f0402c5895579fa6a2eadac14609cdddc050ebaee29dc-stderr.dat

1429979461.18	DRAFT
1429979461.18	WAITING
1429979462.18	 CPU=12.975	 mem={'swap': 0.0, 'virtual': 0.0, 'physical': 28.8}	 freeDisk=40.3G
1429979462.18	GATHERING
1429979462.18	DATA READY
1429979462.18	STANDBY
1429979462.18	PERFORMING_LOCAL
1429979462.2	COMPLETED_LOCAL
1429979462.2	READY
<END>
<BEGIN>
14299793710886992e2b42f4489653d9919ad4a6fd65191a1683a4292328234a30f9e840ab0bc1a3
0123456789ABCDEF
1429979371.07
SHA256_TEST
60000 -verbose 20000
['testsData/experimentData.dat']
['AssistanceApps/sha256Example.assistanceApp', '10', 'testsData/experimentData.dat', '14299793710886992e2b42f4489653d9919ad4a6fd65191a1683a4292328234a30f9e840ab0bc1a3', '60000 -verbose 20000']
READY
1429979372.1
0
AssistanceApps/runtimeIO/14299793710886992e2b42f4489653d9919ad4a6fd65191a1683a4292328234a30f9e840ab0bc1a3/14299793710886992e2b42f4489653d9919ad4a6fd65191a1683a4292328234a30f9e840ab0bc1a3-stdout.dat
AssistanceApps/runtimeIO/14299793710886992e2b42f4489653d9919ad4a6fd65191a1683a4292328234a30f9e840ab0bc1a3/14299793710886992e2b42f4489653d9919ad4a6fd65191a1683a4292328234a30f9e840ab0bc1a3-stderr.dat

1429979371.07	DRAFT
1429979371.08	WAITING
1429979372.09	 CPU=10.525	 mem={'swap': 0.0, 'virtual': 0.0, 'physical': 28.9}	 freeDisk=40.3G
1429979372.09	GATHERING
1429979372.09	DATA READY
1429979372.09	STANDBY
1429979372.09	PERFORMING_LOCAL
1429979372.1	COMPLETED_LOCAL
1429979372.1	READY
<END>
<BEGIN>
142997946117245080e8025a1608c243ecfacd095cdad5d6d777050788ac121103173fbda3f8ac5c
0123456789ABCDEF
1429979461.17
SHA256_TEST
60000 -verbose 20000
['testsData/experimentData.dat']
['AssistanceApps/sha256Example.assistanceApp', '10', 'testsData/experimentData.dat', '142997946117245080e8025a1608c243ecfacd095cdad5d6d777050788ac121103173fbda3f8ac5c', '60000 -verbose 20000']
READY
1429979462.19
0
AssistanceApps/runtimeIO/142997946117245080e8025a1608c243ecfacd095cdad5d6d777050788ac121103173fbda3f8ac5c/142997946117245080e8025a1608c243ecfacd095cdad5d6d777050788ac121103173fbda3f8ac5c-stdout.dat
AssistanceApps/runtimeIO/142997946117245080e8025a1608c243ecfacd095cdad5d6d777050788ac121103173fbda3f8ac5c/142997946117245080e8025a1608c243ecfacd095cdad5d6d777050788ac121103173fbda3f8ac5c-stderr.dat

1429979461.17	DRAFT
1429979461.17	WAITING
1429979462.18	 CPU=12.775	 mem={'swap': 0.0, 'virtual': 0.0, 'physical': 28.8}	 freeDisk=40.3G
1429979462.18	GATHERING
1429979462.18	DATA READY
1429979462.18	STANDBY
1429979462.18	PERFORMING_LOCAL
1429979462.2	COMPLETED_LOCAL
1429979462.2	READY
<END>
<BEGIN>
1429979311033226b5c35ffd522279b7a3280a675f3f5a2a7c777855fea2403bb99ce1bbfcdef697
0123456789ABCDEF
1429979311.03
SHA256_TEST
60000 -verbose 20000
['testsData/experimentData.dat']
['AssistanceApps/sha256Example.assistanceApp', '10', 'testsData/experimentData.dat', '1429979311033226b5c35ffd522279b7a3280a675f3f5a2a7c777855fea2403bb99ce1bbfcdef697', '60000 -verbose 20000']
READY
1429979312.05
0
AssistanceApps/runtimeIO/1429979311033226b5c35ffd522279b7a3280a675f3f5a2a7c777855fea2403bb99ce1bbfcdef697/1429979311033226b5c35ffd522279b7a3280a675f3f5a2a7c777855fea2403bb99ce1bbfcdef697-stdout.dat
AssistanceApps/runtimeIO/1429979311033226b5c35ffd522279b7a3280a675f3f5a2a7c777855fea2403bb99ce1bbfcdef697/1429979311033226b5c35ffd522279b7a3280a675f3f5a2a7c777855fea2403bb99ce1bbfcdef697-stderr.dat

1429979311.03	DRAFT
1429979311.03	WAITING
1429979312.03	 CPU=16.15	 mem={'swap': 0.0, 'virtual': 0.0, 'physical': 28.9}	 freeDisk=40.3G
1429979312.03	GATHERING
1429979312.03	DATA READY
1429979312.03	STANDBY
1429979312.03	PERFORMING_LOCAL
1429979312.05	COMPLETED_LOCAL
1429979312.05	READY
<END>
<BEGIN>
14299794311443990bb8a975ab7231ff7c87a3844086c32c46f49d67428bc82efa4c0fa3b5177db6
0123456789ABCDEF
1429979431.14
SHA256_TEST
60000 -verbose 20000
['testsData/experimentData.dat']
['AssistanceApps/sha256Example.assistanceApp', '10', 'testsData/experimentData.dat', '14299794311443990bb8a975ab7231ff7c87a3844086c32c46f49d67428bc82efa4c0fa3b5177db6', '60000 -verbose 20000']
READY
1429979432.16
0
AssistanceApps/runtimeIO/14299794311443990bb8a975ab7231ff7c87a3844086c32c46f49d67428bc82efa4c0fa3b5177db6/14299794311443990bb8a975ab7231ff7c87a3844086c32c46f49d67428bc82efa4c0fa3b5177db6-stdout.dat
AssistanceApps/runtimeIO/14299794311443990bb8a975ab7231ff7c87a3844086c32c46f49d67428bc82efa4c0fa3b5177db6/14299794311443990bb8a975ab7231ff7c87a3844086c32c46f49d67428bc82efa4c0fa3b5177db6-stderr.dat

1429979431.14	DRAFT
1429979431.14	WAITING
1429979432.15	 CPU=11.05	 mem={'swap': 0.0, 'virtual': 0.0, 'physical': 28.8}	 freeDisk=40.3G
1429979432.15	GATHERING
1429979432.15	DATA READY
1429979432.15	STANDBY
1429979432.15	PERFORMING_LOCAL
1429979432.16	COMPLETED_LOCAL
1429979432.16	READY
<END>
<BEGIN>
14299794011640317bb1312b551fcba5361d050c85dc6a10001a91d9c27f91fd00c96659fcf7308
0123456789ABCDEF
1429979401.1
SHA256_TEST
60000 -verbose 20000
['testsData/experimentData.dat']
['AssistanceApps/sha256Example.assistanceApp', '10', 'testsData/experimentData.dat', '14299794011640317bb1312b551fcba5361d050c85dc6a10001a91d9c27f91fd00c96659fcf7308', '60000 -verbose 20000']
READY
1429979402.12
0
AssistanceApps/runtimeIO/14299794011640317bb1312b551fcba5361d050c85dc6a10001a91d9c27f91fd00c96659fcf7308/14299794011640317bb1312b551fcba5361d050c85dc6a10001a91d9c27f91fd00c96659fcf7308-stdout.dat
AssistanceApps/runtimeIO/14299794011640317bb1312b551fcba5361d050c85dc6a10001a91d9c27f91fd00c96659fcf7308/14299794011640317bb1312b551fcba5361d050c85dc6a10001a91d9c27f91fd00c96659fcf7308-stderr.dat

1429979401.1	DRAFT
1429979401.1	WAITING
1429979402.1	 CPU=10.075	 mem={'swap': 0.0, 'virtual': 0.0, 'physical': 28.9}	 freeDisk=40.3G
1429979402.11	GATHERING
1429979402.11	DATA READY
1429979402.11	STANDBY
1429979402.11	PERFORMING_LOCAL
1429979402.12	COMPLETED_LOCAL
1429979402.12	READY
<END>
<BEGIN>
14299795212247946b15140141b1ac913d0822e058152beec6b4c9186440922f32400129ba55ab8d
0123456789ABCDEF
1429979521.22
SHA256_TEST
60000 -verbose 20000
['testsData/experimentData.dat']
['AssistanceApps/sha256Example.assistanceApp', '10', 'testsData/experimentData.dat', '14299795212247946b15140141b1ac913d0822e058152beec6b4c9186440922f32400129ba55ab8d', '60000 -verbose 20000']
READY
1429979522.25
0
AssistanceApps/runtimeIO/14299795212247946b15140141b1ac913d0822e058152beec6b4c9186440922f32400129ba55ab8d/14299795212247946b15140141b1ac913d0822e058152beec6b4c9186440922f32400129ba55ab8d-stdout.dat
AssistanceApps/runtimeIO/14299795212247946b15140141b1ac913d0822e058152beec6b4c9186440922f32400129ba55ab8d/14299795212247946b15140141b1ac913d0822e058152beec6b4c9186440922f32400129ba55ab8d-stderr.dat

1429979521.22	DRAFT
1429979521.22	WAITING
1429979522.23	 CPU=9.95	 mem={'swap': 0.0, 'virtual': 0.0, 'physical': 28.8}	 freeDisk=40.3G
1429979522.23	GATHERING
1429979522.23	DATA READY
1429979522.23	STANDBY
1429979522.23	PERFORMING_LOCAL
1429979522.25	COMPLETED_LOCAL
1429979522.25	READY
<END>
<BEGIN>
14299795212280416b15140141b1ac913d0822e058152beec6b4c9186440922f32400129ba55ab8d
0123456789ABCDEF
1429979521.22
SHA256_TEST
60000 -verbose 20000
['testsData/experimentData.dat']
['AssistanceApps/sha256Example.assistanceApp', '10', 'testsData/experimentData.dat', '14299795212280416b15140141b1ac913d0822e058152beec6b4c9186440922f32400129ba55ab8d', '60000 -verbose 20000']
READY
1429979522.25
0
AssistanceApps/runtimeIO/14299795212280416b15140141b1ac913d0822e058152beec6b4c9186440922f32400129ba55ab8d/14299795212280416b15140141b1ac913d0822e058152beec6b4c9186440922f32400129ba55ab8d-stdout.dat
AssistanceApps/runtimeIO/14299795212280416b15140141b1ac913d0822e058152beec6b4c9186440922f32400129ba55ab8d/14299795212280416b15140141b1ac913d0822e058152beec6b4c9186440922f32400129ba55ab8d-stderr.dat

1429979521.22	DRAFT
1429979521.22	WAITING
1429979522.23	 CPU=9.95	 mem={'swap': 0.0, 'virtual': 0.0, 'physical': 28.8}	 freeDisk=40.3G
1429979522.23	GATHERING
1429979522.23	DATA READY
1429979522.23	STANDBY
1429979522.23	PERFORMING_LOCAL
1429979522.25	COMPLETED_LOCAL
1429979522.25	READY
<END>
<BEGIN>
1429979311040328a1fdaa54e249440cabde54d0a6b0347691abef15dc400b4c5b779eac4257ba6a
0123456789ABCDEF
1429979311.04
SHA256_TEST
60000 -verbose 20000
['testsData/experimentData.dat']
['AssistanceApps/sha256Example.assistanceApp', '10', 'testsData/experimentData.dat', '1429979311040328a1fdaa54e249440cabde54d0a6b0347691abef15dc400b4c5b779eac4257ba6a', '60000 -verbose 20000']
READY
1429979312.06
0
AssistanceApps/runtimeIO/1429979311040328a1fdaa54e249440cabde54d0a6b0347691abef15dc400b4c5b779eac4257ba6a/1429979311040328a1fdaa54e249440cabde54d0a6b0347691abef15dc400b4c5b779eac4257ba6a-stdout.dat
AssistanceApps/runtimeIO/1429979311040328a1fdaa54e249440cabde54d0a6b0347691abef15dc400b4c5b779eac4257ba6a/1429979311040328a1fdaa54e249440cabde54d0a6b0347691abef15dc400b4c5b779eac4257ba6a-stderr.dat

1429979311.04	DRAFT
1429979311.04	WAITING
1429979312.04	 CPU=16.225	 mem={'swap': 0.0, 'virtual': 0.0, 'physical': 28.9}	 freeDisk=40.3G
1429979312.04	GATHERING
1429979312.04	DATA READY
1429979312.04	STANDBY
1429979312.04	PERFORMING_LOCAL
1429979312.06	COMPLETED_LOCAL
1429979312.06	READY
<END>
<BEGIN>
14299794311452970bb8a975ab7231ff7c87a3844086c32c46f49d67428bc82efa4c0fa3b5177db6
0123456789ABCDEF
1429979431.13
SHA256_TEST
60000 -verbose 20000
['testsData/experimentData.dat']
['AssistanceApps/sha256Example.assistanceApp', '10', 'testsData/experimentData.dat', '14299794311452970bb8a975ab7231ff7c87a3844086c32c46f49d67428bc82efa4c0fa3b5177db6', '60000 -verbose 20000']
READY
1429979432.16
0
AssistanceApps/runtimeIO/14299794311452970bb8a975ab7231ff7c87a3844086c32c46f49d67428bc82efa4c0fa3b5177db6/14299794311452970bb8a975ab7231ff7c87a3844086c32c46f49d67428bc82efa4c0fa3b5177db6-stdout.dat
AssistanceApps/runtimeIO/14299794311452970bb8a975ab7231ff7c87a3844086c32c46f49d67428bc82efa4c0fa3b5177db6/14299794311452970bb8a975ab7231ff7c87a3844086c32c46f49d67428bc82efa4c0fa3b5177db6-stderr.dat

1429979431.13	DRAFT
1429979431.14	WAITING
1429979432.14	 CPU=11.5	 mem={'swap': 0.0, 'virtual': 0.0, 'physical': 28.8}	 freeDisk=40.3G
1429979432.14	GATHERING
1429979432.14	DATA READY
1429979432.14	STANDBY
1429979432.14	PERFORMING_LOCAL
1429979432.16	COMPLETED_LOCAL
1429979432.16	READY
<END>
<BEGIN>
14299794011765617bb1312b551fcba5361d050c85dc6a10001a91d9c27f91fd00c96659fcf7308
0123456789ABCDEF
1429979401.1
SHA256_TEST
60000 -verbose 20000
['testsData/experimentData.dat']
['AssistanceApps/sha256Example.assistanceApp', '10', 'testsData/experimentData.dat', '14299794011765617bb1312b551fcba5361d050c85dc6a10001a91d9c27f91fd00c96659fcf7308', '60000 -verbose 20000']
READY
1429979402.12
0
AssistanceApps/runtimeIO/14299794011765617bb1312b551fcba5361d050c85dc6a10001a91d9c27f91fd00c96659fcf7308/14299794011765617bb1312b551fcba5361d050c85dc6a10001a91d9c27f91fd00c96659fcf7308-stdout.dat
AssistanceApps/runtimeIO/14299794011765617bb1312b551fcba5361d050c85dc6a10001a91d9c27f91fd00c96659fcf7308/14299794011765617bb1312b551fcba5361d050c85dc6a10001a91d9c27f91fd00c96659fcf7308-stderr.dat

1429979401.1	DRAFT
1429979401.1	WAITING
1429979402.11	 CPU=10.075	 mem={'swap': 0.0, 'virtual': 0.0, 'physical': 28.9}	 freeDisk=40.3G
1429979402.11	GATHERING
1429979402.11	DATA READY
1429979402.11	STANDBY
1429979402.11	PERFORMING_LOCAL
1429979402.12	COMPLETED_LOCAL
1429979402.12	READY
<END>
<BEGIN>
142997934105817150e2da59496b7729694d82f24fc97d93ea5bb23d185f9859c137ebd970181b26
0123456789ABCDEF
1429979341.04
SHA256_TEST
60000 -verbose 20000
['testsData/experimentData.dat']
['AssistanceApps/sha256Example.assistanceApp', '10', 'testsData/experimentData.dat', '142997934105817150e2da59496b7729694d82f24fc97d93ea5bb23d185f9859c137ebd970181b26', '60000 -verbose 20000']
READY
1429979342.07
0
AssistanceApps/runtimeIO/142997934105817150e2da59496b7729694d82f24fc97d93ea5bb23d185f9859c137ebd970181b26/142997934105817150e2da59496b7729694d82f24fc97d93ea5bb23d185f9859c137ebd970181b26-stdout.dat
AssistanceApps/runtimeIO/142997934105817150e2da59496b7729694d82f24fc97d93ea5bb23d185f9859c137ebd970181b26/142997934105817150e2da59496b7729694d82f24fc97d93ea5bb23d185f9859c137ebd970181b26-stderr.dat

1429979341.04	DRAFT
1429979341.05	WAITING
1429979342.05	 CPU=9.4	 mem={'swap': 0.0, 'virtual': 0.0, 'physical': 28.9}	 freeDisk=40.3G
1429979342.05	GATHERING
1429979342.05	DATA READY
1429979342.05	STANDBY
1429979342.05	PERFORMING_LOCAL
1429979342.07	COMPLETED_LOCAL
1429979342.07	READY
<END>
<BEGIN>
142997934104714020af67777db4c2f1f2ddf897118a0c2e500b93dac94c7a2fe726ec0173499ea4
0123456789ABCDEF
1429979341.04
SHA256_TEST
60000 -verbose 20000
['testsData/experimentData.dat']
['AssistanceApps/sha256Example.assistanceApp', '10', 'testsData/experimentData.dat', '142997934104714020af67777db4c2f1f2ddf897118a0c2e500b93dac94c7a2fe726ec0173499ea4', '60000 -verbose 20000']
READY
1429979342.06
0
AssistanceApps/runtimeIO/142997934104714020af67777db4c2f1f2ddf897118a0c2e500b93dac94c7a2fe726ec0173499ea4/142997934104714020af67777db4c2f1f2ddf897118a0c2e500b93dac94c7a2fe726ec0173499ea4-stdout.dat
AssistanceApps/runtimeIO/142997934104714020af67777db4c2f1f2ddf897118a0c2e500b93dac94c7a2fe726ec0173499ea4/142997934104714020af67777db4c2f1f2ddf897118a0c2e500b93dac94c7a2fe726ec0173499ea4-stderr.dat

1429979341.04	DRAFT
1429979341.04	WAITING
1429979342.05	 CPU=9.625	 mem={'swap': 0.0, 'virtual': 0.0, 'physical': 28.9}	 freeDisk=40.3G
1429979342.05	GATHERING
1429979342.05	DATA READY
1429979342.05	STANDBY
1429979342.05	PERFORMING_LOCAL
1429979342.07	COMPLETED_LOCAL
1429979342.07	READY
<END>
<BEGIN>
14299793710852472e2b42f4489653d9919ad4a6fd65191a1683a4292328234a30f9e840ab0bc1a3
0123456789ABCDEF
1429979371.08
SHA256_TEST
60000 -verbose 20000
['testsData/experimentData.dat']
['AssistanceApps/sha256Example.assistanceApp', '10', 'testsData/experimentData.dat', '14299793710852472e2b42f4489653d9919ad4a6fd65191a1683a4292328234a30f9e840ab0bc1a3', '60000 -verbose 20000']
READY
1429979372.1
0
AssistanceApps/runtimeIO/14299793710852472e2b42f4489653d9919ad4a6fd65191a1683a4292328234a30f9e840ab0bc1a3/14299793710852472e2b42f4489653d9919ad4a6fd65191a1683a4292328234a30f9e840ab0bc1a3-stdout.dat
AssistanceApps/runtimeIO/14299793710852472e2b42f4489653d9919ad4a6fd65191a1683a4292328234a30f9e840ab0bc1a3/14299793710852472e2b42f4489653d9919ad4a6fd65191a1683a4292328234a30f9e840ab0bc1a3-stderr.dat

1429979371.08	DRAFT
1429979371.08	WAITING
1429979372.08	 CPU=10.525	 mem={'swap': 0.0, 'virtual': 0.0, 'physical': 28.9}	 freeDisk=40.3G
1429979372.08	GATHERING
1429979372.08	DATA READY
1429979372.08	STANDBY
1429979372.08	PERFORMING_LOCAL
1429979372.1	COMPLETED_LOCAL
1429979372.1	READY
<END>
<BEGIN>
1429979491218095d949c9f43b39c3944d40a70343ad4809f90adc60cae71dab5276f03a7509a4d3
0123456789ABCDEF
1429979491.21
SHA256_TEST
60000 -verbose 20000
['testsData/experimentData.dat']
['AssistanceApps/sha256Example.assistanceApp', '10', 'testsData/experimentData.dat', '1429979491218095d949c9f43b39c3944d40a70343ad4809f90adc60cae71dab5276f03a7509a4d3', '60000 -verbose 20000']
READY
1429979492.23
0
AssistanceApps/runtimeIO/1429979491218095d949c9f43b39c3944d40a70343ad4809f90adc60cae71dab5276f03a7509a4d3/1429979491218095d949c9f43b39c3944d40a70343ad4809f90adc60cae71dab5276f03a7509a4d3-stdout.dat
AssistanceApps/runtimeIO/1429979491218095d949c9f43b39c3944d40a70343ad4809f90adc60cae71dab5276f03a7509a4d3/1429979491218095d949c9f43b39c3944d40a70343ad4809f90adc60cae71dab5276f03a7509a4d3-stderr.dat

1429979491.21	DRAFT
1429979491.21	WAITING
1429979492.21	 CPU=13.075	 mem={'swap': 0.0, 'virtual': 0.0, 'physical': 28.8}	 freeDisk=40.3G
1429979492.21	GATHERING
1429979492.21	DATA READY
1429979492.21	STANDBY
1429979492.21	PERFORMING_LOCAL
1429979492.23	COMPLETED_LOCAL
1429979492.23	READY
<END>
<BEGIN>
142997949123692dd8484c4cf72b875872c34ff36c87d641e08b50693d6528c2efbfa6b5168a192
0123456789ABCDEF
1429979491.2
SHA256_TEST
60000 -verbose 20000
['testsData/experimentData.dat']
['AssistanceApps/sha256Example.assistanceApp', '10', 'testsData/experimentData.dat', '142997949123692dd8484c4cf72b875872c34ff36c87d641e08b50693d6528c2efbfa6b5168a192', '60000 -verbose 20000']
READY
1429979492.23
0
AssistanceApps/runtimeIO/142997949123692dd8484c4cf72b875872c34ff36c87d641e08b50693d6528c2efbfa6b5168a192/142997949123692dd8484c4cf72b875872c34ff36c87d641e08b50693d6528c2efbfa6b5168a192-stdout.dat
AssistanceApps/runtimeIO/142997949123692dd8484c4cf72b875872c34ff36c87d641e08b50693d6528c2efbfa6b5168a192/142997949123692dd8484c4cf72b875872c34ff36c87d641e08b50693d6528c2efbfa6b5168a192-stderr.dat

1429979491.2	DRAFT
1429979491.2	WAITING
1429979492.21	 CPU=13.075	 mem={'swap': 0.0, 'virtual': 0.0, 'physical': 28.8}	 freeDisk=40.3G
1429979492.21	GATHERING
1429979492.21	DATA READY
1429979492.21	STANDBY
1429979492.21	PERFORMING_LOCAL
1429979492.23	COMPLETED_LOCAL
1429979492.23	READY
<END>