
<BEGIN>
1430179878573061caa0158f44fd125f8624302875183b25f03de9552f28431c9c9d4a9974f78d9
0123456789ABCDEF
1430179878.5
SHA256_TEST
60000 -verbose 20000
['testsData/experimentData.dat']
['AssistanceApps/sha256Example.assistanceApp', '10', 'testsData/experimentData.dat', '1430179878573061caa0158f44fd125f8624302875183b25f03de9552f28431c9c9d4a9974f78d9', '60000 -verbose 20000']
READY
1430179879.54
0
AssistanceApps/runtimeIO/1430179878573061caa0158f44fd125f8624302875183b25f03de9552f28431c9c9d4a9974f78d9/1430179878573061caa0158f44fd125f8624302875183b25f03de9552f28431c9c9d4a9974f78d9-stdout.dat
AssistanceApps/runtimeIO/1430179878573061caa0158f44fd125f8624302875183b25f03de9552f28431c9c9d4a9974f78d9/1430179878573061caa0158f44fd125f8624302875183b25f03de9552f28431c9c9d4a9974f78d9-stderr.dat

1430179878.5	DRAFT
1430179878.5	WAITING
1430179879.52	 CPU=21.25	 mem={'swap': 0.0, 'virtual': 0.0, 'physical': 25.2}	 freeDisk=28.5G
1430179879.52	GATHERING
1430179879.52	DATA READY
1430179879.52	STANDBY
1430179879.52	PERFORMING_LOCAL
1430179879.54	COMPLETED_LOCAL
1430179879.54	READY
<END>
<BEGIN>
1430179878561571caa0158f44fd125f8624302875183b25f03de9552f28431c9c9d4a9974f78d9
0123456789ABCDEF
1430179878.49
SHA256_TEST
60000 -verbose 20000
['testsData/experimentData.dat']
['AssistanceApps/sha256Example.assistanceApp', '10', 'testsData/experimentData.dat', '1430179878561571caa0158f44fd125f8624302875183b25f03de9552f28431c9c9d4a9974f78d9', '60000 -verbose 20000']
READY
1430179879.53
0
AssistanceApps/runtimeIO/1430179878561571caa0158f44fd125f8624302875183b25f03de9552f28431c9c9d4a9974f78d9/1430179878561571caa0158f44fd125f8624302875183b25f03de9552f28431c9c9d4a9974f78d9-stdout.dat
AssistanceApps/runtimeIO/1430179878561571caa0158f44fd125f8624302875183b25f03de9552f28431c9c9d4a9974f78d9/1430179878561571caa0158f44fd125f8624302875183b25f03de9552f28431c9c9d4a9974f78d9-stderr.dat

1430179878.49	DRAFT
1430179878.5	WAITING
1430179879.5	 CPU=20.8	 mem={'swap': 0.0, 'virtual': 0.0, 'physical': 25.1}	 freeDisk=28.5G
1430179879.5	GATHERING
1430179879.51	DATA READY
1430179879.51	STANDBY
1430179879.51	PERFORMING_LOCAL
1430179879.53	COMPLETED_LOCAL
1430179879.53	READY
<END>
<BEGIN>
143017987852943256ddfb2fa5e5e901cf812e8938e7c2be9acc97748fff79d10a1062523553454b
0123456789ABCDEF
1430179878.52
SHA256_TEST
60000 -verbose 20000
['testsData/experimentData.dat']
['AssistanceApps/sha256Example.assistanceApp', '10', 'testsData/experimentData.dat', '143017987852943256ddfb2fa5e5e901cf812e8938e7c2be9acc97748fff79d10a1062523553454b', '60000 -verbose 20000']
READY
1430179879.54
0
AssistanceApps/runtimeIO/143017987852943256ddfb2fa5e5e901cf812e8938e7c2be9acc97748fff79d10a1062523553454b/143017987852943256ddfb2fa5e5e901cf812e8938e7c2be9acc97748fff79d10a1062523553454b-stdout.dat
AssistanceApps/runtimeIO/143017987852943256ddfb2fa5e5e901cf812e8938e7c2be9acc97748fff79d10a1062523553454b/143017987852943256ddfb2fa5e5e901cf812e8938e7c2be9acc97748fff79d10a1062523553454b-stderr.dat

1430179878.52	DRAFT
1430179878.52	WAITING
1430179879.52	 CPU=21.45	 mem={'swap': 0.0, 'virtual': 0.0, 'physical': 25.2}	 freeDisk=28.5G
1430179879.52	GATHERING
1430179879.52	DATA READY
1430179879.52	STANDBY
1430179879.52	PERFORMING_LOCAL
1430179879.54	COMPLETED_LOCAL
1430179879.54	READY
<END>
<BEGIN>
1430179878514193659ac629868852b516793bb792f23a4a38a317fcd780700f5509ca3b280bc892
0123456789ABCDEF
1430179878.51
SHA256_TEST
60000 -verbose 20000
['testsData/experimentData.dat']
['AssistanceApps/sha256Example.assistanceApp', '10', 'testsData/experimentData.dat', '1430179878514193659ac629868852b516793bb792f23a4a38a317fcd780700f5509ca3b280bc892', '60000 -verbose 20000']
READY
1430179879.54
0
AssistanceApps/runtimeIO/1430179878514193659ac629868852b516793bb792f23a4a38a317fcd780700f5509ca3b280bc892/1430179878514193659ac629868852b516793bb792f23a4a38a317fcd780700f5509ca3b280bc892-stdout.dat
AssistanceApps/runtimeIO/1430179878514193659ac629868852b516793bb792f23a4a38a317fcd780700f5509ca3b280bc892/1430179878514193659ac629868852b516793bb792f23a4a38a317fcd780700f5509ca3b280bc892-stderr.dat

1430179878.51	DRAFT
1430179878.51	WAITING
1430179879.53	 CPU=21.325	 mem={'swap': 0.0, 'virtual': 0.0, 'physical': 25.2}	 freeDisk=28.5G
1430179879.53	GATHERING
1430179879.53	DATA READY
1430179879.53	STANDBY
1430179879.53	PERFORMING_LOCAL
1430179879.54	COMPLETED_LOCAL
1430179879.54	READY
<END>