WatchdogThread<TestFunctionality>:::Test Echo to  has ended successfully.
WatchdogThread<TestFunctionality>:::Test SHA256LocalFile to  has ended successfully.
WatchdogThread<TestFunctionality>:::Test SHA256FTP to  has ended successfully.
WatchdogThread<TestFunctionality>:::Test WEKAfunctionality to  has ended successfully.

<BEGIN><SHA256LocalFile><127.0.0.1>
Tickets: 
1429976777843968d18503ac5507d0a428eaff54729b286689cf1b89345f39087d49048a4f4d9c38
1429976777846779d18503ac5507d0a428eaff54729b286689cf1b89345f39087d49048a4f4d9c38
Status: 
WAITING
WAITING
Synch: 
AssistanceApps/runtimeIO/1429976777843968d18503ac5507d0a428eaff54729b286689cf1b89345f39087d49048a4f4d9c38/1429976777843968d18503ac5507d0a428eaff54729b286689cf1b89345f39087d49048a4f4d9c38-stdout.dat
AssistanceApps/runtimeIO/1429976777843968d18503ac5507d0a428eaff54729b286689cf1b89345f39087d49048a4f4d9c38/1429976777843968d18503ac5507d0a428eaff54729b286689cf1b89345f39087d49048a4f4d9c38-stderr.dat
AssistanceApps/runtimeIO/1429976777846779d18503ac5507d0a428eaff54729b286689cf1b89345f39087d49048a4f4d9c38/1429976777846779d18503ac5507d0a428eaff54729b286689cf1b89345f39087d49048a4f4d9c38-stdout.dat
AssistanceApps/runtimeIO/1429976777846779d18503ac5507d0a428eaff54729b286689cf1b89345f39087d49048a4f4d9c38/1429976777846779d18503ac5507d0a428eaff54729b286689cf1b89345f39087d49048a4f4d9c38-stderr.dat
<END>

<BEGIN><Echo><>
Tickets: 
1429976777847105a42c503e713189e42555f8aa7ff75e96d91da739f24918c8dca5e6b7d6e24073
14299767778470327863f6bca416fe31481d285382f8f0f05743f50df4ed4946de2570879bfaa978
1429976777848640bbc80e6fc3486f1020e6154aa1c29ef161ea477545e8eb017480b8ad66d5bb4e
Status: 
WAITING
WAITING
WAITING
Synch: 
HELLO WORLD
HELLO, WORLD!
HEII0, W0R1D!!!111!
<END>

<BEGIN><WEKA><>
Tickets: 
14299767778438898ca51c553dd0d629abf7bbabb332ba3c01fa41a23f4bec00f3142b9f535d6f02
1429976777843749a690ee7ec9bd36359e46e62e88b30b40dc5e204d02dbbc05b49c7e1d76a5bab0
Status: 
WAITING
WAITING
Submitting data 
Synch: 
testsResults/14299767778438898ca51c553dd0d629abf7bbabb332ba3c01fa41a23f4bec00f3142b9f535d6f02-stdout.dat
testsResults/14299767778438898ca51c553dd0d629abf7bbabb332ba3c01fa41a23f4bec00f3142b9f535d6f02-stderr.dat
testsResults/1429976777843749a690ee7ec9bd36359e46e62e88b30b40dc5e204d02dbbc05b49c7e1d76a5bab0-stdout.dat
testsResults/1429976777843749a690ee7ec9bd36359e46e62e88b30b40dc5e204d02dbbc05b49c7e1d76a5bab0-stderr.dat
<END>

<BEGIN><SHA256FTP><>
Tickets: 
1429976777845842b41da026e9bba9840999baaa6638fa1fb3f35cbb665ddfb299ac0b8d6daa4df9
1429976777843158b41da026e9bba9840999baaa6638fa1fb3f35cbb665ddfb299ac0b8d6daa4df9
Status: 
WAITING
WAITING
Submitting data 
Synch: 
testsResults/1429976777845842b41da026e9bba9840999baaa6638fa1fb3f35cbb665ddfb299ac0b8d6daa4df9-stdout.dat
testsResults/1429976777845842b41da026e9bba9840999baaa6638fa1fb3f35cbb665ddfb299ac0b8d6daa4df9-stderr.dat
testsResults/1429976777843158b41da026e9bba9840999baaa6638fa1fb3f35cbb665ddfb299ac0b8d6daa4df9-stdout.dat
testsResults/1429976777843158b41da026e9bba9840999baaa6638fa1fb3f35cbb665ddfb299ac0b8d6daa4df9-stderr.dat
<END>
