
<BEGIN>
1429979013983929e7ad5f82b80d175c52e486e41ce9770d247121ad6a1ce4714b26601607f453dd
0123456789ABCDEF
1429979013.98
LOCAL_ECHO_TEST
Hello, World!
[]
['AssistanceApps/echoInAllCaps.assistanceApp', '10', '', '1429979013983929e7ad5f82b80d175c52e486e41ce9770d247121ad6a1ce4714b26601607f453dd', 'Hello, World!']
READY
1429979014.99
0
HELLO, WORLD!



1429979013.98	DRAFT
1429979013.98	WAITING
1429979014.99	 CPU=0.75	 mem={'swap': 0.0, 'virtual': 0.0, 'physical': 17.8}	 freeDisk=40.8G
1429979014.99	DATA READY
1429979014.99	STANDBY
1429979014.99	PERFORMING_LOCAL
1429979014.99	COMPLETED_LOCAL
1429979014.99	READY
<END>
<BEGIN>
1429979013999458e8132d4a4957c45f600fa8260def83357ce7fbe5ec2c439a73747797b967f039
0123456789ABCDEF
1429979013.99
SHA256_TEST
60000 -verbose 20000
['AssistanceApps/runtimeIO/1429979013999458e8132d4a4957c45f600fa8260def83357ce7fbe5ec2c439a73747797b967f039/experimentData.dat']
['AssistanceApps/sha256Example.assistanceApp', '10', 'AssistanceApps/runtimeIO/1429979013999458e8132d4a4957c45f600fa8260def83357ce7fbe5ec2c439a73747797b967f039/experimentData.dat', '1429979013999458e8132d4a4957c45f600fa8260def83357ce7fbe5ec2c439a73747797b967f039', '60000 -verbose 20000']
FINISHED
1429979015.49
0
AssistanceApps/runtimeIO/1429979013999458e8132d4a4957c45f600fa8260def83357ce7fbe5ec2c439a73747797b967f039/1429979013999458e8132d4a4957c45f600fa8260def83357ce7fbe5ec2c439a73747797b967f039-stdout.dat
AssistanceApps/runtimeIO/1429979013999458e8132d4a4957c45f600fa8260def83357ce7fbe5ec2c439a73747797b967f039/1429979013999458e8132d4a4957c45f600fa8260def83357ce7fbe5ec2c439a73747797b967f039-stderr.dat

1429979013.99	DRAFT
1429979013.99	WAITING
1429979014.99	 CPU=0.75	 mem={'swap': 0.0, 'virtual': 0.0, 'physical': 17.8}	 freeDisk=40.8G
1429979014.99	GATHERING
1429979015.0	DATA READY
1429979015.0	STANDBY
1429979015.0	PERFORMING_LOCAL
1429979015.49	COMPLETED_LOCAL
1429979015.49	READY
1429979015.51	SENDING_DATA
1429979015.51	FINISHED
<END>
<BEGIN>
1429979013990416e5fd8c4f16a31dc3936839f0042e19ef572a725903223260cecb093211bdf231
0123456789ABCDEF
1429979013.99
WEKA_3_6_12
weka.classifiers.trees.J48 -t
['AssistanceApps/runtimeIO/1429979013990416e5fd8c4f16a31dc3936839f0042e19ef572a725903223260cecb093211bdf231/weather.numeric.arff']
['AssistanceApps/assistanceWEKA.assistanceApp', '10', 'AssistanceApps/runtimeIO/1429979013990416e5fd8c4f16a31dc3936839f0042e19ef572a725903223260cecb093211bdf231/weather.numeric.arff', '1429979013990416e5fd8c4f16a31dc3936839f0042e19ef572a725903223260cecb093211bdf231', 'weka.classifiers.trees.J48 -t']
FINISHED
1429979015.17
0
AssistanceApps/runtimeIO/1429979013990416e5fd8c4f16a31dc3936839f0042e19ef572a725903223260cecb093211bdf231/1429979013990416e5fd8c4f16a31dc3936839f0042e19ef572a725903223260cecb093211bdf231-stdout.dat
AssistanceApps/runtimeIO/1429979013990416e5fd8c4f16a31dc3936839f0042e19ef572a725903223260cecb093211bdf231/1429979013990416e5fd8c4f16a31dc3936839f0042e19ef572a725903223260cecb093211bdf231-stderr.dat

1429979013.99	DRAFT
1429979013.99	WAITING
1429979014.99	 CPU=0.75	 mem={'swap': 0.0, 'virtual': 0.0, 'physical': 17.9}	 freeDisk=40.8G
1429979014.99	GATHERING
1429979015.0	DATA READY
1429979015.01	STANDBY
1429979015.01	PERFORMING_LOCAL
1429979015.17	COMPLETED_LOCAL
1429979015.17	READY
1429979015.26	SENDING_DATA
1429979015.26	FINISHED
<END>
<BEGIN>
14299790139869182581dac2a6303b1820be6b8747dd7d86d740829f5fbe8a474b2956c312042705
0123456789ABCDEF
1429979013.98
LOCAL_ECHO_TEST
Hello World
[]
['AssistanceApps/echoInAllCaps.assistanceApp', '10', '', '14299790139869182581dac2a6303b1820be6b8747dd7d86d740829f5fbe8a474b2956c312042705', 'Hello World']
READY
1429979014.99
0
HELLO WORLD



1429979013.98	DRAFT
1429979013.98	WAITING
1429979014.98	 CPU=0.75	 mem={'swap': 0.0, 'virtual': 0.0, 'physical': 17.8}	 freeDisk=40.8G
1429979014.98	DATA READY
1429979014.98	STANDBY
1429979014.98	PERFORMING_LOCAL
1429979014.99	COMPLETED_LOCAL
1429979014.99	READY
<END>
<BEGIN>
142997901399914306ba62d8f5b98d180c84d9a0ba0999bd2fa350e20e94696ca8b4ed635e223045
0123456789ABCDEF
1429979013.99
WEKA_3_6_12
weka.classifiers.trees.J48 -t
['AssistanceApps/runtimeIO/142997901399914306ba62d8f5b98d180c84d9a0ba0999bd2fa350e20e94696ca8b4ed635e223045/weather.nominal.arff']
['AssistanceApps/assistanceWEKA.assistanceApp', '10', 'AssistanceApps/runtimeIO/142997901399914306ba62d8f5b98d180c84d9a0ba0999bd2fa350e20e94696ca8b4ed635e223045/weather.nominal.arff', '142997901399914306ba62d8f5b98d180c84d9a0ba0999bd2fa350e20e94696ca8b4ed635e223045', 'weka.classifiers.trees.J48 -t']
FINISHED
1429979015.19
0
AssistanceApps/runtimeIO/142997901399914306ba62d8f5b98d180c84d9a0ba0999bd2fa350e20e94696ca8b4ed635e223045/142997901399914306ba62d8f5b98d180c84d9a0ba0999bd2fa350e20e94696ca8b4ed635e223045-stdout.dat
AssistanceApps/runtimeIO/142997901399914306ba62d8f5b98d180c84d9a0ba0999bd2fa350e20e94696ca8b4ed635e223045/142997901399914306ba62d8f5b98d180c84d9a0ba0999bd2fa350e20e94696ca8b4ed635e223045-stderr.dat

1429979013.99	DRAFT
1429979013.99	WAITING
1429979014.99	 CPU=0.75	 mem={'swap': 0.0, 'virtual': 0.0, 'physical': 17.8}	 freeDisk=40.8G
1429979014.99	GATHERING
1429979015.0	DATA READY
1429979015.0	STANDBY
1429979015.0	PERFORMING_LOCAL
1429979015.19	COMPLETED_LOCAL
1429979015.19	READY
1429979015.26	SENDING_DATA
1429979015.26	FINISHED
<END>
<BEGIN>
1429979013991011e8132d4a4957c45f600fa8260def83357ce7fbe5ec2c439a73747797b967f039
0123456789ABCDEF
1429979013.99
SHA256_TEST
60000 -verbose 20000
['AssistanceApps/runtimeIO/1429979013991011e8132d4a4957c45f600fa8260def83357ce7fbe5ec2c439a73747797b967f039/experimentData.dat']
['AssistanceApps/sha256Example.assistanceApp', '10', 'AssistanceApps/runtimeIO/1429979013991011e8132d4a4957c45f600fa8260def83357ce7fbe5ec2c439a73747797b967f039/experimentData.dat', '1429979013991011e8132d4a4957c45f600fa8260def83357ce7fbe5ec2c439a73747797b967f039', '60000 -verbose 20000']
FINISHED
1429979015.47
0
AssistanceApps/runtimeIO/1429979013991011e8132d4a4957c45f600fa8260def83357ce7fbe5ec2c439a73747797b967f039/1429979013991011e8132d4a4957c45f600fa8260def83357ce7fbe5ec2c439a73747797b967f039-stdout.dat
AssistanceApps/runtimeIO/1429979013991011e8132d4a4957c45f600fa8260def83357ce7fbe5ec2c439a73747797b967f039/1429979013991011e8132d4a4957c45f600fa8260def83357ce7fbe5ec2c439a73747797b967f039-stderr.dat

1429979013.99	DRAFT
1429979013.99	WAITING
1429979014.99	 CPU=0.75	 mem={'swap': 0.0, 'virtual': 0.0, 'physical': 17.8}	 freeDisk=40.8G
1429979014.99	GATHERING
1429979015.0	DATA READY
1429979015.0	STANDBY
1429979015.0	PERFORMING_LOCAL
1429979015.47	COMPLETED_LOCAL
1429979015.47	READY
1429979015.51	SENDING_DATA
1429979015.51	FINISHED
<END>
<BEGIN>
1429979013993965eadf21060334499a8094c3c08e9c807e467a8c0f32b5518bf01767b71e8892de
0123456789ABCDEF
1429979013.98
LOCAL_ECHO_TEST
HeII0, W0r1d!!!111!
[]
['AssistanceApps/echoInAllCaps.assistanceApp', '10', '', '1429979013993965eadf21060334499a8094c3c08e9c807e467a8c0f32b5518bf01767b71e8892de', 'HeII0, W0r1d!!!111!']
READY
1429979014.99
0
HEII0, W0R1D!!!111!



1429979013.98	DRAFT
1429979013.99	WAITING
1429979014.99	 CPU=0.75	 mem={'swap': 0.0, 'virtual': 0.0, 'physical': 17.8}	 freeDisk=40.8G
1429979014.99	DATA READY
1429979014.99	STANDBY
1429979014.99	PERFORMING_LOCAL
1429979014.99	COMPLETED_LOCAL
1429979014.99	READY
<END>