
<BEGIN>
142997973938582851c0512e3827490a2dcf9d685949cc05d42e428eb055466a12151632b721de89
0123456789ABCDEF
1429979739.38
LOCAL_ECHO_TEST
Hello, World!
[]
['AssistanceApps/echoInAllCaps.assistanceApp', '10', '', '142997973938582851c0512e3827490a2dcf9d685949cc05d42e428eb055466a12151632b721de89', 'Hello, World!']
READY
1429979740.39
0
HELLO, WORLD!



1429979739.38	DRAFT
1429979739.38	WAITING
1429979740.38	 CPU=2.0	 mem={'swap': 0.0, 'virtual': 0.0, 'physical': 17.8}	 freeDisk=40.8G
1429979740.38	DATA READY
1429979740.38	STANDBY
1429979740.38	PERFORMING_LOCAL
1429979740.39	COMPLETED_LOCAL
1429979740.39	READY
<END>
<BEGIN>
142997973939096503dd09f59ddd1fde2dd2ea4bd3c725f492c82c46e0f6ab88bf52fb5507190683
0123456789ABCDEF
1429979739.39
SHA256_TEST
60000 -verbose 20000
['AssistanceApps/runtimeIO/142997973939096503dd09f59ddd1fde2dd2ea4bd3c725f492c82c46e0f6ab88bf52fb5507190683/experimentData.dat']
['AssistanceApps/sha256Example.assistanceApp', '10', 'AssistanceApps/runtimeIO/142997973939096503dd09f59ddd1fde2dd2ea4bd3c725f492c82c46e0f6ab88bf52fb5507190683/experimentData.dat', '142997973939096503dd09f59ddd1fde2dd2ea4bd3c725f492c82c46e0f6ab88bf52fb5507190683', '60000 -verbose 20000']
FINISHED
1429979740.88
0
AssistanceApps/runtimeIO/142997973939096503dd09f59ddd1fde2dd2ea4bd3c725f492c82c46e0f6ab88bf52fb5507190683/142997973939096503dd09f59ddd1fde2dd2ea4bd3c725f492c82c46e0f6ab88bf52fb5507190683-stdout.dat
AssistanceApps/runtimeIO/142997973939096503dd09f59ddd1fde2dd2ea4bd3c725f492c82c46e0f6ab88bf52fb5507190683/142997973939096503dd09f59ddd1fde2dd2ea4bd3c725f492c82c46e0f6ab88bf52fb5507190683-stderr.dat

1429979739.39	DRAFT
1429979739.39	WAITING
1429979740.39	 CPU=2.0	 mem={'swap': 0.0, 'virtual': 0.0, 'physical': 17.8}	 freeDisk=40.8G
1429979740.39	GATHERING
1429979740.4	DATA READY
1429979740.4	STANDBY
1429979740.4	PERFORMING_LOCAL
1429979740.88	COMPLETED_LOCAL
1429979740.88	READY
1429979740.91	SENDING_DATA
1429979740.91	FINISHED
<END>
<BEGIN>
142997973938889926daec638b7a4dd52ea24f84b56d8cea74418b62c4b969ef50af6c83b8551d41
0123456789ABCDEF
1429979739.38
LOCAL_ECHO_TEST
HeII0, W0r1d!!!111!
[]
['AssistanceApps/echoInAllCaps.assistanceApp', '10', '', '142997973938889926daec638b7a4dd52ea24f84b56d8cea74418b62c4b969ef50af6c83b8551d41', 'HeII0, W0r1d!!!111!']
READY
1429979740.39
0
HEII0, W0R1D!!!111!



1429979739.38	DRAFT
1429979739.38	WAITING
1429979740.39	 CPU=2.0	 mem={'swap': 0.0, 'virtual': 0.0, 'physical': 17.8}	 freeDisk=40.8G
1429979740.39	DATA READY
1429979740.39	STANDBY
1429979740.39	PERFORMING_LOCAL
1429979740.39	COMPLETED_LOCAL
1429979740.39	READY
<END>
<BEGIN>
1429979739397335747ae08871e53efdcd47f8dffa1c861f89d11ef30647b47d740170d530eaf855
0123456789ABCDEF
1429979739.39
WEKA_3_6_12
weka.classifiers.trees.J48 -t
['AssistanceApps/runtimeIO/1429979739397335747ae08871e53efdcd47f8dffa1c861f89d11ef30647b47d740170d530eaf855/weather.numeric.arff']
['AssistanceApps/assistanceWEKA.assistanceApp', '10', 'AssistanceApps/runtimeIO/1429979739397335747ae08871e53efdcd47f8dffa1c861f89d11ef30647b47d740170d530eaf855/weather.numeric.arff', '1429979739397335747ae08871e53efdcd47f8dffa1c861f89d11ef30647b47d740170d530eaf855', 'weka.classifiers.trees.J48 -t']
FINISHED
1429979740.57
0
AssistanceApps/runtimeIO/1429979739397335747ae08871e53efdcd47f8dffa1c861f89d11ef30647b47d740170d530eaf855/1429979739397335747ae08871e53efdcd47f8dffa1c861f89d11ef30647b47d740170d530eaf855-stdout.dat
AssistanceApps/runtimeIO/1429979739397335747ae08871e53efdcd47f8dffa1c861f89d11ef30647b47d740170d530eaf855/1429979739397335747ae08871e53efdcd47f8dffa1c861f89d11ef30647b47d740170d530eaf855-stderr.dat

1429979739.39	DRAFT
1429979739.39	WAITING
1429979740.39	 CPU=1.975	 mem={'swap': 0.0, 'virtual': 0.0, 'physical': 17.8}	 freeDisk=40.8G
1429979740.39	GATHERING
1429979740.4	DATA READY
1429979740.4	STANDBY
1429979740.4	PERFORMING_LOCAL
1429979740.57	COMPLETED_LOCAL
1429979740.57	READY
1429979740.66	SENDING_DATA
1429979740.66	FINISHED
<END>
<BEGIN>
1429979739389546fed68a129bd20006fc5e843e16427abaae566183c7430707f2be8105d9be1a70
0123456789ABCDEF
1429979739.38
LOCAL_ECHO_TEST
Hello World
[]
['AssistanceApps/echoInAllCaps.assistanceApp', '10', '', '1429979739389546fed68a129bd20006fc5e843e16427abaae566183c7430707f2be8105d9be1a70', 'Hello World']
READY
1429979740.39
0
HELLO WORLD



1429979739.38	DRAFT
1429979739.38	WAITING
1429979740.38	 CPU=2.0	 mem={'swap': 0.0, 'virtual': 0.0, 'physical': 17.8}	 freeDisk=40.8G
1429979740.38	DATA READY
1429979740.38	STANDBY
1429979740.38	PERFORMING_LOCAL
1429979740.39	COMPLETED_LOCAL
1429979740.39	READY
<END>
<BEGIN>
142997973939322803dd09f59ddd1fde2dd2ea4bd3c725f492c82c46e0f6ab88bf52fb5507190683
0123456789ABCDEF
1429979739.39
SHA256_TEST
60000 -verbose 20000
['AssistanceApps/runtimeIO/142997973939322803dd09f59ddd1fde2dd2ea4bd3c725f492c82c46e0f6ab88bf52fb5507190683/experimentData.dat']
['AssistanceApps/sha256Example.assistanceApp', '10', 'AssistanceApps/runtimeIO/142997973939322803dd09f59ddd1fde2dd2ea4bd3c725f492c82c46e0f6ab88bf52fb5507190683/experimentData.dat', '142997973939322803dd09f59ddd1fde2dd2ea4bd3c725f492c82c46e0f6ab88bf52fb5507190683', '60000 -verbose 20000']
FINISHED
1429979740.87
0
AssistanceApps/runtimeIO/142997973939322803dd09f59ddd1fde2dd2ea4bd3c725f492c82c46e0f6ab88bf52fb5507190683/142997973939322803dd09f59ddd1fde2dd2ea4bd3c725f492c82c46e0f6ab88bf52fb5507190683-stdout.dat
AssistanceApps/runtimeIO/142997973939322803dd09f59ddd1fde2dd2ea4bd3c725f492c82c46e0f6ab88bf52fb5507190683/142997973939322803dd09f59ddd1fde2dd2ea4bd3c725f492c82c46e0f6ab88bf52fb5507190683-stderr.dat

1429979739.39	DRAFT
1429979739.39	WAITING
1429979740.39	 CPU=2.0	 mem={'swap': 0.0, 'virtual': 0.0, 'physical': 17.8}	 freeDisk=40.8G
1429979740.39	GATHERING
1429979740.4	DATA READY
1429979740.4	STANDBY
1429979740.4	PERFORMING_LOCAL
1429979740.87	COMPLETED_LOCAL
1429979740.87	READY
1429979740.91	SENDING_DATA
1429979740.91	FINISHED
<END>
<BEGIN>
1429979739396037a5224237c511f0501e728a26d7514f9dac8d400813a200a9a19f3a01b5ab1d10
0123456789ABCDEF
1429979739.39
WEKA_3_6_12
weka.classifiers.trees.J48 -t
['AssistanceApps/runtimeIO/1429979739396037a5224237c511f0501e728a26d7514f9dac8d400813a200a9a19f3a01b5ab1d10/weather.nominal.arff']
['AssistanceApps/assistanceWEKA.assistanceApp', '10', 'AssistanceApps/runtimeIO/1429979739396037a5224237c511f0501e728a26d7514f9dac8d400813a200a9a19f3a01b5ab1d10/weather.nominal.arff', '1429979739396037a5224237c511f0501e728a26d7514f9dac8d400813a200a9a19f3a01b5ab1d10', 'weka.classifiers.trees.J48 -t']
FINISHED
1429979740.58
0
AssistanceApps/runtimeIO/1429979739396037a5224237c511f0501e728a26d7514f9dac8d400813a200a9a19f3a01b5ab1d10/1429979739396037a5224237c511f0501e728a26d7514f9dac8d400813a200a9a19f3a01b5ab1d10-stdout.dat
AssistanceApps/runtimeIO/1429979739396037a5224237c511f0501e728a26d7514f9dac8d400813a200a9a19f3a01b5ab1d10/1429979739396037a5224237c511f0501e728a26d7514f9dac8d400813a200a9a19f3a01b5ab1d10-stderr.dat

1429979739.39	DRAFT
1429979739.39	WAITING
1429979740.39	 CPU=1.975	 mem={'swap': 0.0, 'virtual': 0.0, 'physical': 17.8}	 freeDisk=40.8G
1429979740.39	GATHERING
1429979740.4	DATA READY
1429979740.4	STANDBY
1429979740.4	PERFORMING_LOCAL
1429979740.58	COMPLETED_LOCAL
1429979740.58	READY
1429979740.66	SENDING_DATA
1429979740.66	FINISHED
<END>