
<BEGIN>
14301819845659908cf6e54f6f0c0a097d86f873a1c6cbeb02c964a1ff08c1ac6e6c28c0e7ada946
0123456789ABCDEF
1430181984.56
WEKA_3_6_12
weka.classifiers.trees.J48 -t
['AssistanceApps/runtimeIO/14301819845659908cf6e54f6f0c0a097d86f873a1c6cbeb02c964a1ff08c1ac6e6c28c0e7ada946/weather.nominal.arff']
['AssistanceApps/assistanceWEKA.assistanceApp', '10', 'AssistanceApps/runtimeIO/14301819845659908cf6e54f6f0c0a097d86f873a1c6cbeb02c964a1ff08c1ac6e6c28c0e7ada946/weather.nominal.arff', '14301819845659908cf6e54f6f0c0a097d86f873a1c6cbeb02c964a1ff08c1ac6e6c28c0e7ada946', 'weka.classifiers.trees.J48 -t']
FINISHED
1430181985.73
0
AssistanceApps/runtimeIO/14301819845659908cf6e54f6f0c0a097d86f873a1c6cbeb02c964a1ff08c1ac6e6c28c0e7ada946/14301819845659908cf6e54f6f0c0a097d86f873a1c6cbeb02c964a1ff08c1ac6e6c28c0e7ada946-stdout.dat
AssistanceApps/runtimeIO/14301819845659908cf6e54f6f0c0a097d86f873a1c6cbeb02c964a1ff08c1ac6e6c28c0e7ada946/14301819845659908cf6e54f6f0c0a097d86f873a1c6cbeb02c964a1ff08c1ac6e6c28c0e7ada946-stderr.dat

1430181984.56	DRAFT
1430181984.56	WAITING
1430181985.56	 CPU=1.25	 mem={'swap': 0.0, 'virtual': 0.0, 'physical': 18.0}	 freeDisk=40.3G
1430181985.56	GATHERING
1430181985.58	DATA READY
1430181985.58	STANDBY
1430181985.58	PERFORMING_LOCAL
1430181985.73	COMPLETED_LOCAL
1430181985.73	READY
1430181985.84	SENDING_DATA
1430181985.84	FINISHED
<END>
<BEGIN>
1430181984540846409b0951d557e94908fd64c2026141ba49d4d067c373eaf79d9ff1814eef272b
0123456789ABCDEF
1430181984.54
LOCAL_ECHO_TEST
Hello, World!
[]
['AssistanceApps/echoInAllCaps.assistanceApp', '10', '', '1430181984540846409b0951d557e94908fd64c2026141ba49d4d067c373eaf79d9ff1814eef272b', 'Hello, World!']
READY
1430181985.54
0
HELLO, WORLD!



1430181984.54	DRAFT
1430181984.54	WAITING
1430181985.54	 CPU=1.25	 mem={'swap': 0.0, 'virtual': 0.0, 'physical': 17.9}	 freeDisk=40.3G
1430181985.54	DATA READY
1430181985.54	STANDBY
1430181985.54	PERFORMING_LOCAL
1430181985.54	COMPLETED_LOCAL
1430181985.54	READY
<END>
<BEGIN>
1430181984578562f360d05592c2bee462bc751ef7c3073b25ce4c89cd6753d2757198a20e39ece8
0123456789ABCDEF
1430181984.57
WEKA_3_6_12
weka.classifiers.trees.J48 -t
['AssistanceApps/runtimeIO/1430181984578562f360d05592c2bee462bc751ef7c3073b25ce4c89cd6753d2757198a20e39ece8/weather.numeric.arff']
['AssistanceApps/assistanceWEKA.assistanceApp', '10', 'AssistanceApps/runtimeIO/1430181984578562f360d05592c2bee462bc751ef7c3073b25ce4c89cd6753d2757198a20e39ece8/weather.numeric.arff', '1430181984578562f360d05592c2bee462bc751ef7c3073b25ce4c89cd6753d2757198a20e39ece8', 'weka.classifiers.trees.J48 -t']
FINISHED
1430181985.75
0
AssistanceApps/runtimeIO/1430181984578562f360d05592c2bee462bc751ef7c3073b25ce4c89cd6753d2757198a20e39ece8/1430181984578562f360d05592c2bee462bc751ef7c3073b25ce4c89cd6753d2757198a20e39ece8-stdout.dat
AssistanceApps/runtimeIO/1430181984578562f360d05592c2bee462bc751ef7c3073b25ce4c89cd6753d2757198a20e39ece8/1430181984578562f360d05592c2bee462bc751ef7c3073b25ce4c89cd6753d2757198a20e39ece8-stderr.dat

1430181984.57	DRAFT
1430181984.57	WAITING
1430181985.57	 CPU=1.5	 mem={'swap': 0.0, 'virtual': 0.0, 'physical': 18.0}	 freeDisk=40.3G
1430181985.57	GATHERING
1430181985.59	DATA READY
1430181985.59	STANDBY
1430181985.59	PERFORMING_LOCAL
1430181985.75	COMPLETED_LOCAL
1430181985.75	READY
1430181985.85	SENDING_DATA
1430181985.85	FINISHED
<END>
<BEGIN>
1430181984540927b8a4faf6974498e12fcf58a408373f73b38a1cc7aaa158a08bb48dcf3faa2452
0123456789ABCDEF
1430181984.54
LOCAL_ECHO_TEST
HeII0, W0r1d!!!111!
[]
['AssistanceApps/echoInAllCaps.assistanceApp', '10', '', '1430181984540927b8a4faf6974498e12fcf58a408373f73b38a1cc7aaa158a08bb48dcf3faa2452', 'HeII0, W0r1d!!!111!']
READY
1430181985.54
0
HEII0, W0R1D!!!111!



1430181984.54	DRAFT
1430181984.54	WAITING
1430181985.54	 CPU=1.25	 mem={'swap': 0.0, 'virtual': 0.0, 'physical': 17.9}	 freeDisk=40.3G
1430181985.54	DATA READY
1430181985.54	STANDBY
1430181985.54	PERFORMING_LOCAL
1430181985.54	COMPLETED_LOCAL
1430181985.54	READY
<END>
<BEGIN>
14301819845443450185c2a11f3d3206bcd023bbe78a41d98a663102b5b2ee9e364da32461daeff9
0123456789ABCDEF
1430181984.53
LOCAL_ECHO_TEST
Hello World
[]
['AssistanceApps/echoInAllCaps.assistanceApp', '10', '', '14301819845443450185c2a11f3d3206bcd023bbe78a41d98a663102b5b2ee9e364da32461daeff9', 'Hello World']
READY
1430181985.54
0
HELLO WORLD



1430181984.53	DRAFT
1430181984.54	WAITING
1430181985.54	 CPU=1.0	 mem={'swap': 0.0, 'virtual': 0.0, 'physical': 17.9}	 freeDisk=40.3G
1430181985.54	DATA READY
1430181985.54	STANDBY
1430181985.54	PERFORMING_LOCAL
1430181985.54	COMPLETED_LOCAL
1430181985.54	READY
<END>
<BEGIN>
1430181984579696f0001707164184160e6f70b278f87405620680b5b4fd79dde872c0097d586b08
0123456789ABCDEF
1430181984.56
SHA256_TEST
60000 -verbose 20000
['AssistanceApps/runtimeIO/1430181984579696f0001707164184160e6f70b278f87405620680b5b4fd79dde872c0097d586b08/experimentData.dat']
['AssistanceApps/sha256Example.assistanceApp', '10', 'AssistanceApps/runtimeIO/1430181984579696f0001707164184160e6f70b278f87405620680b5b4fd79dde872c0097d586b08/experimentData.dat', '1430181984579696f0001707164184160e6f70b278f87405620680b5b4fd79dde872c0097d586b08', '60000 -verbose 20000']
FINISHED
1430181986.06
0
AssistanceApps/runtimeIO/1430181984579696f0001707164184160e6f70b278f87405620680b5b4fd79dde872c0097d586b08/1430181984579696f0001707164184160e6f70b278f87405620680b5b4fd79dde872c0097d586b08-stdout.dat
AssistanceApps/runtimeIO/1430181984579696f0001707164184160e6f70b278f87405620680b5b4fd79dde872c0097d586b08/1430181984579696f0001707164184160e6f70b278f87405620680b5b4fd79dde872c0097d586b08-stderr.dat

1430181984.56	DRAFT
1430181984.57	WAITING
1430181985.57	 CPU=1.5	 mem={'swap': 0.0, 'virtual': 0.0, 'physical': 18.0}	 freeDisk=40.3G
1430181985.57	GATHERING
1430181985.59	DATA READY
1430181985.59	STANDBY
1430181985.59	PERFORMING_LOCAL
1430181986.06	COMPLETED_LOCAL
1430181986.06	READY
1430181986.1	SENDING_DATA
1430181986.1	FINISHED
<END>
<BEGIN>
1430181984563206dc9ab6202fc3f6d2c7dceb3cd102415622c1f97a84fe6c7f44d9ea4edc26f653
0123456789ABCDEF
1430181984.55
SHA256_TEST
60000 -verbose 20000
['AssistanceApps/runtimeIO/1430181984563206dc9ab6202fc3f6d2c7dceb3cd102415622c1f97a84fe6c7f44d9ea4edc26f653/experimentData.dat']
['AssistanceApps/sha256Example.assistanceApp', '10', 'AssistanceApps/runtimeIO/1430181984563206dc9ab6202fc3f6d2c7dceb3cd102415622c1f97a84fe6c7f44d9ea4edc26f653/experimentData.dat', '1430181984563206dc9ab6202fc3f6d2c7dceb3cd102415622c1f97a84fe6c7f44d9ea4edc26f653', '60000 -verbose 20000']
FINISHED
1430181986.06
0
AssistanceApps/runtimeIO/1430181984563206dc9ab6202fc3f6d2c7dceb3cd102415622c1f97a84fe6c7f44d9ea4edc26f653/1430181984563206dc9ab6202fc3f6d2c7dceb3cd102415622c1f97a84fe6c7f44d9ea4edc26f653-stdout.dat
AssistanceApps/runtimeIO/1430181984563206dc9ab6202fc3f6d2c7dceb3cd102415622c1f97a84fe6c7f44d9ea4edc26f653/1430181984563206dc9ab6202fc3f6d2c7dceb3cd102415622c1f97a84fe6c7f44d9ea4edc26f653-stderr.dat

1430181984.55	DRAFT
1430181984.56	WAITING
1430181985.56	 CPU=1.25	 mem={'swap': 0.0, 'virtual': 0.0, 'physical': 18.0}	 freeDisk=40.3G
1430181985.56	GATHERING
1430181985.58	DATA READY
1430181985.58	STANDBY
1430181985.58	PERFORMING_LOCAL
1430181986.06	COMPLETED_LOCAL
1430181986.06	READY
1430181986.1	SENDING_DATA
1430181986.1	FINISHED
<END>