
<BEGIN>
1429977108366802e3c9c0e53113c82c59d2ea15df22d7aea82ce4a3ecd01a157cb6b6b23e0eeadf
0123456789ABCDEF
1429977108.36
LOCAL_ECHO_TEST
Hello, World!
[]
['AssistanceApps/echoInAllCaps.assistanceApp', '10', '', '1429977108366802e3c9c0e53113c82c59d2ea15df22d7aea82ce4a3ecd01a157cb6b6b23e0eeadf', 'Hello, World!']
READY
1429977109.37
0
HELLO, WORLD!



1429977108.36	DRAFT
1429977108.36	WAITING
1429977109.37	 CPU=1.25	 mem={'swap': 0.0, 'virtual': 0.0, 'physical': 18.2}	 freeDisk=39.8G
1429977109.37	DATA READY
1429977109.37	STANDBY
1429977109.37	PERFORMING_LOCAL
1429977109.37	COMPLETED_LOCAL
1429977109.37	READY
<END>
<BEGIN>
14299771083630805ee8f3d8723a6ee8346f39ac712fd27909b7e12527f1de64d6b829fca3a61c99
0123456789ABCDEF
1429977108.36
SHA256_TEST
60000 -verbose 20000
['testsData/experimentData.dat']
['AssistanceApps/sha256Example.assistanceApp', '10', 'testsData/experimentData.dat', '14299771083630805ee8f3d8723a6ee8346f39ac712fd27909b7e12527f1de64d6b829fca3a61c99', '60000 -verbose 20000']
READY
1429977109.37
0
AssistanceApps/runtimeIO/14299771083630805ee8f3d8723a6ee8346f39ac712fd27909b7e12527f1de64d6b829fca3a61c99/14299771083630805ee8f3d8723a6ee8346f39ac712fd27909b7e12527f1de64d6b829fca3a61c99-stdout.dat
AssistanceApps/runtimeIO/14299771083630805ee8f3d8723a6ee8346f39ac712fd27909b7e12527f1de64d6b829fca3a61c99/14299771083630805ee8f3d8723a6ee8346f39ac712fd27909b7e12527f1de64d6b829fca3a61c99-stderr.dat

1429977108.36	DRAFT
1429977108.36	WAITING
1429977109.37	 CPU=1.25	 mem={'swap': 0.0, 'virtual': 0.0, 'physical': 18.2}	 freeDisk=39.8G
1429977109.37	GATHERING
1429977109.37	DATA READY
1429977109.37	STANDBY
1429977109.37	PERFORMING_LOCAL
1429977109.37	COMPLETED_LOCAL
1429977109.37	READY
<END>
<BEGIN>
14299771083678562b3efe3570226f2697a65b9663baa2193085108c0e4aa6f28809308e9f9fcf3f
0123456789ABCDEF
1429977108.36
LOCAL_ECHO_TEST
HeII0, W0r1d!!!111!
[]
['AssistanceApps/echoInAllCaps.assistanceApp', '10', '', '14299771083678562b3efe3570226f2697a65b9663baa2193085108c0e4aa6f28809308e9f9fcf3f', 'HeII0, W0r1d!!!111!']
READY
1429977109.37
0
HEII0, W0R1D!!!111!



1429977108.36	DRAFT
1429977108.36	WAITING
1429977109.37	 CPU=1.0	 mem={'swap': 0.0, 'virtual': 0.0, 'physical': 18.2}	 freeDisk=39.8G
1429977109.37	DATA READY
1429977109.37	STANDBY
1429977109.37	PERFORMING_LOCAL
1429977109.37	COMPLETED_LOCAL
1429977109.37	READY
<END>
<BEGIN>
142997710836185507653216940ba36b07f1207acdd405d7b92b6e2d3002b45cd80df17cb71684fc
0123456789ABCDEF
1429977108.36
WEKA_3_6_12
weka.classifiers.trees.J48 -t
['AssistanceApps/runtimeIO/142997710836185507653216940ba36b07f1207acdd405d7b92b6e2d3002b45cd80df17cb71684fc/weather.nominal.arff']
['AssistanceApps/assistanceWEKA.assistanceApp', '10', 'AssistanceApps/runtimeIO/142997710836185507653216940ba36b07f1207acdd405d7b92b6e2d3002b45cd80df17cb71684fc/weather.nominal.arff', '142997710836185507653216940ba36b07f1207acdd405d7b92b6e2d3002b45cd80df17cb71684fc', 'weka.classifiers.trees.J48 -t']
FINISHED
1429977110.38
0
AssistanceApps/runtimeIO/142997710836185507653216940ba36b07f1207acdd405d7b92b6e2d3002b45cd80df17cb71684fc/142997710836185507653216940ba36b07f1207acdd405d7b92b6e2d3002b45cd80df17cb71684fc-stdout.dat
AssistanceApps/runtimeIO/142997710836185507653216940ba36b07f1207acdd405d7b92b6e2d3002b45cd80df17cb71684fc/142997710836185507653216940ba36b07f1207acdd405d7b92b6e2d3002b45cd80df17cb71684fc-stderr.dat

1429977108.36	DRAFT
1429977108.36	WAITING
1429977109.36	 CPU=1.25	 mem={'swap': 0.0, 'virtual': 0.0, 'physical': 18.1}	 freeDisk=39.8G
1429977109.36	GATHERING
1429977109.37	DATA READY
1429977109.37	STANDBY
1429977109.37	PERFORMING_LOCAL
1429977110.38	COMPLETED_LOCAL
1429977110.38	READY
1429977110.63	SENDING_DATA
1429977110.63	FINISHED
<END>
<BEGIN>
142997710836747111fae7290a71df7daafc9d467e6e4fedb7db004e57fc6f7314bb209882437f6e
0123456789ABCDEF
1429977108.36
SHA256_TEST
60000 -verbose 20000
['AssistanceApps/runtimeIO/142997710836747111fae7290a71df7daafc9d467e6e4fedb7db004e57fc6f7314bb209882437f6e/experimentData.dat']
['AssistanceApps/sha256Example.assistanceApp', '10', 'AssistanceApps/runtimeIO/142997710836747111fae7290a71df7daafc9d467e6e4fedb7db004e57fc6f7314bb209882437f6e/experimentData.dat', '142997710836747111fae7290a71df7daafc9d467e6e4fedb7db004e57fc6f7314bb209882437f6e', '60000 -verbose 20000']
FINISHED
1429977109.86
0
AssistanceApps/runtimeIO/142997710836747111fae7290a71df7daafc9d467e6e4fedb7db004e57fc6f7314bb209882437f6e/142997710836747111fae7290a71df7daafc9d467e6e4fedb7db004e57fc6f7314bb209882437f6e-stdout.dat
AssistanceApps/runtimeIO/142997710836747111fae7290a71df7daafc9d467e6e4fedb7db004e57fc6f7314bb209882437f6e/142997710836747111fae7290a71df7daafc9d467e6e4fedb7db004e57fc6f7314bb209882437f6e-stderr.dat

1429977108.36	DRAFT
1429977108.36	WAITING
1429977109.36	 CPU=1.0	 mem={'swap': 0.0, 'virtual': 0.0, 'physical': 18.1}	 freeDisk=39.8G
1429977109.36	GATHERING
1429977109.37	DATA READY
1429977109.37	STANDBY
1429977109.37	PERFORMING_LOCAL
1429977109.86	COMPLETED_LOCAL
1429977109.86	READY
1429977109.88	SENDING_DATA
1429977109.88	FINISHED
<END>
<BEGIN>
14299771083644445ee8f3d8723a6ee8346f39ac712fd27909b7e12527f1de64d6b829fca3a61c99
0123456789ABCDEF
1429977108.36
SHA256_TEST
60000 -verbose 20000
['testsData/experimentData.dat']
['AssistanceApps/sha256Example.assistanceApp', '10', 'testsData/experimentData.dat', '14299771083644445ee8f3d8723a6ee8346f39ac712fd27909b7e12527f1de64d6b829fca3a61c99', '60000 -verbose 20000']
READY
1429977109.37
0
AssistanceApps/runtimeIO/14299771083644445ee8f3d8723a6ee8346f39ac712fd27909b7e12527f1de64d6b829fca3a61c99/14299771083644445ee8f3d8723a6ee8346f39ac712fd27909b7e12527f1de64d6b829fca3a61c99-stdout.dat
AssistanceApps/runtimeIO/14299771083644445ee8f3d8723a6ee8346f39ac712fd27909b7e12527f1de64d6b829fca3a61c99/14299771083644445ee8f3d8723a6ee8346f39ac712fd27909b7e12527f1de64d6b829fca3a61c99-stderr.dat

1429977108.36	DRAFT
1429977108.36	WAITING
1429977109.36	 CPU=1.0	 mem={'swap': 0.0, 'virtual': 0.0, 'physical': 18.1}	 freeDisk=39.8G
1429977109.36	GATHERING
1429977109.36	DATA READY
1429977109.36	STANDBY
1429977109.36	PERFORMING_LOCAL
1429977109.37	COMPLETED_LOCAL
1429977109.37	READY
<END>
<BEGIN>
142997710836970311fae7290a71df7daafc9d467e6e4fedb7db004e57fc6f7314bb209882437f6e
0123456789ABCDEF
1429977108.36
SHA256_TEST
60000 -verbose 20000
['AssistanceApps/runtimeIO/142997710836970311fae7290a71df7daafc9d467e6e4fedb7db004e57fc6f7314bb209882437f6e/experimentData.dat']
['AssistanceApps/sha256Example.assistanceApp', '10', 'AssistanceApps/runtimeIO/142997710836970311fae7290a71df7daafc9d467e6e4fedb7db004e57fc6f7314bb209882437f6e/experimentData.dat', '142997710836970311fae7290a71df7daafc9d467e6e4fedb7db004e57fc6f7314bb209882437f6e', '60000 -verbose 20000']
FINISHED
1429977109.85
0
AssistanceApps/runtimeIO/142997710836970311fae7290a71df7daafc9d467e6e4fedb7db004e57fc6f7314bb209882437f6e/142997710836970311fae7290a71df7daafc9d467e6e4fedb7db004e57fc6f7314bb209882437f6e-stdout.dat
AssistanceApps/runtimeIO/142997710836970311fae7290a71df7daafc9d467e6e4fedb7db004e57fc6f7314bb209882437f6e/142997710836970311fae7290a71df7daafc9d467e6e4fedb7db004e57fc6f7314bb209882437f6e-stderr.dat

1429977108.36	DRAFT
1429977108.36	WAITING
1429977109.37	 CPU=1.25	 mem={'swap': 0.0, 'virtual': 0.0, 'physical': 18.2}	 freeDisk=39.8G
1429977109.37	GATHERING
1429977109.37	DATA READY
1429977109.37	STANDBY
1429977109.37	PERFORMING_LOCAL
1429977109.85	COMPLETED_LOCAL
1429977109.85	READY
1429977109.88	SENDING_DATA
1429977109.88	FINISHED
<END>
<BEGIN>
142997710836756525efaf35bb1122d60b0e6315cffb5dfd8eaec5deadc2c7ac2db90eb3f7113ab7
0123456789ABCDEF
1429977108.36
LOCAL_ECHO_TEST
Hello World
[]
['AssistanceApps/echoInAllCaps.assistanceApp', '10', '', '142997710836756525efaf35bb1122d60b0e6315cffb5dfd8eaec5deadc2c7ac2db90eb3f7113ab7', 'Hello World']
READY
1429977109.37
0
HELLO WORLD



1429977108.36	DRAFT
1429977108.36	WAITING
1429977109.36	 CPU=1.0	 mem={'swap': 0.0, 'virtual': 0.0, 'physical': 18.1}	 freeDisk=39.8G
1429977109.36	DATA READY
1429977109.36	STANDBY
1429977109.36	PERFORMING_LOCAL
1429977109.37	COMPLETED_LOCAL
1429977109.37	READY
<END>
<BEGIN>
1429977108366556c9988858286e2aa1b7a171f50f70884cc256887d856eb6cc4d112bd684fcc41f
0123456789ABCDEF
1429977108.36
WEKA_3_6_12
weka.classifiers.trees.J48 -t
['AssistanceApps/runtimeIO/1429977108366556c9988858286e2aa1b7a171f50f70884cc256887d856eb6cc4d112bd684fcc41f/weather.numeric.arff']
['AssistanceApps/assistanceWEKA.assistanceApp', '10', 'AssistanceApps/runtimeIO/1429977108366556c9988858286e2aa1b7a171f50f70884cc256887d856eb6cc4d112bd684fcc41f/weather.numeric.arff', '1429977108366556c9988858286e2aa1b7a171f50f70884cc256887d856eb6cc4d112bd684fcc41f', 'weka.classifiers.trees.J48 -t']
FINISHED
1429977110.37
0
AssistanceApps/runtimeIO/1429977108366556c9988858286e2aa1b7a171f50f70884cc256887d856eb6cc4d112bd684fcc41f/1429977108366556c9988858286e2aa1b7a171f50f70884cc256887d856eb6cc4d112bd684fcc41f-stdout.dat
AssistanceApps/runtimeIO/1429977108366556c9988858286e2aa1b7a171f50f70884cc256887d856eb6cc4d112bd684fcc41f/1429977108366556c9988858286e2aa1b7a171f50f70884cc256887d856eb6cc4d112bd684fcc41f-stderr.dat

1429977108.36	DRAFT
1429977108.36	WAITING
1429977109.37	 CPU=1.0	 mem={'swap': 0.0, 'virtual': 0.0, 'physical': 18.2}	 freeDisk=39.8G
1429977109.37	GATHERING
1429977109.38	DATA READY
1429977109.38	STANDBY
1429977109.38	PERFORMING_LOCAL
1429977110.37	COMPLETED_LOCAL
1429977110.37	READY
1429977110.63	SENDING_DATA
1429977110.63	FINISHED
<END>