
<BEGIN>
1429979829474779dda8fe2100a3a86d076372a2fa447bd24e909f2b5b2dbb19fc9c2125d49373b4
0123456789ABCDEF
1429979829.47
WEKA_3_6_12
weka.classifiers.trees.J48 -t
['AssistanceApps/runtimeIO/1429979829474779dda8fe2100a3a86d076372a2fa447bd24e909f2b5b2dbb19fc9c2125d49373b4/weather.numeric.arff']
['AssistanceApps/assistanceWEKA.assistanceApp', '10', 'AssistanceApps/runtimeIO/1429979829474779dda8fe2100a3a86d076372a2fa447bd24e909f2b5b2dbb19fc9c2125d49373b4/weather.numeric.arff', '1429979829474779dda8fe2100a3a86d076372a2fa447bd24e909f2b5b2dbb19fc9c2125d49373b4', 'weka.classifiers.trees.J48 -t']
FINISHED
1429979830.66
0
AssistanceApps/runtimeIO/1429979829474779dda8fe2100a3a86d076372a2fa447bd24e909f2b5b2dbb19fc9c2125d49373b4/1429979829474779dda8fe2100a3a86d076372a2fa447bd24e909f2b5b2dbb19fc9c2125d49373b4-stdout.dat
AssistanceApps/runtimeIO/1429979829474779dda8fe2100a3a86d076372a2fa447bd24e909f2b5b2dbb19fc9c2125d49373b4/1429979829474779dda8fe2100a3a86d076372a2fa447bd24e909f2b5b2dbb19fc9c2125d49373b4-stderr.dat

1429979829.47	DRAFT
1429979829.47	WAITING
1429979830.47	 CPU=1.975	 mem={'swap': 0.0, 'virtual': 0.0, 'physical': 18.2}	 freeDisk=40.4G
1429979830.47	GATHERING
1429979830.48	DATA READY
1429979830.48	STANDBY
1429979830.48	PERFORMING_LOCAL
1429979830.66	COMPLETED_LOCAL
1429979830.66	READY
1429979830.74	SENDING_DATA
1429979830.74	FINISHED
<END>
<BEGIN>
14299798294671113b7fb362e53fc165c2eccd543caf3256a8910791c94f650e77baea005666fbf3
0123456789ABCDEF
1429979829.46
LOCAL_ECHO_TEST
Hello World
[]
['AssistanceApps/echoInAllCaps.assistanceApp', '10', '', '14299798294671113b7fb362e53fc165c2eccd543caf3256a8910791c94f650e77baea005666fbf3', 'Hello World']
READY
1429979830.47
0
HELLO WORLD



1429979829.46	DRAFT
1429979829.46	WAITING
1429979830.46	 CPU=1.725	 mem={'swap': 0.0, 'virtual': 0.0, 'physical': 18.2}	 freeDisk=40.4G
1429979830.46	DATA READY
1429979830.46	STANDBY
1429979830.46	PERFORMING_LOCAL
1429979830.47	COMPLETED_LOCAL
1429979830.47	READY
<END>
<BEGIN>
1429979829478395aaecedfaff4aaa1fc936df5750e060e82a224bc3575b444cccfa2f242a27307c
0123456789ABCDEF
1429979829.47
WEKA_3_6_12
weka.classifiers.trees.J48 -t
['AssistanceApps/runtimeIO/1429979829478395aaecedfaff4aaa1fc936df5750e060e82a224bc3575b444cccfa2f242a27307c/weather.nominal.arff']
['AssistanceApps/assistanceWEKA.assistanceApp', '10', 'AssistanceApps/runtimeIO/1429979829478395aaecedfaff4aaa1fc936df5750e060e82a224bc3575b444cccfa2f242a27307c/weather.nominal.arff', '1429979829478395aaecedfaff4aaa1fc936df5750e060e82a224bc3575b444cccfa2f242a27307c', 'weka.classifiers.trees.J48 -t']
FINISHED
1429979830.64
0
AssistanceApps/runtimeIO/1429979829478395aaecedfaff4aaa1fc936df5750e060e82a224bc3575b444cccfa2f242a27307c/1429979829478395aaecedfaff4aaa1fc936df5750e060e82a224bc3575b444cccfa2f242a27307c-stdout.dat
AssistanceApps/runtimeIO/1429979829478395aaecedfaff4aaa1fc936df5750e060e82a224bc3575b444cccfa2f242a27307c/1429979829478395aaecedfaff4aaa1fc936df5750e060e82a224bc3575b444cccfa2f242a27307c-stderr.dat

1429979829.47	DRAFT
1429979829.47	WAITING
1429979830.47	 CPU=1.975	 mem={'swap': 0.0, 'virtual': 0.0, 'physical': 18.2}	 freeDisk=40.4G
1429979830.47	GATHERING
1429979830.48	DATA READY
1429979830.48	STANDBY
1429979830.48	PERFORMING_LOCAL
1429979830.64	COMPLETED_LOCAL
1429979830.64	READY
1429979830.74	SENDING_DATA
1429979830.74	FINISHED
<END>
<BEGIN>
14299798294721760cc450ac271d9f58fd8415a36bfece308895f99194524e544fabaa9870b6e9dd
0123456789ABCDEF
1429979829.47
SHA256_TEST
60000 -verbose 20000
['AssistanceApps/runtimeIO/14299798294721760cc450ac271d9f58fd8415a36bfece308895f99194524e544fabaa9870b6e9dd/experimentData.dat']
['AssistanceApps/sha256Example.assistanceApp', '10', 'AssistanceApps/runtimeIO/14299798294721760cc450ac271d9f58fd8415a36bfece308895f99194524e544fabaa9870b6e9dd/experimentData.dat', '14299798294721760cc450ac271d9f58fd8415a36bfece308895f99194524e544fabaa9870b6e9dd', '60000 -verbose 20000']
FINISHED
1429979830.96
0
AssistanceApps/runtimeIO/14299798294721760cc450ac271d9f58fd8415a36bfece308895f99194524e544fabaa9870b6e9dd/14299798294721760cc450ac271d9f58fd8415a36bfece308895f99194524e544fabaa9870b6e9dd-stdout.dat
AssistanceApps/runtimeIO/14299798294721760cc450ac271d9f58fd8415a36bfece308895f99194524e544fabaa9870b6e9dd/14299798294721760cc450ac271d9f58fd8415a36bfece308895f99194524e544fabaa9870b6e9dd-stderr.dat

1429979829.47	DRAFT
1429979829.47	WAITING
1429979830.47	 CPU=1.975	 mem={'swap': 0.0, 'virtual': 0.0, 'physical': 18.2}	 freeDisk=40.4G
1429979830.47	GATHERING
1429979830.48	DATA READY
1429979830.48	STANDBY
1429979830.48	PERFORMING_LOCAL
1429979830.96	COMPLETED_LOCAL
1429979830.96	READY
1429979830.99	SENDING_DATA
1429979830.99	FINISHED
<END>
<BEGIN>
1429979829462160a7631d232590d04ed7221b173a5d09e349c09f7da7277191b7039f0efa8d5852
0123456789ABCDEF
1429979829.46
LOCAL_ECHO_TEST
Hello, World!
[]
['AssistanceApps/echoInAllCaps.assistanceApp', '10', '', '1429979829462160a7631d232590d04ed7221b173a5d09e349c09f7da7277191b7039f0efa8d5852', 'Hello, World!']
READY
1429979830.47
0
HELLO, WORLD!



1429979829.46	DRAFT
1429979829.46	WAITING
1429979830.46	 CPU=1.725	 mem={'swap': 0.0, 'virtual': 0.0, 'physical': 18.2}	 freeDisk=40.4G
1429979830.46	DATA READY
1429979830.46	STANDBY
1429979830.46	PERFORMING_LOCAL
1429979830.47	COMPLETED_LOCAL
1429979830.47	READY
<END>
<BEGIN>
1429979829468892f57179fb4ee817bab79a9024ac905c947e43c126ed93dc44084f7cbbc29b787f
0123456789ABCDEF
1429979829.46
SHA256_TEST
60000 -verbose 20000
['AssistanceApps/runtimeIO/1429979829468892f57179fb4ee817bab79a9024ac905c947e43c126ed93dc44084f7cbbc29b787f/experimentData.dat']
['AssistanceApps/sha256Example.assistanceApp', '10', 'AssistanceApps/runtimeIO/1429979829468892f57179fb4ee817bab79a9024ac905c947e43c126ed93dc44084f7cbbc29b787f/experimentData.dat', '1429979829468892f57179fb4ee817bab79a9024ac905c947e43c126ed93dc44084f7cbbc29b787f', '60000 -verbose 20000']
FINISHED
1429979830.95
0
AssistanceApps/runtimeIO/1429979829468892f57179fb4ee817bab79a9024ac905c947e43c126ed93dc44084f7cbbc29b787f/1429979829468892f57179fb4ee817bab79a9024ac905c947e43c126ed93dc44084f7cbbc29b787f-stdout.dat
AssistanceApps/runtimeIO/1429979829468892f57179fb4ee817bab79a9024ac905c947e43c126ed93dc44084f7cbbc29b787f/1429979829468892f57179fb4ee817bab79a9024ac905c947e43c126ed93dc44084f7cbbc29b787f-stderr.dat

1429979829.46	DRAFT
1429979829.46	WAITING
1429979830.47	 CPU=1.975	 mem={'swap': 0.0, 'virtual': 0.0, 'physical': 18.2}	 freeDisk=40.4G
1429979830.47	GATHERING
1429979830.48	DATA READY
1429979830.48	STANDBY
1429979830.48	PERFORMING_LOCAL
1429979830.95	COMPLETED_LOCAL
1429979830.95	READY
1429979830.99	SENDING_DATA
1429979830.99	FINISHED
<END>
<BEGIN>
1429979829462061e82b21f7875dab708dda012ee2f202d2f4a8ae77a21d84a8e9ecf90933e2860c
0123456789ABCDEF
1429979829.46
LOCAL_ECHO_TEST
HeII0, W0r1d!!!111!
[]
['AssistanceApps/echoInAllCaps.assistanceApp', '10', '', '1429979829462061e82b21f7875dab708dda012ee2f202d2f4a8ae77a21d84a8e9ecf90933e2860c', 'HeII0, W0r1d!!!111!']
READY
1429979830.47
0
HEII0, W0R1D!!!111!



1429979829.46	DRAFT
1429979829.46	WAITING
1429979830.47	 CPU=1.975	 mem={'swap': 0.0, 'virtual': 0.0, 'physical': 18.2}	 freeDisk=40.4G
1429979830.47	DATA READY
1429979830.47	STANDBY
1429979830.47	PERFORMING_LOCAL
1429979830.47	COMPLETED_LOCAL
1429979830.47	READY
<END>