WatchdogThread<TestFunctionality>:::Test Echo to  has ended successfully.
WatchdogThread<TestFunctionality>:::Test SHA256LocalFile to  has ended successfully.
WatchdogThread<TestFunctionality>:::Test SHA256FTP to  has ended successfully.
WatchdogThread<TestFunctionality>:::Test WEKAfunctionality to  has ended successfully.

<BEGIN><Echo><>
Tickets: 
1429976829239706a431f4bac29d37d646ef530ff24176dab93605f14bfdbae5cf14a6dfe4ea5370
14299768292327480a7d16f97767fa972757415122ab9c2225046762c6f8775b3ebbf8b3dc5b5d5f
142997682924409568ac2c26389fe547dfd9dd5a7a7e9bdb570832d1eb4afdbcc5fc4eb320d755a6
Status: 
WAITING
WAITING
WAITING
Synch: 
HELLO WORLD
HELLO, WORLD!
HEII0, W0R1D!!!111!
<END>

<BEGIN><SHA256LocalFile><127.0.0.1>
Tickets: 
14299768292301398510bffed1f25d74558cd0155e505a160fe3d62703566814c395706afe7385ad
14299768292381788510bffed1f25d74558cd0155e505a160fe3d62703566814c395706afe7385ad
Status: 
WAITING
WAITING
Synch: 
AssistanceApps/runtimeIO/14299768292301398510bffed1f25d74558cd0155e505a160fe3d62703566814c395706afe7385ad/14299768292301398510bffed1f25d74558cd0155e505a160fe3d62703566814c395706afe7385ad-stdout.dat
AssistanceApps/runtimeIO/14299768292301398510bffed1f25d74558cd0155e505a160fe3d62703566814c395706afe7385ad/14299768292301398510bffed1f25d74558cd0155e505a160fe3d62703566814c395706afe7385ad-stderr.dat
AssistanceApps/runtimeIO/14299768292381788510bffed1f25d74558cd0155e505a160fe3d62703566814c395706afe7385ad/14299768292381788510bffed1f25d74558cd0155e505a160fe3d62703566814c395706afe7385ad-stdout.dat
AssistanceApps/runtimeIO/14299768292381788510bffed1f25d74558cd0155e505a160fe3d62703566814c395706afe7385ad/14299768292381788510bffed1f25d74558cd0155e505a160fe3d62703566814c395706afe7385ad-stderr.dat
<END>

<BEGIN><WEKA><>
Tickets: 
1429976829230373693a5fd2d49f15b006658ccc0d2a504262c81ad5dbbac22434b4f3d8f7f3e1c1
1429976829248472afb9ad9451f5210152bd34c9a702c4d9d3208ff463dad2bca47df623f9d44f2b
Status: 
WAITING
WAITING
Submitting data 
Synch: 
testsResults/1429976829230373693a5fd2d49f15b006658ccc0d2a504262c81ad5dbbac22434b4f3d8f7f3e1c1-stdout.dat
testsResults/1429976829230373693a5fd2d49f15b006658ccc0d2a504262c81ad5dbbac22434b4f3d8f7f3e1c1-stderr.dat
testsResults/1429976829248472afb9ad9451f5210152bd34c9a702c4d9d3208ff463dad2bca47df623f9d44f2b-stdout.dat
testsResults/1429976829248472afb9ad9451f5210152bd34c9a702c4d9d3208ff463dad2bca47df623f9d44f2b-stderr.dat
<END>

<BEGIN><SHA256FTP><>
Tickets: 
1429976829236497c7149ce71eabd4cb6a86b1392071d3b111a7ed066314c01c35b6d76798a2c977
1429976829237261c7149ce71eabd4cb6a86b1392071d3b111a7ed066314c01c35b6d76798a2c977
Status: 
WAITING
WAITING
Submitting data 
Synch: 
testsResults/1429976829236497c7149ce71eabd4cb6a86b1392071d3b111a7ed066314c01c35b6d76798a2c977-stdout.dat
testsResults/1429976829236497c7149ce71eabd4cb6a86b1392071d3b111a7ed066314c01c35b6d76798a2c977-stderr.dat
testsResults/1429976829237261c7149ce71eabd4cb6a86b1392071d3b111a7ed066314c01c35b6d76798a2c977-stdout.dat
testsResults/1429976829237261c7149ce71eabd4cb6a86b1392071d3b111a7ed066314c01c35b6d76798a2c977-stderr.dat
<END>
