
<BEGIN>
14301819845949434494d53d0a445a1a024fcb42db747ff35146da430f19536b6ae66fc79dfdfa4a
0123456789ABCDEF
1430181984.59
SHA256_TEST
60000 -verbose 20000
['AssistanceApps/runtimeIO/14301819845949434494d53d0a445a1a024fcb42db747ff35146da430f19536b6ae66fc79dfdfa4a/experimentData.dat']
['AssistanceApps/sha256Example.assistanceApp', '10', 'AssistanceApps/runtimeIO/14301819845949434494d53d0a445a1a024fcb42db747ff35146da430f19536b6ae66fc79dfdfa4a/experimentData.dat', '14301819845949434494d53d0a445a1a024fcb42db747ff35146da430f19536b6ae66fc79dfdfa4a', '60000 -verbose 20000']
FINISHED
1430181986.1
0
AssistanceApps/runtimeIO/14301819845949434494d53d0a445a1a024fcb42db747ff35146da430f19536b6ae66fc79dfdfa4a/14301819845949434494d53d0a445a1a024fcb42db747ff35146da430f19536b6ae66fc79dfdfa4a-stdout.dat
AssistanceApps/runtimeIO/14301819845949434494d53d0a445a1a024fcb42db747ff35146da430f19536b6ae66fc79dfdfa4a/14301819845949434494d53d0a445a1a024fcb42db747ff35146da430f19536b6ae66fc79dfdfa4a-stderr.dat

1430181984.59	DRAFT
1430181984.59	WAITING
1430181985.6	 CPU=1.475	 mem={'swap': 0.0, 'virtual': 0.0, 'physical': 16.2}	 freeDisk=40.5G
1430181985.6	GATHERING
1430181985.61	DATA READY
1430181985.61	STANDBY
1430181985.61	PERFORMING_LOCAL
1430181986.1	COMPLETED_LOCAL
1430181986.1	READY
1430181986.12	SENDING_DATA
1430181986.12	FINISHED
<END>
<BEGIN>
14301819845981171b7d2768a5b840b90e57e367f4dd56bec46d61f71c1d181bba2be41a45292a10
0123456789ABCDEF
1430181984.59
LOCAL_ECHO_TEST
Hello, World!
[]
['AssistanceApps/echoInAllCaps.assistanceApp', '10', '', '14301819845981171b7d2768a5b840b90e57e367f4dd56bec46d61f71c1d181bba2be41a45292a10', 'Hello, World!']
READY
1430181985.6
0
HELLO, WORLD!



1430181984.59	DRAFT
1430181984.59	WAITING
1430181985.6	 CPU=1.475	 mem={'swap': 0.0, 'virtual': 0.0, 'physical': 16.1}	 freeDisk=40.5G
1430181985.6	DATA READY
1430181985.6	STANDBY
1430181985.6	PERFORMING_LOCAL
1430181985.6	COMPLETED_LOCAL
1430181985.6	READY
<END>
<BEGIN>
143018198464015ecd7924a92cba4f982ffecca3a813fb1d0a896266f196b9249f383e8b2bef6fb
0123456789ABCDEF
1430181984.6
WEKA_3_6_12
weka.classifiers.trees.J48 -t
['AssistanceApps/runtimeIO/143018198464015ecd7924a92cba4f982ffecca3a813fb1d0a896266f196b9249f383e8b2bef6fb/weather.numeric.arff']
['AssistanceApps/assistanceWEKA.assistanceApp', '10', 'AssistanceApps/runtimeIO/143018198464015ecd7924a92cba4f982ffecca3a813fb1d0a896266f196b9249f383e8b2bef6fb/weather.numeric.arff', '143018198464015ecd7924a92cba4f982ffecca3a813fb1d0a896266f196b9249f383e8b2bef6fb', 'weka.classifiers.trees.J48 -t']
FINISHED
1430181986.62
0
AssistanceApps/runtimeIO/143018198464015ecd7924a92cba4f982ffecca3a813fb1d0a896266f196b9249f383e8b2bef6fb/143018198464015ecd7924a92cba4f982ffecca3a813fb1d0a896266f196b9249f383e8b2bef6fb-stdout.dat
AssistanceApps/runtimeIO/143018198464015ecd7924a92cba4f982ffecca3a813fb1d0a896266f196b9249f383e8b2bef6fb/143018198464015ecd7924a92cba4f982ffecca3a813fb1d0a896266f196b9249f383e8b2bef6fb-stderr.dat

1430181984.6	DRAFT
1430181984.6	WAITING
1430181985.6	 CPU=1.5	 mem={'swap': 0.0, 'virtual': 0.0, 'physical': 16.2}	 freeDisk=40.5G
1430181985.6	GATHERING
1430181985.62	DATA READY
1430181985.62	STANDBY
1430181985.62	PERFORMING_LOCAL
1430181986.62	COMPLETED_LOCAL
1430181986.62	READY
1430181986.88	SENDING_DATA
1430181986.88	FINISHED
<END>
<BEGIN>
143018198461120b48c9d5bd8e2265dcc77c7ac1b618c97917d853024729cad1ecffc29217739a8
0123456789ABCDEF
1430181984.6
LOCAL_ECHO_TEST
HeII0, W0r1d!!!111!
[]
['AssistanceApps/echoInAllCaps.assistanceApp', '10', '', '143018198461120b48c9d5bd8e2265dcc77c7ac1b618c97917d853024729cad1ecffc29217739a8', 'HeII0, W0r1d!!!111!']
READY
1430181985.6
0
HEII0, W0R1D!!!111!



1430181984.6	DRAFT
1430181984.6	WAITING
1430181985.6	 CPU=1.475	 mem={'swap': 0.0, 'virtual': 0.0, 'physical': 16.2}	 freeDisk=40.5G
1430181985.6	DATA READY
1430181985.6	STANDBY
1430181985.6	PERFORMING_LOCAL
1430181985.6	COMPLETED_LOCAL
1430181985.6	READY
<END>
<BEGIN>
143018198467496bd2ba88222b70a827d9a2135daf0f2ce8472b6bbc2da790a4e5354b69467d224
0123456789ABCDEF
1430181984.6
WEKA_3_6_12
weka.classifiers.trees.J48 -t
['AssistanceApps/runtimeIO/143018198467496bd2ba88222b70a827d9a2135daf0f2ce8472b6bbc2da790a4e5354b69467d224/weather.nominal.arff']
['AssistanceApps/assistanceWEKA.assistanceApp', '10', 'AssistanceApps/runtimeIO/143018198467496bd2ba88222b70a827d9a2135daf0f2ce8472b6bbc2da790a4e5354b69467d224/weather.nominal.arff', '143018198467496bd2ba88222b70a827d9a2135daf0f2ce8472b6bbc2da790a4e5354b69467d224', 'weka.classifiers.trees.J48 -t']
FINISHED
1430181986.63
0
AssistanceApps/runtimeIO/143018198467496bd2ba88222b70a827d9a2135daf0f2ce8472b6bbc2da790a4e5354b69467d224/143018198467496bd2ba88222b70a827d9a2135daf0f2ce8472b6bbc2da790a4e5354b69467d224-stdout.dat
AssistanceApps/runtimeIO/143018198467496bd2ba88222b70a827d9a2135daf0f2ce8472b6bbc2da790a4e5354b69467d224/143018198467496bd2ba88222b70a827d9a2135daf0f2ce8472b6bbc2da790a4e5354b69467d224-stderr.dat

1430181984.6	DRAFT
1430181984.6	WAITING
1430181985.6	 CPU=1.475	 mem={'swap': 0.0, 'virtual': 0.0, 'physical': 16.2}	 freeDisk=40.5G
1430181985.6	GATHERING
1430181985.61	DATA READY
1430181985.61	STANDBY
1430181985.61	PERFORMING_LOCAL
1430181986.63	COMPLETED_LOCAL
1430181986.63	READY
1430181986.87	SENDING_DATA
1430181986.87	FINISHED
<END>
<BEGIN>
1430181984596766625879c87b7003054d981d0eb76313226b53fae5f4afff4ccec1518cb877a27d
0123456789ABCDEF
1430181984.59
LOCAL_ECHO_TEST
Hello World
[]
['AssistanceApps/echoInAllCaps.assistanceApp', '10', '', '1430181984596766625879c87b7003054d981d0eb76313226b53fae5f4afff4ccec1518cb877a27d', 'Hello World']
READY
1430181985.6
0
HELLO WORLD



1430181984.59	DRAFT
1430181984.59	WAITING
1430181985.59	 CPU=1.25	 mem={'swap': 0.0, 'virtual': 0.0, 'physical': 16.1}	 freeDisk=40.5G
1430181985.59	DATA READY
1430181985.59	STANDBY
1430181985.59	PERFORMING_LOCAL
1430181985.6	COMPLETED_LOCAL
1430181985.6	READY
<END>
<BEGIN>
14301819845971114494d53d0a445a1a024fcb42db747ff35146da430f19536b6ae66fc79dfdfa4a
0123456789ABCDEF
1430181984.59
SHA256_TEST
60000 -verbose 20000
['AssistanceApps/runtimeIO/14301819845971114494d53d0a445a1a024fcb42db747ff35146da430f19536b6ae66fc79dfdfa4a/experimentData.dat']
['AssistanceApps/sha256Example.assistanceApp', '10', 'AssistanceApps/runtimeIO/14301819845971114494d53d0a445a1a024fcb42db747ff35146da430f19536b6ae66fc79dfdfa4a/experimentData.dat', '14301819845971114494d53d0a445a1a024fcb42db747ff35146da430f19536b6ae66fc79dfdfa4a', '60000 -verbose 20000']
FINISHED
1430181986.1
0
AssistanceApps/runtimeIO/14301819845971114494d53d0a445a1a024fcb42db747ff35146da430f19536b6ae66fc79dfdfa4a/14301819845971114494d53d0a445a1a024fcb42db747ff35146da430f19536b6ae66fc79dfdfa4a-stdout.dat
AssistanceApps/runtimeIO/14301819845971114494d53d0a445a1a024fcb42db747ff35146da430f19536b6ae66fc79dfdfa4a/14301819845971114494d53d0a445a1a024fcb42db747ff35146da430f19536b6ae66fc79dfdfa4a-stderr.dat

1430181984.59	DRAFT
1430181984.59	WAITING
1430181985.59	 CPU=1.25	 mem={'swap': 0.0, 'virtual': 0.0, 'physical': 16.1}	 freeDisk=40.5G
1430181985.59	GATHERING
1430181985.61	DATA READY
1430181985.61	STANDBY
1430181985.61	PERFORMING_LOCAL
1430181986.1	COMPLETED_LOCAL
1430181986.1	READY
1430181986.12	SENDING_DATA
1430181986.12	FINISHED
<END>