
<BEGIN>
142997964933227bc3dcfaa0a8d8d0f77ffaf603a380e5057aedd951f21cab9e55bded8f9fd05e5
0123456789ABCDEF
1429979649.3
WEKA_3_6_12
weka.classifiers.trees.J48 -t
['AssistanceApps/runtimeIO/142997964933227bc3dcfaa0a8d8d0f77ffaf603a380e5057aedd951f21cab9e55bded8f9fd05e5/weather.numeric.arff']
['AssistanceApps/assistanceWEKA.assistanceApp', '10', 'AssistanceApps/runtimeIO/142997964933227bc3dcfaa0a8d8d0f77ffaf603a380e5057aedd951f21cab9e55bded8f9fd05e5/weather.numeric.arff', '142997964933227bc3dcfaa0a8d8d0f77ffaf603a380e5057aedd951f21cab9e55bded8f9fd05e5', 'weka.classifiers.trees.J48 -t']
FINISHED
1429979650.47
0
AssistanceApps/runtimeIO/142997964933227bc3dcfaa0a8d8d0f77ffaf603a380e5057aedd951f21cab9e55bded8f9fd05e5/142997964933227bc3dcfaa0a8d8d0f77ffaf603a380e5057aedd951f21cab9e55bded8f9fd05e5-stdout.dat
AssistanceApps/runtimeIO/142997964933227bc3dcfaa0a8d8d0f77ffaf603a380e5057aedd951f21cab9e55bded8f9fd05e5/142997964933227bc3dcfaa0a8d8d0f77ffaf603a380e5057aedd951f21cab9e55bded8f9fd05e5-stderr.dat

1429979649.3	DRAFT
1429979649.3	WAITING
1429979650.3	 CPU=1.0	 mem={'swap': 0.0, 'virtual': 0.0, 'physical': 18.0}	 freeDisk=40.1G
1429979650.3	GATHERING
1429979650.31	DATA READY
1429979650.31	STANDBY
1429979650.31	PERFORMING_LOCAL
1429979650.47	COMPLETED_LOCAL
1429979650.47	READY
1429979650.57	SENDING_DATA
1429979650.57	FINISHED
<END>
<BEGIN>
1429979649336325f2b18960184bfebde805a533b8a1b22490434e80b80f02ce2e5f0132c48c84f
0123456789ABCDEF
1429979649.3
SHA256_TEST
60000 -verbose 20000
['AssistanceApps/runtimeIO/1429979649336325f2b18960184bfebde805a533b8a1b22490434e80b80f02ce2e5f0132c48c84f/experimentData.dat']
['AssistanceApps/sha256Example.assistanceApp', '10', 'AssistanceApps/runtimeIO/1429979649336325f2b18960184bfebde805a533b8a1b22490434e80b80f02ce2e5f0132c48c84f/experimentData.dat', '1429979649336325f2b18960184bfebde805a533b8a1b22490434e80b80f02ce2e5f0132c48c84f', '60000 -verbose 20000']
FINISHED
1429979650.79
0
AssistanceApps/runtimeIO/1429979649336325f2b18960184bfebde805a533b8a1b22490434e80b80f02ce2e5f0132c48c84f/1429979649336325f2b18960184bfebde805a533b8a1b22490434e80b80f02ce2e5f0132c48c84f-stdout.dat
AssistanceApps/runtimeIO/1429979649336325f2b18960184bfebde805a533b8a1b22490434e80b80f02ce2e5f0132c48c84f/1429979649336325f2b18960184bfebde805a533b8a1b22490434e80b80f02ce2e5f0132c48c84f-stderr.dat

1429979649.3	DRAFT
1429979649.3	WAITING
1429979650.3	 CPU=1.0	 mem={'swap': 0.0, 'virtual': 0.0, 'physical': 18.0}	 freeDisk=40.1G
1429979650.3	GATHERING
1429979650.31	DATA READY
1429979650.31	STANDBY
1429979650.31	PERFORMING_LOCAL
1429979650.79	COMPLETED_LOCAL
1429979650.79	READY
1429979650.82	SENDING_DATA
1429979650.82	FINISHED
<END>
<BEGIN>
142997964938865b15353f18d44c0ab69e0a039629e9075039e8a888132ddb6a1b7ecfff7e20efd
0123456789ABCDEF
1429979649.3
WEKA_3_6_12
weka.classifiers.trees.J48 -t
['AssistanceApps/runtimeIO/142997964938865b15353f18d44c0ab69e0a039629e9075039e8a888132ddb6a1b7ecfff7e20efd/weather.nominal.arff']
['AssistanceApps/assistanceWEKA.assistanceApp', '10', 'AssistanceApps/runtimeIO/142997964938865b15353f18d44c0ab69e0a039629e9075039e8a888132ddb6a1b7ecfff7e20efd/weather.nominal.arff', '142997964938865b15353f18d44c0ab69e0a039629e9075039e8a888132ddb6a1b7ecfff7e20efd', 'weka.classifiers.trees.J48 -t']
FINISHED
1429979650.49
0
AssistanceApps/runtimeIO/142997964938865b15353f18d44c0ab69e0a039629e9075039e8a888132ddb6a1b7ecfff7e20efd/142997964938865b15353f18d44c0ab69e0a039629e9075039e8a888132ddb6a1b7ecfff7e20efd-stdout.dat
AssistanceApps/runtimeIO/142997964938865b15353f18d44c0ab69e0a039629e9075039e8a888132ddb6a1b7ecfff7e20efd/142997964938865b15353f18d44c0ab69e0a039629e9075039e8a888132ddb6a1b7ecfff7e20efd-stderr.dat

1429979649.3	DRAFT
1429979649.3	WAITING
1429979650.3	 CPU=1.0	 mem={'swap': 0.0, 'virtual': 0.0, 'physical': 18.0}	 freeDisk=40.1G
1429979650.3	GATHERING
1429979650.31	DATA READY
1429979650.31	STANDBY
1429979650.31	PERFORMING_LOCAL
1429979650.49	COMPLETED_LOCAL
1429979650.49	READY
1429979650.57	SENDING_DATA
1429979650.57	FINISHED
<END>
<BEGIN>
1429979649292840920e50034d36135cc102dbfa4becdf982d2094399eade22a4352ff07c46f7a88
0123456789ABCDEF
1429979649.29
SHA256_TEST
60000 -verbose 20000
['AssistanceApps/runtimeIO/1429979649292840920e50034d36135cc102dbfa4becdf982d2094399eade22a4352ff07c46f7a88/experimentData.dat']
['AssistanceApps/sha256Example.assistanceApp', '10', 'AssistanceApps/runtimeIO/1429979649292840920e50034d36135cc102dbfa4becdf982d2094399eade22a4352ff07c46f7a88/experimentData.dat', '1429979649292840920e50034d36135cc102dbfa4becdf982d2094399eade22a4352ff07c46f7a88', '60000 -verbose 20000']
FINISHED
1429979650.79
0
AssistanceApps/runtimeIO/1429979649292840920e50034d36135cc102dbfa4becdf982d2094399eade22a4352ff07c46f7a88/1429979649292840920e50034d36135cc102dbfa4becdf982d2094399eade22a4352ff07c46f7a88-stdout.dat
AssistanceApps/runtimeIO/1429979649292840920e50034d36135cc102dbfa4becdf982d2094399eade22a4352ff07c46f7a88/1429979649292840920e50034d36135cc102dbfa4becdf982d2094399eade22a4352ff07c46f7a88-stderr.dat

1429979649.29	DRAFT
1429979649.29	WAITING
1429979650.3	 CPU=1.0	 mem={'swap': 0.0, 'virtual': 0.0, 'physical': 18.0}	 freeDisk=40.1G
1429979650.3	GATHERING
1429979650.31	DATA READY
1429979650.31	STANDBY
1429979650.31	PERFORMING_LOCAL
1429979650.79	COMPLETED_LOCAL
1429979650.79	READY
1429979650.82	SENDING_DATA
1429979650.82	FINISHED
<END>
<BEGIN>
1429979649292737a6a239e8d0df1003c9d10fe94d85a8e260b25cff8a0fc57e35688a477b53c31f
0123456789ABCDEF
1429979649.29
LOCAL_ECHO_TEST
HeII0, W0r1d!!!111!
[]
['AssistanceApps/echoInAllCaps.assistanceApp', '10', '', '1429979649292737a6a239e8d0df1003c9d10fe94d85a8e260b25cff8a0fc57e35688a477b53c31f', 'HeII0, W0r1d!!!111!']
READY
1429979650.3
0
HEII0, W0R1D!!!111!



1429979649.29	DRAFT
1429979649.29	WAITING
1429979650.29	 CPU=0.75	 mem={'swap': 0.0, 'virtual': 0.0, 'physical': 18.0}	 freeDisk=40.1G
1429979650.29	DATA READY
1429979650.29	STANDBY
1429979650.29	PERFORMING_LOCAL
1429979650.3	COMPLETED_LOCAL
1429979650.3	READY
<END>
<BEGIN>
1429979649292997fc0c50bc1301e54a73c88d7b7ff99c05ee3fc6e26b9512bed8fcea9a77539592
0123456789ABCDEF
1429979649.29
LOCAL_ECHO_TEST
Hello World
[]
['AssistanceApps/echoInAllCaps.assistanceApp', '10', '', '1429979649292997fc0c50bc1301e54a73c88d7b7ff99c05ee3fc6e26b9512bed8fcea9a77539592', 'Hello World']
READY
1429979650.3
0
HELLO WORLD



1429979649.29	DRAFT
1429979649.29	WAITING
1429979650.29	 CPU=0.75	 mem={'swap': 0.0, 'virtual': 0.0, 'physical': 18.0}	 freeDisk=40.1G
1429979650.29	DATA READY
1429979650.29	STANDBY
1429979650.29	PERFORMING_LOCAL
1429979650.3	COMPLETED_LOCAL
1429979650.3	READY
<END>
<BEGIN>
142997964929717207688772ecd46ad177627259a5e8dfc0fa8828f2724b2cf09c35d6e6ad96aa5b
0123456789ABCDEF
1429979649.29
LOCAL_ECHO_TEST
Hello, World!
[]
['AssistanceApps/echoInAllCaps.assistanceApp', '10', '', '142997964929717207688772ecd46ad177627259a5e8dfc0fa8828f2724b2cf09c35d6e6ad96aa5b', 'Hello, World!']
READY
1429979650.3
0
HELLO, WORLD!



1429979649.29	DRAFT
1429979649.29	WAITING
1429979650.29	 CPU=0.75	 mem={'swap': 0.0, 'virtual': 0.0, 'physical': 18.0}	 freeDisk=40.1G
1429979650.29	DATA READY
1429979650.29	STANDBY
1429979650.29	PERFORMING_LOCAL
1429979650.3	COMPLETED_LOCAL
1429979650.3	READY
<END>