
<BEGIN>
142997865365676491a0bb732696bdb7b91e8695c4fd45e453c8f8fed275968c280f2e33c8a2f1ab
0123456789ABCDEF
1429978653.65
LOCAL_ECHO_TEST
Hello World
[]
['AssistanceApps/echoInAllCaps.assistanceApp', '10', '', '142997865365676491a0bb732696bdb7b91e8695c4fd45e453c8f8fed275968c280f2e33c8a2f1ab', 'Hello World']
READY
1429978654.66
0
HELLO WORLD



1429978653.65	DRAFT
1429978653.65	WAITING
1429978654.65	 CPU=1.25	 mem={'swap': 0.0, 'virtual': 0.0, 'physical': 18.1}	 freeDisk=40.4G
1429978654.65	DATA READY
1429978654.65	STANDBY
1429978654.65	PERFORMING_LOCAL
1429978654.66	COMPLETED_LOCAL
1429978654.66	READY
<END>
<BEGIN>
1429978653655490ed268dac9a755c80865536814b8317dba2db21c8318d0df475952f2feed47ddf
0123456789ABCDEF
1429978653.65
LOCAL_ECHO_TEST
Hello, World!
[]
['AssistanceApps/echoInAllCaps.assistanceApp', '10', '', '1429978653655490ed268dac9a755c80865536814b8317dba2db21c8318d0df475952f2feed47ddf', 'Hello, World!']
READY
1429978654.65
0
HELLO, WORLD!



1429978653.65	DRAFT
1429978653.65	WAITING
1429978654.65	 CPU=1.25	 mem={'swap': 0.0, 'virtual': 0.0, 'physical': 18.1}	 freeDisk=40.4G
1429978654.65	DATA READY
1429978654.65	STANDBY
1429978654.65	PERFORMING_LOCAL
1429978654.65	COMPLETED_LOCAL
1429978654.65	READY
<END>
<BEGIN>
14299786536529773a4fa1a8879c97c89ee5fdfcaf7823f6db0a9956ed27dfb3fd3a1a4bb34dd40c
0123456789ABCDEF
1429978653.65
SHA256_TEST
60000 -verbose 20000
['AssistanceApps/runtimeIO/14299786536529773a4fa1a8879c97c89ee5fdfcaf7823f6db0a9956ed27dfb3fd3a1a4bb34dd40c/experimentData.dat']
['AssistanceApps/sha256Example.assistanceApp', '10', 'AssistanceApps/runtimeIO/14299786536529773a4fa1a8879c97c89ee5fdfcaf7823f6db0a9956ed27dfb3fd3a1a4bb34dd40c/experimentData.dat', '14299786536529773a4fa1a8879c97c89ee5fdfcaf7823f6db0a9956ed27dfb3fd3a1a4bb34dd40c', '60000 -verbose 20000']
FINISHED
1429978655.14
0
AssistanceApps/runtimeIO/14299786536529773a4fa1a8879c97c89ee5fdfcaf7823f6db0a9956ed27dfb3fd3a1a4bb34dd40c/14299786536529773a4fa1a8879c97c89ee5fdfcaf7823f6db0a9956ed27dfb3fd3a1a4bb34dd40c-stdout.dat
AssistanceApps/runtimeIO/14299786536529773a4fa1a8879c97c89ee5fdfcaf7823f6db0a9956ed27dfb3fd3a1a4bb34dd40c/14299786536529773a4fa1a8879c97c89ee5fdfcaf7823f6db0a9956ed27dfb3fd3a1a4bb34dd40c-stderr.dat

1429978653.65	DRAFT
1429978653.65	WAITING
1429978654.66	 CPU=1.5	 mem={'swap': 0.0, 'virtual': 0.0, 'physical': 18.1}	 freeDisk=40.4G
1429978654.66	GATHERING
1429978654.67	DATA READY
1429978654.67	STANDBY
1429978654.67	PERFORMING_LOCAL
1429978655.14	COMPLETED_LOCAL
1429978655.14	READY
1429978655.17	SENDING_DATA
1429978655.17	FINISHED
<END>
<BEGIN>
14299786536566833a4fa1a8879c97c89ee5fdfcaf7823f6db0a9956ed27dfb3fd3a1a4bb34dd40c
0123456789ABCDEF
1429978653.65
SHA256_TEST
60000 -verbose 20000
['AssistanceApps/runtimeIO/14299786536566833a4fa1a8879c97c89ee5fdfcaf7823f6db0a9956ed27dfb3fd3a1a4bb34dd40c/experimentData.dat']
['AssistanceApps/sha256Example.assistanceApp', '10', 'AssistanceApps/runtimeIO/14299786536566833a4fa1a8879c97c89ee5fdfcaf7823f6db0a9956ed27dfb3fd3a1a4bb34dd40c/experimentData.dat', '14299786536566833a4fa1a8879c97c89ee5fdfcaf7823f6db0a9956ed27dfb3fd3a1a4bb34dd40c', '60000 -verbose 20000']
FINISHED
1429978655.15
0
AssistanceApps/runtimeIO/14299786536566833a4fa1a8879c97c89ee5fdfcaf7823f6db0a9956ed27dfb3fd3a1a4bb34dd40c/14299786536566833a4fa1a8879c97c89ee5fdfcaf7823f6db0a9956ed27dfb3fd3a1a4bb34dd40c-stdout.dat
AssistanceApps/runtimeIO/14299786536566833a4fa1a8879c97c89ee5fdfcaf7823f6db0a9956ed27dfb3fd3a1a4bb34dd40c/14299786536566833a4fa1a8879c97c89ee5fdfcaf7823f6db0a9956ed27dfb3fd3a1a4bb34dd40c-stderr.dat

1429978653.65	DRAFT
1429978653.65	WAITING
1429978654.66	 CPU=1.5	 mem={'swap': 0.0, 'virtual': 0.0, 'physical': 18.1}	 freeDisk=40.4G
1429978654.66	GATHERING
1429978654.67	DATA READY
1429978654.67	STANDBY
1429978654.67	PERFORMING_LOCAL
1429978655.15	COMPLETED_LOCAL
1429978655.15	READY
1429978655.17	SENDING_DATA
1429978655.17	FINISHED
<END>
<BEGIN>
1429978653663947cdc1f36de9d24b5bfaf3f30a9ccb6fd9ce01c632329f2f882c49d648efcadd53
0123456789ABCDEF
1429978653.66
WEKA_3_6_12
weka.classifiers.trees.J48 -t
['AssistanceApps/runtimeIO/1429978653663947cdc1f36de9d24b5bfaf3f30a9ccb6fd9ce01c632329f2f882c49d648efcadd53/weather.nominal.arff']
['AssistanceApps/assistanceWEKA.assistanceApp', '10', 'AssistanceApps/runtimeIO/1429978653663947cdc1f36de9d24b5bfaf3f30a9ccb6fd9ce01c632329f2f882c49d648efcadd53/weather.nominal.arff', '1429978653663947cdc1f36de9d24b5bfaf3f30a9ccb6fd9ce01c632329f2f882c49d648efcadd53', 'weka.classifiers.trees.J48 -t']
FINISHED
1429978654.84
0
AssistanceApps/runtimeIO/1429978653663947cdc1f36de9d24b5bfaf3f30a9ccb6fd9ce01c632329f2f882c49d648efcadd53/1429978653663947cdc1f36de9d24b5bfaf3f30a9ccb6fd9ce01c632329f2f882c49d648efcadd53-stdout.dat
AssistanceApps/runtimeIO/1429978653663947cdc1f36de9d24b5bfaf3f30a9ccb6fd9ce01c632329f2f882c49d648efcadd53/1429978653663947cdc1f36de9d24b5bfaf3f30a9ccb6fd9ce01c632329f2f882c49d648efcadd53-stderr.dat

1429978653.66	DRAFT
1429978653.66	WAITING
1429978654.66	 CPU=1.0	 mem={'swap': 0.0, 'virtual': 0.0, 'physical': 18.1}	 freeDisk=40.4G
1429978654.66	GATHERING
1429978654.67	DATA READY
1429978654.67	STANDBY
1429978654.67	PERFORMING_LOCAL
1429978654.84	COMPLETED_LOCAL
1429978654.84	READY
1429978654.93	SENDING_DATA
1429978654.93	FINISHED
<END>
<BEGIN>
1429978653663815ff77502535a3e428a4fede17ba170c132aec01ba14b36e437fb5c98a30034cf7
0123456789ABCDEF
1429978653.66
WEKA_3_6_12
weka.classifiers.trees.J48 -t
['AssistanceApps/runtimeIO/1429978653663815ff77502535a3e428a4fede17ba170c132aec01ba14b36e437fb5c98a30034cf7/weather.numeric.arff']
['AssistanceApps/assistanceWEKA.assistanceApp', '10', 'AssistanceApps/runtimeIO/1429978653663815ff77502535a3e428a4fede17ba170c132aec01ba14b36e437fb5c98a30034cf7/weather.numeric.arff', '1429978653663815ff77502535a3e428a4fede17ba170c132aec01ba14b36e437fb5c98a30034cf7', 'weka.classifiers.trees.J48 -t']
FINISHED
1429978654.81
0
AssistanceApps/runtimeIO/1429978653663815ff77502535a3e428a4fede17ba170c132aec01ba14b36e437fb5c98a30034cf7/1429978653663815ff77502535a3e428a4fede17ba170c132aec01ba14b36e437fb5c98a30034cf7-stdout.dat
AssistanceApps/runtimeIO/1429978653663815ff77502535a3e428a4fede17ba170c132aec01ba14b36e437fb5c98a30034cf7/1429978653663815ff77502535a3e428a4fede17ba170c132aec01ba14b36e437fb5c98a30034cf7-stderr.dat

1429978653.66	DRAFT
1429978653.66	WAITING
1429978654.66	 CPU=1.0	 mem={'swap': 0.0, 'virtual': 0.0, 'physical': 18.1}	 freeDisk=40.4G
1429978654.66	GATHERING
1429978654.67	DATA READY
1429978654.67	STANDBY
1429978654.67	PERFORMING_LOCAL
1429978654.81	COMPLETED_LOCAL
1429978654.81	READY
1429978654.93	SENDING_DATA
1429978654.93	FINISHED
<END>
<BEGIN>
142997865365412773de07f7830d2a5bd9120fb2a9853ecdec28a60fd0c51777fe09036176410a3f
0123456789ABCDEF
1429978653.65
LOCAL_ECHO_TEST
HeII0, W0r1d!!!111!
[]
['AssistanceApps/echoInAllCaps.assistanceApp', '10', '', '142997865365412773de07f7830d2a5bd9120fb2a9853ecdec28a60fd0c51777fe09036176410a3f', 'HeII0, W0r1d!!!111!']
READY
1429978654.66
0
HEII0, W0R1D!!!111!



1429978653.65	DRAFT
1429978653.65	WAITING
1429978654.65	 CPU=1.5	 mem={'swap': 0.0, 'virtual': 0.0, 'physical': 18.1}	 freeDisk=40.4G
1429978654.65	DATA READY
1429978654.65	STANDBY
1429978654.65	PERFORMING_LOCAL
1429978654.66	COMPLETED_LOCAL
1429978654.66	READY
<END>