
<BEGIN>
1430181984557496f78ce2e9a1e0627861184d50bb68f079c0ab6b95dec284c73df723cb9cf73809
0123456789ABCDEF
1430181984.55
SHA256_TEST
60000 -verbose 20000
['AssistanceApps/runtimeIO/1430181984557496f78ce2e9a1e0627861184d50bb68f079c0ab6b95dec284c73df723cb9cf73809/experimentData.dat']
['AssistanceApps/sha256Example.assistanceApp', '10', 'AssistanceApps/runtimeIO/1430181984557496f78ce2e9a1e0627861184d50bb68f079c0ab6b95dec284c73df723cb9cf73809/experimentData.dat', '1430181984557496f78ce2e9a1e0627861184d50bb68f079c0ab6b95dec284c73df723cb9cf73809', '60000 -verbose 20000']
FINISHED
1430181986.04
0
AssistanceApps/runtimeIO/1430181984557496f78ce2e9a1e0627861184d50bb68f079c0ab6b95dec284c73df723cb9cf73809/1430181984557496f78ce2e9a1e0627861184d50bb68f079c0ab6b95dec284c73df723cb9cf73809-stdout.dat
AssistanceApps/runtimeIO/1430181984557496f78ce2e9a1e0627861184d50bb68f079c0ab6b95dec284c73df723cb9cf73809/1430181984557496f78ce2e9a1e0627861184d50bb68f079c0ab6b95dec284c73df723cb9cf73809-stderr.dat

1430181984.55	DRAFT
1430181984.55	WAITING
1430181985.55	 CPU=1.75	 mem={'swap': 0.0, 'virtual': 0.0, 'physical': 18.1}	 freeDisk=40.3G
1430181985.55	GATHERING
1430181985.57	DATA READY
1430181985.57	STANDBY
1430181985.57	PERFORMING_LOCAL
1430181986.04	COMPLETED_LOCAL
1430181986.04	READY
1430181986.08	SENDING_DATA
1430181986.08	FINISHED
<END>
<BEGIN>
143018198451769484c836295ae6aacf37a4da207cebb6c16f6e03c5edd591910f1123aa5c214f85
0123456789ABCDEF
1430181984.51
LOCAL_ECHO_TEST
HeII0, W0r1d!!!111!
[]
['AssistanceApps/echoInAllCaps.assistanceApp', '10', '', '143018198451769484c836295ae6aacf37a4da207cebb6c16f6e03c5edd591910f1123aa5c214f85', 'HeII0, W0r1d!!!111!']
READY
1430181985.51
0
HEII0, W0R1D!!!111!



1430181984.51	DRAFT
1430181984.51	WAITING
1430181985.51	 CPU=2.0	 mem={'swap': 0.0, 'virtual': 0.0, 'physical': 18.1}	 freeDisk=40.3G
1430181985.51	DATA READY
1430181985.51	STANDBY
1430181985.51	PERFORMING_LOCAL
1430181985.51	COMPLETED_LOCAL
1430181985.51	READY
<END>
<BEGIN>
1430181984555372f78ce2e9a1e0627861184d50bb68f079c0ab6b95dec284c73df723cb9cf73809
0123456789ABCDEF
1430181984.55
SHA256_TEST
60000 -verbose 20000
['AssistanceApps/runtimeIO/1430181984555372f78ce2e9a1e0627861184d50bb68f079c0ab6b95dec284c73df723cb9cf73809/experimentData.dat']
['AssistanceApps/sha256Example.assistanceApp', '10', 'AssistanceApps/runtimeIO/1430181984555372f78ce2e9a1e0627861184d50bb68f079c0ab6b95dec284c73df723cb9cf73809/experimentData.dat', '1430181984555372f78ce2e9a1e0627861184d50bb68f079c0ab6b95dec284c73df723cb9cf73809', '60000 -verbose 20000']
FINISHED
1430181986.04
0
AssistanceApps/runtimeIO/1430181984555372f78ce2e9a1e0627861184d50bb68f079c0ab6b95dec284c73df723cb9cf73809/1430181984555372f78ce2e9a1e0627861184d50bb68f079c0ab6b95dec284c73df723cb9cf73809-stdout.dat
AssistanceApps/runtimeIO/1430181984555372f78ce2e9a1e0627861184d50bb68f079c0ab6b95dec284c73df723cb9cf73809/1430181984555372f78ce2e9a1e0627861184d50bb68f079c0ab6b95dec284c73df723cb9cf73809-stderr.dat

1430181984.55	DRAFT
1430181984.55	WAITING
1430181985.55	 CPU=1.75	 mem={'swap': 0.0, 'virtual': 0.0, 'physical': 18.1}	 freeDisk=40.3G
1430181985.55	GATHERING
1430181985.56	DATA READY
1430181985.56	STANDBY
1430181985.56	PERFORMING_LOCAL
1430181986.04	COMPLETED_LOCAL
1430181986.04	READY
1430181986.08	SENDING_DATA
1430181986.08	FINISHED
<END>
<BEGIN>
1430181984557477c84b611e2b575f99b45e77a9b71521fedcccca0ca11129cb11bedae9a73fbdb
0123456789ABCDEF
1430181984.5
LOCAL_ECHO_TEST
Hello World
[]
['AssistanceApps/echoInAllCaps.assistanceApp', '10', '', '1430181984557477c84b611e2b575f99b45e77a9b71521fedcccca0ca11129cb11bedae9a73fbdb', 'Hello World']
READY
1430181985.51
0
HELLO WORLD



1430181984.5	DRAFT
1430181984.5	WAITING
1430181985.51	 CPU=2.25	 mem={'swap': 0.0, 'virtual': 0.0, 'physical': 18.1}	 freeDisk=40.3G
1430181985.51	DATA READY
1430181985.51	STANDBY
1430181985.51	PERFORMING_LOCAL
1430181985.51	COMPLETED_LOCAL
1430181985.51	READY
<END>
<BEGIN>
1430181984551168b415fac99fe7e46f103f10686ba276076e44b1b21192ae8de40c5fa4627f16c7
0123456789ABCDEF
1430181984.53
WEKA_3_6_12
weka.classifiers.trees.J48 -t
['AssistanceApps/runtimeIO/1430181984551168b415fac99fe7e46f103f10686ba276076e44b1b21192ae8de40c5fa4627f16c7/weather.nominal.arff']
['AssistanceApps/assistanceWEKA.assistanceApp', '10', 'AssistanceApps/runtimeIO/1430181984551168b415fac99fe7e46f103f10686ba276076e44b1b21192ae8de40c5fa4627f16c7/weather.nominal.arff', '1430181984551168b415fac99fe7e46f103f10686ba276076e44b1b21192ae8de40c5fa4627f16c7', 'weka.classifiers.trees.J48 -t']
FINISHED
1430181985.75
0
AssistanceApps/runtimeIO/1430181984551168b415fac99fe7e46f103f10686ba276076e44b1b21192ae8de40c5fa4627f16c7/1430181984551168b415fac99fe7e46f103f10686ba276076e44b1b21192ae8de40c5fa4627f16c7-stdout.dat
AssistanceApps/runtimeIO/1430181984551168b415fac99fe7e46f103f10686ba276076e44b1b21192ae8de40c5fa4627f16c7/1430181984551168b415fac99fe7e46f103f10686ba276076e44b1b21192ae8de40c5fa4627f16c7-stderr.dat

1430181984.53	DRAFT
1430181984.55	WAITING
1430181985.55	 CPU=1.75	 mem={'swap': 0.0, 'virtual': 0.0, 'physical': 18.1}	 freeDisk=40.3G
1430181985.55	GATHERING
1430181985.57	DATA READY
1430181985.57	STANDBY
1430181985.57	PERFORMING_LOCAL
1430181985.75	COMPLETED_LOCAL
1430181985.75	READY
1430181985.83	SENDING_DATA
1430181985.83	FINISHED
<END>
<BEGIN>
1430181984517576edf9ddf827127056b987d4d61aa4a010a1e45b664d8314dccbad32e1353a9926
0123456789ABCDEF
1430181984.51
LOCAL_ECHO_TEST
Hello, World!
[]
['AssistanceApps/echoInAllCaps.assistanceApp', '10', '', '1430181984517576edf9ddf827127056b987d4d61aa4a010a1e45b664d8314dccbad32e1353a9926', 'Hello, World!']
READY
1430181985.51
0
HELLO, WORLD!



1430181984.51	DRAFT
1430181984.51	WAITING
1430181985.51	 CPU=2.25	 mem={'swap': 0.0, 'virtual': 0.0, 'physical': 18.1}	 freeDisk=40.3G
1430181985.51	DATA READY
1430181985.51	STANDBY
1430181985.51	PERFORMING_LOCAL
1430181985.51	COMPLETED_LOCAL
1430181985.51	READY
<END>
<BEGIN>
1430181984555373937678746fd63b14a3365736631b18dde576ccded5c0116c0403c245916f8e0c
0123456789ABCDEF
1430181984.55
WEKA_3_6_12
weka.classifiers.trees.J48 -t
['AssistanceApps/runtimeIO/1430181984555373937678746fd63b14a3365736631b18dde576ccded5c0116c0403c245916f8e0c/weather.numeric.arff']
['AssistanceApps/assistanceWEKA.assistanceApp', '10', 'AssistanceApps/runtimeIO/1430181984555373937678746fd63b14a3365736631b18dde576ccded5c0116c0403c245916f8e0c/weather.numeric.arff', '1430181984555373937678746fd63b14a3365736631b18dde576ccded5c0116c0403c245916f8e0c', 'weka.classifiers.trees.J48 -t']
FINISHED
1430181985.71
0
AssistanceApps/runtimeIO/1430181984555373937678746fd63b14a3365736631b18dde576ccded5c0116c0403c245916f8e0c/1430181984555373937678746fd63b14a3365736631b18dde576ccded5c0116c0403c245916f8e0c-stdout.dat
AssistanceApps/runtimeIO/1430181984555373937678746fd63b14a3365736631b18dde576ccded5c0116c0403c245916f8e0c/1430181984555373937678746fd63b14a3365736631b18dde576ccded5c0116c0403c245916f8e0c-stderr.dat

1430181984.55	DRAFT
1430181984.55	WAITING
1430181985.55	 CPU=1.75	 mem={'swap': 0.0, 'virtual': 0.0, 'physical': 18.2}	 freeDisk=40.3G
1430181985.55	GATHERING
1430181985.57	DATA READY
1430181985.57	STANDBY
1430181985.57	PERFORMING_LOCAL
1430181985.71	COMPLETED_LOCAL
1430181985.71	READY
1430181985.83	SENDING_DATA
1430181985.83	FINISHED
<END>