
<BEGIN>
1429979799474048b624858326e3061d3263459b2d777c464046d018546e23817dcbcc976cb7ccdd
0123456789ABCDEF
1429979799.47
LOCAL_ECHO_TEST
HeII0, W0r1d!!!111!
[]
['AssistanceApps/echoInAllCaps.assistanceApp', '10', '', '1429979799474048b624858326e3061d3263459b2d777c464046d018546e23817dcbcc976cb7ccdd', 'HeII0, W0r1d!!!111!']
READY
1429979800.48
0
HEII0, W0R1D!!!111!



1429979799.47	DRAFT
1429979799.47	WAITING
1429979800.47	 CPU=1.75	 mem={'swap': 0.0, 'virtual': 0.0, 'physical': 18.4}	 freeDisk=40.1G
1429979800.47	DATA READY
1429979800.47	STANDBY
1429979800.47	PERFORMING_LOCAL
1429979800.48	COMPLETED_LOCAL
1429979800.48	READY
<END>
<BEGIN>
1429979799475329257aa6412094feafa63eb6e32b4bc304c53a9f26914704c8906ac033cc4c9bcb
0123456789ABCDEF
1429979799.47
LOCAL_ECHO_TEST
Hello World
[]
['AssistanceApps/echoInAllCaps.assistanceApp', '10', '', '1429979799475329257aa6412094feafa63eb6e32b4bc304c53a9f26914704c8906ac033cc4c9bcb', 'Hello World']
READY
1429979800.47
0
HELLO WORLD



1429979799.47	DRAFT
1429979799.47	WAITING
1429979800.47	 CPU=1.75	 mem={'swap': 0.0, 'virtual': 0.0, 'physical': 18.4}	 freeDisk=40.1G
1429979800.47	DATA READY
1429979800.47	STANDBY
1429979800.47	PERFORMING_LOCAL
1429979800.47	COMPLETED_LOCAL
1429979800.47	READY
<END>
<BEGIN>
1429979799479252bce564ddc84f5dc61b3196355348978a25881bff73df301e0ddb212991676829
0123456789ABCDEF
1429979799.47
SHA256_TEST
60000 -verbose 20000
['AssistanceApps/runtimeIO/1429979799479252bce564ddc84f5dc61b3196355348978a25881bff73df301e0ddb212991676829/experimentData.dat']
['AssistanceApps/sha256Example.assistanceApp', '10', 'AssistanceApps/runtimeIO/1429979799479252bce564ddc84f5dc61b3196355348978a25881bff73df301e0ddb212991676829/experimentData.dat', '1429979799479252bce564ddc84f5dc61b3196355348978a25881bff73df301e0ddb212991676829', '60000 -verbose 20000']
FINISHED
1429979800.97
0
AssistanceApps/runtimeIO/1429979799479252bce564ddc84f5dc61b3196355348978a25881bff73df301e0ddb212991676829/1429979799479252bce564ddc84f5dc61b3196355348978a25881bff73df301e0ddb212991676829-stdout.dat
AssistanceApps/runtimeIO/1429979799479252bce564ddc84f5dc61b3196355348978a25881bff73df301e0ddb212991676829/1429979799479252bce564ddc84f5dc61b3196355348978a25881bff73df301e0ddb212991676829-stderr.dat

1429979799.47	DRAFT
1429979799.47	WAITING
1429979800.48	 CPU=1.75	 mem={'swap': 0.0, 'virtual': 0.0, 'physical': 18.4}	 freeDisk=40.1G
1429979800.48	GATHERING
1429979800.49	DATA READY
1429979800.49	STANDBY
1429979800.49	PERFORMING_LOCAL
1429979800.97	COMPLETED_LOCAL
1429979800.97	READY
1429979801.0	SENDING_DATA
1429979801.0	FINISHED
<END>
<BEGIN>
142997979948743917caef2d0e3b9159c0135ebbc899b834828144b8f5b5ad3a85f4584bfff1688a
0123456789ABCDEF
1429979799.48
WEKA_3_6_12
weka.classifiers.trees.J48 -t
['AssistanceApps/runtimeIO/142997979948743917caef2d0e3b9159c0135ebbc899b834828144b8f5b5ad3a85f4584bfff1688a/weather.numeric.arff']
['AssistanceApps/assistanceWEKA.assistanceApp', '10', 'AssistanceApps/runtimeIO/142997979948743917caef2d0e3b9159c0135ebbc899b834828144b8f5b5ad3a85f4584bfff1688a/weather.numeric.arff', '142997979948743917caef2d0e3b9159c0135ebbc899b834828144b8f5b5ad3a85f4584bfff1688a', 'weka.classifiers.trees.J48 -t']
FINISHED
1429979800.67
0
AssistanceApps/runtimeIO/142997979948743917caef2d0e3b9159c0135ebbc899b834828144b8f5b5ad3a85f4584bfff1688a/142997979948743917caef2d0e3b9159c0135ebbc899b834828144b8f5b5ad3a85f4584bfff1688a-stdout.dat
AssistanceApps/runtimeIO/142997979948743917caef2d0e3b9159c0135ebbc899b834828144b8f5b5ad3a85f4584bfff1688a/142997979948743917caef2d0e3b9159c0135ebbc899b834828144b8f5b5ad3a85f4584bfff1688a-stderr.dat

1429979799.48	DRAFT
1429979799.48	WAITING
1429979800.48	 CPU=1.5	 mem={'swap': 0.0, 'virtual': 0.0, 'physical': 18.5}	 freeDisk=40.1G
1429979800.48	GATHERING
1429979800.49	DATA READY
1429979800.49	STANDBY
1429979800.49	PERFORMING_LOCAL
1429979800.67	COMPLETED_LOCAL
1429979800.67	READY
1429979800.75	SENDING_DATA
1429979800.75	FINISHED
<END>
<BEGIN>
1429979799472915854db5d104e9a78ed18e89f80b66baa9af64698a6f70a8137b78d65b30dd8dc0
0123456789ABCDEF
1429979799.47
LOCAL_ECHO_TEST
Hello, World!
[]
['AssistanceApps/echoInAllCaps.assistanceApp', '10', '', '1429979799472915854db5d104e9a78ed18e89f80b66baa9af64698a6f70a8137b78d65b30dd8dc0', 'Hello, World!']
READY
1429979800.48
0
HELLO, WORLD!



1429979799.47	DRAFT
1429979799.47	WAITING
1429979800.47	 CPU=1.75	 mem={'swap': 0.0, 'virtual': 0.0, 'physical': 18.4}	 freeDisk=40.1G
1429979800.47	DATA READY
1429979800.47	STANDBY
1429979800.47	PERFORMING_LOCAL
1429979800.48	COMPLETED_LOCAL
1429979800.48	READY
<END>
<BEGIN>
14299797994895733d20c39b1267d7b76f8a66c16d583a98790b42bb179ed3d85aee2f06874a4238
0123456789ABCDEF
1429979799.48
SHA256_TEST
60000 -verbose 20000
['AssistanceApps/runtimeIO/14299797994895733d20c39b1267d7b76f8a66c16d583a98790b42bb179ed3d85aee2f06874a4238/experimentData.dat']
['AssistanceApps/sha256Example.assistanceApp', '10', 'AssistanceApps/runtimeIO/14299797994895733d20c39b1267d7b76f8a66c16d583a98790b42bb179ed3d85aee2f06874a4238/experimentData.dat', '14299797994895733d20c39b1267d7b76f8a66c16d583a98790b42bb179ed3d85aee2f06874a4238', '60000 -verbose 20000']
FINISHED
1429979800.96
0
AssistanceApps/runtimeIO/14299797994895733d20c39b1267d7b76f8a66c16d583a98790b42bb179ed3d85aee2f06874a4238/14299797994895733d20c39b1267d7b76f8a66c16d583a98790b42bb179ed3d85aee2f06874a4238-stdout.dat
AssistanceApps/runtimeIO/14299797994895733d20c39b1267d7b76f8a66c16d583a98790b42bb179ed3d85aee2f06874a4238/14299797994895733d20c39b1267d7b76f8a66c16d583a98790b42bb179ed3d85aee2f06874a4238-stderr.dat

1429979799.48	DRAFT
1429979799.48	WAITING
1429979800.48	 CPU=1.5	 mem={'swap': 0.0, 'virtual': 0.0, 'physical': 18.5}	 freeDisk=40.1G
1429979800.48	GATHERING
1429979800.49	DATA READY
1429979800.49	STANDBY
1429979800.49	PERFORMING_LOCAL
1429979800.96	COMPLETED_LOCAL
1429979800.96	READY
1429979801.0	SENDING_DATA
1429979801.0	FINISHED
<END>
<BEGIN>
14299797994772400f94429c1a09719561d314048a84d8c0848af4a01fe94b22eab38c4cc190cb07
0123456789ABCDEF
1429979799.47
WEKA_3_6_12
weka.classifiers.trees.J48 -t
['AssistanceApps/runtimeIO/14299797994772400f94429c1a09719561d314048a84d8c0848af4a01fe94b22eab38c4cc190cb07/weather.nominal.arff']
['AssistanceApps/assistanceWEKA.assistanceApp', '10', 'AssistanceApps/runtimeIO/14299797994772400f94429c1a09719561d314048a84d8c0848af4a01fe94b22eab38c4cc190cb07/weather.nominal.arff', '14299797994772400f94429c1a09719561d314048a84d8c0848af4a01fe94b22eab38c4cc190cb07', 'weka.classifiers.trees.J48 -t']
FINISHED
1429979800.65
0
AssistanceApps/runtimeIO/14299797994772400f94429c1a09719561d314048a84d8c0848af4a01fe94b22eab38c4cc190cb07/14299797994772400f94429c1a09719561d314048a84d8c0848af4a01fe94b22eab38c4cc190cb07-stdout.dat
AssistanceApps/runtimeIO/14299797994772400f94429c1a09719561d314048a84d8c0848af4a01fe94b22eab38c4cc190cb07/14299797994772400f94429c1a09719561d314048a84d8c0848af4a01fe94b22eab38c4cc190cb07-stderr.dat

1429979799.47	DRAFT
1429979799.47	WAITING
1429979800.48	 CPU=1.5	 mem={'swap': 0.0, 'virtual': 0.0, 'physical': 18.5}	 freeDisk=40.1G
1429979800.48	GATHERING
1429979800.49	DATA READY
1429979800.49	STANDBY
1429979800.49	PERFORMING_LOCAL
1429979800.65	COMPLETED_LOCAL
1429979800.65	READY
1429979800.75	SENDING_DATA
1429979800.75	FINISHED
<END>