WatchdogThread<TestFunctionality>:::Test Echo to  has ended successfully.
WatchdogThread<TestFunctionality>:::Test SHA256LocalFile to  has ended successfully.
WatchdogThread<TestFunctionality>:::Test SHA256FTP to  has ended successfully.
WatchdogThread<TestFunctionality>:::Test WEKAfunctionality to  has ended successfully.

<BEGIN><Echo><>
Tickets: 
14299772009595526eda1a7c44775f473d9d43d1cb26aa7bc9a69c3fc64fd4229a5293f6e85f604f
1429977200950297ae7902e54b249a69375e2ebc2d1112f1a3b6cebb116fc284a80fc62f6c25b5d7
14299772009502572f82fa2675282b5bf6d74477e35c5af8c66d5afd68b97b60a23edb09557fd333
Status: 
WAITING
WAITING
WAITING
Synch: 
HELLO WORLD
HELLO, WORLD!
HEII0, W0R1D!!!111!
<END>

<BEGIN><SHA256LocalFile><127.0.0.1>
Tickets: 
1429977200958567f57ec1481e5b91fc555c573ce9af27bcd546bad9bbc6f04940246af02c5dae4b
1429977200950206f57ec1481e5b91fc555c573ce9af27bcd546bad9bbc6f04940246af02c5dae4b
Status: 
WAITING
WAITING
Synch: 
AssistanceApps/runtimeIO/1429977200958567f57ec1481e5b91fc555c573ce9af27bcd546bad9bbc6f04940246af02c5dae4b/1429977200958567f57ec1481e5b91fc555c573ce9af27bcd546bad9bbc6f04940246af02c5dae4b-stdout.dat
AssistanceApps/runtimeIO/1429977200958567f57ec1481e5b91fc555c573ce9af27bcd546bad9bbc6f04940246af02c5dae4b/1429977200958567f57ec1481e5b91fc555c573ce9af27bcd546bad9bbc6f04940246af02c5dae4b-stderr.dat
AssistanceApps/runtimeIO/1429977200950206f57ec1481e5b91fc555c573ce9af27bcd546bad9bbc6f04940246af02c5dae4b/1429977200950206f57ec1481e5b91fc555c573ce9af27bcd546bad9bbc6f04940246af02c5dae4b-stdout.dat
AssistanceApps/runtimeIO/1429977200950206f57ec1481e5b91fc555c573ce9af27bcd546bad9bbc6f04940246af02c5dae4b/1429977200950206f57ec1481e5b91fc555c573ce9af27bcd546bad9bbc6f04940246af02c5dae4b-stderr.dat
<END>

<BEGIN><SHA256FTP><>
Tickets: 
1429977200959236572bcde55d8d91d1bb8dbe23f81a17909926cc07ddc13779150ee22498122bda
1429977200955055572bcde55d8d91d1bb8dbe23f81a17909926cc07ddc13779150ee22498122bda
Status: 
WAITING
WAITING
Submitting data 
Synch: 
testsResults/1429977200959236572bcde55d8d91d1bb8dbe23f81a17909926cc07ddc13779150ee22498122bda-stdout.dat
testsResults/1429977200959236572bcde55d8d91d1bb8dbe23f81a17909926cc07ddc13779150ee22498122bda-stderr.dat
testsResults/1429977200955055572bcde55d8d91d1bb8dbe23f81a17909926cc07ddc13779150ee22498122bda-stdout.dat
testsResults/1429977200955055572bcde55d8d91d1bb8dbe23f81a17909926cc07ddc13779150ee22498122bda-stderr.dat
<END>

<BEGIN><WEKA><>
Tickets: 
142997720095749725eb1dc8a404caf55b931f80401a09d4116dbc58ed6fa3ece6bc2d2fe9bb9993
14299772009585428dd510f76896eae1066d220db468cf5bf034c8e856907e205e4547f90f738529
Status: 
WAITING
WAITING
Submitting data 
Synch: 
testsResults/142997720095749725eb1dc8a404caf55b931f80401a09d4116dbc58ed6fa3ece6bc2d2fe9bb9993-stdout.dat
testsResults/142997720095749725eb1dc8a404caf55b931f80401a09d4116dbc58ed6fa3ece6bc2d2fe9bb9993-stderr.dat
testsResults/14299772009585428dd510f76896eae1066d220db468cf5bf034c8e856907e205e4547f90f738529-stdout.dat
testsResults/14299772009585428dd510f76896eae1066d220db468cf5bf034c8e856907e205e4547f90f738529-stderr.dat
<END>
