
<BEGIN>
14299785635638945ad8f15cb40c784fb9c7cda25e81521f94925ea95a3e8b86440983d3e1733936
0123456789ABCDEF
1429978563.56
SHA256_TEST
60000 -verbose 20000
['testsData/experimentData.dat']
['AssistanceApps/sha256Example.assistanceApp', '10', 'testsData/experimentData.dat', '14299785635638945ad8f15cb40c784fb9c7cda25e81521f94925ea95a3e8b86440983d3e1733936', '60000 -verbose 20000']
READY
1429978564.59
0
AssistanceApps/runtimeIO/14299785635638945ad8f15cb40c784fb9c7cda25e81521f94925ea95a3e8b86440983d3e1733936/14299785635638945ad8f15cb40c784fb9c7cda25e81521f94925ea95a3e8b86440983d3e1733936-stdout.dat
AssistanceApps/runtimeIO/14299785635638945ad8f15cb40c784fb9c7cda25e81521f94925ea95a3e8b86440983d3e1733936/14299785635638945ad8f15cb40c784fb9c7cda25e81521f94925ea95a3e8b86440983d3e1733936-stderr.dat

1429978563.56	DRAFT
1429978563.56	WAITING
1429978564.57	 CPU=10.3	 mem={'swap': 0.0, 'virtual': 0.0, 'physical': 28.5}	 freeDisk=40.3G
1429978564.57	GATHERING
1429978564.57	DATA READY
1429978564.57	STANDBY
1429978564.57	PERFORMING_LOCAL
1429978564.59	COMPLETED_LOCAL
1429978564.59	READY
<END>
<BEGIN>
14299785635671875ad8f15cb40c784fb9c7cda25e81521f94925ea95a3e8b86440983d3e1733936
0123456789ABCDEF
1429978563.56
SHA256_TEST
60000 -verbose 20000
['testsData/experimentData.dat']
['AssistanceApps/sha256Example.assistanceApp', '10', 'testsData/experimentData.dat', '14299785635671875ad8f15cb40c784fb9c7cda25e81521f94925ea95a3e8b86440983d3e1733936', '60000 -verbose 20000']
READY
1429978564.58
0
AssistanceApps/runtimeIO/14299785635671875ad8f15cb40c784fb9c7cda25e81521f94925ea95a3e8b86440983d3e1733936/14299785635671875ad8f15cb40c784fb9c7cda25e81521f94925ea95a3e8b86440983d3e1733936-stdout.dat
AssistanceApps/runtimeIO/14299785635671875ad8f15cb40c784fb9c7cda25e81521f94925ea95a3e8b86440983d3e1733936/14299785635671875ad8f15cb40c784fb9c7cda25e81521f94925ea95a3e8b86440983d3e1733936-stderr.dat

1429978563.56	DRAFT
1429978563.56	WAITING
1429978564.57	 CPU=10.075	 mem={'swap': 0.0, 'virtual': 0.0, 'physical': 28.5}	 freeDisk=40.3G
1429978564.57	GATHERING
1429978564.57	DATA READY
1429978564.57	STANDBY
1429978564.57	PERFORMING_LOCAL
1429978564.58	COMPLETED_LOCAL
1429978564.58	READY
<END>
<BEGIN>
14299785035731253c1a448cd7f3be57136b5b1eb70ca1c3421f653215f9109bf3cd2eece981115
0123456789ABCDEF
1429978503.5
SHA256_TEST
60000 -verbose 20000
['testsData/experimentData.dat']
['AssistanceApps/sha256Example.assistanceApp', '10', 'testsData/experimentData.dat', '14299785035731253c1a448cd7f3be57136b5b1eb70ca1c3421f653215f9109bf3cd2eece981115', '60000 -verbose 20000']
READY
1429978504.52
0
AssistanceApps/runtimeIO/14299785035731253c1a448cd7f3be57136b5b1eb70ca1c3421f653215f9109bf3cd2eece981115/14299785035731253c1a448cd7f3be57136b5b1eb70ca1c3421f653215f9109bf3cd2eece981115-stdout.dat
AssistanceApps/runtimeIO/14299785035731253c1a448cd7f3be57136b5b1eb70ca1c3421f653215f9109bf3cd2eece981115/14299785035731253c1a448cd7f3be57136b5b1eb70ca1c3421f653215f9109bf3cd2eece981115-stderr.dat

1429978503.5	DRAFT
1429978503.5	WAITING
1429978504.5	 CPU=12.625	 mem={'swap': 0.0, 'virtual': 0.0, 'physical': 28.5}	 freeDisk=40.3G
1429978504.5	GATHERING
1429978504.5	DATA READY
1429978504.5	STANDBY
1429978504.5	PERFORMING_LOCAL
1429978504.52	COMPLETED_LOCAL
1429978504.52	READY
<END>
<BEGIN>
14299784734736019e79b57975d76c43a7be7b830d5b8c9781d540a22bce402768fd5288004ffa4c
0123456789ABCDEF
1429978473.47
SHA256_TEST
60000 -verbose 20000
['testsData/experimentData.dat']
['AssistanceApps/sha256Example.assistanceApp', '10', 'testsData/experimentData.dat', '14299784734736019e79b57975d76c43a7be7b830d5b8c9781d540a22bce402768fd5288004ffa4c', '60000 -verbose 20000']
READY
1429978474.49
0
AssistanceApps/runtimeIO/14299784734736019e79b57975d76c43a7be7b830d5b8c9781d540a22bce402768fd5288004ffa4c/14299784734736019e79b57975d76c43a7be7b830d5b8c9781d540a22bce402768fd5288004ffa4c-stdout.dat
AssistanceApps/runtimeIO/14299784734736019e79b57975d76c43a7be7b830d5b8c9781d540a22bce402768fd5288004ffa4c/14299784734736019e79b57975d76c43a7be7b830d5b8c9781d540a22bce402768fd5288004ffa4c-stderr.dat

1429978473.47	DRAFT
1429978473.47	WAITING
1429978474.47	 CPU=11.1	 mem={'swap': 0.0, 'virtual': 0.0, 'physical': 28.5}	 freeDisk=40.3G
1429978474.47	GATHERING
1429978474.47	DATA READY
1429978474.47	STANDBY
1429978474.47	PERFORMING_LOCAL
1429978474.49	COMPLETED_LOCAL
1429978474.49	READY
<END>
<BEGIN>
1429978443433786f43724c99c914c6e0075ede2171ba05d80628d2a3feae585151a1c70929909cd
0123456789ABCDEF
1429978443.43
SHA256_TEST
60000 -verbose 20000
['testsData/experimentData.dat']
['AssistanceApps/sha256Example.assistanceApp', '10', 'testsData/experimentData.dat', '1429978443433786f43724c99c914c6e0075ede2171ba05d80628d2a3feae585151a1c70929909cd', '60000 -verbose 20000']
READY
1429978444.46
0
AssistanceApps/runtimeIO/1429978443433786f43724c99c914c6e0075ede2171ba05d80628d2a3feae585151a1c70929909cd/1429978443433786f43724c99c914c6e0075ede2171ba05d80628d2a3feae585151a1c70929909cd-stdout.dat
AssistanceApps/runtimeIO/1429978443433786f43724c99c914c6e0075ede2171ba05d80628d2a3feae585151a1c70929909cd/1429978443433786f43724c99c914c6e0075ede2171ba05d80628d2a3feae585151a1c70929909cd-stderr.dat

1429978443.43	DRAFT
1429978443.43	WAITING
1429978444.44	 CPU=18.1	 mem={'swap': 0.0, 'virtual': 0.0, 'physical': 28.6}	 freeDisk=40.3G
1429978444.44	GATHERING
1429978444.44	DATA READY
1429978444.44	STANDBY
1429978444.44	PERFORMING_LOCAL
1429978444.46	COMPLETED_LOCAL
1429978444.46	READY
<END>
<BEGIN>
142997853353424739b427e549ddac941647c3f64b699752bf55fca44c1ade597780c5faee1121a4
0123456789ABCDEF
1429978533.53
SHA256_TEST
60000 -verbose 20000
['testsData/experimentData.dat']
['AssistanceApps/sha256Example.assistanceApp', '10', 'testsData/experimentData.dat', '142997853353424739b427e549ddac941647c3f64b699752bf55fca44c1ade597780c5faee1121a4', '60000 -verbose 20000']
READY
1429978534.56
0
AssistanceApps/runtimeIO/142997853353424739b427e549ddac941647c3f64b699752bf55fca44c1ade597780c5faee1121a4/142997853353424739b427e549ddac941647c3f64b699752bf55fca44c1ade597780c5faee1121a4-stdout.dat
AssistanceApps/runtimeIO/142997853353424739b427e549ddac941647c3f64b699752bf55fca44c1ade597780c5faee1121a4/142997853353424739b427e549ddac941647c3f64b699752bf55fca44c1ade597780c5faee1121a4-stderr.dat

1429978533.53	DRAFT
1429978533.53	WAITING
1429978534.54	 CPU=10.85	 mem={'swap': 0.0, 'virtual': 0.0, 'physical': 28.5}	 freeDisk=40.3G
1429978534.54	GATHERING
1429978534.54	DATA READY
1429978534.54	STANDBY
1429978534.54	PERFORMING_LOCAL
1429978534.56	COMPLETED_LOCAL
1429978534.56	READY
<END>
<BEGIN>
142997862364989052ee724b6a286680f1c29acd2f3763c4e8aab735e53c15554bda9955f6c473d4
0123456789ABCDEF
1429978623.63
SHA256_TEST
60000 -verbose 20000
['testsData/experimentData.dat']
['AssistanceApps/sha256Example.assistanceApp', '10', 'testsData/experimentData.dat', '142997862364989052ee724b6a286680f1c29acd2f3763c4e8aab735e53c15554bda9955f6c473d4', '60000 -verbose 20000']
READY
1429978624.66
0
AssistanceApps/runtimeIO/142997862364989052ee724b6a286680f1c29acd2f3763c4e8aab735e53c15554bda9955f6c473d4/142997862364989052ee724b6a286680f1c29acd2f3763c4e8aab735e53c15554bda9955f6c473d4-stdout.dat
AssistanceApps/runtimeIO/142997862364989052ee724b6a286680f1c29acd2f3763c4e8aab735e53c15554bda9955f6c473d4/142997862364989052ee724b6a286680f1c29acd2f3763c4e8aab735e53c15554bda9955f6c473d4-stderr.dat

1429978623.63	DRAFT
1429978623.64	WAITING
1429978624.64	 CPU=12.125	 mem={'swap': 0.0, 'virtual': 0.0, 'physical': 28.5}	 freeDisk=40.3G
1429978624.64	GATHERING
1429978624.64	DATA READY
1429978624.64	STANDBY
1429978624.64	PERFORMING_LOCAL
1429978624.66	COMPLETED_LOCAL
1429978624.66	READY
<END>
<BEGIN>
1429978443430422f43724c99c914c6e0075ede2171ba05d80628d2a3feae585151a1c70929909cd
0123456789ABCDEF
1429978443.43
SHA256_TEST
60000 -verbose 20000
['testsData/experimentData.dat']
['AssistanceApps/sha256Example.assistanceApp', '10', 'testsData/experimentData.dat', '1429978443430422f43724c99c914c6e0075ede2171ba05d80628d2a3feae585151a1c70929909cd', '60000 -verbose 20000']
READY
1429978444.45
0
AssistanceApps/runtimeIO/1429978443430422f43724c99c914c6e0075ede2171ba05d80628d2a3feae585151a1c70929909cd/1429978443430422f43724c99c914c6e0075ede2171ba05d80628d2a3feae585151a1c70929909cd-stdout.dat
AssistanceApps/runtimeIO/1429978443430422f43724c99c914c6e0075ede2171ba05d80628d2a3feae585151a1c70929909cd/1429978443430422f43724c99c914c6e0075ede2171ba05d80628d2a3feae585151a1c70929909cd-stderr.dat

1429978443.43	DRAFT
1429978443.43	WAITING
1429978444.44	 CPU=18.15	 mem={'swap': 0.0, 'virtual': 0.0, 'physical': 28.6}	 freeDisk=40.3G
1429978444.44	GATHERING
1429978444.44	DATA READY
1429978444.44	STANDBY
1429978444.44	PERFORMING_LOCAL
1429978444.46	COMPLETED_LOCAL
1429978444.46	READY
<END>
<BEGIN>
1429978503499302d23e310662f161ce886a5150c533a774d40bd9519aa49715dd95e0067bc3b371
0123456789ABCDEF
1429978503.49
SHA256_TEST
60000 -verbose 20000
['testsData/experimentData.dat']
['AssistanceApps/sha256Example.assistanceApp', '10', 'testsData/experimentData.dat', '1429978503499302d23e310662f161ce886a5150c533a774d40bd9519aa49715dd95e0067bc3b371', '60000 -verbose 20000']
READY
1429978504.51
0
AssistanceApps/runtimeIO/1429978503499302d23e310662f161ce886a5150c533a774d40bd9519aa49715dd95e0067bc3b371/1429978503499302d23e310662f161ce886a5150c533a774d40bd9519aa49715dd95e0067bc3b371-stdout.dat
AssistanceApps/runtimeIO/1429978503499302d23e310662f161ce886a5150c533a774d40bd9519aa49715dd95e0067bc3b371/1429978503499302d23e310662f161ce886a5150c533a774d40bd9519aa49715dd95e0067bc3b371-stderr.dat

1429978503.49	DRAFT
1429978503.49	WAITING
1429978504.5	 CPU=12.85	 mem={'swap': 0.0, 'virtual': 0.0, 'physical': 28.5}	 freeDisk=40.3G
1429978504.5	GATHERING
1429978504.5	DATA READY
1429978504.5	STANDBY
1429978504.5	PERFORMING_LOCAL
1429978504.51	COMPLETED_LOCAL
1429978504.52	READY
<END>
<BEGIN>
142997859360563255e4bb8f822058d3a843071a1474d499c0ea2714d1fd9f15645d19a2b4b36e4
0123456789ABCDEF
1429978593.6
SHA256_TEST
60000 -verbose 20000
['testsData/experimentData.dat']
['AssistanceApps/sha256Example.assistanceApp', '10', 'testsData/experimentData.dat', '142997859360563255e4bb8f822058d3a843071a1474d499c0ea2714d1fd9f15645d19a2b4b36e4', '60000 -verbose 20000']
READY
1429978594.62
0
AssistanceApps/runtimeIO/142997859360563255e4bb8f822058d3a843071a1474d499c0ea2714d1fd9f15645d19a2b4b36e4/142997859360563255e4bb8f822058d3a843071a1474d499c0ea2714d1fd9f15645d19a2b4b36e4-stdout.dat
AssistanceApps/runtimeIO/142997859360563255e4bb8f822058d3a843071a1474d499c0ea2714d1fd9f15645d19a2b4b36e4/142997859360563255e4bb8f822058d3a843071a1474d499c0ea2714d1fd9f15645d19a2b4b36e4-stderr.dat

1429978593.6	DRAFT
1429978593.6	WAITING
1429978594.6	 CPU=11.4	 mem={'swap': 0.0, 'virtual': 0.0, 'physical': 28.5}	 freeDisk=40.3G
1429978594.6	GATHERING
1429978594.6	DATA READY
1429978594.6	STANDBY
1429978594.6	PERFORMING_LOCAL
1429978594.62	COMPLETED_LOCAL
1429978594.62	READY
<END>
<BEGIN>
14299784734639493925d698b8a4c94175b3ba2288c8c87eb3774b40b29a01042d89862a351e4e5c
0123456789ABCDEF
1429978473.46
SHA256_TEST
60000 -verbose 20000
['testsData/experimentData.dat']
['AssistanceApps/sha256Example.assistanceApp', '10', 'testsData/experimentData.dat', '14299784734639493925d698b8a4c94175b3ba2288c8c87eb3774b40b29a01042d89862a351e4e5c', '60000 -verbose 20000']
READY
1429978474.49
0
AssistanceApps/runtimeIO/14299784734639493925d698b8a4c94175b3ba2288c8c87eb3774b40b29a01042d89862a351e4e5c/14299784734639493925d698b8a4c94175b3ba2288c8c87eb3774b40b29a01042d89862a351e4e5c-stdout.dat
AssistanceApps/runtimeIO/14299784734639493925d698b8a4c94175b3ba2288c8c87eb3774b40b29a01042d89862a351e4e5c/14299784734639493925d698b8a4c94175b3ba2288c8c87eb3774b40b29a01042d89862a351e4e5c-stderr.dat

1429978473.46	DRAFT
1429978473.46	WAITING
1429978474.47	 CPU=11.125	 mem={'swap': 0.0, 'virtual': 0.0, 'physical': 28.5}	 freeDisk=40.3G
1429978474.47	GATHERING
1429978474.47	DATA READY
1429978474.47	STANDBY
1429978474.47	PERFORMING_LOCAL
1429978474.49	COMPLETED_LOCAL
1429978474.49	READY
<END>
<BEGIN>
142997859368798255e4bb8f822058d3a843071a1474d499c0ea2714d1fd9f15645d19a2b4b36e4
0123456789ABCDEF
1429978593.59
SHA256_TEST
60000 -verbose 20000
['testsData/experimentData.dat']
['AssistanceApps/sha256Example.assistanceApp', '10', 'testsData/experimentData.dat', '142997859368798255e4bb8f822058d3a843071a1474d499c0ea2714d1fd9f15645d19a2b4b36e4', '60000 -verbose 20000']
READY
1429978594.62
0
AssistanceApps/runtimeIO/142997859368798255e4bb8f822058d3a843071a1474d499c0ea2714d1fd9f15645d19a2b4b36e4/142997859368798255e4bb8f822058d3a843071a1474d499c0ea2714d1fd9f15645d19a2b4b36e4-stdout.dat
AssistanceApps/runtimeIO/142997859368798255e4bb8f822058d3a843071a1474d499c0ea2714d1fd9f15645d19a2b4b36e4/142997859368798255e4bb8f822058d3a843071a1474d499c0ea2714d1fd9f15645d19a2b4b36e4-stderr.dat

1429978593.59	DRAFT
1429978593.6	WAITING
1429978594.6	 CPU=11.4	 mem={'swap': 0.0, 'virtual': 0.0, 'physical': 28.5}	 freeDisk=40.3G
1429978594.6	GATHERING
1429978594.6	DATA READY
1429978594.6	STANDBY
1429978594.6	PERFORMING_LOCAL
1429978594.62	COMPLETED_LOCAL
1429978594.62	READY
<END>
<BEGIN>
14299786236310415f1f43e541287def3cc4b4f722c597628b402197b292f387c2d4489ed23aa27f
0123456789ABCDEF
1429978623.63
SHA256_TEST
60000 -verbose 20000
['testsData/experimentData.dat']
['AssistanceApps/sha256Example.assistanceApp', '10', 'testsData/experimentData.dat', '14299786236310415f1f43e541287def3cc4b4f722c597628b402197b292f387c2d4489ed23aa27f', '60000 -verbose 20000']
READY
1429978624.66
0
AssistanceApps/runtimeIO/14299786236310415f1f43e541287def3cc4b4f722c597628b402197b292f387c2d4489ed23aa27f/14299786236310415f1f43e541287def3cc4b4f722c597628b402197b292f387c2d4489ed23aa27f-stdout.dat
AssistanceApps/runtimeIO/14299786236310415f1f43e541287def3cc4b4f722c597628b402197b292f387c2d4489ed23aa27f/14299786236310415f1f43e541287def3cc4b4f722c597628b402197b292f387c2d4489ed23aa27f-stderr.dat

1429978623.63	DRAFT
1429978623.63	WAITING
1429978624.64	 CPU=12.125	 mem={'swap': 0.0, 'virtual': 0.0, 'physical': 28.5}	 freeDisk=40.3G
1429978624.64	GATHERING
1429978624.64	DATA READY
1429978624.64	STANDBY
1429978624.64	PERFORMING_LOCAL
1429978624.66	COMPLETED_LOCAL
1429978624.66	READY
<END>
<BEGIN>
1429978653683042b48869945e0ec5201d6eb105c07ca329b2811b1ccf4cc918e53a8a12984120fe
0123456789ABCDEF
1429978653.68
SHA256_TEST
60000 -verbose 20000
['testsData/experimentData.dat']
['AssistanceApps/sha256Example.assistanceApp', '10', 'testsData/experimentData.dat', '1429978653683042b48869945e0ec5201d6eb105c07ca329b2811b1ccf4cc918e53a8a12984120fe', '60000 -verbose 20000']
READY
1429978654.7
0
AssistanceApps/runtimeIO/1429978653683042b48869945e0ec5201d6eb105c07ca329b2811b1ccf4cc918e53a8a12984120fe/1429978653683042b48869945e0ec5201d6eb105c07ca329b2811b1ccf4cc918e53a8a12984120fe-stdout.dat
AssistanceApps/runtimeIO/1429978653683042b48869945e0ec5201d6eb105c07ca329b2811b1ccf4cc918e53a8a12984120fe/1429978653683042b48869945e0ec5201d6eb105c07ca329b2811b1ccf4cc918e53a8a12984120fe-stderr.dat

1429978653.68	DRAFT
1429978653.68	WAITING
1429978654.68	 CPU=11.85	 mem={'swap': 0.0, 'virtual': 0.0, 'physical': 28.5}	 freeDisk=40.3G
1429978654.68	GATHERING
1429978654.68	DATA READY
1429978654.68	STANDBY
1429978654.68	PERFORMING_LOCAL
1429978654.7	COMPLETED_LOCAL
1429978654.7	READY
<END>
<BEGIN>
1429978653678249a8ebdc707377299c05625161251e2b75cf5811de40248782989ac9d54c99c51d
0123456789ABCDEF
1429978653.67
SHA256_TEST
60000 -verbose 20000
['testsData/experimentData.dat']
['AssistanceApps/sha256Example.assistanceApp', '10', 'testsData/experimentData.dat', '1429978653678249a8ebdc707377299c05625161251e2b75cf5811de40248782989ac9d54c99c51d', '60000 -verbose 20000']
READY
1429978654.7
0
AssistanceApps/runtimeIO/1429978653678249a8ebdc707377299c05625161251e2b75cf5811de40248782989ac9d54c99c51d/1429978653678249a8ebdc707377299c05625161251e2b75cf5811de40248782989ac9d54c99c51d-stdout.dat
AssistanceApps/runtimeIO/1429978653678249a8ebdc707377299c05625161251e2b75cf5811de40248782989ac9d54c99c51d/1429978653678249a8ebdc707377299c05625161251e2b75cf5811de40248782989ac9d54c99c51d-stderr.dat

1429978653.67	DRAFT
1429978653.67	WAITING
1429978654.68	 CPU=11.85	 mem={'swap': 0.0, 'virtual': 0.0, 'physical': 28.5}	 freeDisk=40.3G
1429978654.68	GATHERING
1429978654.68	DATA READY
1429978654.68	STANDBY
1429978654.68	PERFORMING_LOCAL
1429978654.7	COMPLETED_LOCAL
1429978654.7	READY
<END>
<BEGIN>
1429978533544191527c8e887733f273fac1f3dbd5f34488d37d1959b558d3c9bd3f7ba43cf45271
0123456789ABCDEF
1429978533.54
SHA256_TEST
60000 -verbose 20000
['testsData/experimentData.dat']
['AssistanceApps/sha256Example.assistanceApp', '10', 'testsData/experimentData.dat', '1429978533544191527c8e887733f273fac1f3dbd5f34488d37d1959b558d3c9bd3f7ba43cf45271', '60000 -verbose 20000']
READY
1429978534.56
0
AssistanceApps/runtimeIO/1429978533544191527c8e887733f273fac1f3dbd5f34488d37d1959b558d3c9bd3f7ba43cf45271/1429978533544191527c8e887733f273fac1f3dbd5f34488d37d1959b558d3c9bd3f7ba43cf45271-stdout.dat
AssistanceApps/runtimeIO/1429978533544191527c8e887733f273fac1f3dbd5f34488d37d1959b558d3c9bd3f7ba43cf45271/1429978533544191527c8e887733f273fac1f3dbd5f34488d37d1959b558d3c9bd3f7ba43cf45271-stderr.dat

1429978533.54	DRAFT
1429978533.54	WAITING
1429978534.54	 CPU=10.8	 mem={'swap': 0.0, 'virtual': 0.0, 'physical': 28.5}	 freeDisk=40.3G
1429978534.54	GATHERING
1429978534.54	DATA READY
1429978534.54	STANDBY
1429978534.54	PERFORMING_LOCAL
1429978534.56	COMPLETED_LOCAL
1429978534.56	READY
<END>