WatchdogThread<TestFunctionality>:::Test Echo to 10.2.9.11 has ended successfully.
WatchdogThread<TestFunctionality>:::Test SHA256LocalFile to 10.2.9.11 has ended successfully.
WatchdogThread<TestFunctionality>:::Test SHA256FTP to 10.2.9.11 has ended successfully.
WatchdogThread<TestFunctionality>:::Test WEKAfunctionality to 10.2.9.11 has ended successfully.

<BEGIN><Echo><10.2.9.11>
Tickets: 
142997844349925b79499b05d7f670515042c386c6d76a2f2b3013534c32ae574681c9c98246246
142997844345225cea516f3eb2435dd6c7be329f0e33f45bfe64d391dd2f3868c0293f155024100
1429978443420901409586af4699cb3df1991c24f09a6e57ca85209b32193b5a53af324402a27cd
Status: 
WAITING
WAITING
WAITING
Synch: 
HELLO WORLD
HELLO, WORLD!
HEII0, W0R1D!!!111!
<END>

<BEGIN><SHA256LocalFile><127.0.0.1>
Tickets: 
1429978443433786f43724c99c914c6e0075ede2171ba05d80628d2a3feae585151a1c70929909cd
1429978443430422f43724c99c914c6e0075ede2171ba05d80628d2a3feae585151a1c70929909cd
Status: 
WAITING
WAITING
Synch: 
AssistanceApps/runtimeIO/1429978443433786f43724c99c914c6e0075ede2171ba05d80628d2a3feae585151a1c70929909cd/1429978443433786f43724c99c914c6e0075ede2171ba05d80628d2a3feae585151a1c70929909cd-stdout.dat
AssistanceApps/runtimeIO/1429978443433786f43724c99c914c6e0075ede2171ba05d80628d2a3feae585151a1c70929909cd/1429978443433786f43724c99c914c6e0075ede2171ba05d80628d2a3feae585151a1c70929909cd-stderr.dat
AssistanceApps/runtimeIO/1429978443430422f43724c99c914c6e0075ede2171ba05d80628d2a3feae585151a1c70929909cd/1429978443430422f43724c99c914c6e0075ede2171ba05d80628d2a3feae585151a1c70929909cd-stdout.dat
AssistanceApps/runtimeIO/1429978443430422f43724c99c914c6e0075ede2171ba05d80628d2a3feae585151a1c70929909cd/1429978443430422f43724c99c914c6e0075ede2171ba05d80628d2a3feae585151a1c70929909cd-stderr.dat
<END>

<BEGIN><WEKA><10.2.9.11>
Tickets: 
14299784434187238e3f1671262b88658407567c0cba2707aff73351e9fe6e4a4a35bbfdc8d2ff30
1429978443415654be2bca795cca683f5d277425ec148d781a95eb4a51769e254548dbabc185a86e
Status: 
WAITING
WAITING
Submitting data 
Synch: 
testsResults/14299784434187238e3f1671262b88658407567c0cba2707aff73351e9fe6e4a4a35bbfdc8d2ff30-stdout.dat
testsResults/14299784434187238e3f1671262b88658407567c0cba2707aff73351e9fe6e4a4a35bbfdc8d2ff30-stderr.dat
testsResults/1429978443415654be2bca795cca683f5d277425ec148d781a95eb4a51769e254548dbabc185a86e-stdout.dat
testsResults/1429978443415654be2bca795cca683f5d277425ec148d781a95eb4a51769e254548dbabc185a86e-stderr.dat
<END>

<BEGIN><SHA256FTP><10.2.9.11>
Tickets: 
142997844340251cccfec80abddfa89541f9b414d387b2658902172ffe3463a06c7813be4a55e7f
142997844341236934bb1433250c38b8fe75cd120a0cb3ea09cbe1e3506495897edc70bbef9be55d
Status: 
WAITING
WAITING
Submitting data 
Synch: 
testsResults/142997844340251cccfec80abddfa89541f9b414d387b2658902172ffe3463a06c7813be4a55e7f-stdout.dat
testsResults/142997844340251cccfec80abddfa89541f9b414d387b2658902172ffe3463a06c7813be4a55e7f-stderr.dat
testsResults/142997844341236934bb1433250c38b8fe75cd120a0cb3ea09cbe1e3506495897edc70bbef9be55d-stdout.dat
testsResults/142997844341236934bb1433250c38b8fe75cd120a0cb3ea09cbe1e3506495897edc70bbef9be55d-stderr.dat
<END>
WatchdogThread<TestFunctionality>:::Test Echo to 10.2.9.12 has ended successfully.
WatchdogThread<TestFunctionality>:::Test SHA256LocalFile to 10.2.9.12 has ended successfully.
WatchdogThread<TestFunctionality>:::Test SHA256FTP to 10.2.9.12 has ended successfully.
WatchdogThread<TestFunctionality>:::Test WEKAfunctionality to 10.2.9.12 has ended successfully.

<BEGIN><Echo><10.2.9.12>
Tickets: 
1429978473468187f51fc60855778c8b7fa767ea9f18f6954bf74e1018df4aefb9eb289759f35453
1429978473466229a79960487a26184d0fea9b31d306d8fb5257115beadfb81754b1e728921fcdd4
1429978473469632526a9f0567bcd0b77e8871d2fbbe3293e383cd10d7b6154b8aed5ea2eb174aaa
Status: 
WAITING
WAITING
WAITING
Synch: 
HELLO WORLD
HELLO, WORLD!
HEII0, W0R1D!!!111!
<END>

<BEGIN><SHA256LocalFile><127.0.0.1>
Tickets: 
14299784734639493925d698b8a4c94175b3ba2288c8c87eb3774b40b29a01042d89862a351e4e5c
14299784734736019e79b57975d76c43a7be7b830d5b8c9781d540a22bce402768fd5288004ffa4c
Status: 
WAITING
WAITING
Synch: 
AssistanceApps/runtimeIO/14299784734639493925d698b8a4c94175b3ba2288c8c87eb3774b40b29a01042d89862a351e4e5c/14299784734639493925d698b8a4c94175b3ba2288c8c87eb3774b40b29a01042d89862a351e4e5c-stdout.dat
AssistanceApps/runtimeIO/14299784734639493925d698b8a4c94175b3ba2288c8c87eb3774b40b29a01042d89862a351e4e5c/14299784734639493925d698b8a4c94175b3ba2288c8c87eb3774b40b29a01042d89862a351e4e5c-stderr.dat
AssistanceApps/runtimeIO/14299784734736019e79b57975d76c43a7be7b830d5b8c9781d540a22bce402768fd5288004ffa4c/14299784734736019e79b57975d76c43a7be7b830d5b8c9781d540a22bce402768fd5288004ffa4c-stdout.dat
AssistanceApps/runtimeIO/14299784734736019e79b57975d76c43a7be7b830d5b8c9781d540a22bce402768fd5288004ffa4c/14299784734736019e79b57975d76c43a7be7b830d5b8c9781d540a22bce402768fd5288004ffa4c-stderr.dat
<END>

<BEGIN><WEKA><10.2.9.12>
Tickets: 
1429978473465165b4a1372237c8bd381c4bf0b5cf246eae8277ade8140e1f4c389395b07b4afb5e
14299784734652556b09556b6ec44ee760ea7c851d38486e3ed5439f55a16bcc588c88e418276452
Status: 
WAITING
WAITING
Submitting data 
Synch: 
testsResults/1429978473465165b4a1372237c8bd381c4bf0b5cf246eae8277ade8140e1f4c389395b07b4afb5e-stdout.dat
testsResults/1429978473465165b4a1372237c8bd381c4bf0b5cf246eae8277ade8140e1f4c389395b07b4afb5e-stderr.dat
testsResults/14299784734652556b09556b6ec44ee760ea7c851d38486e3ed5439f55a16bcc588c88e418276452-stdout.dat
testsResults/14299784734652556b09556b6ec44ee760ea7c851d38486e3ed5439f55a16bcc588c88e418276452-stderr.dat
<END>

<BEGIN><SHA256FTP><10.2.9.12>
Tickets: 
14299784734674717acdf47a21a21fe68435111b25378b825fb36502dff0ffc47b0179c84effbad4
14299784734603937acdf47a21a21fe68435111b25378b825fb36502dff0ffc47b0179c84effbad4
Status: 
WAITING
WAITING
Submitting data 
Synch: 
testsResults/14299784734674717acdf47a21a21fe68435111b25378b825fb36502dff0ffc47b0179c84effbad4-stdout.dat
testsResults/14299784734674717acdf47a21a21fe68435111b25378b825fb36502dff0ffc47b0179c84effbad4-stderr.dat
testsResults/14299784734603937acdf47a21a21fe68435111b25378b825fb36502dff0ffc47b0179c84effbad4-stdout.dat
testsResults/14299784734603937acdf47a21a21fe68435111b25378b825fb36502dff0ffc47b0179c84effbad4-stderr.dat
<END>
WatchdogThread<TestFunctionality>:::Test Echo to 10.2.9.13 has ended successfully.
WatchdogThread<TestFunctionality>:::Test SHA256LocalFile to 10.2.9.13 has ended successfully.
WatchdogThread<TestFunctionality>:::Test SHA256FTP to 10.2.9.13 has ended successfully.
WatchdogThread<TestFunctionality>:::Test WEKAfunctionality to 10.2.9.13 has ended successfully.

<BEGIN><Echo><10.2.9.13>
Tickets: 
1429978503468149f05636d57becc4939030c98e4ea6d5c3cba494fad9694312d51d39bcd21c5d6a
1429978503470766cb10bc46c079f20fb2937a4a0b7ce48a3f2d805fd6b8f0bd8840179d2b743e08
1429978503472826106586c72d902798972ea31c1987753c4a24965cc26dddeb933026829059eaaf
Status: 
WAITING
WAITING
WAITING
Synch: 
HELLO WORLD
HELLO, WORLD!
HEII0, W0R1D!!!111!
<END>

<BEGIN><SHA256LocalFile><127.0.0.1>
Tickets: 
1429978503499302d23e310662f161ce886a5150c533a774d40bd9519aa49715dd95e0067bc3b371
14299785035731253c1a448cd7f3be57136b5b1eb70ca1c3421f653215f9109bf3cd2eece981115
Status: 
WAITING
WAITING
Synch: 
AssistanceApps/runtimeIO/1429978503499302d23e310662f161ce886a5150c533a774d40bd9519aa49715dd95e0067bc3b371/1429978503499302d23e310662f161ce886a5150c533a774d40bd9519aa49715dd95e0067bc3b371-stdout.dat
AssistanceApps/runtimeIO/1429978503499302d23e310662f161ce886a5150c533a774d40bd9519aa49715dd95e0067bc3b371/1429978503499302d23e310662f161ce886a5150c533a774d40bd9519aa49715dd95e0067bc3b371-stderr.dat
AssistanceApps/runtimeIO/14299785035731253c1a448cd7f3be57136b5b1eb70ca1c3421f653215f9109bf3cd2eece981115/14299785035731253c1a448cd7f3be57136b5b1eb70ca1c3421f653215f9109bf3cd2eece981115-stdout.dat
AssistanceApps/runtimeIO/14299785035731253c1a448cd7f3be57136b5b1eb70ca1c3421f653215f9109bf3cd2eece981115/14299785035731253c1a448cd7f3be57136b5b1eb70ca1c3421f653215f9109bf3cd2eece981115-stderr.dat
<END>

<BEGIN><WEKA><10.2.9.13>
Tickets: 
142997850347636113efc769b789a6486618f2a544a577b1d1336bbc4786d20047d1c5eb7ac2bf09
1429978503472473b04e54c155a95ab9c3fefdb32b271350020d74e58004bb64d6a01b015cf6273c
Status: 
WAITING
WAITING
Submitting data 
Synch: 
testsResults/142997850347636113efc769b789a6486618f2a544a577b1d1336bbc4786d20047d1c5eb7ac2bf09-stdout.dat
testsResults/142997850347636113efc769b789a6486618f2a544a577b1d1336bbc4786d20047d1c5eb7ac2bf09-stderr.dat
testsResults/1429978503472473b04e54c155a95ab9c3fefdb32b271350020d74e58004bb64d6a01b015cf6273c-stdout.dat
testsResults/1429978503472473b04e54c155a95ab9c3fefdb32b271350020d74e58004bb64d6a01b015cf6273c-stderr.dat
<END>

<BEGIN><SHA256FTP><10.2.9.13>
Tickets: 
1429978503465042405f5ceecf8b3247ac97f5186afd0057e0662eebcf8bc2e98b77012f2a2920c3
14299785034778566ea7050ed6232d288d69b3608b0561f0527279a79690c78731005ecd14b80a6f
Status: 
WAITING
WAITING
Submitting data 
Synch: 
testsResults/1429978503465042405f5ceecf8b3247ac97f5186afd0057e0662eebcf8bc2e98b77012f2a2920c3-stdout.dat
testsResults/1429978503465042405f5ceecf8b3247ac97f5186afd0057e0662eebcf8bc2e98b77012f2a2920c3-stderr.dat
testsResults/14299785034778566ea7050ed6232d288d69b3608b0561f0527279a79690c78731005ecd14b80a6f-stdout.dat
testsResults/14299785034778566ea7050ed6232d288d69b3608b0561f0527279a79690c78731005ecd14b80a6f-stderr.dat
<END>
WatchdogThread<TestFunctionality>:::Test Echo to 10.2.9.14 has ended successfully.
WatchdogThread<TestFunctionality>:::Test SHA256LocalFile to 10.2.9.14 has ended successfully.
WatchdogThread<TestFunctionality>:::Test SHA256FTP to 10.2.9.14 has ended successfully.
WatchdogThread<TestFunctionality>:::Test WEKAfunctionality to 10.2.9.14 has ended successfully.

<BEGIN><Echo><10.2.9.14>
Tickets: 
142997853328679881ee79f023c85367f9b7bcc17c108c246d759472f3b3b3822cb100ab058d4078
142997853328457131c18f10977086dfaeb0788b90a72f5927ab26dc219a5d20887b75e55f044d9c
1429978533280762e902245a9f39a81c1599f79120a58a062f8d3c638c473379eb831c700651eb95
Status: 
WAITING
WAITING
WAITING
Synch: 
HELLO WORLD
HELLO, WORLD!
HEII0, W0R1D!!!111!
<END>

<BEGIN><SHA256LocalFile><127.0.0.1>
Tickets: 
142997853353424739b427e549ddac941647c3f64b699752bf55fca44c1ade597780c5faee1121a4
1429978533544191527c8e887733f273fac1f3dbd5f34488d37d1959b558d3c9bd3f7ba43cf45271
Status: 
WAITING
WAITING
Synch: 
AssistanceApps/runtimeIO/142997853353424739b427e549ddac941647c3f64b699752bf55fca44c1ade597780c5faee1121a4/142997853353424739b427e549ddac941647c3f64b699752bf55fca44c1ade597780c5faee1121a4-stdout.dat
AssistanceApps/runtimeIO/142997853353424739b427e549ddac941647c3f64b699752bf55fca44c1ade597780c5faee1121a4/142997853353424739b427e549ddac941647c3f64b699752bf55fca44c1ade597780c5faee1121a4-stderr.dat
AssistanceApps/runtimeIO/1429978533544191527c8e887733f273fac1f3dbd5f34488d37d1959b558d3c9bd3f7ba43cf45271/1429978533544191527c8e887733f273fac1f3dbd5f34488d37d1959b558d3c9bd3f7ba43cf45271-stdout.dat
AssistanceApps/runtimeIO/1429978533544191527c8e887733f273fac1f3dbd5f34488d37d1959b558d3c9bd3f7ba43cf45271/1429978533544191527c8e887733f273fac1f3dbd5f34488d37d1959b558d3c9bd3f7ba43cf45271-stderr.dat
<END>

<BEGIN><WEKA><10.2.9.14>
Tickets: 
1429978533287852a52810bbaa10023dbd0d8268297d46ed3e526baba6795fd26f30c21bf740b9b5
14299785332970976b98103e4c1239303e16531248ebe8c1278db3383e2a3955ee7982283aa7ff22
Status: 
WAITING
WAITING
Submitting data 
Synch: 
testsResults/1429978533287852a52810bbaa10023dbd0d8268297d46ed3e526baba6795fd26f30c21bf740b9b5-stdout.dat
testsResults/1429978533287852a52810bbaa10023dbd0d8268297d46ed3e526baba6795fd26f30c21bf740b9b5-stderr.dat
testsResults/14299785332970976b98103e4c1239303e16531248ebe8c1278db3383e2a3955ee7982283aa7ff22-stdout.dat
testsResults/14299785332970976b98103e4c1239303e16531248ebe8c1278db3383e2a3955ee7982283aa7ff22-stderr.dat
<END>

<BEGIN><SHA256FTP><10.2.9.14>
Tickets: 
1429978533285955b0f9191b5fba4df45b3fe57e15015cd060f3a2f42aea31c177d362430984dd29
1429978533288800b0f9191b5fba4df45b3fe57e15015cd060f3a2f42aea31c177d362430984dd29
Status: 
WAITING
WAITING
Submitting data 
Synch: 
testsResults/1429978533285955b0f9191b5fba4df45b3fe57e15015cd060f3a2f42aea31c177d362430984dd29-stdout.dat
testsResults/1429978533285955b0f9191b5fba4df45b3fe57e15015cd060f3a2f42aea31c177d362430984dd29-stderr.dat
testsResults/1429978533288800b0f9191b5fba4df45b3fe57e15015cd060f3a2f42aea31c177d362430984dd29-stdout.dat
testsResults/1429978533288800b0f9191b5fba4df45b3fe57e15015cd060f3a2f42aea31c177d362430984dd29-stderr.dat
<END>
WatchdogThread<TestFunctionality>:::Test Echo to 10.2.9.19 has ended successfully.
WatchdogThread<TestFunctionality>:::Test SHA256LocalFile to 10.2.9.19 has ended successfully.
WatchdogThread<TestFunctionality>:::Test SHA256FTP to 10.2.9.19 has ended successfully.
WatchdogThread<TestFunctionality>:::Test WEKAfunctionality to 10.2.9.19 has ended successfully.

<BEGIN><Echo><10.2.9.19>
Tickets: 
1429978563531399a3436ed0b9bdc6eb00e4ac73a25b725d005000167b172a9e535f7672b8ebd680
1429978563543291fb90a73a54c2721687677ed85239416177c7777b6ee85a48f6dd010aca16c41f
1429978563548461f07a40d98a6b0e2f181b7dfbb5e6734c8fcf757f9d629e69a8eb86607addc7ac
Status: 
WAITING
WAITING
WAITING
Synch: 
HELLO WORLD
HELLO, WORLD!
HEII0, W0R1D!!!111!
<END>

<BEGIN><SHA256LocalFile><127.0.0.1>
Tickets: 
14299785635638945ad8f15cb40c784fb9c7cda25e81521f94925ea95a3e8b86440983d3e1733936
14299785635671875ad8f15cb40c784fb9c7cda25e81521f94925ea95a3e8b86440983d3e1733936
Status: 
WAITING
WAITING
Synch: 
AssistanceApps/runtimeIO/14299785635638945ad8f15cb40c784fb9c7cda25e81521f94925ea95a3e8b86440983d3e1733936/14299785635638945ad8f15cb40c784fb9c7cda25e81521f94925ea95a3e8b86440983d3e1733936-stdout.dat
AssistanceApps/runtimeIO/14299785635638945ad8f15cb40c784fb9c7cda25e81521f94925ea95a3e8b86440983d3e1733936/14299785635638945ad8f15cb40c784fb9c7cda25e81521f94925ea95a3e8b86440983d3e1733936-stderr.dat
AssistanceApps/runtimeIO/14299785635671875ad8f15cb40c784fb9c7cda25e81521f94925ea95a3e8b86440983d3e1733936/14299785635671875ad8f15cb40c784fb9c7cda25e81521f94925ea95a3e8b86440983d3e1733936-stdout.dat
AssistanceApps/runtimeIO/14299785635671875ad8f15cb40c784fb9c7cda25e81521f94925ea95a3e8b86440983d3e1733936/14299785635671875ad8f15cb40c784fb9c7cda25e81521f94925ea95a3e8b86440983d3e1733936-stderr.dat
<END>

<BEGIN><WEKA><10.2.9.19>
Tickets: 
142997856354066740e1adc1bcf7ec5a602982edf976785a2a81dde4bba2741e9566679ea44ac85b
14299785635483237354fd2a14fa614e9bc51a319575e22df0d020e38cc4fb7bd322489070d5e695
Status: 
WAITING
WAITING
Submitting data 
Synch: 
testsResults/142997856354066740e1adc1bcf7ec5a602982edf976785a2a81dde4bba2741e9566679ea44ac85b-stdout.dat
testsResults/142997856354066740e1adc1bcf7ec5a602982edf976785a2a81dde4bba2741e9566679ea44ac85b-stderr.dat
testsResults/14299785635483237354fd2a14fa614e9bc51a319575e22df0d020e38cc4fb7bd322489070d5e695-stdout.dat
testsResults/14299785635483237354fd2a14fa614e9bc51a319575e22df0d020e38cc4fb7bd322489070d5e695-stderr.dat
<END>

<BEGIN><SHA256FTP><10.2.9.19>
Tickets: 
142997856353131984ca5bcaae2c4fa6a37e8af6a5de7ba801021ceb48c43c590b4e404572f9721c
14299785635437362284a06c32b793b1ca13f0ce2d190f0120e602c96387cba2ef33905cd0039de5
Status: 
WAITING
WAITING
Submitting data 
Synch: 
testsResults/142997856353131984ca5bcaae2c4fa6a37e8af6a5de7ba801021ceb48c43c590b4e404572f9721c-stdout.dat
testsResults/142997856353131984ca5bcaae2c4fa6a37e8af6a5de7ba801021ceb48c43c590b4e404572f9721c-stderr.dat
testsResults/14299785635437362284a06c32b793b1ca13f0ce2d190f0120e602c96387cba2ef33905cd0039de5-stdout.dat
testsResults/14299785635437362284a06c32b793b1ca13f0ce2d190f0120e602c96387cba2ef33905cd0039de5-stderr.dat
<END>
WatchdogThread<TestFunctionality>:::Test Echo to 10.2.9.20 has ended successfully.
WatchdogThread<TestFunctionality>:::Test SHA256LocalFile to 10.2.9.20 has ended successfully.
WatchdogThread<TestFunctionality>:::Test SHA256FTP to 10.2.9.20 has ended successfully.
WatchdogThread<TestFunctionality>:::Test WEKAfunctionality to 10.2.9.20 has ended successfully.

<BEGIN><Echo><10.2.9.20>
Tickets: 
1429978593626467cce106c34a6be051c18585f7fb871a021e5018a92014e950dc8c57844113b9d8
142997859362976400553409ce4c05e12b2ca98dcb3347c95227c615dd6962ed57cc343b529c1a83
1429978593626418d6966d0963e08692c9793cc7f9873aefc4b860c13bea339ba98ee3124ff4684a
Status: 
WAITING
WAITING
WAITING
Synch: 
HELLO WORLD
HELLO, WORLD!
HEII0, W0R1D!!!111!
<END>

<BEGIN><SHA256LocalFile><127.0.0.1>
Tickets: 
142997859368798255e4bb8f822058d3a843071a1474d499c0ea2714d1fd9f15645d19a2b4b36e4
142997859360563255e4bb8f822058d3a843071a1474d499c0ea2714d1fd9f15645d19a2b4b36e4
Status: 
WAITING
WAITING
Synch: 
AssistanceApps/runtimeIO/142997859368798255e4bb8f822058d3a843071a1474d499c0ea2714d1fd9f15645d19a2b4b36e4/142997859368798255e4bb8f822058d3a843071a1474d499c0ea2714d1fd9f15645d19a2b4b36e4-stdout.dat
AssistanceApps/runtimeIO/142997859368798255e4bb8f822058d3a843071a1474d499c0ea2714d1fd9f15645d19a2b4b36e4/142997859368798255e4bb8f822058d3a843071a1474d499c0ea2714d1fd9f15645d19a2b4b36e4-stderr.dat
AssistanceApps/runtimeIO/142997859360563255e4bb8f822058d3a843071a1474d499c0ea2714d1fd9f15645d19a2b4b36e4/142997859360563255e4bb8f822058d3a843071a1474d499c0ea2714d1fd9f15645d19a2b4b36e4-stdout.dat
AssistanceApps/runtimeIO/142997859360563255e4bb8f822058d3a843071a1474d499c0ea2714d1fd9f15645d19a2b4b36e4/142997859360563255e4bb8f822058d3a843071a1474d499c0ea2714d1fd9f15645d19a2b4b36e4-stderr.dat
<END>

<BEGIN><WEKA><10.2.9.20>
Tickets: 
142997859363245158607f76474f50f0914bee6743360e73d08cca428691fc9d28c46b76fc8d0237
142997859363226751bb0d9f07748e9857d0ec9a5bb1fe7ccc409d83dd4d0b7ab3805b06a50531e2
Status: 
WAITING
WAITING
Submitting data 
Synch: 
testsResults/142997859363245158607f76474f50f0914bee6743360e73d08cca428691fc9d28c46b76fc8d0237-stdout.dat
testsResults/142997859363245158607f76474f50f0914bee6743360e73d08cca428691fc9d28c46b76fc8d0237-stderr.dat
testsResults/142997859363226751bb0d9f07748e9857d0ec9a5bb1fe7ccc409d83dd4d0b7ab3805b06a50531e2-stdout.dat
testsResults/142997859363226751bb0d9f07748e9857d0ec9a5bb1fe7ccc409d83dd4d0b7ab3805b06a50531e2-stderr.dat
<END>

<BEGIN><SHA256FTP><10.2.9.20>
Tickets: 
1429978593634228a6c30ff03a13ff7642a34a3b02029ff9ce8394ab15b1daa87f1f2f3dd2a3def4
1429978593630613a6c30ff03a13ff7642a34a3b02029ff9ce8394ab15b1daa87f1f2f3dd2a3def4
Status: 
WAITING
WAITING
Submitting data 
Synch: 
testsResults/1429978593634228a6c30ff03a13ff7642a34a3b02029ff9ce8394ab15b1daa87f1f2f3dd2a3def4-stdout.dat
testsResults/1429978593634228a6c30ff03a13ff7642a34a3b02029ff9ce8394ab15b1daa87f1f2f3dd2a3def4-stderr.dat
testsResults/1429978593630613a6c30ff03a13ff7642a34a3b02029ff9ce8394ab15b1daa87f1f2f3dd2a3def4-stdout.dat
testsResults/1429978593630613a6c30ff03a13ff7642a34a3b02029ff9ce8394ab15b1daa87f1f2f3dd2a3def4-stderr.dat
<END>
WatchdogThread<TestFunctionality>:::Test Echo to 10.2.9.21 has ended successfully.
WatchdogThread<TestFunctionality>:::Test SHA256LocalFile to 10.2.9.21 has ended successfully.
WatchdogThread<TestFunctionality>:::Test SHA256FTP to 10.2.9.21 has ended successfully.
WatchdogThread<TestFunctionality>:::Test WEKAfunctionality to 10.2.9.21 has ended successfully.

<BEGIN><Echo><10.2.9.21>
Tickets: 
1429978623654896bb43543dea39da04ad18e030e759a493645d68b97ef2b9f26f45df2daf3658f6
142997862365745446d292542da4c8a1e002578a471a1222b9e25346bce6e1af62f5c54a7bebec0c
142997862365346504eab016a94fa216aa2eda0f316fc7952271592036fe85cb378db227963c4e58
Status: 
WAITING
WAITING
WAITING
Synch: 
HELLO WORLD
HELLO, WORLD!
HEII0, W0R1D!!!111!
<END>

<BEGIN><SHA256LocalFile><127.0.0.1>
Tickets: 
14299786236310415f1f43e541287def3cc4b4f722c597628b402197b292f387c2d4489ed23aa27f
142997862364989052ee724b6a286680f1c29acd2f3763c4e8aab735e53c15554bda9955f6c473d4
Status: 
WAITING
WAITING
Synch: 
AssistanceApps/runtimeIO/14299786236310415f1f43e541287def3cc4b4f722c597628b402197b292f387c2d4489ed23aa27f/14299786236310415f1f43e541287def3cc4b4f722c597628b402197b292f387c2d4489ed23aa27f-stdout.dat
AssistanceApps/runtimeIO/14299786236310415f1f43e541287def3cc4b4f722c597628b402197b292f387c2d4489ed23aa27f/14299786236310415f1f43e541287def3cc4b4f722c597628b402197b292f387c2d4489ed23aa27f-stderr.dat
AssistanceApps/runtimeIO/142997862364989052ee724b6a286680f1c29acd2f3763c4e8aab735e53c15554bda9955f6c473d4/142997862364989052ee724b6a286680f1c29acd2f3763c4e8aab735e53c15554bda9955f6c473d4-stdout.dat
AssistanceApps/runtimeIO/142997862364989052ee724b6a286680f1c29acd2f3763c4e8aab735e53c15554bda9955f6c473d4/142997862364989052ee724b6a286680f1c29acd2f3763c4e8aab735e53c15554bda9955f6c473d4-stderr.dat
<END>

<BEGIN><WEKA><10.2.9.21>
Tickets: 
14299786236610549a12c8d457e9b124cda55c2f77b42b69fb0e2f98243b010d3def49825fe2341e
1429978623667003ea6005471c803def0820bc2531aa955ff21839940b02f12b76e75faf239ae208
Status: 
WAITING
WAITING
Submitting data 
Synch: 
testsResults/14299786236610549a12c8d457e9b124cda55c2f77b42b69fb0e2f98243b010d3def49825fe2341e-stdout.dat
testsResults/14299786236610549a12c8d457e9b124cda55c2f77b42b69fb0e2f98243b010d3def49825fe2341e-stderr.dat
testsResults/1429978623667003ea6005471c803def0820bc2531aa955ff21839940b02f12b76e75faf239ae208-stdout.dat
testsResults/1429978623667003ea6005471c803def0820bc2531aa955ff21839940b02f12b76e75faf239ae208-stderr.dat
<END>

<BEGIN><SHA256FTP><10.2.9.21>
Tickets: 
1429978623665311a1f87877b2de6150261133a0f039c2cb5858a5ce58398a013f019fc3a634f872
1429978623665677a1f87877b2de6150261133a0f039c2cb5858a5ce58398a013f019fc3a634f872
Status: 
WAITING
WAITING
Submitting data 
Synch: 
testsResults/1429978623665311a1f87877b2de6150261133a0f039c2cb5858a5ce58398a013f019fc3a634f872-stdout.dat
testsResults/1429978623665311a1f87877b2de6150261133a0f039c2cb5858a5ce58398a013f019fc3a634f872-stderr.dat
testsResults/1429978623665677a1f87877b2de6150261133a0f039c2cb5858a5ce58398a013f019fc3a634f872-stdout.dat
testsResults/1429978623665677a1f87877b2de6150261133a0f039c2cb5858a5ce58398a013f019fc3a634f872-stderr.dat
<END>
WatchdogThread<TestFunctionality>:::Test Echo to 10.2.9.22 has ended successfully.
WatchdogThread<TestFunctionality>:::Test SHA256LocalFile to 10.2.9.22 has ended successfully.
WatchdogThread<TestFunctionality>:::Test SHA256FTP to 10.2.9.22 has ended successfully.
WatchdogThread<TestFunctionality>:::Test WEKAfunctionality to 10.2.9.22 has ended successfully.

<BEGIN><Echo><10.2.9.22>
Tickets: 
142997865365676491a0bb732696bdb7b91e8695c4fd45e453c8f8fed275968c280f2e33c8a2f1ab
1429978653655490ed268dac9a755c80865536814b8317dba2db21c8318d0df475952f2feed47ddf
142997865365412773de07f7830d2a5bd9120fb2a9853ecdec28a60fd0c51777fe09036176410a3f
Status: 
WAITING
WAITING
WAITING
Synch: 
HELLO WORLD
HELLO, WORLD!
HEII0, W0R1D!!!111!
<END>

<BEGIN><SHA256LocalFile><127.0.0.1>
Tickets: 
1429978653678249a8ebdc707377299c05625161251e2b75cf5811de40248782989ac9d54c99c51d
1429978653683042b48869945e0ec5201d6eb105c07ca329b2811b1ccf4cc918e53a8a12984120fe
Status: 
WAITING
WAITING
Synch: 
AssistanceApps/runtimeIO/1429978653678249a8ebdc707377299c05625161251e2b75cf5811de40248782989ac9d54c99c51d/1429978653678249a8ebdc707377299c05625161251e2b75cf5811de40248782989ac9d54c99c51d-stdout.dat
AssistanceApps/runtimeIO/1429978653678249a8ebdc707377299c05625161251e2b75cf5811de40248782989ac9d54c99c51d/1429978653678249a8ebdc707377299c05625161251e2b75cf5811de40248782989ac9d54c99c51d-stderr.dat
AssistanceApps/runtimeIO/1429978653683042b48869945e0ec5201d6eb105c07ca329b2811b1ccf4cc918e53a8a12984120fe/1429978653683042b48869945e0ec5201d6eb105c07ca329b2811b1ccf4cc918e53a8a12984120fe-stdout.dat
AssistanceApps/runtimeIO/1429978653683042b48869945e0ec5201d6eb105c07ca329b2811b1ccf4cc918e53a8a12984120fe/1429978653683042b48869945e0ec5201d6eb105c07ca329b2811b1ccf4cc918e53a8a12984120fe-stderr.dat
<END>

<BEGIN><WEKA><10.2.9.22>
Tickets: 
1429978653663947cdc1f36de9d24b5bfaf3f30a9ccb6fd9ce01c632329f2f882c49d648efcadd53
1429978653663815ff77502535a3e428a4fede17ba170c132aec01ba14b36e437fb5c98a30034cf7
Status: 
WAITING
WAITING
Submitting data 
Synch: 
testsResults/1429978653663947cdc1f36de9d24b5bfaf3f30a9ccb6fd9ce01c632329f2f882c49d648efcadd53-stdout.dat
testsResults/1429978653663947cdc1f36de9d24b5bfaf3f30a9ccb6fd9ce01c632329f2f882c49d648efcadd53-stderr.dat
testsResults/1429978653663815ff77502535a3e428a4fede17ba170c132aec01ba14b36e437fb5c98a30034cf7-stdout.dat
testsResults/1429978653663815ff77502535a3e428a4fede17ba170c132aec01ba14b36e437fb5c98a30034cf7-stderr.dat
<END>

<BEGIN><SHA256FTP><10.2.9.22>
Tickets: 
14299786536529773a4fa1a8879c97c89ee5fdfcaf7823f6db0a9956ed27dfb3fd3a1a4bb34dd40c
14299786536566833a4fa1a8879c97c89ee5fdfcaf7823f6db0a9956ed27dfb3fd3a1a4bb34dd40c
Status: 
WAITING
WAITING
Submitting data 
Synch: 
testsResults/14299786536529773a4fa1a8879c97c89ee5fdfcaf7823f6db0a9956ed27dfb3fd3a1a4bb34dd40c-stdout.dat
testsResults/14299786536529773a4fa1a8879c97c89ee5fdfcaf7823f6db0a9956ed27dfb3fd3a1a4bb34dd40c-stderr.dat
testsResults/14299786536566833a4fa1a8879c97c89ee5fdfcaf7823f6db0a9956ed27dfb3fd3a1a4bb34dd40c-stdout.dat
testsResults/14299786536566833a4fa1a8879c97c89ee5fdfcaf7823f6db0a9956ed27dfb3fd3a1a4bb34dd40c-stderr.dat
<END>
