
<BEGIN>
14301819845441060185c2a11f3d3206bcd023bbe78a41d98a663102b5b2ee9e364da32461daeff9
0123456789ABCDEF
1430181984.52
LOCAL_ECHO_TEST
Hello World
[]
['AssistanceApps/echoInAllCaps.assistanceApp', '10', '', '14301819845441060185c2a11f3d3206bcd023bbe78a41d98a663102b5b2ee9e364da32461daeff9', 'Hello World']
READY
1430181985.54
0
HELLO WORLD



1430181984.52	DRAFT
1430181984.54	WAITING
1430181985.54	 CPU=1.75	 mem={'swap': 0.0, 'virtual': 0.0, 'physical': 18.0}	 freeDisk=40.4G
1430181985.54	DATA READY
1430181985.54	STANDBY
1430181985.54	PERFORMING_LOCAL
1430181985.54	COMPLETED_LOCAL
1430181985.54	READY
<END>
<BEGIN>
1430181984541451409b0951d557e94908fd64c2026141ba49d4d067c373eaf79d9ff1814eef272b
0123456789ABCDEF
1430181984.54
LOCAL_ECHO_TEST
Hello, World!
[]
['AssistanceApps/echoInAllCaps.assistanceApp', '10', '', '1430181984541451409b0951d557e94908fd64c2026141ba49d4d067c373eaf79d9ff1814eef272b', 'Hello, World!']
READY
1430181985.55
0
HELLO, WORLD!



1430181984.54	DRAFT
1430181984.54	WAITING
1430181985.55	 CPU=1.75	 mem={'swap': 0.0, 'virtual': 0.0, 'physical': 18.0}	 freeDisk=40.4G
1430181985.55	DATA READY
1430181985.55	STANDBY
1430181985.55	PERFORMING_LOCAL
1430181985.55	COMPLETED_LOCAL
1430181985.55	READY
<END>
<BEGIN>
1430181984566126dc9ab6202fc3f6d2c7dceb3cd102415622c1f97a84fe6c7f44d9ea4edc26f653
0123456789ABCDEF
1430181984.55
SHA256_TEST
60000 -verbose 20000
['AssistanceApps/runtimeIO/1430181984566126dc9ab6202fc3f6d2c7dceb3cd102415622c1f97a84fe6c7f44d9ea4edc26f653/experimentData.dat']
['AssistanceApps/sha256Example.assistanceApp', '10', 'AssistanceApps/runtimeIO/1430181984566126dc9ab6202fc3f6d2c7dceb3cd102415622c1f97a84fe6c7f44d9ea4edc26f653/experimentData.dat', '1430181984566126dc9ab6202fc3f6d2c7dceb3cd102415622c1f97a84fe6c7f44d9ea4edc26f653', '60000 -verbose 20000']
FINISHED
1430181986.05
0
AssistanceApps/runtimeIO/1430181984566126dc9ab6202fc3f6d2c7dceb3cd102415622c1f97a84fe6c7f44d9ea4edc26f653/1430181984566126dc9ab6202fc3f6d2c7dceb3cd102415622c1f97a84fe6c7f44d9ea4edc26f653-stdout.dat
AssistanceApps/runtimeIO/1430181984566126dc9ab6202fc3f6d2c7dceb3cd102415622c1f97a84fe6c7f44d9ea4edc26f653/1430181984566126dc9ab6202fc3f6d2c7dceb3cd102415622c1f97a84fe6c7f44d9ea4edc26f653-stderr.dat

1430181984.55	DRAFT
1430181984.56	WAITING
1430181985.56	 CPU=1.5	 mem={'swap': 0.0, 'virtual': 0.0, 'physical': 18.0}	 freeDisk=40.4G
1430181985.56	GATHERING
1430181985.57	DATA READY
1430181985.57	STANDBY
1430181985.57	PERFORMING_LOCAL
1430181986.05	COMPLETED_LOCAL
1430181986.05	READY
1430181986.08	SENDING_DATA
1430181986.08	FINISHED
<END>
<BEGIN>
1430181984551253f78ce2e9a1e0627861184d50bb68f079c0ab6b95dec284c73df723cb9cf73809
0123456789ABCDEF
1430181984.55
SHA256_TEST
60000 -verbose 20000
['AssistanceApps/runtimeIO/1430181984551253f78ce2e9a1e0627861184d50bb68f079c0ab6b95dec284c73df723cb9cf73809/experimentData.dat']
['AssistanceApps/sha256Example.assistanceApp', '10', 'AssistanceApps/runtimeIO/1430181984551253f78ce2e9a1e0627861184d50bb68f079c0ab6b95dec284c73df723cb9cf73809/experimentData.dat', '1430181984551253f78ce2e9a1e0627861184d50bb68f079c0ab6b95dec284c73df723cb9cf73809', '60000 -verbose 20000']
FINISHED
1430181986.05
0
AssistanceApps/runtimeIO/1430181984551253f78ce2e9a1e0627861184d50bb68f079c0ab6b95dec284c73df723cb9cf73809/1430181984551253f78ce2e9a1e0627861184d50bb68f079c0ab6b95dec284c73df723cb9cf73809-stdout.dat
AssistanceApps/runtimeIO/1430181984551253f78ce2e9a1e0627861184d50bb68f079c0ab6b95dec284c73df723cb9cf73809/1430181984551253f78ce2e9a1e0627861184d50bb68f079c0ab6b95dec284c73df723cb9cf73809-stderr.dat

1430181984.55	DRAFT
1430181984.55	WAITING
1430181985.55	 CPU=1.5	 mem={'swap': 0.0, 'virtual': 0.0, 'physical': 18.0}	 freeDisk=40.4G
1430181985.55	GATHERING
1430181985.57	DATA READY
1430181985.57	STANDBY
1430181985.57	PERFORMING_LOCAL
1430181986.05	COMPLETED_LOCAL
1430181986.05	READY
1430181986.08	SENDING_DATA
1430181986.08	FINISHED
<END>
<BEGIN>
143018198457024852be6d5179f9fa95ee5dcf30b428044eb62b6cd91fabb957c73f48aca7aa0211
0123456789ABCDEF
1430181984.56
WEKA_3_6_12
weka.classifiers.trees.J48 -t
['AssistanceApps/runtimeIO/143018198457024852be6d5179f9fa95ee5dcf30b428044eb62b6cd91fabb957c73f48aca7aa0211/weather.nominal.arff']
['AssistanceApps/assistanceWEKA.assistanceApp', '10', 'AssistanceApps/runtimeIO/143018198457024852be6d5179f9fa95ee5dcf30b428044eb62b6cd91fabb957c73f48aca7aa0211/weather.nominal.arff', '143018198457024852be6d5179f9fa95ee5dcf30b428044eb62b6cd91fabb957c73f48aca7aa0211', 'weka.classifiers.trees.J48 -t']
FINISHED
1430181985.77
0
AssistanceApps/runtimeIO/143018198457024852be6d5179f9fa95ee5dcf30b428044eb62b6cd91fabb957c73f48aca7aa0211/143018198457024852be6d5179f9fa95ee5dcf30b428044eb62b6cd91fabb957c73f48aca7aa0211-stdout.dat
AssistanceApps/runtimeIO/143018198457024852be6d5179f9fa95ee5dcf30b428044eb62b6cd91fabb957c73f48aca7aa0211/143018198457024852be6d5179f9fa95ee5dcf30b428044eb62b6cd91fabb957c73f48aca7aa0211-stderr.dat

1430181984.56	DRAFT
1430181984.57	WAITING
1430181985.57	 CPU=1.5	 mem={'swap': 0.0, 'virtual': 0.0, 'physical': 18.0}	 freeDisk=40.4G
1430181985.57	GATHERING
1430181985.59	DATA READY
1430181985.59	STANDBY
1430181985.59	PERFORMING_LOCAL
1430181985.77	COMPLETED_LOCAL
1430181985.77	READY
1430181985.85	SENDING_DATA
1430181985.85	FINISHED
<END>
<BEGIN>
14301819845579782cee9c91545b6abbed61bf699ea8d12bb158e5064a23feee7c4186a4c2925216
0123456789ABCDEF
1430181984.54
LOCAL_ECHO_TEST
HeII0, W0r1d!!!111!
[]
['AssistanceApps/echoInAllCaps.assistanceApp', '10', '', '14301819845579782cee9c91545b6abbed61bf699ea8d12bb158e5064a23feee7c4186a4c2925216', 'HeII0, W0r1d!!!111!']
READY
1430181985.55
0
HEII0, W0R1D!!!111!



1430181984.54	DRAFT
1430181984.55	WAITING
1430181985.55	 CPU=1.75	 mem={'swap': 0.0, 'virtual': 0.0, 'physical': 18.0}	 freeDisk=40.4G
1430181985.55	DATA READY
1430181985.55	STANDBY
1430181985.55	PERFORMING_LOCAL
1430181985.55	COMPLETED_LOCAL
1430181985.55	READY
<END>
<BEGIN>
1430181984582073cb6301b400381fe03c9cc216e187dd155589607a560b7751d9135a50f94e1049
0123456789ABCDEF
1430181984.57
WEKA_3_6_12
weka.classifiers.trees.J48 -t
['AssistanceApps/runtimeIO/1430181984582073cb6301b400381fe03c9cc216e187dd155589607a560b7751d9135a50f94e1049/weather.numeric.arff']
['AssistanceApps/assistanceWEKA.assistanceApp', '10', 'AssistanceApps/runtimeIO/1430181984582073cb6301b400381fe03c9cc216e187dd155589607a560b7751d9135a50f94e1049/weather.numeric.arff', '1430181984582073cb6301b400381fe03c9cc216e187dd155589607a560b7751d9135a50f94e1049', 'weka.classifiers.trees.J48 -t']
FINISHED
1430181985.75
0
AssistanceApps/runtimeIO/1430181984582073cb6301b400381fe03c9cc216e187dd155589607a560b7751d9135a50f94e1049/1430181984582073cb6301b400381fe03c9cc216e187dd155589607a560b7751d9135a50f94e1049-stdout.dat
AssistanceApps/runtimeIO/1430181984582073cb6301b400381fe03c9cc216e187dd155589607a560b7751d9135a50f94e1049/1430181984582073cb6301b400381fe03c9cc216e187dd155589607a560b7751d9135a50f94e1049-stderr.dat

1430181984.57	DRAFT
1430181984.58	WAITING
1430181985.58	 CPU=1.75	 mem={'swap': 0.0, 'virtual': 0.0, 'physical': 18.0}	 freeDisk=40.4G
1430181985.58	GATHERING
1430181985.6	DATA READY
1430181985.6	STANDBY
1430181985.6	PERFORMING_LOCAL
1430181985.75	COMPLETED_LOCAL
1430181985.75	READY
1430181985.85	SENDING_DATA
1430181985.85	FINISHED
<END>