

WatchdogThread<TestFunctionality><10.2.9.11>:::Test Echo has ended successfully.
WatchdogThread<TestFunctionality><10.2.9.11>:::Test SHA256LocalFile has ended successfully.
WatchdogThread<TestFunctionality><10.2.9.11>:::Test SHA256FTP has ended successfully.
WatchdogThread<TestFunctionality><10.2.9.11>:::Test WEKAfunctionality has ended successfully.

<BEGIN><Echo><10.2.9.11>
Tickets: 
1430179878858059718c9bfe33d782c8daaf302dc3e6b5721a88e9256673f8a4652b577fc06687bd
1430179878857550698b3442620ca466c219beea4111f0368f6f3db8798920bec9110be307b58b20
1430179878859312086d0766c4db7decaef19e9dbabb05e156c88a2d1e6e71283f53dc0dfbaf5482
Status: 
WAITING
WAITING
WAITING
Synch: 
HELLO WORLD
HELLO, WORLD!
HEII0, W0R1D!!!111!
<END>

<BEGIN><SHA256LocalFile><127.0.0.1>
Tickets: 
1430179878561571caa0158f44fd125f8624302875183b25f03de9552f28431c9c9d4a9974f78d9
1430179878514193659ac629868852b516793bb792f23a4a38a317fcd780700f5509ca3b280bc892
Status: 
WAITING
WAITING
Synch: 
AssistanceApps/runtimeIO/1430179878561571caa0158f44fd125f8624302875183b25f03de9552f28431c9c9d4a9974f78d9/1430179878561571caa0158f44fd125f8624302875183b25f03de9552f28431c9c9d4a9974f78d9-stdout.dat
AssistanceApps/runtimeIO/1430179878561571caa0158f44fd125f8624302875183b25f03de9552f28431c9c9d4a9974f78d9/1430179878561571caa0158f44fd125f8624302875183b25f03de9552f28431c9c9d4a9974f78d9-stderr.dat
AssistanceApps/runtimeIO/1430179878514193659ac629868852b516793bb792f23a4a38a317fcd780700f5509ca3b280bc892/1430179878514193659ac629868852b516793bb792f23a4a38a317fcd780700f5509ca3b280bc892-stdout.dat
AssistanceApps/runtimeIO/1430179878514193659ac629868852b516793bb792f23a4a38a317fcd780700f5509ca3b280bc892/1430179878514193659ac629868852b516793bb792f23a4a38a317fcd780700f5509ca3b280bc892-stderr.dat
<END>

<BEGIN><SHA256FTP><10.2.9.11>
Tickets: 
14301798788509438ef9e6d9faa3064bfe8f2c3a00cc82ff180c54dc0d5976435103648d346b127f
14301798788505558ef9e6d9faa3064bfe8f2c3a00cc82ff180c54dc0d5976435103648d346b127f
Status: 
WAITING
WAITING
Submitting data 
Synch: 
testsResults/14301798788509438ef9e6d9faa3064bfe8f2c3a00cc82ff180c54dc0d5976435103648d346b127f-stdout.dat
testsResults/14301798788509438ef9e6d9faa3064bfe8f2c3a00cc82ff180c54dc0d5976435103648d346b127f-stderr.dat
testsResults/14301798788505558ef9e6d9faa3064bfe8f2c3a00cc82ff180c54dc0d5976435103648d346b127f-stdout.dat
testsResults/14301798788505558ef9e6d9faa3064bfe8f2c3a00cc82ff180c54dc0d5976435103648d346b127f-stderr.dat
<END>

<BEGIN><WEKA><10.2.9.11>
Tickets: 
14301798788585382443341749ae12eae632d6049b05b09b18a500882f6ca8e238a6e702277ec0f6
1430179878853349cd097b68e6ed2a6436a4132c430c7fc85d8d13b814c547005caab6c5aad45ed9
Status: 
WAITING
WAITING
Submitting data 
Synch: 
testsResults/14301798788585382443341749ae12eae632d6049b05b09b18a500882f6ca8e238a6e702277ec0f6-stdout.dat
testsResults/14301798788585382443341749ae12eae632d6049b05b09b18a500882f6ca8e238a6e702277ec0f6-stderr.dat
testsResults/1430179878853349cd097b68e6ed2a6436a4132c430c7fc85d8d13b814c547005caab6c5aad45ed9-stdout.dat
testsResults/1430179878853349cd097b68e6ed2a6436a4132c430c7fc85d8d13b814c547005caab6c5aad45ed9-stderr.dat
<END>


WatchdogThread<TestFunctionality><10.2.9.12>:::Test Echo has ended successfully.
WatchdogThread<TestFunctionality><10.2.9.12>:::Test SHA256LocalFile has ended successfully.
WatchdogThread<TestFunctionality><10.2.9.12>:::Test SHA256FTP has ended successfully.
WatchdogThread<TestFunctionality><10.2.9.12>:::Test WEKAfunctionality has ended successfully.

<BEGIN><Echo><10.2.9.12>
Tickets: 
14301798788410361597062e59ffee3bed304bd0b535b2a8587ca21cb187011b2ec1975555f4b768
1430179878853279698b3442620ca466c219beea4111f0368f6f3db8798920bec9110be307b58b20
1430179878852738086d0766c4db7decaef19e9dbabb05e156c88a2d1e6e71283f53dc0dfbaf5482
Status: 
WAITING
WAITING
WAITING
Synch: 
HELLO WORLD
HELLO, WORLD!
HEII0, W0R1D!!!111!
<END>

<BEGIN><SHA256LocalFile><127.0.0.1>
Tickets: 
1430179878573061caa0158f44fd125f8624302875183b25f03de9552f28431c9c9d4a9974f78d9
143017987852943256ddfb2fa5e5e901cf812e8938e7c2be9acc97748fff79d10a1062523553454b
Status: 
WAITING
WAITING
Synch: 
AssistanceApps/runtimeIO/1430179878573061caa0158f44fd125f8624302875183b25f03de9552f28431c9c9d4a9974f78d9/1430179878573061caa0158f44fd125f8624302875183b25f03de9552f28431c9c9d4a9974f78d9-stdout.dat
AssistanceApps/runtimeIO/1430179878573061caa0158f44fd125f8624302875183b25f03de9552f28431c9c9d4a9974f78d9/1430179878573061caa0158f44fd125f8624302875183b25f03de9552f28431c9c9d4a9974f78d9-stderr.dat
AssistanceApps/runtimeIO/143017987852943256ddfb2fa5e5e901cf812e8938e7c2be9acc97748fff79d10a1062523553454b/143017987852943256ddfb2fa5e5e901cf812e8938e7c2be9acc97748fff79d10a1062523553454b-stdout.dat
AssistanceApps/runtimeIO/143017987852943256ddfb2fa5e5e901cf812e8938e7c2be9acc97748fff79d10a1062523553454b/143017987852943256ddfb2fa5e5e901cf812e8938e7c2be9acc97748fff79d10a1062523553454b-stderr.dat
<END>

<BEGIN><SHA256FTP><10.2.9.12>
Tickets: 
14301798788589858ef9e6d9faa3064bfe8f2c3a00cc82ff180c54dc0d5976435103648d346b127f
14301798788506528ef9e6d9faa3064bfe8f2c3a00cc82ff180c54dc0d5976435103648d346b127f
Status: 
WAITING
WAITING
Submitting data 
Synch: 
testsResults/14301798788589858ef9e6d9faa3064bfe8f2c3a00cc82ff180c54dc0d5976435103648d346b127f-stdout.dat
testsResults/14301798788589858ef9e6d9faa3064bfe8f2c3a00cc82ff180c54dc0d5976435103648d346b127f-stderr.dat
testsResults/14301798788506528ef9e6d9faa3064bfe8f2c3a00cc82ff180c54dc0d5976435103648d346b127f-stdout.dat
testsResults/14301798788506528ef9e6d9faa3064bfe8f2c3a00cc82ff180c54dc0d5976435103648d346b127f-stderr.dat
<END>

<BEGIN><WEKA><10.2.9.12>
Tickets: 
14301798788616662e733d9d7998ddff226760560ca1d57ec00c34b48ec1f3c575843f8dbdbb956a
14301798788659708e6b02a6b33d12a9d0ecb0183b15ccce23be81b7a86e4636f027e04170332114
Status: 
WAITING
WAITING
Submitting data 
Synch: 
testsResults/14301798788616662e733d9d7998ddff226760560ca1d57ec00c34b48ec1f3c575843f8dbdbb956a-stdout.dat
testsResults/14301798788616662e733d9d7998ddff226760560ca1d57ec00c34b48ec1f3c575843f8dbdbb956a-stderr.dat
testsResults/14301798788659708e6b02a6b33d12a9d0ecb0183b15ccce23be81b7a86e4636f027e04170332114-stdout.dat
testsResults/14301798788659708e6b02a6b33d12a9d0ecb0183b15ccce23be81b7a86e4636f027e04170332114-stderr.dat
<END>
