
<BEGIN>
142997844349925b79499b05d7f670515042c386c6d76a2f2b3013534c32ae574681c9c98246246
0123456789ABCDEF
1429978443.4
LOCAL_ECHO_TEST
Hello World
[]
['AssistanceApps/echoInAllCaps.assistanceApp', '10', '', '142997844349925b79499b05d7f670515042c386c6d76a2f2b3013534c32ae574681c9c98246246', 'Hello World']
READY
1429978444.4
0
HELLO WORLD



1429978443.4	DRAFT
1429978443.4	WAITING
1429978444.4	 CPU=1.475	 mem={'swap': 0.0, 'virtual': 0.0, 'physical': 18.5}	 freeDisk=40.5G
1429978444.4	DATA READY
1429978444.4	STANDBY
1429978444.4	PERFORMING_LOCAL
1429978444.4	COMPLETED_LOCAL
1429978444.4	READY
<END>
<BEGIN>
1429978443415654be2bca795cca683f5d277425ec148d781a95eb4a51769e254548dbabc185a86e
0123456789ABCDEF
1429978443.41
WEKA_3_6_12
weka.classifiers.trees.J48 -t
['AssistanceApps/runtimeIO/1429978443415654be2bca795cca683f5d277425ec148d781a95eb4a51769e254548dbabc185a86e/weather.numeric.arff']
['AssistanceApps/assistanceWEKA.assistanceApp', '10', 'AssistanceApps/runtimeIO/1429978443415654be2bca795cca683f5d277425ec148d781a95eb4a51769e254548dbabc185a86e/weather.numeric.arff', '1429978443415654be2bca795cca683f5d277425ec148d781a95eb4a51769e254548dbabc185a86e', 'weka.classifiers.trees.J48 -t']
FINISHED
1429978444.59
0
AssistanceApps/runtimeIO/1429978443415654be2bca795cca683f5d277425ec148d781a95eb4a51769e254548dbabc185a86e/1429978443415654be2bca795cca683f5d277425ec148d781a95eb4a51769e254548dbabc185a86e-stdout.dat
AssistanceApps/runtimeIO/1429978443415654be2bca795cca683f5d277425ec148d781a95eb4a51769e254548dbabc185a86e/1429978443415654be2bca795cca683f5d277425ec148d781a95eb4a51769e254548dbabc185a86e-stderr.dat

1429978443.41	DRAFT
1429978443.41	WAITING
1429978444.41	 CPU=1.725	 mem={'swap': 0.0, 'virtual': 0.0, 'physical': 18.6}	 freeDisk=40.5G
1429978444.41	GATHERING
1429978444.43	DATA READY
1429978444.43	STANDBY
1429978444.43	PERFORMING_LOCAL
1429978444.59	COMPLETED_LOCAL
1429978444.59	READY
1429978444.68	SENDING_DATA
1429978444.68	FINISHED
<END>
<BEGIN>
14299784434187238e3f1671262b88658407567c0cba2707aff73351e9fe6e4a4a35bbfdc8d2ff30
0123456789ABCDEF
1429978443.41
WEKA_3_6_12
weka.classifiers.trees.J48 -t
['AssistanceApps/runtimeIO/14299784434187238e3f1671262b88658407567c0cba2707aff73351e9fe6e4a4a35bbfdc8d2ff30/weather.nominal.arff']
['AssistanceApps/assistanceWEKA.assistanceApp', '10', 'AssistanceApps/runtimeIO/14299784434187238e3f1671262b88658407567c0cba2707aff73351e9fe6e4a4a35bbfdc8d2ff30/weather.nominal.arff', '14299784434187238e3f1671262b88658407567c0cba2707aff73351e9fe6e4a4a35bbfdc8d2ff30', 'weka.classifiers.trees.J48 -t']
FINISHED
1429978444.59
0
AssistanceApps/runtimeIO/14299784434187238e3f1671262b88658407567c0cba2707aff73351e9fe6e4a4a35bbfdc8d2ff30/14299784434187238e3f1671262b88658407567c0cba2707aff73351e9fe6e4a4a35bbfdc8d2ff30-stdout.dat
AssistanceApps/runtimeIO/14299784434187238e3f1671262b88658407567c0cba2707aff73351e9fe6e4a4a35bbfdc8d2ff30/14299784434187238e3f1671262b88658407567c0cba2707aff73351e9fe6e4a4a35bbfdc8d2ff30-stderr.dat

1429978443.41	DRAFT
1429978443.41	WAITING
1429978444.41	 CPU=1.475	 mem={'swap': 0.0, 'virtual': 0.0, 'physical': 18.5}	 freeDisk=40.5G
1429978444.41	GATHERING
1429978444.42	DATA READY
1429978444.42	STANDBY
1429978444.42	PERFORMING_LOCAL
1429978444.59	COMPLETED_LOCAL
1429978444.59	READY
1429978444.68	SENDING_DATA
1429978444.68	FINISHED
<END>
<BEGIN>
142997844340251cccfec80abddfa89541f9b414d387b2658902172ffe3463a06c7813be4a55e7f
0123456789ABCDEF
1429978443.4
SHA256_TEST
60000 -verbose 20000
['AssistanceApps/runtimeIO/142997844340251cccfec80abddfa89541f9b414d387b2658902172ffe3463a06c7813be4a55e7f/experimentData.dat']
['AssistanceApps/sha256Example.assistanceApp', '10', 'AssistanceApps/runtimeIO/142997844340251cccfec80abddfa89541f9b414d387b2658902172ffe3463a06c7813be4a55e7f/experimentData.dat', '142997844340251cccfec80abddfa89541f9b414d387b2658902172ffe3463a06c7813be4a55e7f', '60000 -verbose 20000']
FINISHED
1429978444.89
0
AssistanceApps/runtimeIO/142997844340251cccfec80abddfa89541f9b414d387b2658902172ffe3463a06c7813be4a55e7f/142997844340251cccfec80abddfa89541f9b414d387b2658902172ffe3463a06c7813be4a55e7f-stdout.dat
AssistanceApps/runtimeIO/142997844340251cccfec80abddfa89541f9b414d387b2658902172ffe3463a06c7813be4a55e7f/142997844340251cccfec80abddfa89541f9b414d387b2658902172ffe3463a06c7813be4a55e7f-stderr.dat

1429978443.4	DRAFT
1429978443.4	WAITING
1429978444.41	 CPU=1.475	 mem={'swap': 0.0, 'virtual': 0.0, 'physical': 18.5}	 freeDisk=40.5G
1429978444.41	GATHERING
1429978444.42	DATA READY
1429978444.42	STANDBY
1429978444.42	PERFORMING_LOCAL
1429978444.89	COMPLETED_LOCAL
1429978444.89	READY
1429978444.93	SENDING_DATA
1429978444.93	FINISHED
<END>
<BEGIN>
142997844345225cea516f3eb2435dd6c7be329f0e33f45bfe64d391dd2f3868c0293f155024100
0123456789ABCDEF
1429978443.4
LOCAL_ECHO_TEST
Hello, World!
[]
['AssistanceApps/echoInAllCaps.assistanceApp', '10', '', '142997844345225cea516f3eb2435dd6c7be329f0e33f45bfe64d391dd2f3868c0293f155024100', 'Hello, World!']
READY
1429978444.41
0
HELLO, WORLD!



1429978443.4	DRAFT
1429978443.4	WAITING
1429978444.4	 CPU=1.475	 mem={'swap': 0.0, 'virtual': 0.0, 'physical': 18.5}	 freeDisk=40.5G
1429978444.4	DATA READY
1429978444.4	STANDBY
1429978444.4	PERFORMING_LOCAL
1429978444.41	COMPLETED_LOCAL
1429978444.41	READY
<END>
<BEGIN>
1429978443420901409586af4699cb3df1991c24f09a6e57ca85209b32193b5a53af324402a27cd
0123456789ABCDEF
1429978443.4
LOCAL_ECHO_TEST
HeII0, W0r1d!!!111!
[]
['AssistanceApps/echoInAllCaps.assistanceApp', '10', '', '1429978443420901409586af4699cb3df1991c24f09a6e57ca85209b32193b5a53af324402a27cd', 'HeII0, W0r1d!!!111!']
READY
1429978444.41
0
HEII0, W0R1D!!!111!



1429978443.4	DRAFT
1429978443.4	WAITING
1429978444.4	 CPU=1.475	 mem={'swap': 0.0, 'virtual': 0.0, 'physical': 18.5}	 freeDisk=40.5G
1429978444.4	DATA READY
1429978444.4	STANDBY
1429978444.4	PERFORMING_LOCAL
1429978444.41	COMPLETED_LOCAL
1429978444.41	READY
<END>
<BEGIN>
142997844341236934bb1433250c38b8fe75cd120a0cb3ea09cbe1e3506495897edc70bbef9be55d
0123456789ABCDEF
1429978443.4
SHA256_TEST
60000 -verbose 20000
['AssistanceApps/runtimeIO/142997844341236934bb1433250c38b8fe75cd120a0cb3ea09cbe1e3506495897edc70bbef9be55d/experimentData.dat']
['AssistanceApps/sha256Example.assistanceApp', '10', 'AssistanceApps/runtimeIO/142997844341236934bb1433250c38b8fe75cd120a0cb3ea09cbe1e3506495897edc70bbef9be55d/experimentData.dat', '142997844341236934bb1433250c38b8fe75cd120a0cb3ea09cbe1e3506495897edc70bbef9be55d', '60000 -verbose 20000']
FINISHED
1429978444.92
0
AssistanceApps/runtimeIO/142997844341236934bb1433250c38b8fe75cd120a0cb3ea09cbe1e3506495897edc70bbef9be55d/142997844341236934bb1433250c38b8fe75cd120a0cb3ea09cbe1e3506495897edc70bbef9be55d-stdout.dat
AssistanceApps/runtimeIO/142997844341236934bb1433250c38b8fe75cd120a0cb3ea09cbe1e3506495897edc70bbef9be55d/142997844341236934bb1433250c38b8fe75cd120a0cb3ea09cbe1e3506495897edc70bbef9be55d-stderr.dat

1429978443.4	DRAFT
1429978443.41	WAITING
1429978444.41	 CPU=1.475	 mem={'swap': 0.0, 'virtual': 0.0, 'physical': 18.5}	 freeDisk=40.5G
1429978444.41	GATHERING
1429978444.42	DATA READY
1429978444.42	STANDBY
1429978444.42	PERFORMING_LOCAL
1429978444.92	COMPLETED_LOCAL
1429978444.92	READY
1429978444.93	SENDING_DATA
1429978444.93	FINISHED
<END>