
<BEGIN>
14299772690486928013d50ab6155d4acb52e0ee089f9f70347e25f78197132fb8004a3ece1e3741
0123456789ABCDEF
1429977269.04
LOCAL_ECHO_TEST
HeII0, W0r1d!!!111!
[]
['AssistanceApps/echoInAllCaps.assistanceApp', '10', '', '14299772690486928013d50ab6155d4acb52e0ee089f9f70347e25f78197132fb8004a3ece1e3741', 'HeII0, W0r1d!!!111!']
READY
1429977270.08
0
HEII0, W0R1D!!!111!



1429977269.04	DRAFT
1429977269.04	WAITING
1429977270.05	 CPU=2.0	 mem={'swap': 0.0, 'virtual': 0.0, 'physical': 18.7}	 freeDisk=40.5G
1429977270.05	DATA READY
1429977270.05	STANDBY
1429977270.05	PERFORMING_LOCAL
1429977270.08	COMPLETED_LOCAL
1429977270.08	READY
<END>
<BEGIN>
1429977269048308f31d54c440e2f077c6b4a5bd9f51dbbc3ae1cbb14a28801bdede959b65f1bd60
0123456789ABCDEF
1429977269.04
WEKA_3_6_12
weka.classifiers.trees.J48 -t
['AssistanceApps/runtimeIO/1429977269048308f31d54c440e2f077c6b4a5bd9f51dbbc3ae1cbb14a28801bdede959b65f1bd60/weather.nominal.arff']
['AssistanceApps/assistanceWEKA.assistanceApp', '10', 'AssistanceApps/runtimeIO/1429977269048308f31d54c440e2f077c6b4a5bd9f51dbbc3ae1cbb14a28801bdede959b65f1bd60/weather.nominal.arff', '1429977269048308f31d54c440e2f077c6b4a5bd9f51dbbc3ae1cbb14a28801bdede959b65f1bd60', 'weka.classifiers.trees.J48 -t']
FINISHED
1429977270.19
0
AssistanceApps/runtimeIO/1429977269048308f31d54c440e2f077c6b4a5bd9f51dbbc3ae1cbb14a28801bdede959b65f1bd60/1429977269048308f31d54c440e2f077c6b4a5bd9f51dbbc3ae1cbb14a28801bdede959b65f1bd60-stdout.dat
AssistanceApps/runtimeIO/1429977269048308f31d54c440e2f077c6b4a5bd9f51dbbc3ae1cbb14a28801bdede959b65f1bd60/1429977269048308f31d54c440e2f077c6b4a5bd9f51dbbc3ae1cbb14a28801bdede959b65f1bd60-stderr.dat

1429977269.04	DRAFT
1429977269.04	WAITING
1429977270.05	 CPU=1.5	 mem={'swap': 0.0, 'virtual': 0.0, 'physical': 18.7}	 freeDisk=40.5G
1429977270.05	GATHERING
1429977270.05	DATA READY
1429977270.05	STANDBY
1429977270.05	PERFORMING_LOCAL
1429977270.19	COMPLETED_LOCAL
1429977270.19	READY
1429977270.31	SENDING_DATA
1429977270.31	FINISHED
<END>
<BEGIN>
14299772690462899e3be5af41ce9f006a1c37e686853c099e2376c923a2f2130109db990cc424ed
0123456789ABCDEF
1429977269.04
SHA256_TEST
60000 -verbose 20000
['testsData/experimentData.dat']
['AssistanceApps/sha256Example.assistanceApp', '10', 'testsData/experimentData.dat', '14299772690462899e3be5af41ce9f006a1c37e686853c099e2376c923a2f2130109db990cc424ed', '60000 -verbose 20000']
READY
1429977270.08
0
AssistanceApps/runtimeIO/14299772690462899e3be5af41ce9f006a1c37e686853c099e2376c923a2f2130109db990cc424ed/14299772690462899e3be5af41ce9f006a1c37e686853c099e2376c923a2f2130109db990cc424ed-stdout.dat
AssistanceApps/runtimeIO/14299772690462899e3be5af41ce9f006a1c37e686853c099e2376c923a2f2130109db990cc424ed/14299772690462899e3be5af41ce9f006a1c37e686853c099e2376c923a2f2130109db990cc424ed-stderr.dat

1429977269.04	DRAFT
1429977269.04	WAITING
1429977270.04	 CPU=1.975	 mem={'swap': 0.0, 'virtual': 0.0, 'physical': 18.6}	 freeDisk=40.5G
1429977270.04	GATHERING
1429977270.04	DATA READY
1429977270.04	STANDBY
1429977270.04	PERFORMING_LOCAL
1429977270.08	COMPLETED_LOCAL
1429977270.08	READY
<END>
<BEGIN>
142997726904118774211a3193505246162549bb86e027957e769a380549b0afa4144baceb5ee024
0123456789ABCDEF
1429977269.04
LOCAL_ECHO_TEST
Hello World
[]
['AssistanceApps/echoInAllCaps.assistanceApp', '10', '', '142997726904118774211a3193505246162549bb86e027957e769a380549b0afa4144baceb5ee024', 'Hello World']
READY
1429977270.08
0
HELLO WORLD



1429977269.04	DRAFT
1429977269.04	WAITING
1429977270.04	 CPU=1.975	 mem={'swap': 0.0, 'virtual': 0.0, 'physical': 18.6}	 freeDisk=40.5G
1429977270.04	DATA READY
1429977270.04	STANDBY
1429977270.04	PERFORMING_LOCAL
1429977270.08	COMPLETED_LOCAL
1429977270.08	READY
<END>
<BEGIN>
1429977269048717adaf769e83d8e26aaf0da0c321831d420a660c188ff8a3a0cf5a3c156ede1ded
0123456789ABCDEF
1429977269.04
WEKA_3_6_12
weka.classifiers.trees.J48 -t
['AssistanceApps/runtimeIO/1429977269048717adaf769e83d8e26aaf0da0c321831d420a660c188ff8a3a0cf5a3c156ede1ded/weather.numeric.arff']
['AssistanceApps/assistanceWEKA.assistanceApp', '10', 'AssistanceApps/runtimeIO/1429977269048717adaf769e83d8e26aaf0da0c321831d420a660c188ff8a3a0cf5a3c156ede1ded/weather.numeric.arff', '1429977269048717adaf769e83d8e26aaf0da0c321831d420a660c188ff8a3a0cf5a3c156ede1ded', 'weka.classifiers.trees.J48 -t']
FINISHED
1429977270.43
0
AssistanceApps/runtimeIO/1429977269048717adaf769e83d8e26aaf0da0c321831d420a660c188ff8a3a0cf5a3c156ede1ded/1429977269048717adaf769e83d8e26aaf0da0c321831d420a660c188ff8a3a0cf5a3c156ede1ded-stdout.dat
AssistanceApps/runtimeIO/1429977269048717adaf769e83d8e26aaf0da0c321831d420a660c188ff8a3a0cf5a3c156ede1ded/1429977269048717adaf769e83d8e26aaf0da0c321831d420a660c188ff8a3a0cf5a3c156ede1ded-stderr.dat

1429977269.04	DRAFT
1429977269.04	WAITING
1429977270.05	 CPU=2.0	 mem={'swap': 0.0, 'virtual': 0.0, 'physical': 18.7}	 freeDisk=40.5G
1429977270.08	GATHERING
1429977270.3	DATA READY
1429977270.3	STANDBY
1429977270.3	PERFORMING_LOCAL
1429977270.43	COMPLETED_LOCAL
1429977270.43	READY
1429977270.56	SENDING_DATA
1429977270.56	FINISHED
<END>
<BEGIN>
1429977269048911777a07378a5862715bf078728d0903d8911a9e166de31e8f5039adda7212f876
0123456789ABCDEF
1429977269.04
LOCAL_ECHO_TEST
Hello, World!
[]
['AssistanceApps/echoInAllCaps.assistanceApp', '10', '', '1429977269048911777a07378a5862715bf078728d0903d8911a9e166de31e8f5039adda7212f876', 'Hello, World!']
READY
1429977270.08
0
HELLO, WORLD!



1429977269.04	DRAFT
1429977269.04	WAITING
1429977270.05	 CPU=1.5	 mem={'swap': 0.0, 'virtual': 0.0, 'physical': 18.7}	 freeDisk=40.5G
1429977270.05	DATA READY
1429977270.05	STANDBY
1429977270.05	PERFORMING_LOCAL
1429977270.08	COMPLETED_LOCAL
1429977270.08	READY
<END>
<BEGIN>
14299772690424759e3be5af41ce9f006a1c37e686853c099e2376c923a2f2130109db990cc424ed
0123456789ABCDEF
1429977269.04
SHA256_TEST
60000 -verbose 20000
['testsData/experimentData.dat']
['AssistanceApps/sha256Example.assistanceApp', '10', 'testsData/experimentData.dat', '14299772690424759e3be5af41ce9f006a1c37e686853c099e2376c923a2f2130109db990cc424ed', '60000 -verbose 20000']
READY
1429977270.08
0
AssistanceApps/runtimeIO/14299772690424759e3be5af41ce9f006a1c37e686853c099e2376c923a2f2130109db990cc424ed/14299772690424759e3be5af41ce9f006a1c37e686853c099e2376c923a2f2130109db990cc424ed-stdout.dat
AssistanceApps/runtimeIO/14299772690424759e3be5af41ce9f006a1c37e686853c099e2376c923a2f2130109db990cc424ed/14299772690424759e3be5af41ce9f006a1c37e686853c099e2376c923a2f2130109db990cc424ed-stderr.dat

1429977269.04	DRAFT
1429977269.04	WAITING
1429977270.05	 CPU=1.5	 mem={'swap': 0.0, 'virtual': 0.0, 'physical': 18.7}	 freeDisk=40.5G
1429977270.05	GATHERING
1429977270.05	DATA READY
1429977270.05	STANDBY
1429977270.05	PERFORMING_LOCAL
1429977270.08	COMPLETED_LOCAL
1429977270.08	READY
<END>
<BEGIN>
1429977269041670533bd0dac32a3c4be4f2ed3f8522050f71934d9e2000cb307ac93fbf3eb1a2b3
0123456789ABCDEF
1429977269.04
SHA256_TEST
60000 -verbose 20000
['AssistanceApps/runtimeIO/1429977269041670533bd0dac32a3c4be4f2ed3f8522050f71934d9e2000cb307ac93fbf3eb1a2b3/experimentData.dat']
['AssistanceApps/sha256Example.assistanceApp', '10', 'AssistanceApps/runtimeIO/1429977269041670533bd0dac32a3c4be4f2ed3f8522050f71934d9e2000cb307ac93fbf3eb1a2b3/experimentData.dat', '1429977269041670533bd0dac32a3c4be4f2ed3f8522050f71934d9e2000cb307ac93fbf3eb1a2b3', '60000 -verbose 20000']
FINISHED
1429977270.53
0
AssistanceApps/runtimeIO/1429977269041670533bd0dac32a3c4be4f2ed3f8522050f71934d9e2000cb307ac93fbf3eb1a2b3/1429977269041670533bd0dac32a3c4be4f2ed3f8522050f71934d9e2000cb307ac93fbf3eb1a2b3-stdout.dat
AssistanceApps/runtimeIO/1429977269041670533bd0dac32a3c4be4f2ed3f8522050f71934d9e2000cb307ac93fbf3eb1a2b3/1429977269041670533bd0dac32a3c4be4f2ed3f8522050f71934d9e2000cb307ac93fbf3eb1a2b3-stderr.dat

1429977269.04	DRAFT
1429977269.04	WAITING
1429977270.05	 CPU=1.5	 mem={'swap': 0.0, 'virtual': 0.0, 'physical': 18.7}	 freeDisk=40.5G
1429977270.05	GATHERING
1429977270.05	DATA READY
1429977270.06	STANDBY
1429977270.06	PERFORMING_LOCAL
1429977270.53	COMPLETED_LOCAL
1429977270.53	READY
1429977270.56	SENDING_DATA
1429977270.56	FINISHED
<END>
<BEGIN>
1429977269043639533bd0dac32a3c4be4f2ed3f8522050f71934d9e2000cb307ac93fbf3eb1a2b3
0123456789ABCDEF
1429977269.04
SHA256_TEST
60000 -verbose 20000
['AssistanceApps/runtimeIO/1429977269043639533bd0dac32a3c4be4f2ed3f8522050f71934d9e2000cb307ac93fbf3eb1a2b3/experimentData.dat']
['AssistanceApps/sha256Example.assistanceApp', '10', 'AssistanceApps/runtimeIO/1429977269043639533bd0dac32a3c4be4f2ed3f8522050f71934d9e2000cb307ac93fbf3eb1a2b3/experimentData.dat', '1429977269043639533bd0dac32a3c4be4f2ed3f8522050f71934d9e2000cb307ac93fbf3eb1a2b3', '60000 -verbose 20000']
FINISHED
1429977270.53
0
AssistanceApps/runtimeIO/1429977269043639533bd0dac32a3c4be4f2ed3f8522050f71934d9e2000cb307ac93fbf3eb1a2b3/1429977269043639533bd0dac32a3c4be4f2ed3f8522050f71934d9e2000cb307ac93fbf3eb1a2b3-stdout.dat
AssistanceApps/runtimeIO/1429977269043639533bd0dac32a3c4be4f2ed3f8522050f71934d9e2000cb307ac93fbf3eb1a2b3/1429977269043639533bd0dac32a3c4be4f2ed3f8522050f71934d9e2000cb307ac93fbf3eb1a2b3-stderr.dat

1429977269.04	DRAFT
1429977269.04	WAITING
1429977270.04	 CPU=1.975	 mem={'swap': 0.0, 'virtual': 0.0, 'physical': 18.7}	 freeDisk=40.5G
1429977270.04	GATHERING
1429977270.05	DATA READY
1429977270.05	STANDBY
1429977270.05	PERFORMING_LOCAL
1429977270.53	COMPLETED_LOCAL
1429977270.53	READY
1429977270.56	SENDING_DATA
1429977270.56	FINISHED
<END>
<BEGIN>
1429977657222158ceb5a9d3707e4b8ed076aa81bcc223ab7e06e64589019c1e4fa0eb8d867e3e14
0123456789ABCDEF
1429977657.22
LOCAL_ECHO_TEST
HeII0, W0r1d!!!111!
[]
['AssistanceApps/echoInAllCaps.assistanceApp', '10', '', '1429977657222158ceb5a9d3707e4b8ed076aa81bcc223ab7e06e64589019c1e4fa0eb8d867e3e14', 'HeII0, W0r1d!!!111!']
READY
1429977658.22
0
HEII0, W0R1D!!!111!



1429977657.22	DRAFT
1429977657.22	WAITING
1429977658.22	 CPU=1.25	 mem={'swap': 0.0, 'virtual': 0.0, 'physical': 18.5}	 freeDisk=40.5G
1429977658.22	DATA READY
1429977658.22	STANDBY
1429977658.22	PERFORMING_LOCAL
1429977658.22	COMPLETED_LOCAL
1429977658.22	READY
<END>
<BEGIN>
1429977657217542785934c4af0593dc94d015cbc4f4a8ad58ca68d8e7ce5f7d38709c09dfbe3c95
0123456789ABCDEF
1429977657.21
LOCAL_ECHO_TEST
Hello World
[]
['AssistanceApps/echoInAllCaps.assistanceApp', '10', '', '1429977657217542785934c4af0593dc94d015cbc4f4a8ad58ca68d8e7ce5f7d38709c09dfbe3c95', 'Hello World']
READY
1429977658.21
0
HELLO WORLD



1429977657.21	DRAFT
1429977657.21	WAITING
1429977658.21	 CPU=1.25	 mem={'swap': 0.0, 'virtual': 0.0, 'physical': 18.5}	 freeDisk=40.5G
1429977658.21	DATA READY
1429977658.21	STANDBY
1429977658.21	PERFORMING_LOCAL
1429977658.21	COMPLETED_LOCAL
1429977658.21	READY
<END>
<BEGIN>
14299776572186471899c51d5551aabf148e1d3039bcd2b75aa62443a9589f4ff5d0d0dfb34e2a4b
0123456789ABCDEF
1429977657.21
WEKA_3_6_12
weka.classifiers.trees.J48 -t
['AssistanceApps/runtimeIO/14299776572186471899c51d5551aabf148e1d3039bcd2b75aa62443a9589f4ff5d0d0dfb34e2a4b/weather.nominal.arff']
['AssistanceApps/assistanceWEKA.assistanceApp', '10', 'AssistanceApps/runtimeIO/14299776572186471899c51d5551aabf148e1d3039bcd2b75aa62443a9589f4ff5d0d0dfb34e2a4b/weather.nominal.arff', '14299776572186471899c51d5551aabf148e1d3039bcd2b75aa62443a9589f4ff5d0d0dfb34e2a4b', 'weka.classifiers.trees.J48 -t']
FINISHED
1429977658.39
0
AssistanceApps/runtimeIO/14299776572186471899c51d5551aabf148e1d3039bcd2b75aa62443a9589f4ff5d0d0dfb34e2a4b/14299776572186471899c51d5551aabf148e1d3039bcd2b75aa62443a9589f4ff5d0d0dfb34e2a4b-stdout.dat
AssistanceApps/runtimeIO/14299776572186471899c51d5551aabf148e1d3039bcd2b75aa62443a9589f4ff5d0d0dfb34e2a4b/14299776572186471899c51d5551aabf148e1d3039bcd2b75aa62443a9589f4ff5d0d0dfb34e2a4b-stderr.dat

1429977657.21	DRAFT
1429977657.21	WAITING
1429977658.21	 CPU=1.25	 mem={'swap': 0.0, 'virtual': 0.0, 'physical': 18.5}	 freeDisk=40.5G
1429977658.21	GATHERING
1429977658.22	DATA READY
1429977658.22	STANDBY
1429977658.22	PERFORMING_LOCAL
1429977658.39	COMPLETED_LOCAL
1429977658.39	READY
1429977658.48	SENDING_DATA
1429977658.48	FINISHED
<END>
<BEGIN>
1429977657228356a09445464be11da7b30fae3eb4fddc9504ceccadffa5288b86ea8920b98e465d
0123456789ABCDEF
1429977657.21
SHA256_TEST
60000 -verbose 20000
['AssistanceApps/runtimeIO/1429977657228356a09445464be11da7b30fae3eb4fddc9504ceccadffa5288b86ea8920b98e465d/experimentData.dat']
['AssistanceApps/sha256Example.assistanceApp', '10', 'AssistanceApps/runtimeIO/1429977657228356a09445464be11da7b30fae3eb4fddc9504ceccadffa5288b86ea8920b98e465d/experimentData.dat', '1429977657228356a09445464be11da7b30fae3eb4fddc9504ceccadffa5288b86ea8920b98e465d', '60000 -verbose 20000']
FINISHED
1429977658.7
0
AssistanceApps/runtimeIO/1429977657228356a09445464be11da7b30fae3eb4fddc9504ceccadffa5288b86ea8920b98e465d/1429977657228356a09445464be11da7b30fae3eb4fddc9504ceccadffa5288b86ea8920b98e465d-stdout.dat
AssistanceApps/runtimeIO/1429977657228356a09445464be11da7b30fae3eb4fddc9504ceccadffa5288b86ea8920b98e465d/1429977657228356a09445464be11da7b30fae3eb4fddc9504ceccadffa5288b86ea8920b98e465d-stderr.dat

1429977657.21	DRAFT
1429977657.22	WAITING
1429977658.22	 CPU=1.25	 mem={'swap': 0.0, 'virtual': 0.0, 'physical': 18.5}	 freeDisk=40.5G
1429977658.22	GATHERING
1429977658.23	DATA READY
1429977658.23	STANDBY
1429977658.23	PERFORMING_LOCAL
1429977658.7	COMPLETED_LOCAL
1429977658.7	READY
1429977658.74	SENDING_DATA
1429977658.74	FINISHED
<END>
<BEGIN>
1429977657211379a536299372d088f42762b5dd5c4fdfa11bd481ef80c92d1f63a77075b48e7a0e
0123456789ABCDEF
1429977657.21
LOCAL_ECHO_TEST
Hello, World!
[]
['AssistanceApps/echoInAllCaps.assistanceApp', '10', '', '1429977657211379a536299372d088f42762b5dd5c4fdfa11bd481ef80c92d1f63a77075b48e7a0e', 'Hello, World!']
READY
1429977658.22
0
HELLO, WORLD!



1429977657.21	DRAFT
1429977657.21	WAITING
1429977658.21	 CPU=1.25	 mem={'swap': 0.0, 'virtual': 0.0, 'physical': 18.5}	 freeDisk=40.5G
1429977658.21	DATA READY
1429977658.21	STANDBY
1429977658.21	PERFORMING_LOCAL
1429977658.22	COMPLETED_LOCAL
1429977658.22	READY
<END>
<BEGIN>
1429977657213850efb90e5e60828ddc3958b66bb3ce1115c64d38a84e8bd886745583e56959b068
0123456789ABCDEF
1429977657.21
SHA256_TEST
60000 -verbose 20000
['AssistanceApps/runtimeIO/1429977657213850efb90e5e60828ddc3958b66bb3ce1115c64d38a84e8bd886745583e56959b068/experimentData.dat']
['AssistanceApps/sha256Example.assistanceApp', '10', 'AssistanceApps/runtimeIO/1429977657213850efb90e5e60828ddc3958b66bb3ce1115c64d38a84e8bd886745583e56959b068/experimentData.dat', '1429977657213850efb90e5e60828ddc3958b66bb3ce1115c64d38a84e8bd886745583e56959b068', '60000 -verbose 20000']
FINISHED
1429977658.7
0
AssistanceApps/runtimeIO/1429977657213850efb90e5e60828ddc3958b66bb3ce1115c64d38a84e8bd886745583e56959b068/1429977657213850efb90e5e60828ddc3958b66bb3ce1115c64d38a84e8bd886745583e56959b068-stdout.dat
AssistanceApps/runtimeIO/1429977657213850efb90e5e60828ddc3958b66bb3ce1115c64d38a84e8bd886745583e56959b068/1429977657213850efb90e5e60828ddc3958b66bb3ce1115c64d38a84e8bd886745583e56959b068-stderr.dat

1429977657.21	DRAFT
1429977657.21	WAITING
1429977658.21	 CPU=1.25	 mem={'swap': 0.0, 'virtual': 0.0, 'physical': 18.5}	 freeDisk=40.5G
1429977658.21	GATHERING
1429977658.23	DATA READY
1429977658.23	STANDBY
1429977658.23	PERFORMING_LOCAL
1429977658.7	COMPLETED_LOCAL
1429977658.7	READY
1429977658.74	SENDING_DATA
1429977658.74	FINISHED
<END>
<BEGIN>
1429977657219466731d00fc9150c2913ffd132151bf7a56ea2b74a99ab4537b23ccddb5363442f8
0123456789ABCDEF
1429977657.21
WEKA_3_6_12
weka.classifiers.trees.J48 -t
['AssistanceApps/runtimeIO/1429977657219466731d00fc9150c2913ffd132151bf7a56ea2b74a99ab4537b23ccddb5363442f8/weather.numeric.arff']
['AssistanceApps/assistanceWEKA.assistanceApp', '10', 'AssistanceApps/runtimeIO/1429977657219466731d00fc9150c2913ffd132151bf7a56ea2b74a99ab4537b23ccddb5363442f8/weather.numeric.arff', '1429977657219466731d00fc9150c2913ffd132151bf7a56ea2b74a99ab4537b23ccddb5363442f8', 'weka.classifiers.trees.J48 -t']
FINISHED
1429977658.4
0
AssistanceApps/runtimeIO/1429977657219466731d00fc9150c2913ffd132151bf7a56ea2b74a99ab4537b23ccddb5363442f8/1429977657219466731d00fc9150c2913ffd132151bf7a56ea2b74a99ab4537b23ccddb5363442f8-stdout.dat
AssistanceApps/runtimeIO/1429977657219466731d00fc9150c2913ffd132151bf7a56ea2b74a99ab4537b23ccddb5363442f8/1429977657219466731d00fc9150c2913ffd132151bf7a56ea2b74a99ab4537b23ccddb5363442f8-stderr.dat

1429977657.21	DRAFT
1429977657.21	WAITING
1429977658.21	 CPU=1.25	 mem={'swap': 0.0, 'virtual': 0.0, 'physical': 18.5}	 freeDisk=40.5G
1429977658.21	GATHERING
1429977658.22	DATA READY
1429977658.22	STANDBY
1429977658.22	PERFORMING_LOCAL
1429977658.4	COMPLETED_LOCAL
1429977658.4	READY
1429977658.48	SENDING_DATA
1429977658.48	FINISHED
<END>