WatchdogThread<TestFunctionality>:::Test Echo to  has ended successfully.
WatchdogThread<TestFunctionality>:::Test SHA256LocalFile to  has ended successfully.
WatchdogThread<TestFunctionality>:::Test SHA256FTP to  has ended successfully.
WatchdogThread<TestFunctionality>:::Test WEKAfunctionality to  has ended successfully.

<BEGIN><SHA256LocalFile><127.0.0.1>
Tickets: 
14299772690462899e3be5af41ce9f006a1c37e686853c099e2376c923a2f2130109db990cc424ed
14299772690424759e3be5af41ce9f006a1c37e686853c099e2376c923a2f2130109db990cc424ed
Status: 
WAITING
WAITING
Synch: 
AssistanceApps/runtimeIO/14299772690462899e3be5af41ce9f006a1c37e686853c099e2376c923a2f2130109db990cc424ed/14299772690462899e3be5af41ce9f006a1c37e686853c099e2376c923a2f2130109db990cc424ed-stdout.dat
AssistanceApps/runtimeIO/14299772690462899e3be5af41ce9f006a1c37e686853c099e2376c923a2f2130109db990cc424ed/14299772690462899e3be5af41ce9f006a1c37e686853c099e2376c923a2f2130109db990cc424ed-stderr.dat
AssistanceApps/runtimeIO/14299772690424759e3be5af41ce9f006a1c37e686853c099e2376c923a2f2130109db990cc424ed/14299772690424759e3be5af41ce9f006a1c37e686853c099e2376c923a2f2130109db990cc424ed-stdout.dat
AssistanceApps/runtimeIO/14299772690424759e3be5af41ce9f006a1c37e686853c099e2376c923a2f2130109db990cc424ed/14299772690424759e3be5af41ce9f006a1c37e686853c099e2376c923a2f2130109db990cc424ed-stderr.dat
<END>

<BEGIN><Echo><>
Tickets: 
142997726904118774211a3193505246162549bb86e027957e769a380549b0afa4144baceb5ee024
1429977269048911777a07378a5862715bf078728d0903d8911a9e166de31e8f5039adda7212f876
14299772690486928013d50ab6155d4acb52e0ee089f9f70347e25f78197132fb8004a3ece1e3741
Status: 
WAITING
WAITING
WAITING
Synch: 
HELLO WORLD
HELLO, WORLD!
HEII0, W0R1D!!!111!
<END>

<BEGIN><WEKA><>
Tickets: 
1429977269048308f31d54c440e2f077c6b4a5bd9f51dbbc3ae1cbb14a28801bdede959b65f1bd60
1429977269048717adaf769e83d8e26aaf0da0c321831d420a660c188ff8a3a0cf5a3c156ede1ded
Status: 
WAITING
WAITING
Submitting data 
Synch: 
testsResults/1429977269048308f31d54c440e2f077c6b4a5bd9f51dbbc3ae1cbb14a28801bdede959b65f1bd60-stdout.dat
testsResults/1429977269048308f31d54c440e2f077c6b4a5bd9f51dbbc3ae1cbb14a28801bdede959b65f1bd60-stderr.dat
testsResults/1429977269048717adaf769e83d8e26aaf0da0c321831d420a660c188ff8a3a0cf5a3c156ede1ded-stdout.dat
testsResults/1429977269048717adaf769e83d8e26aaf0da0c321831d420a660c188ff8a3a0cf5a3c156ede1ded-stderr.dat
<END>

<BEGIN><SHA256FTP><>
Tickets: 
1429977269043639533bd0dac32a3c4be4f2ed3f8522050f71934d9e2000cb307ac93fbf3eb1a2b3
1429977269041670533bd0dac32a3c4be4f2ed3f8522050f71934d9e2000cb307ac93fbf3eb1a2b3
Status: 
WAITING
WAITING
Submitting data 
Synch: 
testsResults/1429977269043639533bd0dac32a3c4be4f2ed3f8522050f71934d9e2000cb307ac93fbf3eb1a2b3-stdout.dat
testsResults/1429977269043639533bd0dac32a3c4be4f2ed3f8522050f71934d9e2000cb307ac93fbf3eb1a2b3-stderr.dat
testsResults/1429977269041670533bd0dac32a3c4be4f2ed3f8522050f71934d9e2000cb307ac93fbf3eb1a2b3-stdout.dat
testsResults/1429977269041670533bd0dac32a3c4be4f2ed3f8522050f71934d9e2000cb307ac93fbf3eb1a2b3-stderr.dat
<END>
