
<BEGIN>
14301819845849721e8702ca5ea1ae6f76a3effbadaec406c57accb020a4ce4bf023491af8740582
0123456789ABCDEF
1430181984.58
WEKA_3_6_12
weka.classifiers.trees.J48 -t
['AssistanceApps/runtimeIO/14301819845849721e8702ca5ea1ae6f76a3effbadaec406c57accb020a4ce4bf023491af8740582/weather.nominal.arff']
['AssistanceApps/assistanceWEKA.assistanceApp', '10', 'AssistanceApps/runtimeIO/14301819845849721e8702ca5ea1ae6f76a3effbadaec406c57accb020a4ce4bf023491af8740582/weather.nominal.arff', '14301819845849721e8702ca5ea1ae6f76a3effbadaec406c57accb020a4ce4bf023491af8740582', 'weka.classifiers.trees.J48 -t']
FINISHED
1430181985.76
0
AssistanceApps/runtimeIO/14301819845849721e8702ca5ea1ae6f76a3effbadaec406c57accb020a4ce4bf023491af8740582/14301819845849721e8702ca5ea1ae6f76a3effbadaec406c57accb020a4ce4bf023491af8740582-stdout.dat
AssistanceApps/runtimeIO/14301819845849721e8702ca5ea1ae6f76a3effbadaec406c57accb020a4ce4bf023491af8740582/14301819845849721e8702ca5ea1ae6f76a3effbadaec406c57accb020a4ce4bf023491af8740582-stderr.dat

1430181984.58	DRAFT
1430181984.58	WAITING
1430181985.59	 CPU=1.0	 mem={'swap': 0.0, 'virtual': 0.0, 'physical': 17.9}	 freeDisk=40.6G
1430181985.59	GATHERING
1430181985.6	DATA READY
1430181985.6	STANDBY
1430181985.6	PERFORMING_LOCAL
1430181985.76	COMPLETED_LOCAL
1430181985.76	READY
1430181985.86	SENDING_DATA
1430181985.86	FINISHED
<END>
<BEGIN>
14301819845888879863b6ede2e9151ff57ff71d2bdee8d3c8a0c048f28b34b0d3df84f87c95b60a
0123456789ABCDEF
1430181984.58
SHA256_TEST
60000 -verbose 20000
['AssistanceApps/runtimeIO/14301819845888879863b6ede2e9151ff57ff71d2bdee8d3c8a0c048f28b34b0d3df84f87c95b60a/experimentData.dat']
['AssistanceApps/sha256Example.assistanceApp', '10', 'AssistanceApps/runtimeIO/14301819845888879863b6ede2e9151ff57ff71d2bdee8d3c8a0c048f28b34b0d3df84f87c95b60a/experimentData.dat', '14301819845888879863b6ede2e9151ff57ff71d2bdee8d3c8a0c048f28b34b0d3df84f87c95b60a', '60000 -verbose 20000']
FINISHED
1430181986.07
0
AssistanceApps/runtimeIO/14301819845888879863b6ede2e9151ff57ff71d2bdee8d3c8a0c048f28b34b0d3df84f87c95b60a/14301819845888879863b6ede2e9151ff57ff71d2bdee8d3c8a0c048f28b34b0d3df84f87c95b60a-stdout.dat
AssistanceApps/runtimeIO/14301819845888879863b6ede2e9151ff57ff71d2bdee8d3c8a0c048f28b34b0d3df84f87c95b60a/14301819845888879863b6ede2e9151ff57ff71d2bdee8d3c8a0c048f28b34b0d3df84f87c95b60a-stderr.dat

1430181984.58	DRAFT
1430181984.58	WAITING
1430181985.58	 CPU=0.75	 mem={'swap': 0.0, 'virtual': 0.0, 'physical': 17.9}	 freeDisk=40.6G
1430181985.58	GATHERING
1430181985.6	DATA READY
1430181985.6	STANDBY
1430181985.6	PERFORMING_LOCAL
1430181986.07	COMPLETED_LOCAL
1430181986.07	READY
1430181986.11	SENDING_DATA
1430181986.11	FINISHED
<END>
<BEGIN>
14301819845803259863b6ede2e9151ff57ff71d2bdee8d3c8a0c048f28b34b0d3df84f87c95b60a
0123456789ABCDEF
1430181984.57
SHA256_TEST
60000 -verbose 20000
['AssistanceApps/runtimeIO/14301819845803259863b6ede2e9151ff57ff71d2bdee8d3c8a0c048f28b34b0d3df84f87c95b60a/experimentData.dat']
['AssistanceApps/sha256Example.assistanceApp', '10', 'AssistanceApps/runtimeIO/14301819845803259863b6ede2e9151ff57ff71d2bdee8d3c8a0c048f28b34b0d3df84f87c95b60a/experimentData.dat', '14301819845803259863b6ede2e9151ff57ff71d2bdee8d3c8a0c048f28b34b0d3df84f87c95b60a', '60000 -verbose 20000']
FINISHED
1430181986.07
0
AssistanceApps/runtimeIO/14301819845803259863b6ede2e9151ff57ff71d2bdee8d3c8a0c048f28b34b0d3df84f87c95b60a/14301819845803259863b6ede2e9151ff57ff71d2bdee8d3c8a0c048f28b34b0d3df84f87c95b60a-stdout.dat
AssistanceApps/runtimeIO/14301819845803259863b6ede2e9151ff57ff71d2bdee8d3c8a0c048f28b34b0d3df84f87c95b60a/14301819845803259863b6ede2e9151ff57ff71d2bdee8d3c8a0c048f28b34b0d3df84f87c95b60a-stderr.dat

1430181984.57	DRAFT
1430181984.58	WAITING
1430181985.58	 CPU=0.75	 mem={'swap': 0.0, 'virtual': 0.0, 'physical': 17.8}	 freeDisk=40.6G
1430181985.58	GATHERING
1430181985.59	DATA READY
1430181985.59	STANDBY
1430181985.59	PERFORMING_LOCAL
1430181986.07	COMPLETED_LOCAL
1430181986.07	READY
1430181986.1	SENDING_DATA
1430181986.1	FINISHED
<END>
<BEGIN>
14301819845749379f7fc20c4926e584717a97ac7356be6ebc57926e59f7794b3c8edc975991bad2
0123456789ABCDEF
1430181984.57
LOCAL_ECHO_TEST
Hello World
[]
['AssistanceApps/echoInAllCaps.assistanceApp', '10', '', '14301819845749379f7fc20c4926e584717a97ac7356be6ebc57926e59f7794b3c8edc975991bad2', 'Hello World']
READY
1430181985.58
0
HELLO WORLD



1430181984.57	DRAFT
1430181984.57	WAITING
1430181985.57	 CPU=0.75	 mem={'swap': 0.0, 'virtual': 0.0, 'physical': 17.8}	 freeDisk=40.6G
1430181985.57	DATA READY
1430181985.57	STANDBY
1430181985.57	PERFORMING_LOCAL
1430181985.58	COMPLETED_LOCAL
1430181985.58	READY
<END>
<BEGIN>
1430181984588659fb02e3bc00b4d83172ad8eeba16349857370f02ab141b0be6b2f31e57ca20399
0123456789ABCDEF
1430181984.58
LOCAL_ECHO_TEST
Hello, World!
[]
['AssistanceApps/echoInAllCaps.assistanceApp', '10', '', '1430181984588659fb02e3bc00b4d83172ad8eeba16349857370f02ab141b0be6b2f31e57ca20399', 'Hello, World!']
READY
1430181985.58
0
HELLO, WORLD!



1430181984.58	DRAFT
1430181984.58	WAITING
1430181985.58	 CPU=0.75	 mem={'swap': 0.0, 'virtual': 0.0, 'physical': 17.8}	 freeDisk=40.6G
1430181985.58	DATA READY
1430181985.58	STANDBY
1430181985.58	PERFORMING_LOCAL
1430181985.58	COMPLETED_LOCAL
1430181985.58	READY
<END>
<BEGIN>
14301819845825346a47077afaf10059738c57038d399ef1350b2d940cddbd6b61b910d03b8d45be
0123456789ABCDEF
1430181984.58
LOCAL_ECHO_TEST
HeII0, W0r1d!!!111!
[]
['AssistanceApps/echoInAllCaps.assistanceApp', '10', '', '14301819845825346a47077afaf10059738c57038d399ef1350b2d940cddbd6b61b910d03b8d45be', 'HeII0, W0r1d!!!111!']
READY
1430181985.58
0
HEII0, W0R1D!!!111!



1430181984.58	DRAFT
1430181984.58	WAITING
1430181985.58	 CPU=0.75	 mem={'swap': 0.0, 'virtual': 0.0, 'physical': 17.9}	 freeDisk=40.6G
1430181985.58	DATA READY
1430181985.58	STANDBY
1430181985.58	PERFORMING_LOCAL
1430181985.58	COMPLETED_LOCAL
1430181985.58	READY
<END>
<BEGIN>
14301819845977603a5dd9a25a8bd9d1dd76568dc9025835c3a162af643c8b02db16b9ebbb632828
0123456789ABCDEF
1430181984.59
WEKA_3_6_12
weka.classifiers.trees.J48 -t
['AssistanceApps/runtimeIO/14301819845977603a5dd9a25a8bd9d1dd76568dc9025835c3a162af643c8b02db16b9ebbb632828/weather.numeric.arff']
['AssistanceApps/assistanceWEKA.assistanceApp', '10', 'AssistanceApps/runtimeIO/14301819845977603a5dd9a25a8bd9d1dd76568dc9025835c3a162af643c8b02db16b9ebbb632828/weather.numeric.arff', '14301819845977603a5dd9a25a8bd9d1dd76568dc9025835c3a162af643c8b02db16b9ebbb632828', 'weka.classifiers.trees.J48 -t']
FINISHED
1430181985.76
0
AssistanceApps/runtimeIO/14301819845977603a5dd9a25a8bd9d1dd76568dc9025835c3a162af643c8b02db16b9ebbb632828/14301819845977603a5dd9a25a8bd9d1dd76568dc9025835c3a162af643c8b02db16b9ebbb632828-stdout.dat
AssistanceApps/runtimeIO/14301819845977603a5dd9a25a8bd9d1dd76568dc9025835c3a162af643c8b02db16b9ebbb632828/14301819845977603a5dd9a25a8bd9d1dd76568dc9025835c3a162af643c8b02db16b9ebbb632828-stderr.dat

1430181984.59	DRAFT
1430181984.59	WAITING
1430181985.59	 CPU=0.75	 mem={'swap': 0.0, 'virtual': 0.0, 'physical': 17.9}	 freeDisk=40.6G
1430181985.59	GATHERING
1430181985.6	DATA READY
1430181985.6	STANDBY
1430181985.6	PERFORMING_LOCAL
1430181985.76	COMPLETED_LOCAL
1430181985.76	READY
1430181985.86	SENDING_DATA
1430181985.86	FINISHED
<END>