
<BEGIN>
14299797091143270a73aae2394ce4ec9dd6ecd50b3678bc59dc45b4b5fd42335a722dd56de3603e
0123456789ABCDEF
1429979709.11
SHA256_TEST
60000 -verbose 20000
['AssistanceApps/runtimeIO/14299797091143270a73aae2394ce4ec9dd6ecd50b3678bc59dc45b4b5fd42335a722dd56de3603e/experimentData.dat']
['AssistanceApps/sha256Example.assistanceApp', '10', 'AssistanceApps/runtimeIO/14299797091143270a73aae2394ce4ec9dd6ecd50b3678bc59dc45b4b5fd42335a722dd56de3603e/experimentData.dat', '14299797091143270a73aae2394ce4ec9dd6ecd50b3678bc59dc45b4b5fd42335a722dd56de3603e', '60000 -verbose 20000']
FINISHED
1429979710.61
0
AssistanceApps/runtimeIO/14299797091143270a73aae2394ce4ec9dd6ecd50b3678bc59dc45b4b5fd42335a722dd56de3603e/14299797091143270a73aae2394ce4ec9dd6ecd50b3678bc59dc45b4b5fd42335a722dd56de3603e-stdout.dat
AssistanceApps/runtimeIO/14299797091143270a73aae2394ce4ec9dd6ecd50b3678bc59dc45b4b5fd42335a722dd56de3603e/14299797091143270a73aae2394ce4ec9dd6ecd50b3678bc59dc45b4b5fd42335a722dd56de3603e-stderr.dat

1429979709.11	DRAFT
1429979709.11	WAITING
1429979710.12	 CPU=1.975	 mem={'swap': 0.0, 'virtual': 0.0, 'physical': 18.0}	 freeDisk=40.2G
1429979710.12	GATHERING
1429979710.13	DATA READY
1429979710.13	STANDBY
1429979710.13	PERFORMING_LOCAL
1429979710.61	COMPLETED_LOCAL
1429979710.61	READY
1429979710.64	SENDING_DATA
1429979710.64	FINISHED
<END>
<BEGIN>
1429979709114365cb061b4bab6025cd682b001dcece0154300066c1580f9ebf9b2bedc7d7696286
0123456789ABCDEF
1429979709.11
LOCAL_ECHO_TEST
HeII0, W0r1d!!!111!
[]
['AssistanceApps/echoInAllCaps.assistanceApp', '10', '', '1429979709114365cb061b4bab6025cd682b001dcece0154300066c1580f9ebf9b2bedc7d7696286', 'HeII0, W0r1d!!!111!']
READY
1429979710.12
0
HEII0, W0R1D!!!111!



1429979709.11	DRAFT
1429979709.11	WAITING
1429979710.12	 CPU=1.975	 mem={'swap': 0.0, 'virtual': 0.0, 'physical': 18.0}	 freeDisk=40.2G
1429979710.12	DATA READY
1429979710.12	STANDBY
1429979710.12	PERFORMING_LOCAL
1429979710.12	COMPLETED_LOCAL
1429979710.12	READY
<END>
<BEGIN>
142997970911637910bcad806ee6b8664b168e630dc1dcb30ae885fd6f197f55ce7b77d9abf7822c
0123456789ABCDEF
1429979709.11
LOCAL_ECHO_TEST
Hello, World!
[]
['AssistanceApps/echoInAllCaps.assistanceApp', '10', '', '142997970911637910bcad806ee6b8664b168e630dc1dcb30ae885fd6f197f55ce7b77d9abf7822c', 'Hello, World!']
READY
1429979710.12
0
HELLO, WORLD!



1429979709.11	DRAFT
1429979709.11	WAITING
1429979710.11	 CPU=1.975	 mem={'swap': 0.0, 'virtual': 0.0, 'physical': 18.0}	 freeDisk=40.2G
1429979710.11	DATA READY
1429979710.11	STANDBY
1429979710.11	PERFORMING_LOCAL
1429979710.12	COMPLETED_LOCAL
1429979710.12	READY
<END>
<BEGIN>
1429979709126124b6680c4124c40e9e6255582a04a50637fe067b4c49aacf87dd50791f2c149816
0123456789ABCDEF
1429979709.12
WEKA_3_6_12
weka.classifiers.trees.J48 -t
['AssistanceApps/runtimeIO/1429979709126124b6680c4124c40e9e6255582a04a50637fe067b4c49aacf87dd50791f2c149816/weather.nominal.arff']
['AssistanceApps/assistanceWEKA.assistanceApp', '10', 'AssistanceApps/runtimeIO/1429979709126124b6680c4124c40e9e6255582a04a50637fe067b4c49aacf87dd50791f2c149816/weather.nominal.arff', '1429979709126124b6680c4124c40e9e6255582a04a50637fe067b4c49aacf87dd50791f2c149816', 'weka.classifiers.trees.J48 -t']
FINISHED
1429979710.3
0
AssistanceApps/runtimeIO/1429979709126124b6680c4124c40e9e6255582a04a50637fe067b4c49aacf87dd50791f2c149816/1429979709126124b6680c4124c40e9e6255582a04a50637fe067b4c49aacf87dd50791f2c149816-stdout.dat
AssistanceApps/runtimeIO/1429979709126124b6680c4124c40e9e6255582a04a50637fe067b4c49aacf87dd50791f2c149816/1429979709126124b6680c4124c40e9e6255582a04a50637fe067b4c49aacf87dd50791f2c149816-stderr.dat

1429979709.12	DRAFT
1429979709.12	WAITING
1429979710.12	 CPU=2.0	 mem={'swap': 0.0, 'virtual': 0.0, 'physical': 18.1}	 freeDisk=40.2G
1429979710.12	GATHERING
1429979710.13	DATA READY
1429979710.13	STANDBY
1429979710.13	PERFORMING_LOCAL
1429979710.3	COMPLETED_LOCAL
1429979710.3	READY
1429979710.39	SENDING_DATA
1429979710.39	FINISHED
<END>
<BEGIN>
142997970911559306f15a58702641476b4387081a03f142e0b3bd845ca4cdf01191237a53871171
0123456789ABCDEF
1429979709.11
LOCAL_ECHO_TEST
Hello World
[]
['AssistanceApps/echoInAllCaps.assistanceApp', '10', '', '142997970911559306f15a58702641476b4387081a03f142e0b3bd845ca4cdf01191237a53871171', 'Hello World']
READY
1429979710.12
0
HELLO WORLD



1429979709.11	DRAFT
1429979709.11	WAITING
1429979710.11	 CPU=1.975	 mem={'swap': 0.0, 'virtual': 0.0, 'physical': 18.0}	 freeDisk=40.2G
1429979710.11	DATA READY
1429979710.11	STANDBY
1429979710.11	PERFORMING_LOCAL
1429979710.12	COMPLETED_LOCAL
1429979710.12	READY
<END>
<BEGIN>
14299797091221499304b4a22a7f9988cac4eca178222fde79dd9e401c5bd4d9f477230c6e141321
0123456789ABCDEF
1429979709.12
WEKA_3_6_12
weka.classifiers.trees.J48 -t
['AssistanceApps/runtimeIO/14299797091221499304b4a22a7f9988cac4eca178222fde79dd9e401c5bd4d9f477230c6e141321/weather.numeric.arff']
['AssistanceApps/assistanceWEKA.assistanceApp', '10', 'AssistanceApps/runtimeIO/14299797091221499304b4a22a7f9988cac4eca178222fde79dd9e401c5bd4d9f477230c6e141321/weather.numeric.arff', '14299797091221499304b4a22a7f9988cac4eca178222fde79dd9e401c5bd4d9f477230c6e141321', 'weka.classifiers.trees.J48 -t']
FINISHED
1429979710.31
0
AssistanceApps/runtimeIO/14299797091221499304b4a22a7f9988cac4eca178222fde79dd9e401c5bd4d9f477230c6e141321/14299797091221499304b4a22a7f9988cac4eca178222fde79dd9e401c5bd4d9f477230c6e141321-stdout.dat
AssistanceApps/runtimeIO/14299797091221499304b4a22a7f9988cac4eca178222fde79dd9e401c5bd4d9f477230c6e141321/14299797091221499304b4a22a7f9988cac4eca178222fde79dd9e401c5bd4d9f477230c6e141321-stderr.dat

1429979709.12	DRAFT
1429979709.12	WAITING
1429979710.12	 CPU=1.75	 mem={'swap': 0.0, 'virtual': 0.0, 'physical': 18.1}	 freeDisk=40.2G
1429979710.12	GATHERING
1429979710.13	DATA READY
1429979710.13	STANDBY
1429979710.13	PERFORMING_LOCAL
1429979710.31	COMPLETED_LOCAL
1429979710.31	READY
1429979710.39	SENDING_DATA
1429979710.39	FINISHED
<END>
<BEGIN>
14299797091176860a73aae2394ce4ec9dd6ecd50b3678bc59dc45b4b5fd42335a722dd56de3603e
0123456789ABCDEF
1429979709.11
SHA256_TEST
60000 -verbose 20000
['AssistanceApps/runtimeIO/14299797091176860a73aae2394ce4ec9dd6ecd50b3678bc59dc45b4b5fd42335a722dd56de3603e/experimentData.dat']
['AssistanceApps/sha256Example.assistanceApp', '10', 'AssistanceApps/runtimeIO/14299797091176860a73aae2394ce4ec9dd6ecd50b3678bc59dc45b4b5fd42335a722dd56de3603e/experimentData.dat', '14299797091176860a73aae2394ce4ec9dd6ecd50b3678bc59dc45b4b5fd42335a722dd56de3603e', '60000 -verbose 20000']
FINISHED
1429979710.6
0
AssistanceApps/runtimeIO/14299797091176860a73aae2394ce4ec9dd6ecd50b3678bc59dc45b4b5fd42335a722dd56de3603e/14299797091176860a73aae2394ce4ec9dd6ecd50b3678bc59dc45b4b5fd42335a722dd56de3603e-stdout.dat
AssistanceApps/runtimeIO/14299797091176860a73aae2394ce4ec9dd6ecd50b3678bc59dc45b4b5fd42335a722dd56de3603e/14299797091176860a73aae2394ce4ec9dd6ecd50b3678bc59dc45b4b5fd42335a722dd56de3603e-stderr.dat

1429979709.11	DRAFT
1429979709.11	WAITING
1429979710.12	 CPU=1.975	 mem={'swap': 0.0, 'virtual': 0.0, 'physical': 18.0}	 freeDisk=40.2G
1429979710.12	GATHERING
1429979710.13	DATA READY
1429979710.13	STANDBY
1429979710.13	PERFORMING_LOCAL
1429979710.6	COMPLETED_LOCAL
1429979710.6	READY
1429979710.63	SENDING_DATA
1429979710.63	FINISHED
<END>