
<BEGIN>
142997862365745446d292542da4c8a1e002578a471a1222b9e25346bce6e1af62f5c54a7bebec0c
0123456789ABCDEF
1429978623.65
LOCAL_ECHO_TEST
Hello, World!
[]
['AssistanceApps/echoInAllCaps.assistanceApp', '10', '', '142997862365745446d292542da4c8a1e002578a471a1222b9e25346bce6e1af62f5c54a7bebec0c', 'Hello, World!']
READY
1429978624.66
0
HELLO, WORLD!



1429978623.65	DRAFT
1429978623.65	WAITING
1429978624.66	 CPU=1.475	 mem={'swap': 0.0, 'virtual': 0.0, 'physical': 18.4}	 freeDisk=40.1G
1429978624.66	DATA READY
1429978624.66	STANDBY
1429978624.66	PERFORMING_LOCAL
1429978624.66	COMPLETED_LOCAL
1429978624.66	READY
<END>
<BEGIN>
1429978623667003ea6005471c803def0820bc2531aa955ff21839940b02f12b76e75faf239ae208
0123456789ABCDEF
1429978623.66
WEKA_3_6_12
weka.classifiers.trees.J48 -t
['AssistanceApps/runtimeIO/1429978623667003ea6005471c803def0820bc2531aa955ff21839940b02f12b76e75faf239ae208/weather.numeric.arff']
['AssistanceApps/assistanceWEKA.assistanceApp', '10', 'AssistanceApps/runtimeIO/1429978623667003ea6005471c803def0820bc2531aa955ff21839940b02f12b76e75faf239ae208/weather.numeric.arff', '1429978623667003ea6005471c803def0820bc2531aa955ff21839940b02f12b76e75faf239ae208', 'weka.classifiers.trees.J48 -t']
FINISHED
1429978624.85
0
AssistanceApps/runtimeIO/1429978623667003ea6005471c803def0820bc2531aa955ff21839940b02f12b76e75faf239ae208/1429978623667003ea6005471c803def0820bc2531aa955ff21839940b02f12b76e75faf239ae208-stdout.dat
AssistanceApps/runtimeIO/1429978623667003ea6005471c803def0820bc2531aa955ff21839940b02f12b76e75faf239ae208/1429978623667003ea6005471c803def0820bc2531aa955ff21839940b02f12b76e75faf239ae208-stderr.dat

1429978623.66	DRAFT
1429978623.66	WAITING
1429978624.66	 CPU=2.0	 mem={'swap': 0.0, 'virtual': 0.0, 'physical': 18.4}	 freeDisk=40.1G
1429978624.66	GATHERING
1429978624.67	DATA READY
1429978624.67	STANDBY
1429978624.67	PERFORMING_LOCAL
1429978624.85	COMPLETED_LOCAL
1429978624.85	READY
1429978624.93	SENDING_DATA
1429978624.93	FINISHED
<END>
<BEGIN>
1429978623665677a1f87877b2de6150261133a0f039c2cb5858a5ce58398a013f019fc3a634f872
0123456789ABCDEF
1429978623.66
SHA256_TEST
60000 -verbose 20000
['AssistanceApps/runtimeIO/1429978623665677a1f87877b2de6150261133a0f039c2cb5858a5ce58398a013f019fc3a634f872/experimentData.dat']
['AssistanceApps/sha256Example.assistanceApp', '10', 'AssistanceApps/runtimeIO/1429978623665677a1f87877b2de6150261133a0f039c2cb5858a5ce58398a013f019fc3a634f872/experimentData.dat', '1429978623665677a1f87877b2de6150261133a0f039c2cb5858a5ce58398a013f019fc3a634f872', '60000 -verbose 20000']
FINISHED
1429978625.15
0
AssistanceApps/runtimeIO/1429978623665677a1f87877b2de6150261133a0f039c2cb5858a5ce58398a013f019fc3a634f872/1429978623665677a1f87877b2de6150261133a0f039c2cb5858a5ce58398a013f019fc3a634f872-stdout.dat
AssistanceApps/runtimeIO/1429978623665677a1f87877b2de6150261133a0f039c2cb5858a5ce58398a013f019fc3a634f872/1429978623665677a1f87877b2de6150261133a0f039c2cb5858a5ce58398a013f019fc3a634f872-stderr.dat

1429978623.66	DRAFT
1429978623.66	WAITING
1429978624.66	 CPU=1.75	 mem={'swap': 0.0, 'virtual': 0.0, 'physical': 18.4}	 freeDisk=40.1G
1429978624.66	GATHERING
1429978624.67	DATA READY
1429978624.67	STANDBY
1429978624.67	PERFORMING_LOCAL
1429978625.15	COMPLETED_LOCAL
1429978625.15	READY
1429978625.18	SENDING_DATA
1429978625.18	FINISHED
<END>
<BEGIN>
14299786236610549a12c8d457e9b124cda55c2f77b42b69fb0e2f98243b010d3def49825fe2341e
0123456789ABCDEF
1429978623.66
WEKA_3_6_12
weka.classifiers.trees.J48 -t
['AssistanceApps/runtimeIO/14299786236610549a12c8d457e9b124cda55c2f77b42b69fb0e2f98243b010d3def49825fe2341e/weather.nominal.arff']
['AssistanceApps/assistanceWEKA.assistanceApp', '10', 'AssistanceApps/runtimeIO/14299786236610549a12c8d457e9b124cda55c2f77b42b69fb0e2f98243b010d3def49825fe2341e/weather.nominal.arff', '14299786236610549a12c8d457e9b124cda55c2f77b42b69fb0e2f98243b010d3def49825fe2341e', 'weka.classifiers.trees.J48 -t']
FINISHED
1429978624.83
0
AssistanceApps/runtimeIO/14299786236610549a12c8d457e9b124cda55c2f77b42b69fb0e2f98243b010d3def49825fe2341e/14299786236610549a12c8d457e9b124cda55c2f77b42b69fb0e2f98243b010d3def49825fe2341e-stdout.dat
AssistanceApps/runtimeIO/14299786236610549a12c8d457e9b124cda55c2f77b42b69fb0e2f98243b010d3def49825fe2341e/14299786236610549a12c8d457e9b124cda55c2f77b42b69fb0e2f98243b010d3def49825fe2341e-stderr.dat

1429978623.66	DRAFT
1429978623.66	WAITING
1429978624.66	 CPU=1.75	 mem={'swap': 0.0, 'virtual': 0.0, 'physical': 18.4}	 freeDisk=40.1G
1429978624.66	GATHERING
1429978624.67	DATA READY
1429978624.67	STANDBY
1429978624.67	PERFORMING_LOCAL
1429978624.83	COMPLETED_LOCAL
1429978624.83	READY
1429978624.93	SENDING_DATA
1429978624.93	FINISHED
<END>
<BEGIN>
142997862365346504eab016a94fa216aa2eda0f316fc7952271592036fe85cb378db227963c4e58
0123456789ABCDEF
1429978623.65
LOCAL_ECHO_TEST
HeII0, W0r1d!!!111!
[]
['AssistanceApps/echoInAllCaps.assistanceApp', '10', '', '142997862365346504eab016a94fa216aa2eda0f316fc7952271592036fe85cb378db227963c4e58', 'HeII0, W0r1d!!!111!']
READY
1429978624.66
0
HEII0, W0R1D!!!111!



1429978623.65	DRAFT
1429978623.65	WAITING
1429978624.66	 CPU=1.725	 mem={'swap': 0.0, 'virtual': 0.0, 'physical': 18.4}	 freeDisk=40.1G
1429978624.66	DATA READY
1429978624.66	STANDBY
1429978624.66	PERFORMING_LOCAL
1429978624.66	COMPLETED_LOCAL
1429978624.66	READY
<END>
<BEGIN>
1429978623654896bb43543dea39da04ad18e030e759a493645d68b97ef2b9f26f45df2daf3658f6
0123456789ABCDEF
1429978623.65
LOCAL_ECHO_TEST
Hello World
[]
['AssistanceApps/echoInAllCaps.assistanceApp', '10', '', '1429978623654896bb43543dea39da04ad18e030e759a493645d68b97ef2b9f26f45df2daf3658f6', 'Hello World']
READY
1429978624.66
0
HELLO WORLD



1429978623.65	DRAFT
1429978623.65	WAITING
1429978624.65	 CPU=1.475	 mem={'swap': 0.0, 'virtual': 0.0, 'physical': 18.4}	 freeDisk=40.1G
1429978624.65	DATA READY
1429978624.65	STANDBY
1429978624.65	PERFORMING_LOCAL
1429978624.66	COMPLETED_LOCAL
1429978624.66	READY
<END>
<BEGIN>
1429978623665311a1f87877b2de6150261133a0f039c2cb5858a5ce58398a013f019fc3a634f872
0123456789ABCDEF
1429978623.66
SHA256_TEST
60000 -verbose 20000
['AssistanceApps/runtimeIO/1429978623665311a1f87877b2de6150261133a0f039c2cb5858a5ce58398a013f019fc3a634f872/experimentData.dat']
['AssistanceApps/sha256Example.assistanceApp', '10', 'AssistanceApps/runtimeIO/1429978623665311a1f87877b2de6150261133a0f039c2cb5858a5ce58398a013f019fc3a634f872/experimentData.dat', '1429978623665311a1f87877b2de6150261133a0f039c2cb5858a5ce58398a013f019fc3a634f872', '60000 -verbose 20000']
FINISHED
1429978625.15
0
AssistanceApps/runtimeIO/1429978623665311a1f87877b2de6150261133a0f039c2cb5858a5ce58398a013f019fc3a634f872/1429978623665311a1f87877b2de6150261133a0f039c2cb5858a5ce58398a013f019fc3a634f872-stdout.dat
AssistanceApps/runtimeIO/1429978623665311a1f87877b2de6150261133a0f039c2cb5858a5ce58398a013f019fc3a634f872/1429978623665311a1f87877b2de6150261133a0f039c2cb5858a5ce58398a013f019fc3a634f872-stderr.dat

1429978623.66	DRAFT
1429978623.66	WAITING
1429978624.66	 CPU=1.75	 mem={'swap': 0.0, 'virtual': 0.0, 'physical': 18.4}	 freeDisk=40.1G
1429978624.66	GATHERING
1429978624.67	DATA READY
1429978624.67	STANDBY
1429978624.67	PERFORMING_LOCAL
1429978625.15	COMPLETED_LOCAL
1429978625.15	READY
1429978625.18	SENDING_DATA
1429978625.18	FINISHED
<END>