
<BEGIN>
14301819845973593a5dd9a25a8bd9d1dd76568dc9025835c3a162af643c8b02db16b9ebbb632828
0123456789ABCDEF
1430181984.59
WEKA_3_6_12
weka.classifiers.trees.J48 -t
['AssistanceApps/runtimeIO/14301819845973593a5dd9a25a8bd9d1dd76568dc9025835c3a162af643c8b02db16b9ebbb632828/weather.numeric.arff']
['AssistanceApps/assistanceWEKA.assistanceApp', '10', 'AssistanceApps/runtimeIO/14301819845973593a5dd9a25a8bd9d1dd76568dc9025835c3a162af643c8b02db16b9ebbb632828/weather.numeric.arff', '14301819845973593a5dd9a25a8bd9d1dd76568dc9025835c3a162af643c8b02db16b9ebbb632828', 'weka.classifiers.trees.J48 -t']
FINISHED
1430181985.8
0
AssistanceApps/runtimeIO/14301819845973593a5dd9a25a8bd9d1dd76568dc9025835c3a162af643c8b02db16b9ebbb632828/14301819845973593a5dd9a25a8bd9d1dd76568dc9025835c3a162af643c8b02db16b9ebbb632828-stdout.dat
AssistanceApps/runtimeIO/14301819845973593a5dd9a25a8bd9d1dd76568dc9025835c3a162af643c8b02db16b9ebbb632828/14301819845973593a5dd9a25a8bd9d1dd76568dc9025835c3a162af643c8b02db16b9ebbb632828-stderr.dat

1430181984.59	DRAFT
1430181984.59	WAITING
1430181985.59	 CPU=1.75	 mem={'swap': 0.0, 'virtual': 0.0, 'physical': 16.5}	 freeDisk=40.4G
1430181985.59	GATHERING
1430181985.61	DATA READY
1430181985.61	STANDBY
1430181985.61	PERFORMING_LOCAL
1430181985.8	COMPLETED_LOCAL
1430181985.8	READY
1430181985.86	SENDING_DATA
1430181985.86	FINISHED
<END>
<BEGIN>
1430181984562002a6d63b57b080fb5bb79a2f95de6ad3eb4cc00863a0997cb275bf4b9ea6d0e134
0123456789ABCDEF
1430181984.56
LOCAL_ECHO_TEST
Hello, World!
[]
['AssistanceApps/echoInAllCaps.assistanceApp', '10', '', '1430181984562002a6d63b57b080fb5bb79a2f95de6ad3eb4cc00863a0997cb275bf4b9ea6d0e134', 'Hello, World!']
READY
1430181985.56
0
HELLO, WORLD!



1430181984.56	DRAFT
1430181984.56	WAITING
1430181985.56	 CPU=1.75	 mem={'swap': 0.0, 'virtual': 0.0, 'physical': 16.5}	 freeDisk=40.4G
1430181985.56	DATA READY
1430181985.56	STANDBY
1430181985.56	PERFORMING_LOCAL
1430181985.56	COMPLETED_LOCAL
1430181985.56	READY
<END>
<BEGIN>
14301819845924644494d53d0a445a1a024fcb42db747ff35146da430f19536b6ae66fc79dfdfa4a
0123456789ABCDEF
1430181984.59
SHA256_TEST
60000 -verbose 20000
['AssistanceApps/runtimeIO/14301819845924644494d53d0a445a1a024fcb42db747ff35146da430f19536b6ae66fc79dfdfa4a/experimentData.dat']
['AssistanceApps/sha256Example.assistanceApp', '10', 'AssistanceApps/runtimeIO/14301819845924644494d53d0a445a1a024fcb42db747ff35146da430f19536b6ae66fc79dfdfa4a/experimentData.dat', '14301819845924644494d53d0a445a1a024fcb42db747ff35146da430f19536b6ae66fc79dfdfa4a', '60000 -verbose 20000']
FINISHED
1430181986.09
0
AssistanceApps/runtimeIO/14301819845924644494d53d0a445a1a024fcb42db747ff35146da430f19536b6ae66fc79dfdfa4a/14301819845924644494d53d0a445a1a024fcb42db747ff35146da430f19536b6ae66fc79dfdfa4a-stdout.dat
AssistanceApps/runtimeIO/14301819845924644494d53d0a445a1a024fcb42db747ff35146da430f19536b6ae66fc79dfdfa4a/14301819845924644494d53d0a445a1a024fcb42db747ff35146da430f19536b6ae66fc79dfdfa4a-stderr.dat

1430181984.59	DRAFT
1430181984.59	WAITING
1430181985.59	 CPU=1.75	 mem={'swap': 0.0, 'virtual': 0.0, 'physical': 16.6}	 freeDisk=40.4G
1430181985.59	GATHERING
1430181985.61	DATA READY
1430181985.61	STANDBY
1430181985.61	PERFORMING_LOCAL
1430181986.09	COMPLETED_LOCAL
1430181986.09	READY
1430181986.11	SENDING_DATA
1430181986.11	FINISHED
<END>
<BEGIN>
14301819845611499b87f43b7a7d8446823a53ed61531efb4a233c2abe08b1fa431f0adffb684efe
0123456789ABCDEF
1430181984.56
LOCAL_ECHO_TEST
Hello World
[]
['AssistanceApps/echoInAllCaps.assistanceApp', '10', '', '14301819845611499b87f43b7a7d8446823a53ed61531efb4a233c2abe08b1fa431f0adffb684efe', 'Hello World']
READY
1430181985.56
0
HELLO WORLD



1430181984.56	DRAFT
1430181984.56	WAITING
1430181985.56	 CPU=1.75	 mem={'swap': 0.0, 'virtual': 0.0, 'physical': 16.5}	 freeDisk=40.4G
1430181985.56	DATA READY
1430181985.56	STANDBY
1430181985.56	PERFORMING_LOCAL
1430181985.56	COMPLETED_LOCAL
1430181985.56	READY
<END>
<BEGIN>
1430181984565696a52b845ed74c0d389edec6b2343f70c4a0efbcac209c1e45e80d95445d1af1a2
0123456789ABCDEF
1430181984.56
LOCAL_ECHO_TEST
HeII0, W0r1d!!!111!
[]
['AssistanceApps/echoInAllCaps.assistanceApp', '10', '', '1430181984565696a52b845ed74c0d389edec6b2343f70c4a0efbcac209c1e45e80d95445d1af1a2', 'HeII0, W0r1d!!!111!']
READY
1430181985.56
0
HEII0, W0R1D!!!111!



1430181984.56	DRAFT
1430181984.56	WAITING
1430181985.56	 CPU=1.75	 mem={'swap': 0.0, 'virtual': 0.0, 'physical': 16.5}	 freeDisk=40.4G
1430181985.56	DATA READY
1430181985.56	STANDBY
1430181985.56	PERFORMING_LOCAL
1430181985.56	COMPLETED_LOCAL
1430181985.56	READY
<END>
<BEGIN>
14301819845908614494d53d0a445a1a024fcb42db747ff35146da430f19536b6ae66fc79dfdfa4a
0123456789ABCDEF
1430181984.59
SHA256_TEST
60000 -verbose 20000
['AssistanceApps/runtimeIO/14301819845908614494d53d0a445a1a024fcb42db747ff35146da430f19536b6ae66fc79dfdfa4a/experimentData.dat']
['AssistanceApps/sha256Example.assistanceApp', '10', 'AssistanceApps/runtimeIO/14301819845908614494d53d0a445a1a024fcb42db747ff35146da430f19536b6ae66fc79dfdfa4a/experimentData.dat', '14301819845908614494d53d0a445a1a024fcb42db747ff35146da430f19536b6ae66fc79dfdfa4a', '60000 -verbose 20000']
FINISHED
1430181986.08
0
AssistanceApps/runtimeIO/14301819845908614494d53d0a445a1a024fcb42db747ff35146da430f19536b6ae66fc79dfdfa4a/14301819845908614494d53d0a445a1a024fcb42db747ff35146da430f19536b6ae66fc79dfdfa4a-stdout.dat
AssistanceApps/runtimeIO/14301819845908614494d53d0a445a1a024fcb42db747ff35146da430f19536b6ae66fc79dfdfa4a/14301819845908614494d53d0a445a1a024fcb42db747ff35146da430f19536b6ae66fc79dfdfa4a-stderr.dat

1430181984.59	DRAFT
1430181984.59	WAITING
1430181985.59	 CPU=1.75	 mem={'swap': 0.0, 'virtual': 0.0, 'physical': 16.5}	 freeDisk=40.4G
1430181985.59	GATHERING
1430181985.6	DATA READY
1430181985.6	STANDBY
1430181985.6	PERFORMING_LOCAL
1430181986.08	COMPLETED_LOCAL
1430181986.08	READY
1430181986.11	SENDING_DATA
1430181986.11	FINISHED
<END>
<BEGIN>
14301819845935814e49f85fc7229cb27817db43dbbeea6aa5b91dce0d478e54f1987afcbc03bc9e
0123456789ABCDEF
1430181984.59
WEKA_3_6_12
weka.classifiers.trees.J48 -t
['AssistanceApps/runtimeIO/14301819845935814e49f85fc7229cb27817db43dbbeea6aa5b91dce0d478e54f1987afcbc03bc9e/weather.nominal.arff']
['AssistanceApps/assistanceWEKA.assistanceApp', '10', 'AssistanceApps/runtimeIO/14301819845935814e49f85fc7229cb27817db43dbbeea6aa5b91dce0d478e54f1987afcbc03bc9e/weather.nominal.arff', '14301819845935814e49f85fc7229cb27817db43dbbeea6aa5b91dce0d478e54f1987afcbc03bc9e', 'weka.classifiers.trees.J48 -t']
FINISHED
1430181985.75
0
AssistanceApps/runtimeIO/14301819845935814e49f85fc7229cb27817db43dbbeea6aa5b91dce0d478e54f1987afcbc03bc9e/14301819845935814e49f85fc7229cb27817db43dbbeea6aa5b91dce0d478e54f1987afcbc03bc9e-stdout.dat
AssistanceApps/runtimeIO/14301819845935814e49f85fc7229cb27817db43dbbeea6aa5b91dce0d478e54f1987afcbc03bc9e/14301819845935814e49f85fc7229cb27817db43dbbeea6aa5b91dce0d478e54f1987afcbc03bc9e-stderr.dat

1430181984.59	DRAFT
1430181984.59	WAITING
1430181985.59	 CPU=1.75	 mem={'swap': 0.0, 'virtual': 0.0, 'physical': 16.5}	 freeDisk=40.4G
1430181985.59	GATHERING
1430181985.6	DATA READY
1430181985.6	STANDBY
1430181985.6	PERFORMING_LOCAL
1430181985.75	COMPLETED_LOCAL
1430181985.75	READY
1430181985.86	SENDING_DATA
1430181985.86	FINISHED
<END>