
<BEGIN>
14299791041639107cc2533b2f8870ce05838b76a357fe8eeeb0fdd17a224c20a18a7adacb971e6b
0123456789ABCDEF
1429979104.16
SHA256_TEST
60000 -verbose 20000
['AssistanceApps/runtimeIO/14299791041639107cc2533b2f8870ce05838b76a357fe8eeeb0fdd17a224c20a18a7adacb971e6b/experimentData.dat']
['AssistanceApps/sha256Example.assistanceApp', '10', 'AssistanceApps/runtimeIO/14299791041639107cc2533b2f8870ce05838b76a357fe8eeeb0fdd17a224c20a18a7adacb971e6b/experimentData.dat', '14299791041639107cc2533b2f8870ce05838b76a357fe8eeeb0fdd17a224c20a18a7adacb971e6b', '60000 -verbose 20000']
FINISHED
1429979105.64
0
AssistanceApps/runtimeIO/14299791041639107cc2533b2f8870ce05838b76a357fe8eeeb0fdd17a224c20a18a7adacb971e6b/14299791041639107cc2533b2f8870ce05838b76a357fe8eeeb0fdd17a224c20a18a7adacb971e6b-stdout.dat
AssistanceApps/runtimeIO/14299791041639107cc2533b2f8870ce05838b76a357fe8eeeb0fdd17a224c20a18a7adacb971e6b/14299791041639107cc2533b2f8870ce05838b76a357fe8eeeb0fdd17a224c20a18a7adacb971e6b-stderr.dat

1429979104.16	DRAFT
1429979104.16	WAITING
1429979105.16	 CPU=1.25	 mem={'swap': 0.0, 'virtual': 0.0, 'physical': 18.2}	 freeDisk=39.8G
1429979105.16	GATHERING
1429979105.17	DATA READY
1429979105.17	STANDBY
1429979105.17	PERFORMING_LOCAL
1429979105.64	COMPLETED_LOCAL
1429979105.64	READY
1429979105.68	SENDING_DATA
1429979105.68	FINISHED
<END>
<BEGIN>
1429979104151789ac7fbc363809cfb559f77e8d5aa7d42203c2909d27a15556d30ffe1402b47253
0123456789ABCDEF
1429979104.15
LOCAL_ECHO_TEST
HeII0, W0r1d!!!111!
[]
['AssistanceApps/echoInAllCaps.assistanceApp', '10', '', '1429979104151789ac7fbc363809cfb559f77e8d5aa7d42203c2909d27a15556d30ffe1402b47253', 'HeII0, W0r1d!!!111!']
READY
1429979105.16
0
HEII0, W0R1D!!!111!



1429979104.15	DRAFT
1429979104.15	WAITING
1429979105.15	 CPU=1.25	 mem={'swap': 0.0, 'virtual': 0.0, 'physical': 18.2}	 freeDisk=39.8G
1429979105.15	DATA READY
1429979105.15	STANDBY
1429979105.15	PERFORMING_LOCAL
1429979105.16	COMPLETED_LOCAL
1429979105.16	READY
<END>
<BEGIN>
142997910416452120c03f53de08da714c4464afdcc621b63764ac001626f5f280c2070af8ca5a83
0123456789ABCDEF
1429979104.16
WEKA_3_6_12
weka.classifiers.trees.J48 -t
['AssistanceApps/runtimeIO/142997910416452120c03f53de08da714c4464afdcc621b63764ac001626f5f280c2070af8ca5a83/weather.nominal.arff']
['AssistanceApps/assistanceWEKA.assistanceApp', '10', 'AssistanceApps/runtimeIO/142997910416452120c03f53de08da714c4464afdcc621b63764ac001626f5f280c2070af8ca5a83/weather.nominal.arff', '142997910416452120c03f53de08da714c4464afdcc621b63764ac001626f5f280c2070af8ca5a83', 'weka.classifiers.trees.J48 -t']
FINISHED
1429979105.33
0
AssistanceApps/runtimeIO/142997910416452120c03f53de08da714c4464afdcc621b63764ac001626f5f280c2070af8ca5a83/142997910416452120c03f53de08da714c4464afdcc621b63764ac001626f5f280c2070af8ca5a83-stdout.dat
AssistanceApps/runtimeIO/142997910416452120c03f53de08da714c4464afdcc621b63764ac001626f5f280c2070af8ca5a83/142997910416452120c03f53de08da714c4464afdcc621b63764ac001626f5f280c2070af8ca5a83-stderr.dat

1429979104.16	DRAFT
1429979104.16	WAITING
1429979105.16	 CPU=1.25	 mem={'swap': 0.0, 'virtual': 0.0, 'physical': 18.2}	 freeDisk=39.8G
1429979105.16	GATHERING
1429979105.17	DATA READY
1429979105.17	STANDBY
1429979105.17	PERFORMING_LOCAL
1429979105.33	COMPLETED_LOCAL
1429979105.33	READY
1429979105.43	SENDING_DATA
1429979105.43	FINISHED
<END>
<BEGIN>
1429979104154281e49213c798a884b19a62bab445192bed9b017ba21fb49ce11d648a2a3828626d
0123456789ABCDEF
1429979104.15
LOCAL_ECHO_TEST
Hello, World!
[]
['AssistanceApps/echoInAllCaps.assistanceApp', '10', '', '1429979104154281e49213c798a884b19a62bab445192bed9b017ba21fb49ce11d648a2a3828626d', 'Hello, World!']
READY
1429979105.16
0
HELLO, WORLD!



1429979104.15	DRAFT
1429979104.15	WAITING
1429979105.15	 CPU=1.25	 mem={'swap': 0.0, 'virtual': 0.0, 'physical': 18.2}	 freeDisk=39.8G
1429979105.15	DATA READY
1429979105.15	STANDBY
1429979105.15	PERFORMING_LOCAL
1429979105.16	COMPLETED_LOCAL
1429979105.16	READY
<END>
<BEGIN>
1429979104150855909ff4a0c9b74131ee56cd61ea261c12f40a63995f586118ae5fd3b34dd76052
0123456789ABCDEF
1429979104.15
LOCAL_ECHO_TEST
Hello World
[]
['AssistanceApps/echoInAllCaps.assistanceApp', '10', '', '1429979104150855909ff4a0c9b74131ee56cd61ea261c12f40a63995f586118ae5fd3b34dd76052', 'Hello World']
READY
1429979105.15
0
HELLO WORLD



1429979104.15	DRAFT
1429979104.15	WAITING
1429979105.15	 CPU=1.0	 mem={'swap': 0.0, 'virtual': 0.0, 'physical': 18.2}	 freeDisk=39.8G
1429979105.15	DATA READY
1429979105.15	STANDBY
1429979105.15	PERFORMING_LOCAL
1429979105.15	COMPLETED_LOCAL
1429979105.15	READY
<END>
<BEGIN>
14299791041645331d54658f99b753cb8ea300c24d2d03bcfdc232449dfa361347e40904ed276280
0123456789ABCDEF
1429979104.16
WEKA_3_6_12
weka.classifiers.trees.J48 -t
['AssistanceApps/runtimeIO/14299791041645331d54658f99b753cb8ea300c24d2d03bcfdc232449dfa361347e40904ed276280/weather.numeric.arff']
['AssistanceApps/assistanceWEKA.assistanceApp', '10', 'AssistanceApps/runtimeIO/14299791041645331d54658f99b753cb8ea300c24d2d03bcfdc232449dfa361347e40904ed276280/weather.numeric.arff', '14299791041645331d54658f99b753cb8ea300c24d2d03bcfdc232449dfa361347e40904ed276280', 'weka.classifiers.trees.J48 -t']
FINISHED
1429979105.35
0
AssistanceApps/runtimeIO/14299791041645331d54658f99b753cb8ea300c24d2d03bcfdc232449dfa361347e40904ed276280/14299791041645331d54658f99b753cb8ea300c24d2d03bcfdc232449dfa361347e40904ed276280-stdout.dat
AssistanceApps/runtimeIO/14299791041645331d54658f99b753cb8ea300c24d2d03bcfdc232449dfa361347e40904ed276280/14299791041645331d54658f99b753cb8ea300c24d2d03bcfdc232449dfa361347e40904ed276280-stderr.dat

1429979104.16	DRAFT
1429979104.16	WAITING
1429979105.16	 CPU=1.25	 mem={'swap': 0.0, 'virtual': 0.0, 'physical': 18.3}	 freeDisk=39.8G
1429979105.16	GATHERING
1429979105.17	DATA READY
1429979105.17	STANDBY
1429979105.17	PERFORMING_LOCAL
1429979105.35	COMPLETED_LOCAL
1429979105.35	READY
1429979105.43	SENDING_DATA
1429979105.43	FINISHED
<END>
<BEGIN>
1429979104151702a20d37e5b4cd66c4541e4de3467d64d471d2f2a94c5850fd054449efa24f2b88
0123456789ABCDEF
1429979104.15
SHA256_TEST
60000 -verbose 20000
['AssistanceApps/runtimeIO/1429979104151702a20d37e5b4cd66c4541e4de3467d64d471d2f2a94c5850fd054449efa24f2b88/experimentData.dat']
['AssistanceApps/sha256Example.assistanceApp', '10', 'AssistanceApps/runtimeIO/1429979104151702a20d37e5b4cd66c4541e4de3467d64d471d2f2a94c5850fd054449efa24f2b88/experimentData.dat', '1429979104151702a20d37e5b4cd66c4541e4de3467d64d471d2f2a94c5850fd054449efa24f2b88', '60000 -verbose 20000']
FINISHED
1429979105.64
0
AssistanceApps/runtimeIO/1429979104151702a20d37e5b4cd66c4541e4de3467d64d471d2f2a94c5850fd054449efa24f2b88/1429979104151702a20d37e5b4cd66c4541e4de3467d64d471d2f2a94c5850fd054449efa24f2b88-stdout.dat
AssistanceApps/runtimeIO/1429979104151702a20d37e5b4cd66c4541e4de3467d64d471d2f2a94c5850fd054449efa24f2b88/1429979104151702a20d37e5b4cd66c4541e4de3467d64d471d2f2a94c5850fd054449efa24f2b88-stderr.dat

1429979104.15	DRAFT
1429979104.15	WAITING
1429979105.16	 CPU=1.25	 mem={'swap': 0.0, 'virtual': 0.0, 'physical': 18.2}	 freeDisk=39.8G
1429979105.16	GATHERING
1429979105.17	DATA READY
1429979105.17	STANDBY
1429979105.17	PERFORMING_LOCAL
1429979105.64	COMPLETED_LOCAL
1429979105.64	READY
1429979105.67	SENDING_DATA
1429979105.67	FINISHED
<END>