
<BEGIN>
14299796793046294fe5aac7fbbb7944858afee99c3ac6f914b948daabd9f98ca200bfc2766c139
0123456789ABCDEF
1429979679.3
LOCAL_ECHO_TEST
Hello, World!
[]
['AssistanceApps/echoInAllCaps.assistanceApp', '10', '', '14299796793046294fe5aac7fbbb7944858afee99c3ac6f914b948daabd9f98ca200bfc2766c139', 'Hello, World!']
READY
1429979680.3
0
HELLO, WORLD!



1429979679.3	DRAFT
1429979679.3	WAITING
1429979680.3	 CPU=1.5	 mem={'swap': 0.0, 'virtual': 0.0, 'physical': 17.8}	 freeDisk=40.8G
1429979680.3	DATA READY
1429979680.3	STANDBY
1429979680.3	PERFORMING_LOCAL
1429979680.3	COMPLETED_LOCAL
1429979680.3	READY
<END>
<BEGIN>
142997967939402a927d6896ef538ce548a4cf00e31cdb7aa87d08ec88eb753dbe6ac7a804dbff2
0123456789ABCDEF
1429979679.3
WEKA_3_6_12
weka.classifiers.trees.J48 -t
['AssistanceApps/runtimeIO/142997967939402a927d6896ef538ce548a4cf00e31cdb7aa87d08ec88eb753dbe6ac7a804dbff2/weather.numeric.arff']
['AssistanceApps/assistanceWEKA.assistanceApp', '10', 'AssistanceApps/runtimeIO/142997967939402a927d6896ef538ce548a4cf00e31cdb7aa87d08ec88eb753dbe6ac7a804dbff2/weather.numeric.arff', '142997967939402a927d6896ef538ce548a4cf00e31cdb7aa87d08ec88eb753dbe6ac7a804dbff2', 'weka.classifiers.trees.J48 -t']
FINISHED
1429979680.48
0
AssistanceApps/runtimeIO/142997967939402a927d6896ef538ce548a4cf00e31cdb7aa87d08ec88eb753dbe6ac7a804dbff2/142997967939402a927d6896ef538ce548a4cf00e31cdb7aa87d08ec88eb753dbe6ac7a804dbff2-stdout.dat
AssistanceApps/runtimeIO/142997967939402a927d6896ef538ce548a4cf00e31cdb7aa87d08ec88eb753dbe6ac7a804dbff2/142997967939402a927d6896ef538ce548a4cf00e31cdb7aa87d08ec88eb753dbe6ac7a804dbff2-stderr.dat

1429979679.3	DRAFT
1429979679.3	WAITING
1429979680.3	 CPU=1.75	 mem={'swap': 0.0, 'virtual': 0.0, 'physical': 17.8}	 freeDisk=40.8G
1429979680.3	GATHERING
1429979680.32	DATA READY
1429979680.32	STANDBY
1429979680.32	PERFORMING_LOCAL
1429979680.48	COMPLETED_LOCAL
1429979680.48	READY
1429979680.57	SENDING_DATA
1429979680.57	FINISHED
<END>
<BEGIN>
1429979679374536d1722285dcf5986c4ef9fac2b2b3073ecb21a1c6b32d676468df46f418860a1
0123456789ABCDEF
1429979679.3
SHA256_TEST
60000 -verbose 20000
['AssistanceApps/runtimeIO/1429979679374536d1722285dcf5986c4ef9fac2b2b3073ecb21a1c6b32d676468df46f418860a1/experimentData.dat']
['AssistanceApps/sha256Example.assistanceApp', '10', 'AssistanceApps/runtimeIO/1429979679374536d1722285dcf5986c4ef9fac2b2b3073ecb21a1c6b32d676468df46f418860a1/experimentData.dat', '1429979679374536d1722285dcf5986c4ef9fac2b2b3073ecb21a1c6b32d676468df46f418860a1', '60000 -verbose 20000']
FINISHED
1429979680.79
0
AssistanceApps/runtimeIO/1429979679374536d1722285dcf5986c4ef9fac2b2b3073ecb21a1c6b32d676468df46f418860a1/1429979679374536d1722285dcf5986c4ef9fac2b2b3073ecb21a1c6b32d676468df46f418860a1-stdout.dat
AssistanceApps/runtimeIO/1429979679374536d1722285dcf5986c4ef9fac2b2b3073ecb21a1c6b32d676468df46f418860a1/1429979679374536d1722285dcf5986c4ef9fac2b2b3073ecb21a1c6b32d676468df46f418860a1-stderr.dat

1429979679.3	DRAFT
1429979679.3	WAITING
1429979680.3	 CPU=1.5	 mem={'swap': 0.0, 'virtual': 0.0, 'physical': 17.8}	 freeDisk=40.8G
1429979680.3	GATHERING
1429979680.31	DATA READY
1429979680.31	STANDBY
1429979680.31	PERFORMING_LOCAL
1429979680.79	COMPLETED_LOCAL
1429979680.79	READY
1429979680.82	SENDING_DATA
1429979680.82	FINISHED
<END>
<BEGIN>
1429979679307606d1722285dcf5986c4ef9fac2b2b3073ecb21a1c6b32d676468df46f418860a1
0123456789ABCDEF
1429979679.3
SHA256_TEST
60000 -verbose 20000
['AssistanceApps/runtimeIO/1429979679307606d1722285dcf5986c4ef9fac2b2b3073ecb21a1c6b32d676468df46f418860a1/experimentData.dat']
['AssistanceApps/sha256Example.assistanceApp', '10', 'AssistanceApps/runtimeIO/1429979679307606d1722285dcf5986c4ef9fac2b2b3073ecb21a1c6b32d676468df46f418860a1/experimentData.dat', '1429979679307606d1722285dcf5986c4ef9fac2b2b3073ecb21a1c6b32d676468df46f418860a1', '60000 -verbose 20000']
FINISHED
1429979680.79
0
AssistanceApps/runtimeIO/1429979679307606d1722285dcf5986c4ef9fac2b2b3073ecb21a1c6b32d676468df46f418860a1/1429979679307606d1722285dcf5986c4ef9fac2b2b3073ecb21a1c6b32d676468df46f418860a1-stdout.dat
AssistanceApps/runtimeIO/1429979679307606d1722285dcf5986c4ef9fac2b2b3073ecb21a1c6b32d676468df46f418860a1/1429979679307606d1722285dcf5986c4ef9fac2b2b3073ecb21a1c6b32d676468df46f418860a1-stderr.dat

1429979679.3	DRAFT
1429979679.3	WAITING
1429979680.3	 CPU=1.5	 mem={'swap': 0.0, 'virtual': 0.0, 'physical': 17.8}	 freeDisk=40.8G
1429979680.3	GATHERING
1429979680.32	DATA READY
1429979680.32	STANDBY
1429979680.32	PERFORMING_LOCAL
1429979680.79	COMPLETED_LOCAL
1429979680.79	READY
1429979680.83	SENDING_DATA
1429979680.83	FINISHED
<END>
<BEGIN>
1429979679310432feed852fc740df778a325b9a19e551f07e5d3f084a6ea4c4b442c5f83435640
0123456789ABCDEF
1429979679.3
LOCAL_ECHO_TEST
HeII0, W0r1d!!!111!
[]
['AssistanceApps/echoInAllCaps.assistanceApp', '10', '', '1429979679310432feed852fc740df778a325b9a19e551f07e5d3f084a6ea4c4b442c5f83435640', 'HeII0, W0r1d!!!111!']
READY
1429979680.31
0
HEII0, W0R1D!!!111!



1429979679.3	DRAFT
1429979679.3	WAITING
1429979680.3	 CPU=1.5	 mem={'swap': 0.0, 'virtual': 0.0, 'physical': 17.8}	 freeDisk=40.8G
1429979680.3	DATA READY
1429979680.3	STANDBY
1429979680.3	PERFORMING_LOCAL
1429979680.31	COMPLETED_LOCAL
1429979680.31	READY
<END>
<BEGIN>
142997967933304eaa4107a425be083a951a0a775dc730da56b92e8b7808f7a9caae7207b2247ba
0123456789ABCDEF
1429979679.3
WEKA_3_6_12
weka.classifiers.trees.J48 -t
['AssistanceApps/runtimeIO/142997967933304eaa4107a425be083a951a0a775dc730da56b92e8b7808f7a9caae7207b2247ba/weather.nominal.arff']
['AssistanceApps/assistanceWEKA.assistanceApp', '10', 'AssistanceApps/runtimeIO/142997967933304eaa4107a425be083a951a0a775dc730da56b92e8b7808f7a9caae7207b2247ba/weather.nominal.arff', '142997967933304eaa4107a425be083a951a0a775dc730da56b92e8b7808f7a9caae7207b2247ba', 'weka.classifiers.trees.J48 -t']
FINISHED
1429979680.49
0
AssistanceApps/runtimeIO/142997967933304eaa4107a425be083a951a0a775dc730da56b92e8b7808f7a9caae7207b2247ba/142997967933304eaa4107a425be083a951a0a775dc730da56b92e8b7808f7a9caae7207b2247ba-stdout.dat
AssistanceApps/runtimeIO/142997967933304eaa4107a425be083a951a0a775dc730da56b92e8b7808f7a9caae7207b2247ba/142997967933304eaa4107a425be083a951a0a775dc730da56b92e8b7808f7a9caae7207b2247ba-stderr.dat

1429979679.3	DRAFT
1429979679.3	WAITING
1429979680.3	 CPU=1.5	 mem={'swap': 0.0, 'virtual': 0.0, 'physical': 17.8}	 freeDisk=40.8G
1429979680.3	GATHERING
1429979680.31	DATA READY
1429979680.31	STANDBY
1429979680.31	PERFORMING_LOCAL
1429979680.49	COMPLETED_LOCAL
1429979680.49	READY
1429979680.57	SENDING_DATA
1429979680.57	FINISHED
<END>
<BEGIN>
14299796792951360327c8719489f669b51e69cca89e16cb098ee060831cbba1e3d4bbaab11c86b2
0123456789ABCDEF
1429979679.29
LOCAL_ECHO_TEST
Hello World
[]
['AssistanceApps/echoInAllCaps.assistanceApp', '10', '', '14299796792951360327c8719489f669b51e69cca89e16cb098ee060831cbba1e3d4bbaab11c86b2', 'Hello World']
READY
1429979680.3
0
HELLO WORLD



1429979679.29	DRAFT
1429979679.29	WAITING
1429979680.3	 CPU=1.5	 mem={'swap': 0.0, 'virtual': 0.0, 'physical': 17.8}	 freeDisk=40.8G
1429979680.3	DATA READY
1429979680.3	STANDBY
1429979680.3	PERFORMING_LOCAL
1429979680.3	COMPLETED_LOCAL
1429979680.3	READY
<END>