
<BEGIN>
1430181984536420d9df0cba5973d1606f643bdf7546dde6a0f84b603900b5a3f9bf43c1e347e1fc
0123456789ABCDEF
1430181984.53
LOCAL_ECHO_TEST
Hello, World!
[]
['AssistanceApps/echoInAllCaps.assistanceApp', '10', '', '1430181984536420d9df0cba5973d1606f643bdf7546dde6a0f84b603900b5a3f9bf43c1e347e1fc', 'Hello, World!']
READY
1430181985.53
0
HELLO, WORLD!



1430181984.53	DRAFT
1430181984.53	WAITING
1430181985.53	 CPU=1.5	 mem={'swap': 0.0, 'virtual': 0.0, 'physical': 17.7}	 freeDisk=40.5G
1430181985.53	DATA READY
1430181985.53	STANDBY
1430181985.53	PERFORMING_LOCAL
1430181985.53	COMPLETED_LOCAL
1430181985.53	READY
<END>
<BEGIN>
14301819845269613c605c9dc0cf8e07cc37501548bdd3f95d0638364c56a0c7442182523d8746bb
0123456789ABCDEF
1430181984.51
LOCAL_ECHO_TEST
Hello World
[]
['AssistanceApps/echoInAllCaps.assistanceApp', '10', '', '14301819845269613c605c9dc0cf8e07cc37501548bdd3f95d0638364c56a0c7442182523d8746bb', 'Hello World']
READY
1430181985.53
0
HELLO WORLD



1430181984.51	DRAFT
1430181984.52	WAITING
1430181985.52	 CPU=1.475	 mem={'swap': 0.0, 'virtual': 0.0, 'physical': 17.7}	 freeDisk=40.5G
1430181985.52	DATA READY
1430181985.52	STANDBY
1430181985.52	PERFORMING_LOCAL
1430181985.53	COMPLETED_LOCAL
1430181985.53	READY
<END>
<BEGIN>
1430181984553470b415fac99fe7e46f103f10686ba276076e44b1b21192ae8de40c5fa4627f16c7
0123456789ABCDEF
1430181984.55
WEKA_3_6_12
weka.classifiers.trees.J48 -t
['AssistanceApps/runtimeIO/1430181984553470b415fac99fe7e46f103f10686ba276076e44b1b21192ae8de40c5fa4627f16c7/weather.nominal.arff']
['AssistanceApps/assistanceWEKA.assistanceApp', '10', 'AssistanceApps/runtimeIO/1430181984553470b415fac99fe7e46f103f10686ba276076e44b1b21192ae8de40c5fa4627f16c7/weather.nominal.arff', '1430181984553470b415fac99fe7e46f103f10686ba276076e44b1b21192ae8de40c5fa4627f16c7', 'weka.classifiers.trees.J48 -t']
FINISHED
1430181985.72
0
AssistanceApps/runtimeIO/1430181984553470b415fac99fe7e46f103f10686ba276076e44b1b21192ae8de40c5fa4627f16c7/1430181984553470b415fac99fe7e46f103f10686ba276076e44b1b21192ae8de40c5fa4627f16c7-stdout.dat
AssistanceApps/runtimeIO/1430181984553470b415fac99fe7e46f103f10686ba276076e44b1b21192ae8de40c5fa4627f16c7/1430181984553470b415fac99fe7e46f103f10686ba276076e44b1b21192ae8de40c5fa4627f16c7-stderr.dat

1430181984.55	DRAFT
1430181984.55	WAITING
1430181985.55	 CPU=1.25	 mem={'swap': 0.0, 'virtual': 0.0, 'physical': 17.7}	 freeDisk=40.5G
1430181985.55	GATHERING
1430181985.57	DATA READY
1430181985.57	STANDBY
1430181985.57	PERFORMING_LOCAL
1430181985.72	COMPLETED_LOCAL
1430181985.72	READY
1430181985.82	SENDING_DATA
1430181985.82	FINISHED
<END>
<BEGIN>
1430181984554959f78ce2e9a1e0627861184d50bb68f079c0ab6b95dec284c73df723cb9cf73809
0123456789ABCDEF
1430181984.54
SHA256_TEST
60000 -verbose 20000
['AssistanceApps/runtimeIO/1430181984554959f78ce2e9a1e0627861184d50bb68f079c0ab6b95dec284c73df723cb9cf73809/experimentData.dat']
['AssistanceApps/sha256Example.assistanceApp', '10', 'AssistanceApps/runtimeIO/1430181984554959f78ce2e9a1e0627861184d50bb68f079c0ab6b95dec284c73df723cb9cf73809/experimentData.dat', '1430181984554959f78ce2e9a1e0627861184d50bb68f079c0ab6b95dec284c73df723cb9cf73809', '60000 -verbose 20000']
FINISHED
1430181986.04
0
AssistanceApps/runtimeIO/1430181984554959f78ce2e9a1e0627861184d50bb68f079c0ab6b95dec284c73df723cb9cf73809/1430181984554959f78ce2e9a1e0627861184d50bb68f079c0ab6b95dec284c73df723cb9cf73809-stdout.dat
AssistanceApps/runtimeIO/1430181984554959f78ce2e9a1e0627861184d50bb68f079c0ab6b95dec284c73df723cb9cf73809/1430181984554959f78ce2e9a1e0627861184d50bb68f079c0ab6b95dec284c73df723cb9cf73809-stderr.dat

1430181984.54	DRAFT
1430181984.55	WAITING
1430181985.55	 CPU=1.25	 mem={'swap': 0.0, 'virtual': 0.0, 'physical': 17.7}	 freeDisk=40.5G
1430181985.55	GATHERING
1430181985.56	DATA READY
1430181985.56	STANDBY
1430181985.56	PERFORMING_LOCAL
1430181986.04	COMPLETED_LOCAL
1430181986.04	READY
1430181986.07	SENDING_DATA
1430181986.07	FINISHED
<END>
<BEGIN>
1430181984537076723afe0d5c676072efe0bc40cffda0ccbf433e2a05c4599e859860d79c073769
0123456789ABCDEF
1430181984.53
LOCAL_ECHO_TEST
HeII0, W0r1d!!!111!
[]
['AssistanceApps/echoInAllCaps.assistanceApp', '10', '', '1430181984537076723afe0d5c676072efe0bc40cffda0ccbf433e2a05c4599e859860d79c073769', 'HeII0, W0r1d!!!111!']
READY
1430181985.54
0
HEII0, W0R1D!!!111!



1430181984.53	DRAFT
1430181984.53	WAITING
1430181985.54	 CPU=1.725	 mem={'swap': 0.0, 'virtual': 0.0, 'physical': 17.7}	 freeDisk=40.5G
1430181985.54	DATA READY
1430181985.54	STANDBY
1430181985.54	PERFORMING_LOCAL
1430181985.54	COMPLETED_LOCAL
1430181985.54	READY
<END>
<BEGIN>
1430181984554702f78ce2e9a1e0627861184d50bb68f079c0ab6b95dec284c73df723cb9cf73809
0123456789ABCDEF
1430181984.55
SHA256_TEST
60000 -verbose 20000
['AssistanceApps/runtimeIO/1430181984554702f78ce2e9a1e0627861184d50bb68f079c0ab6b95dec284c73df723cb9cf73809/experimentData.dat']
['AssistanceApps/sha256Example.assistanceApp', '10', 'AssistanceApps/runtimeIO/1430181984554702f78ce2e9a1e0627861184d50bb68f079c0ab6b95dec284c73df723cb9cf73809/experimentData.dat', '1430181984554702f78ce2e9a1e0627861184d50bb68f079c0ab6b95dec284c73df723cb9cf73809', '60000 -verbose 20000']
FINISHED
1430181986.04
0
AssistanceApps/runtimeIO/1430181984554702f78ce2e9a1e0627861184d50bb68f079c0ab6b95dec284c73df723cb9cf73809/1430181984554702f78ce2e9a1e0627861184d50bb68f079c0ab6b95dec284c73df723cb9cf73809-stdout.dat
AssistanceApps/runtimeIO/1430181984554702f78ce2e9a1e0627861184d50bb68f079c0ab6b95dec284c73df723cb9cf73809/1430181984554702f78ce2e9a1e0627861184d50bb68f079c0ab6b95dec284c73df723cb9cf73809-stderr.dat

1430181984.55	DRAFT
1430181984.55	WAITING
1430181985.55	 CPU=1.0	 mem={'swap': 0.0, 'virtual': 0.0, 'physical': 17.7}	 freeDisk=40.5G
1430181985.55	GATHERING
1430181985.56	DATA READY
1430181985.56	STANDBY
1430181985.56	PERFORMING_LOCAL
1430181986.04	COMPLETED_LOCAL
1430181986.04	READY
1430181986.07	SENDING_DATA
1430181986.07	FINISHED
<END>
<BEGIN>
1430181984558663937678746fd63b14a3365736631b18dde576ccded5c0116c0403c245916f8e0c
0123456789ABCDEF
1430181984.55
WEKA_3_6_12
weka.classifiers.trees.J48 -t
['AssistanceApps/runtimeIO/1430181984558663937678746fd63b14a3365736631b18dde576ccded5c0116c0403c245916f8e0c/weather.numeric.arff']
['AssistanceApps/assistanceWEKA.assistanceApp', '10', 'AssistanceApps/runtimeIO/1430181984558663937678746fd63b14a3365736631b18dde576ccded5c0116c0403c245916f8e0c/weather.numeric.arff', '1430181984558663937678746fd63b14a3365736631b18dde576ccded5c0116c0403c245916f8e0c', 'weka.classifiers.trees.J48 -t']
FINISHED
1430181985.75
0
AssistanceApps/runtimeIO/1430181984558663937678746fd63b14a3365736631b18dde576ccded5c0116c0403c245916f8e0c/1430181984558663937678746fd63b14a3365736631b18dde576ccded5c0116c0403c245916f8e0c-stdout.dat
AssistanceApps/runtimeIO/1430181984558663937678746fd63b14a3365736631b18dde576ccded5c0116c0403c245916f8e0c/1430181984558663937678746fd63b14a3365736631b18dde576ccded5c0116c0403c245916f8e0c-stderr.dat

1430181984.55	DRAFT
1430181984.55	WAITING
1430181985.55	 CPU=1.25	 mem={'swap': 0.0, 'virtual': 0.0, 'physical': 17.7}	 freeDisk=40.5G
1430181985.55	GATHERING
1430181985.57	DATA READY
1430181985.57	STANDBY
1430181985.57	PERFORMING_LOCAL
1430181985.75	COMPLETED_LOCAL
1430181985.75	READY
1430181985.83	SENDING_DATA
1430181985.83	FINISHED
<END>