WatchdogThread<TestFunctionality>:::Test Echo to 10.2.9.11 has ended successfully.
WatchdogThread<TestFunctionality>:::Test SHA256LocalFile to 10.2.9.11 has ended successfully.
WatchdogThread<TestFunctionality>:::Test SHA256FTP to 10.2.9.11 has ended successfully.
WatchdogThread<TestFunctionality>:::Test WEKAfunctionality to 10.2.9.11 has ended successfully.

<BEGIN><Echo><10.2.9.11>
Tickets: 
1429979619256819d37aa85c0c3dca1f3020ef504386afab57db99ba4fd392ab807c1562e9e3f313
1429979619254878f73dd70dc5c8de25b0626021fbfe4f55f4f6616ff8c6062e5a2d3bc8108c6af8
142997961926075157963450dba7596f4e8e18d18239deaaa72090960e0a647355d59a323b80b68d
Status: 
WAITING
WAITING
WAITING
Synch: 
HELLO WORLD
HELLO, WORLD!
HEII0, W0R1D!!!111!
<END>

<BEGIN><SHA256LocalFile><127.0.0.1>
Tickets: 
1429979619291320c368525bf8f43535069354216395ef01e06ddaca0617b61a8ad8b2623256dbe9
1429979619290816c368525bf8f43535069354216395ef01e06ddaca0617b61a8ad8b2623256dbe9
Status: 
WAITING
WAITING
Synch: 
AssistanceApps/runtimeIO/1429979619291320c368525bf8f43535069354216395ef01e06ddaca0617b61a8ad8b2623256dbe9/1429979619291320c368525bf8f43535069354216395ef01e06ddaca0617b61a8ad8b2623256dbe9-stdout.dat
AssistanceApps/runtimeIO/1429979619291320c368525bf8f43535069354216395ef01e06ddaca0617b61a8ad8b2623256dbe9/1429979619291320c368525bf8f43535069354216395ef01e06ddaca0617b61a8ad8b2623256dbe9-stderr.dat
AssistanceApps/runtimeIO/1429979619290816c368525bf8f43535069354216395ef01e06ddaca0617b61a8ad8b2623256dbe9/1429979619290816c368525bf8f43535069354216395ef01e06ddaca0617b61a8ad8b2623256dbe9-stdout.dat
AssistanceApps/runtimeIO/1429979619290816c368525bf8f43535069354216395ef01e06ddaca0617b61a8ad8b2623256dbe9/1429979619290816c368525bf8f43535069354216395ef01e06ddaca0617b61a8ad8b2623256dbe9-stderr.dat
<END>

<BEGIN><SHA256FTP><10.2.9.11>
Tickets: 
14299796192659380252ac208f912a104f4e5c6cb15b44ab5b950962acff072afa5cdcda31d07f80
14299796192606160252ac208f912a104f4e5c6cb15b44ab5b950962acff072afa5cdcda31d07f80
Status: 
WAITING
WAITING
Submitting data 
Synch: 
testsResults/14299796192659380252ac208f912a104f4e5c6cb15b44ab5b950962acff072afa5cdcda31d07f80-stdout.dat
testsResults/14299796192659380252ac208f912a104f4e5c6cb15b44ab5b950962acff072afa5cdcda31d07f80-stderr.dat
testsResults/14299796192606160252ac208f912a104f4e5c6cb15b44ab5b950962acff072afa5cdcda31d07f80-stdout.dat
testsResults/14299796192606160252ac208f912a104f4e5c6cb15b44ab5b950962acff072afa5cdcda31d07f80-stderr.dat
<END>

<BEGIN><WEKA><10.2.9.11>
Tickets: 
14299796192555452c06dce18482715cdb7f9a7b6afc4f8b62180f9492f060c318e76752d17cf57e
142997961925714436cf8192691b348f7d8c521c54576f8348d615351b1896b6131f95fa951eef29
Status: 
WAITING
WAITING
Submitting data 
Synch: 
testsResults/14299796192555452c06dce18482715cdb7f9a7b6afc4f8b62180f9492f060c318e76752d17cf57e-stdout.dat
testsResults/14299796192555452c06dce18482715cdb7f9a7b6afc4f8b62180f9492f060c318e76752d17cf57e-stderr.dat
testsResults/142997961925714436cf8192691b348f7d8c521c54576f8348d615351b1896b6131f95fa951eef29-stdout.dat
testsResults/142997961925714436cf8192691b348f7d8c521c54576f8348d615351b1896b6131f95fa951eef29-stderr.dat
<END>
WatchdogThread<TestFunctionality>:::Test Echo to 10.2.9.12 has ended successfully.
WatchdogThread<TestFunctionality>:::Test SHA256LocalFile to 10.2.9.12 has ended successfully.
WatchdogThread<TestFunctionality>:::Test SHA256FTP to 10.2.9.12 has ended successfully.
WatchdogThread<TestFunctionality>:::Test WEKAfunctionality to 10.2.9.12 has ended successfully.

<BEGIN><Echo><10.2.9.12>
Tickets: 
1429979649292997fc0c50bc1301e54a73c88d7b7ff99c05ee3fc6e26b9512bed8fcea9a77539592
142997964929717207688772ecd46ad177627259a5e8dfc0fa8828f2724b2cf09c35d6e6ad96aa5b
1429979649292737a6a239e8d0df1003c9d10fe94d85a8e260b25cff8a0fc57e35688a477b53c31f
Status: 
WAITING
WAITING
WAITING
Synch: 
HELLO WORLD
HELLO, WORLD!
HEII0, W0R1D!!!111!
<END>

<BEGIN><SHA256LocalFile><127.0.0.1>
Tickets: 
1429979649299145c45f9b4fde0723a0b7908a0945d75a89dab27a000771963ba77b1ce7aeaa48b4
1429979649290720c45f9b4fde0723a0b7908a0945d75a89dab27a000771963ba77b1ce7aeaa48b4
Status: 
WAITING
WAITING
Synch: 
AssistanceApps/runtimeIO/1429979649299145c45f9b4fde0723a0b7908a0945d75a89dab27a000771963ba77b1ce7aeaa48b4/1429979649299145c45f9b4fde0723a0b7908a0945d75a89dab27a000771963ba77b1ce7aeaa48b4-stdout.dat
AssistanceApps/runtimeIO/1429979649299145c45f9b4fde0723a0b7908a0945d75a89dab27a000771963ba77b1ce7aeaa48b4/1429979649299145c45f9b4fde0723a0b7908a0945d75a89dab27a000771963ba77b1ce7aeaa48b4-stderr.dat
AssistanceApps/runtimeIO/1429979649290720c45f9b4fde0723a0b7908a0945d75a89dab27a000771963ba77b1ce7aeaa48b4/1429979649290720c45f9b4fde0723a0b7908a0945d75a89dab27a000771963ba77b1ce7aeaa48b4-stdout.dat
AssistanceApps/runtimeIO/1429979649290720c45f9b4fde0723a0b7908a0945d75a89dab27a000771963ba77b1ce7aeaa48b4/1429979649290720c45f9b4fde0723a0b7908a0945d75a89dab27a000771963ba77b1ce7aeaa48b4-stderr.dat
<END>

<BEGIN><WEKA><10.2.9.12>
Tickets: 
142997964938865b15353f18d44c0ab69e0a039629e9075039e8a888132ddb6a1b7ecfff7e20efd
142997964933227bc3dcfaa0a8d8d0f77ffaf603a380e5057aedd951f21cab9e55bded8f9fd05e5
Status: 
WAITING
WAITING
Submitting data 
Synch: 
testsResults/142997964938865b15353f18d44c0ab69e0a039629e9075039e8a888132ddb6a1b7ecfff7e20efd-stdout.dat
testsResults/142997964938865b15353f18d44c0ab69e0a039629e9075039e8a888132ddb6a1b7ecfff7e20efd-stderr.dat
testsResults/142997964933227bc3dcfaa0a8d8d0f77ffaf603a380e5057aedd951f21cab9e55bded8f9fd05e5-stdout.dat
testsResults/142997964933227bc3dcfaa0a8d8d0f77ffaf603a380e5057aedd951f21cab9e55bded8f9fd05e5-stderr.dat
<END>

<BEGIN><SHA256FTP><10.2.9.12>
Tickets: 
1429979649292840920e50034d36135cc102dbfa4becdf982d2094399eade22a4352ff07c46f7a88
1429979649336325f2b18960184bfebde805a533b8a1b22490434e80b80f02ce2e5f0132c48c84f
Status: 
WAITING
WAITING
Submitting data 
Synch: 
testsResults/1429979649292840920e50034d36135cc102dbfa4becdf982d2094399eade22a4352ff07c46f7a88-stdout.dat
testsResults/1429979649292840920e50034d36135cc102dbfa4becdf982d2094399eade22a4352ff07c46f7a88-stderr.dat
testsResults/1429979649336325f2b18960184bfebde805a533b8a1b22490434e80b80f02ce2e5f0132c48c84f-stdout.dat
testsResults/1429979649336325f2b18960184bfebde805a533b8a1b22490434e80b80f02ce2e5f0132c48c84f-stderr.dat
<END>
WatchdogThread<TestFunctionality>:::Test Echo to 10.2.9.13 has ended successfully.
WatchdogThread<TestFunctionality>:::Test SHA256LocalFile to 10.2.9.13 has ended successfully.
WatchdogThread<TestFunctionality>:::Test SHA256FTP to 10.2.9.13 has ended successfully.
WatchdogThread<TestFunctionality>:::Test WEKAfunctionality to 10.2.9.13 has ended successfully.

<BEGIN><Echo><10.2.9.13>
Tickets: 
14299796792951360327c8719489f669b51e69cca89e16cb098ee060831cbba1e3d4bbaab11c86b2
14299796793046294fe5aac7fbbb7944858afee99c3ac6f914b948daabd9f98ca200bfc2766c139
1429979679310432feed852fc740df778a325b9a19e551f07e5d3f084a6ea4c4b442c5f83435640
Status: 
WAITING
WAITING
WAITING
Synch: 
HELLO WORLD
HELLO, WORLD!
HEII0, W0R1D!!!111!
<END>

<BEGIN><SHA256LocalFile><127.0.0.1>
Tickets: 
14299796793342173ec272d62fc58542b4ec02e8de4ec1efba6cab67e5a306036006cc4a70112d15
14299796793394443ec272d62fc58542b4ec02e8de4ec1efba6cab67e5a306036006cc4a70112d15
Status: 
WAITING
WAITING
Synch: 
AssistanceApps/runtimeIO/14299796793342173ec272d62fc58542b4ec02e8de4ec1efba6cab67e5a306036006cc4a70112d15/14299796793342173ec272d62fc58542b4ec02e8de4ec1efba6cab67e5a306036006cc4a70112d15-stdout.dat
AssistanceApps/runtimeIO/14299796793342173ec272d62fc58542b4ec02e8de4ec1efba6cab67e5a306036006cc4a70112d15/14299796793342173ec272d62fc58542b4ec02e8de4ec1efba6cab67e5a306036006cc4a70112d15-stderr.dat
AssistanceApps/runtimeIO/14299796793394443ec272d62fc58542b4ec02e8de4ec1efba6cab67e5a306036006cc4a70112d15/14299796793394443ec272d62fc58542b4ec02e8de4ec1efba6cab67e5a306036006cc4a70112d15-stdout.dat
AssistanceApps/runtimeIO/14299796793394443ec272d62fc58542b4ec02e8de4ec1efba6cab67e5a306036006cc4a70112d15/14299796793394443ec272d62fc58542b4ec02e8de4ec1efba6cab67e5a306036006cc4a70112d15-stderr.dat
<END>

<BEGIN><WEKA><10.2.9.13>
Tickets: 
142997967933304eaa4107a425be083a951a0a775dc730da56b92e8b7808f7a9caae7207b2247ba
142997967939402a927d6896ef538ce548a4cf00e31cdb7aa87d08ec88eb753dbe6ac7a804dbff2
Status: 
WAITING
WAITING
Submitting data 
Synch: 
testsResults/142997967933304eaa4107a425be083a951a0a775dc730da56b92e8b7808f7a9caae7207b2247ba-stdout.dat
testsResults/142997967933304eaa4107a425be083a951a0a775dc730da56b92e8b7808f7a9caae7207b2247ba-stderr.dat
testsResults/142997967939402a927d6896ef538ce548a4cf00e31cdb7aa87d08ec88eb753dbe6ac7a804dbff2-stdout.dat
testsResults/142997967939402a927d6896ef538ce548a4cf00e31cdb7aa87d08ec88eb753dbe6ac7a804dbff2-stderr.dat
<END>

<BEGIN><SHA256FTP><10.2.9.13>
Tickets: 
1429979679374536d1722285dcf5986c4ef9fac2b2b3073ecb21a1c6b32d676468df46f418860a1
1429979679307606d1722285dcf5986c4ef9fac2b2b3073ecb21a1c6b32d676468df46f418860a1
Status: 
WAITING
WAITING
Submitting data 
Synch: 
testsResults/1429979679374536d1722285dcf5986c4ef9fac2b2b3073ecb21a1c6b32d676468df46f418860a1-stdout.dat
testsResults/1429979679374536d1722285dcf5986c4ef9fac2b2b3073ecb21a1c6b32d676468df46f418860a1-stderr.dat
testsResults/1429979679307606d1722285dcf5986c4ef9fac2b2b3073ecb21a1c6b32d676468df46f418860a1-stdout.dat
testsResults/1429979679307606d1722285dcf5986c4ef9fac2b2b3073ecb21a1c6b32d676468df46f418860a1-stderr.dat
<END>
WatchdogThread<TestFunctionality>:::Test Echo to 10.2.9.14 has ended successfully.
WatchdogThread<TestFunctionality>:::Test SHA256LocalFile to 10.2.9.14 has ended successfully.
WatchdogThread<TestFunctionality>:::Test SHA256FTP to 10.2.9.14 has ended successfully.
WatchdogThread<TestFunctionality>:::Test WEKAfunctionality to 10.2.9.14 has ended successfully.

<BEGIN><Echo><10.2.9.14>
Tickets: 
142997970911559306f15a58702641476b4387081a03f142e0b3bd845ca4cdf01191237a53871171
142997970911637910bcad806ee6b8664b168e630dc1dcb30ae885fd6f197f55ce7b77d9abf7822c
1429979709114365cb061b4bab6025cd682b001dcece0154300066c1580f9ebf9b2bedc7d7696286
Status: 
WAITING
WAITING
WAITING
Synch: 
HELLO WORLD
HELLO, WORLD!
HEII0, W0R1D!!!111!
<END>

<BEGIN><SHA256LocalFile><127.0.0.1>
Tickets: 
14299797093719766bafa1ed3e3c41c423dc08d7863e64867281b655e50ccfbd4d6312554d48fdc6
14299797093763876bafa1ed3e3c41c423dc08d7863e64867281b655e50ccfbd4d6312554d48fdc6
Status: 
WAITING
WAITING
Synch: 
AssistanceApps/runtimeIO/14299797093719766bafa1ed3e3c41c423dc08d7863e64867281b655e50ccfbd4d6312554d48fdc6/14299797093719766bafa1ed3e3c41c423dc08d7863e64867281b655e50ccfbd4d6312554d48fdc6-stdout.dat
AssistanceApps/runtimeIO/14299797093719766bafa1ed3e3c41c423dc08d7863e64867281b655e50ccfbd4d6312554d48fdc6/14299797093719766bafa1ed3e3c41c423dc08d7863e64867281b655e50ccfbd4d6312554d48fdc6-stderr.dat
AssistanceApps/runtimeIO/14299797093763876bafa1ed3e3c41c423dc08d7863e64867281b655e50ccfbd4d6312554d48fdc6/14299797093763876bafa1ed3e3c41c423dc08d7863e64867281b655e50ccfbd4d6312554d48fdc6-stdout.dat
AssistanceApps/runtimeIO/14299797093763876bafa1ed3e3c41c423dc08d7863e64867281b655e50ccfbd4d6312554d48fdc6/14299797093763876bafa1ed3e3c41c423dc08d7863e64867281b655e50ccfbd4d6312554d48fdc6-stderr.dat
<END>

<BEGIN><WEKA><10.2.9.14>
Tickets: 
1429979709126124b6680c4124c40e9e6255582a04a50637fe067b4c49aacf87dd50791f2c149816
14299797091221499304b4a22a7f9988cac4eca178222fde79dd9e401c5bd4d9f477230c6e141321
Status: 
WAITING
WAITING
Submitting data 
Synch: 
testsResults/1429979709126124b6680c4124c40e9e6255582a04a50637fe067b4c49aacf87dd50791f2c149816-stdout.dat
testsResults/1429979709126124b6680c4124c40e9e6255582a04a50637fe067b4c49aacf87dd50791f2c149816-stderr.dat
testsResults/14299797091221499304b4a22a7f9988cac4eca178222fde79dd9e401c5bd4d9f477230c6e141321-stdout.dat
testsResults/14299797091221499304b4a22a7f9988cac4eca178222fde79dd9e401c5bd4d9f477230c6e141321-stderr.dat
<END>

<BEGIN><SHA256FTP><10.2.9.14>
Tickets: 
14299797091176860a73aae2394ce4ec9dd6ecd50b3678bc59dc45b4b5fd42335a722dd56de3603e
14299797091143270a73aae2394ce4ec9dd6ecd50b3678bc59dc45b4b5fd42335a722dd56de3603e
Status: 
WAITING
WAITING
Submitting data 
Synch: 
testsResults/14299797091176860a73aae2394ce4ec9dd6ecd50b3678bc59dc45b4b5fd42335a722dd56de3603e-stdout.dat
testsResults/14299797091176860a73aae2394ce4ec9dd6ecd50b3678bc59dc45b4b5fd42335a722dd56de3603e-stderr.dat
testsResults/14299797091143270a73aae2394ce4ec9dd6ecd50b3678bc59dc45b4b5fd42335a722dd56de3603e-stdout.dat
testsResults/14299797091143270a73aae2394ce4ec9dd6ecd50b3678bc59dc45b4b5fd42335a722dd56de3603e-stderr.dat
<END>
WatchdogThread<TestFunctionality>:::Test Echo to 10.2.9.19 has ended successfully.
WatchdogThread<TestFunctionality>:::Test SHA256LocalFile to 10.2.9.19 has ended successfully.
WatchdogThread<TestFunctionality>:::Test SHA256FTP to 10.2.9.19 has ended successfully.
WatchdogThread<TestFunctionality>:::Test WEKAfunctionality to 10.2.9.19 has ended successfully.

<BEGIN><Echo><10.2.9.19>
Tickets: 
1429979739389546fed68a129bd20006fc5e843e16427abaae566183c7430707f2be8105d9be1a70
142997973938582851c0512e3827490a2dcf9d685949cc05d42e428eb055466a12151632b721de89
142997973938889926daec638b7a4dd52ea24f84b56d8cea74418b62c4b969ef50af6c83b8551d41
Status: 
WAITING
WAITING
WAITING
Synch: 
HELLO WORLD
HELLO, WORLD!
HEII0, W0R1D!!!111!
<END>

<BEGIN><SHA256LocalFile><127.0.0.1>
Tickets: 
1429979739417274fd8f58834ab0381dcc5cb215b799b4754b8de417d173de2157a226eac7c1f920
1429979739413540fd8f58834ab0381dcc5cb215b799b4754b8de417d173de2157a226eac7c1f920
Status: 
WAITING
WAITING
Synch: 
AssistanceApps/runtimeIO/1429979739417274fd8f58834ab0381dcc5cb215b799b4754b8de417d173de2157a226eac7c1f920/1429979739417274fd8f58834ab0381dcc5cb215b799b4754b8de417d173de2157a226eac7c1f920-stdout.dat
AssistanceApps/runtimeIO/1429979739417274fd8f58834ab0381dcc5cb215b799b4754b8de417d173de2157a226eac7c1f920/1429979739417274fd8f58834ab0381dcc5cb215b799b4754b8de417d173de2157a226eac7c1f920-stderr.dat
AssistanceApps/runtimeIO/1429979739413540fd8f58834ab0381dcc5cb215b799b4754b8de417d173de2157a226eac7c1f920/1429979739413540fd8f58834ab0381dcc5cb215b799b4754b8de417d173de2157a226eac7c1f920-stdout.dat
AssistanceApps/runtimeIO/1429979739413540fd8f58834ab0381dcc5cb215b799b4754b8de417d173de2157a226eac7c1f920/1429979739413540fd8f58834ab0381dcc5cb215b799b4754b8de417d173de2157a226eac7c1f920-stderr.dat
<END>

<BEGIN><WEKA><10.2.9.19>
Tickets: 
1429979739396037a5224237c511f0501e728a26d7514f9dac8d400813a200a9a19f3a01b5ab1d10
1429979739397335747ae08871e53efdcd47f8dffa1c861f89d11ef30647b47d740170d530eaf855
Status: 
WAITING
WAITING
Submitting data 
Synch: 
testsResults/1429979739396037a5224237c511f0501e728a26d7514f9dac8d400813a200a9a19f3a01b5ab1d10-stdout.dat
testsResults/1429979739396037a5224237c511f0501e728a26d7514f9dac8d400813a200a9a19f3a01b5ab1d10-stderr.dat
testsResults/1429979739397335747ae08871e53efdcd47f8dffa1c861f89d11ef30647b47d740170d530eaf855-stdout.dat
testsResults/1429979739397335747ae08871e53efdcd47f8dffa1c861f89d11ef30647b47d740170d530eaf855-stderr.dat
<END>

<BEGIN><SHA256FTP><10.2.9.19>
Tickets: 
142997973939322803dd09f59ddd1fde2dd2ea4bd3c725f492c82c46e0f6ab88bf52fb5507190683
142997973939096503dd09f59ddd1fde2dd2ea4bd3c725f492c82c46e0f6ab88bf52fb5507190683
Status: 
WAITING
WAITING
Submitting data 
Synch: 
testsResults/142997973939322803dd09f59ddd1fde2dd2ea4bd3c725f492c82c46e0f6ab88bf52fb5507190683-stdout.dat
testsResults/142997973939322803dd09f59ddd1fde2dd2ea4bd3c725f492c82c46e0f6ab88bf52fb5507190683-stderr.dat
testsResults/142997973939096503dd09f59ddd1fde2dd2ea4bd3c725f492c82c46e0f6ab88bf52fb5507190683-stdout.dat
testsResults/142997973939096503dd09f59ddd1fde2dd2ea4bd3c725f492c82c46e0f6ab88bf52fb5507190683-stderr.dat
<END>
WatchdogThread<TestFunctionality>:::Test Echo to 10.2.9.20 has ended successfully.
WatchdogThread<TestFunctionality>:::Test SHA256LocalFile to 10.2.9.20 has ended successfully.
WatchdogThread<TestFunctionality>:::Test SHA256FTP to 10.2.9.20 has ended successfully.
WatchdogThread<TestFunctionality>:::Test WEKAfunctionality to 10.2.9.20 has ended successfully.

<BEGIN><Echo><10.2.9.20>
Tickets: 
1429979769451298106e8aebd9f256b70e2c94618f17817791a8a93530a5a112c806684d9a90d472
142997976946759412fc54dbb752ca69b91865f1554809e200a70d399ba72ecce11dd58dd778a37f
142997976946157491e24268258e0fef2581b570e0d07c7b3fdad81bc5d2a0499402b9343dd71348
Status: 
WAITING
WAITING
WAITING
Synch: 
HELLO WORLD
HELLO, WORLD!
HEII0, W0R1D!!!111!
<END>

<BEGIN><SHA256LocalFile><127.0.0.1>
Tickets: 
1429979769434129880ffc6f41fa5b9a0276acf4b0727569010f9abc1390cdc711c5320a36659068
1429979769437628880ffc6f41fa5b9a0276acf4b0727569010f9abc1390cdc711c5320a36659068
Status: 
WAITING
WAITING
Synch: 
AssistanceApps/runtimeIO/1429979769434129880ffc6f41fa5b9a0276acf4b0727569010f9abc1390cdc711c5320a36659068/1429979769434129880ffc6f41fa5b9a0276acf4b0727569010f9abc1390cdc711c5320a36659068-stdout.dat
AssistanceApps/runtimeIO/1429979769434129880ffc6f41fa5b9a0276acf4b0727569010f9abc1390cdc711c5320a36659068/1429979769434129880ffc6f41fa5b9a0276acf4b0727569010f9abc1390cdc711c5320a36659068-stderr.dat
AssistanceApps/runtimeIO/1429979769437628880ffc6f41fa5b9a0276acf4b0727569010f9abc1390cdc711c5320a36659068/1429979769437628880ffc6f41fa5b9a0276acf4b0727569010f9abc1390cdc711c5320a36659068-stdout.dat
AssistanceApps/runtimeIO/1429979769437628880ffc6f41fa5b9a0276acf4b0727569010f9abc1390cdc711c5320a36659068/1429979769437628880ffc6f41fa5b9a0276acf4b0727569010f9abc1390cdc711c5320a36659068-stderr.dat
<END>

<BEGIN><WEKA><10.2.9.20>
Tickets: 
14299797694671925d33553a612bfeea5e06b13c10550f28f4037ccd35e32ef03753c55478472830
142997976946420398761ce462913a5fc20514950a11a1ac40261345f737a5e02c2e933f45b19ce3
Status: 
WAITING
WAITING
Submitting data 
Synch: 
testsResults/14299797694671925d33553a612bfeea5e06b13c10550f28f4037ccd35e32ef03753c55478472830-stdout.dat
testsResults/14299797694671925d33553a612bfeea5e06b13c10550f28f4037ccd35e32ef03753c55478472830-stderr.dat
testsResults/142997976946420398761ce462913a5fc20514950a11a1ac40261345f737a5e02c2e933f45b19ce3-stdout.dat
testsResults/142997976946420398761ce462913a5fc20514950a11a1ac40261345f737a5e02c2e933f45b19ce3-stderr.dat
<END>

<BEGIN><SHA256FTP><10.2.9.20>
Tickets: 
1429979769460830acc825961fbc4cd95b2e9da63e4e40002addc9b6af466519ad02b0c8255e9c4d
1429979769469310acc825961fbc4cd95b2e9da63e4e40002addc9b6af466519ad02b0c8255e9c4d
Status: 
WAITING
WAITING
Submitting data 
Synch: 
testsResults/1429979769460830acc825961fbc4cd95b2e9da63e4e40002addc9b6af466519ad02b0c8255e9c4d-stdout.dat
testsResults/1429979769460830acc825961fbc4cd95b2e9da63e4e40002addc9b6af466519ad02b0c8255e9c4d-stderr.dat
testsResults/1429979769469310acc825961fbc4cd95b2e9da63e4e40002addc9b6af466519ad02b0c8255e9c4d-stdout.dat
testsResults/1429979769469310acc825961fbc4cd95b2e9da63e4e40002addc9b6af466519ad02b0c8255e9c4d-stderr.dat
<END>
WatchdogThread<TestFunctionality>:::Test Echo to 10.2.9.21 has ended successfully.
WatchdogThread<TestFunctionality>:::Test SHA256LocalFile to 10.2.9.21 has ended successfully.
WatchdogThread<TestFunctionality>:::Test SHA256FTP to 10.2.9.21 has ended successfully.
WatchdogThread<TestFunctionality>:::Test WEKAfunctionality to 10.2.9.21 has ended successfully.

<BEGIN><Echo><10.2.9.21>
Tickets: 
1429979799475329257aa6412094feafa63eb6e32b4bc304c53a9f26914704c8906ac033cc4c9bcb
1429979799472915854db5d104e9a78ed18e89f80b66baa9af64698a6f70a8137b78d65b30dd8dc0
1429979799474048b624858326e3061d3263459b2d777c464046d018546e23817dcbcc976cb7ccdd
Status: 
WAITING
WAITING
WAITING
Synch: 
HELLO WORLD
HELLO, WORLD!
HEII0, W0R1D!!!111!
<END>

<BEGIN><SHA256LocalFile><127.0.0.1>
Tickets: 
14299797994517336a9e5a527a30d8a116f094dc0ec3148cdbbf92cce897027c69db888389c93975
1429979799468897705e6c45c51f37a8370a79f7dfa5fef5f61ae2b114a333e5c848a3fecead4086
Status: 
WAITING
WAITING
Synch: 
AssistanceApps/runtimeIO/14299797994517336a9e5a527a30d8a116f094dc0ec3148cdbbf92cce897027c69db888389c93975/14299797994517336a9e5a527a30d8a116f094dc0ec3148cdbbf92cce897027c69db888389c93975-stdout.dat
AssistanceApps/runtimeIO/14299797994517336a9e5a527a30d8a116f094dc0ec3148cdbbf92cce897027c69db888389c93975/14299797994517336a9e5a527a30d8a116f094dc0ec3148cdbbf92cce897027c69db888389c93975-stderr.dat
AssistanceApps/runtimeIO/1429979799468897705e6c45c51f37a8370a79f7dfa5fef5f61ae2b114a333e5c848a3fecead4086/1429979799468897705e6c45c51f37a8370a79f7dfa5fef5f61ae2b114a333e5c848a3fecead4086-stdout.dat
AssistanceApps/runtimeIO/1429979799468897705e6c45c51f37a8370a79f7dfa5fef5f61ae2b114a333e5c848a3fecead4086/1429979799468897705e6c45c51f37a8370a79f7dfa5fef5f61ae2b114a333e5c848a3fecead4086-stderr.dat
<END>

<BEGIN><WEKA><10.2.9.21>
Tickets: 
14299797994772400f94429c1a09719561d314048a84d8c0848af4a01fe94b22eab38c4cc190cb07
142997979948743917caef2d0e3b9159c0135ebbc899b834828144b8f5b5ad3a85f4584bfff1688a
Status: 
WAITING
WAITING
Submitting data 
Synch: 
testsResults/14299797994772400f94429c1a09719561d314048a84d8c0848af4a01fe94b22eab38c4cc190cb07-stdout.dat
testsResults/14299797994772400f94429c1a09719561d314048a84d8c0848af4a01fe94b22eab38c4cc190cb07-stderr.dat
testsResults/142997979948743917caef2d0e3b9159c0135ebbc899b834828144b8f5b5ad3a85f4584bfff1688a-stdout.dat
testsResults/142997979948743917caef2d0e3b9159c0135ebbc899b834828144b8f5b5ad3a85f4584bfff1688a-stderr.dat
<END>

<BEGIN><SHA256FTP><10.2.9.21>
Tickets: 
1429979799479252bce564ddc84f5dc61b3196355348978a25881bff73df301e0ddb212991676829
14299797994895733d20c39b1267d7b76f8a66c16d583a98790b42bb179ed3d85aee2f06874a4238
Status: 
WAITING
WAITING
Submitting data 
Synch: 
testsResults/1429979799479252bce564ddc84f5dc61b3196355348978a25881bff73df301e0ddb212991676829-stdout.dat
testsResults/1429979799479252bce564ddc84f5dc61b3196355348978a25881bff73df301e0ddb212991676829-stderr.dat
testsResults/14299797994895733d20c39b1267d7b76f8a66c16d583a98790b42bb179ed3d85aee2f06874a4238-stdout.dat
testsResults/14299797994895733d20c39b1267d7b76f8a66c16d583a98790b42bb179ed3d85aee2f06874a4238-stderr.dat
<END>
WatchdogThread<TestFunctionality>:::Test Echo to 10.2.9.22 has ended successfully.
WatchdogThread<TestFunctionality>:::Test SHA256LocalFile to 10.2.9.22 has ended successfully.
WatchdogThread<TestFunctionality>:::Test SHA256FTP to 10.2.9.22 has ended successfully.
WatchdogThread<TestFunctionality>:::Test WEKAfunctionality to 10.2.9.22 has ended successfully.

<BEGIN><Echo><10.2.9.22>
Tickets: 
14299798294671113b7fb362e53fc165c2eccd543caf3256a8910791c94f650e77baea005666fbf3
1429979829462160a7631d232590d04ed7221b173a5d09e349c09f7da7277191b7039f0efa8d5852
1429979829462061e82b21f7875dab708dda012ee2f202d2f4a8ae77a21d84a8e9ecf90933e2860c
Status: 
WAITING
WAITING
WAITING
Synch: 
HELLO WORLD
HELLO, WORLD!
HEII0, W0R1D!!!111!
<END>

<BEGIN><SHA256LocalFile><127.0.0.1>
Tickets: 
14299798294921221fc4ca2372688be246bb587001b853c16c5175578da4903dbe27948ca3acf04a
14299798295748686074e22a3701b94792975192dd3eb749bc88af6e36d2c87dff3d3a3f1dedfe1
Status: 
WAITING
WAITING
Synch: 
AssistanceApps/runtimeIO/14299798294921221fc4ca2372688be246bb587001b853c16c5175578da4903dbe27948ca3acf04a/14299798294921221fc4ca2372688be246bb587001b853c16c5175578da4903dbe27948ca3acf04a-stdout.dat
AssistanceApps/runtimeIO/14299798294921221fc4ca2372688be246bb587001b853c16c5175578da4903dbe27948ca3acf04a/14299798294921221fc4ca2372688be246bb587001b853c16c5175578da4903dbe27948ca3acf04a-stderr.dat
AssistanceApps/runtimeIO/14299798295748686074e22a3701b94792975192dd3eb749bc88af6e36d2c87dff3d3a3f1dedfe1/14299798295748686074e22a3701b94792975192dd3eb749bc88af6e36d2c87dff3d3a3f1dedfe1-stdout.dat
AssistanceApps/runtimeIO/14299798295748686074e22a3701b94792975192dd3eb749bc88af6e36d2c87dff3d3a3f1dedfe1/14299798295748686074e22a3701b94792975192dd3eb749bc88af6e36d2c87dff3d3a3f1dedfe1-stderr.dat
<END>

<BEGIN><WEKA><10.2.9.22>
Tickets: 
1429979829478395aaecedfaff4aaa1fc936df5750e060e82a224bc3575b444cccfa2f242a27307c
1429979829474779dda8fe2100a3a86d076372a2fa447bd24e909f2b5b2dbb19fc9c2125d49373b4
Status: 
WAITING
WAITING
Submitting data 
Synch: 
testsResults/1429979829478395aaecedfaff4aaa1fc936df5750e060e82a224bc3575b444cccfa2f242a27307c-stdout.dat
testsResults/1429979829478395aaecedfaff4aaa1fc936df5750e060e82a224bc3575b444cccfa2f242a27307c-stderr.dat
testsResults/1429979829474779dda8fe2100a3a86d076372a2fa447bd24e909f2b5b2dbb19fc9c2125d49373b4-stdout.dat
testsResults/1429979829474779dda8fe2100a3a86d076372a2fa447bd24e909f2b5b2dbb19fc9c2125d49373b4-stderr.dat
<END>

<BEGIN><SHA256FTP><10.2.9.22>
Tickets: 
1429979829468892f57179fb4ee817bab79a9024ac905c947e43c126ed93dc44084f7cbbc29b787f
14299798294721760cc450ac271d9f58fd8415a36bfece308895f99194524e544fabaa9870b6e9dd
Status: 
WAITING
WAITING
Submitting data 
Synch: 
testsResults/1429979829468892f57179fb4ee817bab79a9024ac905c947e43c126ed93dc44084f7cbbc29b787f-stdout.dat
testsResults/1429979829468892f57179fb4ee817bab79a9024ac905c947e43c126ed93dc44084f7cbbc29b787f-stderr.dat
testsResults/14299798294721760cc450ac271d9f58fd8415a36bfece308895f99194524e544fabaa9870b6e9dd-stdout.dat
testsResults/14299798294721760cc450ac271d9f58fd8415a36bfece308895f99194524e544fabaa9870b6e9dd-stderr.dat
<END>
