WatchdogThread<TestFunctionality>:::Test Echo to  has ended successfully.
WatchdogThread<TestFunctionality>:::Test SHA256LocalFile to  has ended successfully.
WatchdogThread<TestFunctionality>:::Test SHA256FTP to  has ended successfully.
WatchdogThread<TestFunctionality>:::Test WEKAfunctionality to  has ended successfully.

<BEGIN><SHA256LocalFile><127.0.0.1>
Tickets: 
14299771083644445ee8f3d8723a6ee8346f39ac712fd27909b7e12527f1de64d6b829fca3a61c99
14299771083630805ee8f3d8723a6ee8346f39ac712fd27909b7e12527f1de64d6b829fca3a61c99
Status: 
WAITING
WAITING
Synch: 
AssistanceApps/runtimeIO/14299771083644445ee8f3d8723a6ee8346f39ac712fd27909b7e12527f1de64d6b829fca3a61c99/14299771083644445ee8f3d8723a6ee8346f39ac712fd27909b7e12527f1de64d6b829fca3a61c99-stdout.dat
AssistanceApps/runtimeIO/14299771083644445ee8f3d8723a6ee8346f39ac712fd27909b7e12527f1de64d6b829fca3a61c99/14299771083644445ee8f3d8723a6ee8346f39ac712fd27909b7e12527f1de64d6b829fca3a61c99-stderr.dat
AssistanceApps/runtimeIO/14299771083630805ee8f3d8723a6ee8346f39ac712fd27909b7e12527f1de64d6b829fca3a61c99/14299771083630805ee8f3d8723a6ee8346f39ac712fd27909b7e12527f1de64d6b829fca3a61c99-stdout.dat
AssistanceApps/runtimeIO/14299771083630805ee8f3d8723a6ee8346f39ac712fd27909b7e12527f1de64d6b829fca3a61c99/14299771083630805ee8f3d8723a6ee8346f39ac712fd27909b7e12527f1de64d6b829fca3a61c99-stderr.dat
<END>

<BEGIN><Echo><>
Tickets: 
142997710836756525efaf35bb1122d60b0e6315cffb5dfd8eaec5deadc2c7ac2db90eb3f7113ab7
1429977108366802e3c9c0e53113c82c59d2ea15df22d7aea82ce4a3ecd01a157cb6b6b23e0eeadf
14299771083678562b3efe3570226f2697a65b9663baa2193085108c0e4aa6f28809308e9f9fcf3f
Status: 
WAITING
WAITING
WAITING
Synch: 
HELLO WORLD
HELLO, WORLD!
HEII0, W0R1D!!!111!
<END>

<BEGIN><SHA256FTP><>
Tickets: 
142997710836747111fae7290a71df7daafc9d467e6e4fedb7db004e57fc6f7314bb209882437f6e
142997710836970311fae7290a71df7daafc9d467e6e4fedb7db004e57fc6f7314bb209882437f6e
Status: 
WAITING
WAITING
Submitting data 
Synch: 
testsResults/142997710836747111fae7290a71df7daafc9d467e6e4fedb7db004e57fc6f7314bb209882437f6e-stdout.dat
testsResults/142997710836747111fae7290a71df7daafc9d467e6e4fedb7db004e57fc6f7314bb209882437f6e-stderr.dat
testsResults/142997710836970311fae7290a71df7daafc9d467e6e4fedb7db004e57fc6f7314bb209882437f6e-stdout.dat
testsResults/142997710836970311fae7290a71df7daafc9d467e6e4fedb7db004e57fc6f7314bb209882437f6e-stderr.dat
<END>

<BEGIN><WEKA><>
Tickets: 
142997710836185507653216940ba36b07f1207acdd405d7b92b6e2d3002b45cd80df17cb71684fc
1429977108366556c9988858286e2aa1b7a171f50f70884cc256887d856eb6cc4d112bd684fcc41f
Status: 
WAITING
WAITING
Submitting data 
Synch: 
testsResults/142997710836185507653216940ba36b07f1207acdd405d7b92b6e2d3002b45cd80df17cb71684fc-stdout.dat
testsResults/142997710836185507653216940ba36b07f1207acdd405d7b92b6e2d3002b45cd80df17cb71684fc-stderr.dat
testsResults/1429977108366556c9988858286e2aa1b7a171f50f70884cc256887d856eb6cc4d112bd684fcc41f-stdout.dat
testsResults/1429977108366556c9988858286e2aa1b7a171f50f70884cc256887d856eb6cc4d112bd684fcc41f-stderr.dat
<END>
