WatchdogThread<TestFunctionality>:::Test Echo to  has ended successfully.
WatchdogThread<TestFunctionality>:::Test SHA256LocalFile to  has ended successfully.
WatchdogThread<TestFunctionality>:::Test SHA256FTP to  has ended successfully.
WatchdogThread<TestFunctionality>:::Test WEKAfunctionality to  has ended successfully.

<BEGIN><SHA256LocalFile><127.0.0.1>
Tickets: 
1429976887416417d6e9745c1f056451b2abfa68e5f12143721df4f694ec0dac78094e21406ee250
1429976887414509d6e9745c1f056451b2abfa68e5f12143721df4f694ec0dac78094e21406ee250
Status: 
WAITING
WAITING
Synch: 
AssistanceApps/runtimeIO/1429976887416417d6e9745c1f056451b2abfa68e5f12143721df4f694ec0dac78094e21406ee250/1429976887416417d6e9745c1f056451b2abfa68e5f12143721df4f694ec0dac78094e21406ee250-stdout.dat
AssistanceApps/runtimeIO/1429976887416417d6e9745c1f056451b2abfa68e5f12143721df4f694ec0dac78094e21406ee250/1429976887416417d6e9745c1f056451b2abfa68e5f12143721df4f694ec0dac78094e21406ee250-stderr.dat
AssistanceApps/runtimeIO/1429976887414509d6e9745c1f056451b2abfa68e5f12143721df4f694ec0dac78094e21406ee250/1429976887414509d6e9745c1f056451b2abfa68e5f12143721df4f694ec0dac78094e21406ee250-stdout.dat
AssistanceApps/runtimeIO/1429976887414509d6e9745c1f056451b2abfa68e5f12143721df4f694ec0dac78094e21406ee250/1429976887414509d6e9745c1f056451b2abfa68e5f12143721df4f694ec0dac78094e21406ee250-stderr.dat
<END>

<BEGIN><Echo><>
Tickets: 
14299768874170529cc13972ee6f6fce15bbba9747aa0bba94eb7d976fc44df4c39339b7a2944051
1429976887418879d0768610fac7a122f232c898f2a209f0ea963706a2bd63206c2b662e08f6861a
1429976887428511b6df349d1ef113658932506d5185556020f489f894e0bbb5342f353b2b806a3a
Status: 
WAITING
WAITING
WAITING
Synch: 
HELLO WORLD
HELLO, WORLD!
HEII0, W0R1D!!!111!
<END>

<BEGIN><WEKA><>
Tickets: 
14299768874129185874734aa5e1f2e8b4b3673c96684a6f5423ef9ce8de800a7a6def071c0c1620
1429976887427057633304752663493c61d6ac90a8abec235133bb09b9c3efff8e6fd14b11df8663
Status: 
WAITING
WAITING
Submitting data 
Synch: 
testsResults/14299768874129185874734aa5e1f2e8b4b3673c96684a6f5423ef9ce8de800a7a6def071c0c1620-stdout.dat
testsResults/14299768874129185874734aa5e1f2e8b4b3673c96684a6f5423ef9ce8de800a7a6def071c0c1620-stderr.dat
testsResults/1429976887427057633304752663493c61d6ac90a8abec235133bb09b9c3efff8e6fd14b11df8663-stdout.dat
testsResults/1429976887427057633304752663493c61d6ac90a8abec235133bb09b9c3efff8e6fd14b11df8663-stderr.dat
<END>

<BEGIN><SHA256FTP><>
Tickets: 
14299768874229424098d17e32f255c3fc743da9fbeaeac2135960cf8e8f1c60ea6cb5a1e271966f
14299768874229134098d17e32f255c3fc743da9fbeaeac2135960cf8e8f1c60ea6cb5a1e271966f
Status: 
WAITING
WAITING
Submitting data 
Synch: 
testsResults/14299768874229424098d17e32f255c3fc743da9fbeaeac2135960cf8e8f1c60ea6cb5a1e271966f-stdout.dat
testsResults/14299768874229424098d17e32f255c3fc743da9fbeaeac2135960cf8e8f1c60ea6cb5a1e271966f-stderr.dat
testsResults/14299768874229134098d17e32f255c3fc743da9fbeaeac2135960cf8e8f1c60ea6cb5a1e271966f-stdout.dat
testsResults/14299768874229134098d17e32f255c3fc743da9fbeaeac2135960cf8e8f1c60ea6cb5a1e271966f-stderr.dat
<END>
