WatchdogThread<TestFunctionality>:::Test Echo to 10.2.9.11 has ended successfully.
WatchdogThread<TestFunctionality>:::Test SHA256LocalFile to 10.2.9.11 has ended successfully.
WatchdogThread<TestFunctionality>:::Test SHA256FTP to 10.2.9.11 has ended successfully.
WatchdogThread<TestFunctionality>:::Test WEKAfunctionality to 10.2.9.11 has ended successfully.

<BEGIN><Echo><10.2.9.11>
Tickets: 
1429978953950005dbbe8eb10424431484395b817ab0295a4b22fd5c6b1b5b0f7d82d11e6dfa108d
14299789539542077c7529c426243353a0ebbb56ca10f6f70c041633edc32cf28260aeef100fb03b
14299789539573571ac6ca41aaafafe7dada69d9d5eb4dc5739fe5f5b4443db9620a1604cf387524
Status: 
WAITING
WAITING
WAITING
Synch: 
HELLO WORLD
HELLO, WORLD!
HEII0, W0R1D!!!111!
<END>

<BEGIN><SHA256LocalFile><127.0.0.1>
Tickets: 
142997895398946515e997426749fbddf74a23f05118a7c7fd990775545d8685efc42aeeea6d80fa
142997895398408115e997426749fbddf74a23f05118a7c7fd990775545d8685efc42aeeea6d80fa
Status: 
WAITING
WAITING
Synch: 
AssistanceApps/runtimeIO/142997895398946515e997426749fbddf74a23f05118a7c7fd990775545d8685efc42aeeea6d80fa/142997895398946515e997426749fbddf74a23f05118a7c7fd990775545d8685efc42aeeea6d80fa-stdout.dat
AssistanceApps/runtimeIO/142997895398946515e997426749fbddf74a23f05118a7c7fd990775545d8685efc42aeeea6d80fa/142997895398946515e997426749fbddf74a23f05118a7c7fd990775545d8685efc42aeeea6d80fa-stderr.dat
AssistanceApps/runtimeIO/142997895398408115e997426749fbddf74a23f05118a7c7fd990775545d8685efc42aeeea6d80fa/142997895398408115e997426749fbddf74a23f05118a7c7fd990775545d8685efc42aeeea6d80fa-stdout.dat
AssistanceApps/runtimeIO/142997895398408115e997426749fbddf74a23f05118a7c7fd990775545d8685efc42aeeea6d80fa/142997895398408115e997426749fbddf74a23f05118a7c7fd990775545d8685efc42aeeea6d80fa-stderr.dat
<END>

<BEGIN><WEKA><10.2.9.11>
Tickets: 
1429978953977124a2f0827d7c2f427cb8c5f344b2a972124f4d1f905b3e4f33c33e936924759811
1429978953973127344fb4a5d5975d101c9bfb817a7acf3b58455a8ed9fb76d6cd7b88661e4a1801
Status: 
WAITING
WAITING
Submitting data 
Synch: 
testsResults/1429978953977124a2f0827d7c2f427cb8c5f344b2a972124f4d1f905b3e4f33c33e936924759811-stdout.dat
testsResults/1429978953977124a2f0827d7c2f427cb8c5f344b2a972124f4d1f905b3e4f33c33e936924759811-stderr.dat
testsResults/1429978953973127344fb4a5d5975d101c9bfb817a7acf3b58455a8ed9fb76d6cd7b88661e4a1801-stdout.dat
testsResults/1429978953973127344fb4a5d5975d101c9bfb817a7acf3b58455a8ed9fb76d6cd7b88661e4a1801-stderr.dat
<END>

<BEGIN><SHA256FTP><10.2.9.11>
Tickets: 
1429978953941913fdad7bc202998b9533b46453bc7b78267931cc869f1b12105e551157b95fd63c
1429978953956072f72d0581113dbece34c26ac1f481f9b633c67b2798bc5ece92d08b5b411d4a44
Status: 
WAITING
WAITING
Submitting data 
Synch: 
testsResults/1429978953941913fdad7bc202998b9533b46453bc7b78267931cc869f1b12105e551157b95fd63c-stdout.dat
testsResults/1429978953941913fdad7bc202998b9533b46453bc7b78267931cc869f1b12105e551157b95fd63c-stderr.dat
testsResults/1429978953956072f72d0581113dbece34c26ac1f481f9b633c67b2798bc5ece92d08b5b411d4a44-stdout.dat
testsResults/1429978953956072f72d0581113dbece34c26ac1f481f9b633c67b2798bc5ece92d08b5b411d4a44-stderr.dat
<END>
WatchdogThread<TestFunctionality>:::Test Echo to 10.2.9.12 has ended successfully.
WatchdogThread<TestFunctionality>:::Test SHA256LocalFile to 10.2.9.12 has ended successfully.
WatchdogThread<TestFunctionality>:::Test SHA256FTP to 10.2.9.12 has ended successfully.
WatchdogThread<TestFunctionality>:::Test WEKAfunctionality to 10.2.9.12 has ended successfully.

<BEGIN><Echo><10.2.9.12>
Tickets: 
142997898403294189427cc8f7ea631ea58b38bbc93c2f9b4d5384b15ef59d9d6f479ec4d4b3ff7
142997898404704fa55ccdf24d5a28357816fefeb3c1f9e36f66bdd050cb01b753b3bc7ff459626
1429978984010792356686751aeb586d43e455811b1266805aed2e23218b23a59d9756f6a8e5ebf
Status: 
WAITING
WAITING
WAITING
Synch: 
HELLO WORLD
HELLO, WORLD!
HEII0, W0R1D!!!111!
<END>

<BEGIN><SHA256LocalFile><127.0.0.1>
Tickets: 
14299789840595332be351fd87181c5456355e71d01d1c8aafc2eb576b4645546dcd285c4bb1734
14299789840114808f0127f365cfc6594b9b1384121cb9a116232be6225f48947c51aa5d548ae785
Status: 
WAITING
WAITING
Synch: 
AssistanceApps/runtimeIO/14299789840595332be351fd87181c5456355e71d01d1c8aafc2eb576b4645546dcd285c4bb1734/14299789840595332be351fd87181c5456355e71d01d1c8aafc2eb576b4645546dcd285c4bb1734-stdout.dat
AssistanceApps/runtimeIO/14299789840595332be351fd87181c5456355e71d01d1c8aafc2eb576b4645546dcd285c4bb1734/14299789840595332be351fd87181c5456355e71d01d1c8aafc2eb576b4645546dcd285c4bb1734-stderr.dat
AssistanceApps/runtimeIO/14299789840114808f0127f365cfc6594b9b1384121cb9a116232be6225f48947c51aa5d548ae785/14299789840114808f0127f365cfc6594b9b1384121cb9a116232be6225f48947c51aa5d548ae785-stdout.dat
AssistanceApps/runtimeIO/14299789840114808f0127f365cfc6594b9b1384121cb9a116232be6225f48947c51aa5d548ae785/14299789840114808f0127f365cfc6594b9b1384121cb9a116232be6225f48947c51aa5d548ae785-stderr.dat
<END>

<BEGIN><WEKA><10.2.9.12>
Tickets: 
1429978984076931a8f606f81f9df7834c03d33de032d8ec93d02aafc0ba0e5ebab8035deda3c08
142997898405566f961bc064f3264fc4b718c54a1e10309152ee692338aa6e29d512d3a331c0d3f
Status: 
WAITING
WAITING
Submitting data 
Synch: 
testsResults/1429978984076931a8f606f81f9df7834c03d33de032d8ec93d02aafc0ba0e5ebab8035deda3c08-stdout.dat
testsResults/1429978984076931a8f606f81f9df7834c03d33de032d8ec93d02aafc0ba0e5ebab8035deda3c08-stderr.dat
testsResults/142997898405566f961bc064f3264fc4b718c54a1e10309152ee692338aa6e29d512d3a331c0d3f-stdout.dat
testsResults/142997898405566f961bc064f3264fc4b718c54a1e10309152ee692338aa6e29d512d3a331c0d3f-stderr.dat
<END>

<BEGIN><SHA256FTP><10.2.9.12>
Tickets: 
142997898408471ec03ff868ecf6c1c66c514c412ca5500911d4f14a391f4a8602f81167fdc599a
142997898405235ec03ff868ecf6c1c66c514c412ca5500911d4f14a391f4a8602f81167fdc599a
Status: 
WAITING
WAITING
Submitting data 
Synch: 
testsResults/142997898408471ec03ff868ecf6c1c66c514c412ca5500911d4f14a391f4a8602f81167fdc599a-stdout.dat
testsResults/142997898408471ec03ff868ecf6c1c66c514c412ca5500911d4f14a391f4a8602f81167fdc599a-stderr.dat
testsResults/142997898405235ec03ff868ecf6c1c66c514c412ca5500911d4f14a391f4a8602f81167fdc599a-stdout.dat
testsResults/142997898405235ec03ff868ecf6c1c66c514c412ca5500911d4f14a391f4a8602f81167fdc599a-stderr.dat
<END>
WatchdogThread<TestFunctionality>:::Test Echo to 10.2.9.13 has ended successfully.
WatchdogThread<TestFunctionality>:::Test SHA256LocalFile to 10.2.9.13 has ended successfully.
WatchdogThread<TestFunctionality>:::Test SHA256FTP to 10.2.9.13 has ended successfully.
WatchdogThread<TestFunctionality>:::Test WEKAfunctionality to 10.2.9.13 has ended successfully.

<BEGIN><Echo><10.2.9.13>
Tickets: 
14299790139869182581dac2a6303b1820be6b8747dd7d86d740829f5fbe8a474b2956c312042705
1429979013983929e7ad5f82b80d175c52e486e41ce9770d247121ad6a1ce4714b26601607f453dd
1429979013993965eadf21060334499a8094c3c08e9c807e467a8c0f32b5518bf01767b71e8892de
Status: 
WAITING
WAITING
WAITING
Synch: 
HELLO WORLD
HELLO, WORLD!
HEII0, W0R1D!!!111!
<END>

<BEGIN><SHA256LocalFile><127.0.0.1>
Tickets: 
1429979014025710abb3e02929ec13f7d91f8bb9068511db9486781bae3f901634ddc09b08facf58
1429979014022445abb3e02929ec13f7d91f8bb9068511db9486781bae3f901634ddc09b08facf58
Status: 
WAITING
WAITING
Synch: 
AssistanceApps/runtimeIO/1429979014025710abb3e02929ec13f7d91f8bb9068511db9486781bae3f901634ddc09b08facf58/1429979014025710abb3e02929ec13f7d91f8bb9068511db9486781bae3f901634ddc09b08facf58-stdout.dat
AssistanceApps/runtimeIO/1429979014025710abb3e02929ec13f7d91f8bb9068511db9486781bae3f901634ddc09b08facf58/1429979014025710abb3e02929ec13f7d91f8bb9068511db9486781bae3f901634ddc09b08facf58-stderr.dat
AssistanceApps/runtimeIO/1429979014022445abb3e02929ec13f7d91f8bb9068511db9486781bae3f901634ddc09b08facf58/1429979014022445abb3e02929ec13f7d91f8bb9068511db9486781bae3f901634ddc09b08facf58-stdout.dat
AssistanceApps/runtimeIO/1429979014022445abb3e02929ec13f7d91f8bb9068511db9486781bae3f901634ddc09b08facf58/1429979014022445abb3e02929ec13f7d91f8bb9068511db9486781bae3f901634ddc09b08facf58-stderr.dat
<END>

<BEGIN><WEKA><10.2.9.13>
Tickets: 
142997901399914306ba62d8f5b98d180c84d9a0ba0999bd2fa350e20e94696ca8b4ed635e223045
1429979013990416e5fd8c4f16a31dc3936839f0042e19ef572a725903223260cecb093211bdf231
Status: 
WAITING
WAITING
Submitting data 
Synch: 
testsResults/142997901399914306ba62d8f5b98d180c84d9a0ba0999bd2fa350e20e94696ca8b4ed635e223045-stdout.dat
testsResults/142997901399914306ba62d8f5b98d180c84d9a0ba0999bd2fa350e20e94696ca8b4ed635e223045-stderr.dat
testsResults/1429979013990416e5fd8c4f16a31dc3936839f0042e19ef572a725903223260cecb093211bdf231-stdout.dat
testsResults/1429979013990416e5fd8c4f16a31dc3936839f0042e19ef572a725903223260cecb093211bdf231-stderr.dat
<END>

<BEGIN><SHA256FTP><10.2.9.13>
Tickets: 
1429979013991011e8132d4a4957c45f600fa8260def83357ce7fbe5ec2c439a73747797b967f039
1429979013999458e8132d4a4957c45f600fa8260def83357ce7fbe5ec2c439a73747797b967f039
Status: 
WAITING
WAITING
Submitting data 
Synch: 
testsResults/1429979013991011e8132d4a4957c45f600fa8260def83357ce7fbe5ec2c439a73747797b967f039-stdout.dat
testsResults/1429979013991011e8132d4a4957c45f600fa8260def83357ce7fbe5ec2c439a73747797b967f039-stderr.dat
testsResults/1429979013999458e8132d4a4957c45f600fa8260def83357ce7fbe5ec2c439a73747797b967f039-stdout.dat
testsResults/1429979013999458e8132d4a4957c45f600fa8260def83357ce7fbe5ec2c439a73747797b967f039-stderr.dat
<END>
WatchdogThread<TestFunctionality>:::Test Echo to 10.2.9.14 has ended successfully.
WatchdogThread<TestFunctionality>:::Test SHA256LocalFile to 10.2.9.14 has ended successfully.
WatchdogThread<TestFunctionality>:::Test SHA256FTP to 10.2.9.14 has ended successfully.
WatchdogThread<TestFunctionality>:::Test WEKAfunctionality to 10.2.9.14 has ended successfully.

<BEGIN><Echo><10.2.9.14>
Tickets: 
1429979043795729b7a2c3532be1245c32beb3be699fe96a4e30d6eb7105d5e4b735b61f469e199f
142997904379056709dd24bfddb2bd617f1d8c17c13405f9f19e0033f2b86ce58cd9283c03f53df9
1429979043799790f3ae085fb564fd9557b2dde94a89532ab0286487bfe25ad5da8f2ba6bba0fad5
Status: 
WAITING
WAITING
WAITING
Synch: 
HELLO WORLD
HELLO, WORLD!
HEII0, W0R1D!!!111!
<END>

<BEGIN><SHA256LocalFile><127.0.0.1>
Tickets: 
1429979044055030e041abf2d12b809c10c05b6862331d274c8f06f9c4872ed3509f390ac1a3ab26
1429979044051327e041abf2d12b809c10c05b6862331d274c8f06f9c4872ed3509f390ac1a3ab26
Status: 
WAITING
WAITING
Synch: 
AssistanceApps/runtimeIO/1429979044055030e041abf2d12b809c10c05b6862331d274c8f06f9c4872ed3509f390ac1a3ab26/1429979044055030e041abf2d12b809c10c05b6862331d274c8f06f9c4872ed3509f390ac1a3ab26-stdout.dat
AssistanceApps/runtimeIO/1429979044055030e041abf2d12b809c10c05b6862331d274c8f06f9c4872ed3509f390ac1a3ab26/1429979044055030e041abf2d12b809c10c05b6862331d274c8f06f9c4872ed3509f390ac1a3ab26-stderr.dat
AssistanceApps/runtimeIO/1429979044051327e041abf2d12b809c10c05b6862331d274c8f06f9c4872ed3509f390ac1a3ab26/1429979044051327e041abf2d12b809c10c05b6862331d274c8f06f9c4872ed3509f390ac1a3ab26-stdout.dat
AssistanceApps/runtimeIO/1429979044051327e041abf2d12b809c10c05b6862331d274c8f06f9c4872ed3509f390ac1a3ab26/1429979044051327e041abf2d12b809c10c05b6862331d274c8f06f9c4872ed3509f390ac1a3ab26-stderr.dat
<END>

<BEGIN><WEKA><10.2.9.14>
Tickets: 
14299790437990723872097f415add626539f0a558e917d34d6715ff987140e6831ce0728c2992d3
14299790438084600a31e9653386f0801e01991e7bce095be14e1c911344c759f5acbfe5c403090
Status: 
WAITING
WAITING
Submitting data 
Synch: 
testsResults/14299790437990723872097f415add626539f0a558e917d34d6715ff987140e6831ce0728c2992d3-stdout.dat
testsResults/14299790437990723872097f415add626539f0a558e917d34d6715ff987140e6831ce0728c2992d3-stderr.dat
testsResults/14299790438084600a31e9653386f0801e01991e7bce095be14e1c911344c759f5acbfe5c403090-stdout.dat
testsResults/14299790438084600a31e9653386f0801e01991e7bce095be14e1c911344c759f5acbfe5c403090-stderr.dat
<END>

<BEGIN><SHA256FTP><10.2.9.14>
Tickets: 
1429979043796625f7cb6e96fd5b4e0fce656a5f41426f2f99a5e0a6a6d8fb8cc792b6a24631ba4c
142997904386772881e717414217de1b79fdace43a9a57fc987a34fde2152f3e47dbb8e3e697e70
Status: 
WAITING
WAITING
Submitting data 
Synch: 
testsResults/1429979043796625f7cb6e96fd5b4e0fce656a5f41426f2f99a5e0a6a6d8fb8cc792b6a24631ba4c-stdout.dat
testsResults/1429979043796625f7cb6e96fd5b4e0fce656a5f41426f2f99a5e0a6a6d8fb8cc792b6a24631ba4c-stderr.dat
testsResults/142997904386772881e717414217de1b79fdace43a9a57fc987a34fde2152f3e47dbb8e3e697e70-stdout.dat
testsResults/142997904386772881e717414217de1b79fdace43a9a57fc987a34fde2152f3e47dbb8e3e697e70-stderr.dat
<END>
WatchdogThread<TestFunctionality>:::Test Echo to 10.2.9.19 has ended successfully.
WatchdogThread<TestFunctionality>:::Test SHA256LocalFile to 10.2.9.19 has ended successfully.
WatchdogThread<TestFunctionality>:::Test SHA256FTP to 10.2.9.19 has ended successfully.
WatchdogThread<TestFunctionality>:::Test WEKAfunctionality to 10.2.9.19 has ended successfully.

<BEGIN><Echo><10.2.9.19>
Tickets: 
14299790740677710d1bbb5b96367346e63cb6b918c3fad90a06e8e755ce0b016f4f9b0f28024473
1429979074064992e5a9e0aa28e2976d068672665e3df12d1f0d268b58805f6a23e876fbb4886747
1429979074065484e281768ef7f4021147384b2de3e700aa863bcd499c83625ea2f8c3690f8fc559
Status: 
WAITING
WAITING
WAITING
Synch: 
HELLO WORLD
HELLO, WORLD!
HEII0, W0R1D!!!111!
<END>

<BEGIN><SHA256LocalFile><127.0.0.1>
Tickets: 
1429979074097277e292dee382bc55b1386a168d15a87d8b1a55a488efa7a701d88cdf120e83e6df
1429979074098243e292dee382bc55b1386a168d15a87d8b1a55a488efa7a701d88cdf120e83e6df
Status: 
WAITING
WAITING
Synch: 
AssistanceApps/runtimeIO/1429979074097277e292dee382bc55b1386a168d15a87d8b1a55a488efa7a701d88cdf120e83e6df/1429979074097277e292dee382bc55b1386a168d15a87d8b1a55a488efa7a701d88cdf120e83e6df-stdout.dat
AssistanceApps/runtimeIO/1429979074097277e292dee382bc55b1386a168d15a87d8b1a55a488efa7a701d88cdf120e83e6df/1429979074097277e292dee382bc55b1386a168d15a87d8b1a55a488efa7a701d88cdf120e83e6df-stderr.dat
AssistanceApps/runtimeIO/1429979074098243e292dee382bc55b1386a168d15a87d8b1a55a488efa7a701d88cdf120e83e6df/1429979074098243e292dee382bc55b1386a168d15a87d8b1a55a488efa7a701d88cdf120e83e6df-stdout.dat
AssistanceApps/runtimeIO/1429979074098243e292dee382bc55b1386a168d15a87d8b1a55a488efa7a701d88cdf120e83e6df/1429979074098243e292dee382bc55b1386a168d15a87d8b1a55a488efa7a701d88cdf120e83e6df-stderr.dat
<END>

<BEGIN><WEKA><10.2.9.19>
Tickets: 
14299790740671745af969bdcc95ad363253fcc03d0825c00f1c4562957438f585daa57912320f7b
142997907406334446d4a8badc8fde6d807932a4c3279efa44e10a3b87dda17ac77f5ae57e79cdcd
Status: 
WAITING
WAITING
Submitting data 
Synch: 
testsResults/14299790740671745af969bdcc95ad363253fcc03d0825c00f1c4562957438f585daa57912320f7b-stdout.dat
testsResults/14299790740671745af969bdcc95ad363253fcc03d0825c00f1c4562957438f585daa57912320f7b-stderr.dat
testsResults/142997907406334446d4a8badc8fde6d807932a4c3279efa44e10a3b87dda17ac77f5ae57e79cdcd-stdout.dat
testsResults/142997907406334446d4a8badc8fde6d807932a4c3279efa44e10a3b87dda17ac77f5ae57e79cdcd-stderr.dat
<END>

<BEGIN><SHA256FTP><10.2.9.19>
Tickets: 
1429979074068946f508cb1b56885a88ae4233690d8f7f013161c95df79a9b09c1ad69ab69c995a9
1429979074065146f508cb1b56885a88ae4233690d8f7f013161c95df79a9b09c1ad69ab69c995a9
Status: 
WAITING
WAITING
Submitting data 
Synch: 
testsResults/1429979074068946f508cb1b56885a88ae4233690d8f7f013161c95df79a9b09c1ad69ab69c995a9-stdout.dat
testsResults/1429979074068946f508cb1b56885a88ae4233690d8f7f013161c95df79a9b09c1ad69ab69c995a9-stderr.dat
testsResults/1429979074065146f508cb1b56885a88ae4233690d8f7f013161c95df79a9b09c1ad69ab69c995a9-stdout.dat
testsResults/1429979074065146f508cb1b56885a88ae4233690d8f7f013161c95df79a9b09c1ad69ab69c995a9-stderr.dat
<END>
WatchdogThread<TestFunctionality>:::Test Echo to 10.2.9.20 has ended successfully.
WatchdogThread<TestFunctionality>:::Test SHA256LocalFile to 10.2.9.20 has ended successfully.
WatchdogThread<TestFunctionality>:::Test SHA256FTP to 10.2.9.20 has ended successfully.
WatchdogThread<TestFunctionality>:::Test WEKAfunctionality to 10.2.9.20 has ended successfully.

<BEGIN><Echo><10.2.9.20>
Tickets: 
1429979104150855909ff4a0c9b74131ee56cd61ea261c12f40a63995f586118ae5fd3b34dd76052
1429979104154281e49213c798a884b19a62bab445192bed9b017ba21fb49ce11d648a2a3828626d
1429979104151789ac7fbc363809cfb559f77e8d5aa7d42203c2909d27a15556d30ffe1402b47253
Status: 
WAITING
WAITING
WAITING
Synch: 
HELLO WORLD
HELLO, WORLD!
HEII0, W0R1D!!!111!
<END>

<BEGIN><SHA256LocalFile><127.0.0.1>
Tickets: 
14299791041256077eca7b90ee7d65a79b61a0ddd2bd2ec40b44014a76233fece7ade6e0cc81351f
14299791041369133cb875cbb05bc80ba412c881f2e69e4e13d499ca493c128c88cd3cb0103d46a6
Status: 
WAITING
WAITING
Synch: 
AssistanceApps/runtimeIO/14299791041256077eca7b90ee7d65a79b61a0ddd2bd2ec40b44014a76233fece7ade6e0cc81351f/14299791041256077eca7b90ee7d65a79b61a0ddd2bd2ec40b44014a76233fece7ade6e0cc81351f-stdout.dat
AssistanceApps/runtimeIO/14299791041256077eca7b90ee7d65a79b61a0ddd2bd2ec40b44014a76233fece7ade6e0cc81351f/14299791041256077eca7b90ee7d65a79b61a0ddd2bd2ec40b44014a76233fece7ade6e0cc81351f-stderr.dat
AssistanceApps/runtimeIO/14299791041369133cb875cbb05bc80ba412c881f2e69e4e13d499ca493c128c88cd3cb0103d46a6/14299791041369133cb875cbb05bc80ba412c881f2e69e4e13d499ca493c128c88cd3cb0103d46a6-stdout.dat
AssistanceApps/runtimeIO/14299791041369133cb875cbb05bc80ba412c881f2e69e4e13d499ca493c128c88cd3cb0103d46a6/14299791041369133cb875cbb05bc80ba412c881f2e69e4e13d499ca493c128c88cd3cb0103d46a6-stderr.dat
<END>

<BEGIN><WEKA><10.2.9.20>
Tickets: 
142997910416452120c03f53de08da714c4464afdcc621b63764ac001626f5f280c2070af8ca5a83
14299791041645331d54658f99b753cb8ea300c24d2d03bcfdc232449dfa361347e40904ed276280
Status: 
WAITING
WAITING
Submitting data 
Synch: 
testsResults/142997910416452120c03f53de08da714c4464afdcc621b63764ac001626f5f280c2070af8ca5a83-stdout.dat
testsResults/142997910416452120c03f53de08da714c4464afdcc621b63764ac001626f5f280c2070af8ca5a83-stderr.dat
testsResults/14299791041645331d54658f99b753cb8ea300c24d2d03bcfdc232449dfa361347e40904ed276280-stdout.dat
testsResults/14299791041645331d54658f99b753cb8ea300c24d2d03bcfdc232449dfa361347e40904ed276280-stderr.dat
<END>

<BEGIN><SHA256FTP><10.2.9.20>
Tickets: 
1429979104151702a20d37e5b4cd66c4541e4de3467d64d471d2f2a94c5850fd054449efa24f2b88
14299791041639107cc2533b2f8870ce05838b76a357fe8eeeb0fdd17a224c20a18a7adacb971e6b
Status: 
WAITING
WAITING
Submitting data 
Synch: 
testsResults/1429979104151702a20d37e5b4cd66c4541e4de3467d64d471d2f2a94c5850fd054449efa24f2b88-stdout.dat
testsResults/1429979104151702a20d37e5b4cd66c4541e4de3467d64d471d2f2a94c5850fd054449efa24f2b88-stderr.dat
testsResults/14299791041639107cc2533b2f8870ce05838b76a357fe8eeeb0fdd17a224c20a18a7adacb971e6b-stdout.dat
testsResults/14299791041639107cc2533b2f8870ce05838b76a357fe8eeeb0fdd17a224c20a18a7adacb971e6b-stderr.dat
<END>
WatchdogThread<TestFunctionality>:::Test Echo to 10.2.9.21 has ended successfully.
WatchdogThread<TestFunctionality>:::Test SHA256LocalFile to 10.2.9.21 has ended successfully.
WatchdogThread<TestFunctionality>:::Test SHA256FTP to 10.2.9.21 has ended successfully.
WatchdogThread<TestFunctionality>:::Test WEKAfunctionality to 10.2.9.21 has ended successfully.

<BEGIN><Echo><10.2.9.21>
Tickets: 
1429979134185976c83f14a6c4d809de557068192f6f67d65006b0b6c64867cbc72aedce18222b20
1429979134185785a3e832dee8b3603f20a83e25777365434564a77f35af1a7db5b2d5c4a991a711
14299791341826011ddfcd4b657ef9794f5f4d66cc61f2ace87d04ddf8044b3c8101717852a8edc2
Status: 
WAITING
WAITING
WAITING
Synch: 
HELLO WORLD
HELLO, WORLD!
HEII0, W0R1D!!!111!
<END>

<BEGIN><SHA256LocalFile><127.0.0.1>
Tickets: 
1429979134163788f80cc63f108867437313c73b3913b21d7fe3c2bf53b0d7148342cd1e5d235352
1429979134171323033fdc30e510d0231d0836762c1b9ffad9184c379929aab3488885bfbc3e1702
Status: 
WAITING
WAITING
Synch: 
AssistanceApps/runtimeIO/1429979134163788f80cc63f108867437313c73b3913b21d7fe3c2bf53b0d7148342cd1e5d235352/1429979134163788f80cc63f108867437313c73b3913b21d7fe3c2bf53b0d7148342cd1e5d235352-stdout.dat
AssistanceApps/runtimeIO/1429979134163788f80cc63f108867437313c73b3913b21d7fe3c2bf53b0d7148342cd1e5d235352/1429979134163788f80cc63f108867437313c73b3913b21d7fe3c2bf53b0d7148342cd1e5d235352-stderr.dat
AssistanceApps/runtimeIO/1429979134171323033fdc30e510d0231d0836762c1b9ffad9184c379929aab3488885bfbc3e1702/1429979134171323033fdc30e510d0231d0836762c1b9ffad9184c379929aab3488885bfbc3e1702-stdout.dat
AssistanceApps/runtimeIO/1429979134171323033fdc30e510d0231d0836762c1b9ffad9184c379929aab3488885bfbc3e1702/1429979134171323033fdc30e510d0231d0836762c1b9ffad9184c379929aab3488885bfbc3e1702-stderr.dat
<END>

<BEGIN><WEKA><10.2.9.21>
Tickets: 
1429979134183942a9ff1b651095552afc00f8e4f6c3cec3e1fc9ab00bedce2dbf37e838629e4cd8
14299791341935910331121d10c51771744867d081e9850e763c09ff60d47a2c9d853ea507648010
Status: 
WAITING
WAITING
Submitting data 
Synch: 
testsResults/1429979134183942a9ff1b651095552afc00f8e4f6c3cec3e1fc9ab00bedce2dbf37e838629e4cd8-stdout.dat
testsResults/1429979134183942a9ff1b651095552afc00f8e4f6c3cec3e1fc9ab00bedce2dbf37e838629e4cd8-stderr.dat
testsResults/14299791341935910331121d10c51771744867d081e9850e763c09ff60d47a2c9d853ea507648010-stdout.dat
testsResults/14299791341935910331121d10c51771744867d081e9850e763c09ff60d47a2c9d853ea507648010-stderr.dat
<END>

<BEGIN><SHA256FTP><10.2.9.21>
Tickets: 
14299791341849485b12ccb4dc3e88f94447e8c562025374f2e8034986a7c4ec63a65b70070c1da2
14299791341890285b12ccb4dc3e88f94447e8c562025374f2e8034986a7c4ec63a65b70070c1da2
Status: 
WAITING
WAITING
Submitting data 
Synch: 
testsResults/14299791341849485b12ccb4dc3e88f94447e8c562025374f2e8034986a7c4ec63a65b70070c1da2-stdout.dat
testsResults/14299791341849485b12ccb4dc3e88f94447e8c562025374f2e8034986a7c4ec63a65b70070c1da2-stderr.dat
testsResults/14299791341890285b12ccb4dc3e88f94447e8c562025374f2e8034986a7c4ec63a65b70070c1da2-stdout.dat
testsResults/14299791341890285b12ccb4dc3e88f94447e8c562025374f2e8034986a7c4ec63a65b70070c1da2-stderr.dat
<END>
WatchdogThread<TestFunctionality>:::Test Echo to 10.2.9.22 has ended successfully.
WatchdogThread<TestFunctionality>:::Test SHA256LocalFile to 10.2.9.22 has ended successfully.
WatchdogThread<TestFunctionality>:::Test SHA256FTP to 10.2.9.22 has ended successfully.
WatchdogThread<TestFunctionality>:::Test WEKAfunctionality to 10.2.9.22 has ended successfully.

<BEGIN><Echo><10.2.9.22>
Tickets: 
1429979164156258d20d8832a3e1f3e46f308a7dde3be3632ea38e87002beef9cc659868e8921ca0
14299791641590004f097a2a420597d853ea4d4713e675ac9bacdb0f49118b7513d3a6758a4f6ec1
1429979164150415607db3d90441d86c23898ef91d70a1959911505e0a9e2634bc932f92cb91d032
Status: 
WAITING
WAITING
WAITING
Synch: 
HELLO WORLD
HELLO, WORLD!
HEII0, W0R1D!!!111!
<END>

<BEGIN><SHA256LocalFile><127.0.0.1>
Tickets: 
1429979164187962130fdc4d75547c88cd5b73e1051ed968026fa089e346b94f796c5358edc226b9
1429979164181710130fdc4d75547c88cd5b73e1051ed968026fa089e346b94f796c5358edc226b9
Status: 
WAITING
WAITING
Synch: 
AssistanceApps/runtimeIO/1429979164187962130fdc4d75547c88cd5b73e1051ed968026fa089e346b94f796c5358edc226b9/1429979164187962130fdc4d75547c88cd5b73e1051ed968026fa089e346b94f796c5358edc226b9-stdout.dat
AssistanceApps/runtimeIO/1429979164187962130fdc4d75547c88cd5b73e1051ed968026fa089e346b94f796c5358edc226b9/1429979164187962130fdc4d75547c88cd5b73e1051ed968026fa089e346b94f796c5358edc226b9-stderr.dat
AssistanceApps/runtimeIO/1429979164181710130fdc4d75547c88cd5b73e1051ed968026fa089e346b94f796c5358edc226b9/1429979164181710130fdc4d75547c88cd5b73e1051ed968026fa089e346b94f796c5358edc226b9-stdout.dat
AssistanceApps/runtimeIO/1429979164181710130fdc4d75547c88cd5b73e1051ed968026fa089e346b94f796c5358edc226b9/1429979164181710130fdc4d75547c88cd5b73e1051ed968026fa089e346b94f796c5358edc226b9-stderr.dat
<END>

<BEGIN><WEKA><10.2.9.22>
Tickets: 
142997916416666584308313b633de0ff38f4920711f0f115f5a1e1c2bcf1a16cdbe3265aa36f5ba
1429979164167685757bd6e75db66022624409a907ac5dd34ec1f92d982d56c23fed6beab59723b7
Status: 
WAITING
WAITING
Submitting data 
Synch: 
testsResults/142997916416666584308313b633de0ff38f4920711f0f115f5a1e1c2bcf1a16cdbe3265aa36f5ba-stdout.dat
testsResults/142997916416666584308313b633de0ff38f4920711f0f115f5a1e1c2bcf1a16cdbe3265aa36f5ba-stderr.dat
testsResults/1429979164167685757bd6e75db66022624409a907ac5dd34ec1f92d982d56c23fed6beab59723b7-stdout.dat
testsResults/1429979164167685757bd6e75db66022624409a907ac5dd34ec1f92d982d56c23fed6beab59723b7-stderr.dat
<END>

<BEGIN><SHA256FTP><10.2.9.22>
Tickets: 
14299791641656711cb7d27815bff4b61b1c8fc0e74f0d25cae08440362a8f37d68bd8478cff0d78
14299791641648371cb7d27815bff4b61b1c8fc0e74f0d25cae08440362a8f37d68bd8478cff0d78
Status: 
WAITING
WAITING
Submitting data 
Synch: 
testsResults/14299791641656711cb7d27815bff4b61b1c8fc0e74f0d25cae08440362a8f37d68bd8478cff0d78-stdout.dat
testsResults/14299791641656711cb7d27815bff4b61b1c8fc0e74f0d25cae08440362a8f37d68bd8478cff0d78-stderr.dat
testsResults/14299791641648371cb7d27815bff4b61b1c8fc0e74f0d25cae08440362a8f37d68bd8478cff0d78-stdout.dat
testsResults/14299791641648371cb7d27815bff4b61b1c8fc0e74f0d25cae08440362a8f37d68bd8478cff0d78-stderr.dat
<END>
