
<BEGIN>
1430181984513676edf9ddf827127056b987d4d61aa4a010a1e45b664d8314dccbad32e1353a9926
0123456789ABCDEF
1430181984.5
LOCAL_ECHO_TEST
Hello, World!
[]
['AssistanceApps/echoInAllCaps.assistanceApp', '10', '', '1430181984513676edf9ddf827127056b987d4d61aa4a010a1e45b664d8314dccbad32e1353a9926', 'Hello, World!']
READY
1430181985.51
0
HELLO, WORLD!



1430181984.5	DRAFT
1430181984.51	WAITING
1430181985.51	 CPU=1.5	 mem={'swap': 0.0, 'virtual': 0.0, 'physical': 18.0}	 freeDisk=40.6G
1430181985.51	DATA READY
1430181985.51	STANDBY
1430181985.51	PERFORMING_LOCAL
1430181985.51	COMPLETED_LOCAL
1430181985.51	READY
<END>
<BEGIN>
1430181984541643f8aaeec1a1388fc62327191e17a8608d23a9b9e675db2658aeecb92a15399088
0123456789ABCDEF
1430181984.54
SHA256_TEST
60000 -verbose 20000
['AssistanceApps/runtimeIO/1430181984541643f8aaeec1a1388fc62327191e17a8608d23a9b9e675db2658aeecb92a15399088/experimentData.dat']
['AssistanceApps/sha256Example.assistanceApp', '10', 'AssistanceApps/runtimeIO/1430181984541643f8aaeec1a1388fc62327191e17a8608d23a9b9e675db2658aeecb92a15399088/experimentData.dat', '1430181984541643f8aaeec1a1388fc62327191e17a8608d23a9b9e675db2658aeecb92a15399088', '60000 -verbose 20000']
FINISHED
1430181986.03
0
AssistanceApps/runtimeIO/1430181984541643f8aaeec1a1388fc62327191e17a8608d23a9b9e675db2658aeecb92a15399088/1430181984541643f8aaeec1a1388fc62327191e17a8608d23a9b9e675db2658aeecb92a15399088-stdout.dat
AssistanceApps/runtimeIO/1430181984541643f8aaeec1a1388fc62327191e17a8608d23a9b9e675db2658aeecb92a15399088/1430181984541643f8aaeec1a1388fc62327191e17a8608d23a9b9e675db2658aeecb92a15399088-stderr.dat

1430181984.54	DRAFT
1430181984.54	WAITING
1430181985.54	 CPU=1.5	 mem={'swap': 0.0, 'virtual': 0.0, 'physical': 18.0}	 freeDisk=40.6G
1430181985.54	GATHERING
1430181985.56	DATA READY
1430181985.56	STANDBY
1430181985.56	PERFORMING_LOCAL
1430181986.03	COMPLETED_LOCAL
1430181986.03	READY
1430181986.08	SENDING_DATA
1430181986.08	FINISHED
<END>
<BEGIN>
1430181984555949b415fac99fe7e46f103f10686ba276076e44b1b21192ae8de40c5fa4627f16c7
0123456789ABCDEF
1430181984.55
WEKA_3_6_12
weka.classifiers.trees.J48 -t
['AssistanceApps/runtimeIO/1430181984555949b415fac99fe7e46f103f10686ba276076e44b1b21192ae8de40c5fa4627f16c7/weather.nominal.arff']
['AssistanceApps/assistanceWEKA.assistanceApp', '10', 'AssistanceApps/runtimeIO/1430181984555949b415fac99fe7e46f103f10686ba276076e44b1b21192ae8de40c5fa4627f16c7/weather.nominal.arff', '1430181984555949b415fac99fe7e46f103f10686ba276076e44b1b21192ae8de40c5fa4627f16c7', 'weka.classifiers.trees.J48 -t']
FINISHED
1430181985.74
0
AssistanceApps/runtimeIO/1430181984555949b415fac99fe7e46f103f10686ba276076e44b1b21192ae8de40c5fa4627f16c7/1430181984555949b415fac99fe7e46f103f10686ba276076e44b1b21192ae8de40c5fa4627f16c7-stdout.dat
AssistanceApps/runtimeIO/1430181984555949b415fac99fe7e46f103f10686ba276076e44b1b21192ae8de40c5fa4627f16c7/1430181984555949b415fac99fe7e46f103f10686ba276076e44b1b21192ae8de40c5fa4627f16c7-stderr.dat

1430181984.55	DRAFT
1430181984.55	WAITING
1430181985.55	 CPU=1.5	 mem={'swap': 0.0, 'virtual': 0.0, 'physical': 18.0}	 freeDisk=40.6G
1430181985.55	GATHERING
1430181985.57	DATA READY
1430181985.57	STANDBY
1430181985.57	PERFORMING_LOCAL
1430181985.74	COMPLETED_LOCAL
1430181985.74	READY
1430181985.82	SENDING_DATA
1430181985.82	FINISHED
<END>
<BEGIN>
143018198453108549b9618feb6c7274e6e000b389fdf3d0fbdf2ca532371f7fe678f8ea83f62ccd
0123456789ABCDEF
1430181984.53
SHA256_TEST
60000 -verbose 20000
['AssistanceApps/runtimeIO/143018198453108549b9618feb6c7274e6e000b389fdf3d0fbdf2ca532371f7fe678f8ea83f62ccd/experimentData.dat']
['AssistanceApps/sha256Example.assistanceApp', '10', 'AssistanceApps/runtimeIO/143018198453108549b9618feb6c7274e6e000b389fdf3d0fbdf2ca532371f7fe678f8ea83f62ccd/experimentData.dat', '143018198453108549b9618feb6c7274e6e000b389fdf3d0fbdf2ca532371f7fe678f8ea83f62ccd', '60000 -verbose 20000']
FINISHED
1430181986.03
0
AssistanceApps/runtimeIO/143018198453108549b9618feb6c7274e6e000b389fdf3d0fbdf2ca532371f7fe678f8ea83f62ccd/143018198453108549b9618feb6c7274e6e000b389fdf3d0fbdf2ca532371f7fe678f8ea83f62ccd-stdout.dat
AssistanceApps/runtimeIO/143018198453108549b9618feb6c7274e6e000b389fdf3d0fbdf2ca532371f7fe678f8ea83f62ccd/143018198453108549b9618feb6c7274e6e000b389fdf3d0fbdf2ca532371f7fe678f8ea83f62ccd-stderr.dat

1430181984.53	DRAFT
1430181984.53	WAITING
1430181985.53	 CPU=1.5	 mem={'swap': 0.0, 'virtual': 0.0, 'physical': 18.0}	 freeDisk=40.6G
1430181985.53	GATHERING
1430181985.56	DATA READY
1430181985.56	STANDBY
1430181985.56	PERFORMING_LOCAL
1430181986.03	COMPLETED_LOCAL
1430181986.03	READY
1430181986.07	SENDING_DATA
1430181986.07	FINISHED
<END>
<BEGIN>
1430181984551528937678746fd63b14a3365736631b18dde576ccded5c0116c0403c245916f8e0c
0123456789ABCDEF
1430181984.55
WEKA_3_6_12
weka.classifiers.trees.J48 -t
['AssistanceApps/runtimeIO/1430181984551528937678746fd63b14a3365736631b18dde576ccded5c0116c0403c245916f8e0c/weather.numeric.arff']
['AssistanceApps/assistanceWEKA.assistanceApp', '10', 'AssistanceApps/runtimeIO/1430181984551528937678746fd63b14a3365736631b18dde576ccded5c0116c0403c245916f8e0c/weather.numeric.arff', '1430181984551528937678746fd63b14a3365736631b18dde576ccded5c0116c0403c245916f8e0c', 'weka.classifiers.trees.J48 -t']
FINISHED
1430181985.72
0
AssistanceApps/runtimeIO/1430181984551528937678746fd63b14a3365736631b18dde576ccded5c0116c0403c245916f8e0c/1430181984551528937678746fd63b14a3365736631b18dde576ccded5c0116c0403c245916f8e0c-stdout.dat
AssistanceApps/runtimeIO/1430181984551528937678746fd63b14a3365736631b18dde576ccded5c0116c0403c245916f8e0c/1430181984551528937678746fd63b14a3365736631b18dde576ccded5c0116c0403c245916f8e0c-stderr.dat

1430181984.55	DRAFT
1430181984.55	WAITING
1430181985.55	 CPU=1.5	 mem={'swap': 0.0, 'virtual': 0.0, 'physical': 18.0}	 freeDisk=40.6G
1430181985.55	GATHERING
1430181985.57	DATA READY
1430181985.57	STANDBY
1430181985.57	PERFORMING_LOCAL
1430181985.72	COMPLETED_LOCAL
1430181985.72	READY
1430181985.83	SENDING_DATA
1430181985.83	FINISHED
<END>
<BEGIN>
1430181984544007c84b611e2b575f99b45e77a9b71521fedcccca0ca11129cb11bedae9a73fbdb
0123456789ABCDEF
1430181984.5
LOCAL_ECHO_TEST
Hello World
[]
['AssistanceApps/echoInAllCaps.assistanceApp', '10', '', '1430181984544007c84b611e2b575f99b45e77a9b71521fedcccca0ca11129cb11bedae9a73fbdb', 'Hello World']
READY
1430181985.5
0
HELLO WORLD



1430181984.5	DRAFT
1430181984.5	WAITING
1430181985.5	 CPU=1.5	 mem={'swap': 0.0, 'virtual': 0.0, 'physical': 18.0}	 freeDisk=40.6G
1430181985.5	DATA READY
1430181985.5	STANDBY
1430181985.5	PERFORMING_LOCAL
1430181985.5	COMPLETED_LOCAL
1430181985.5	READY
<END>
<BEGIN>
143018198451978184c836295ae6aacf37a4da207cebb6c16f6e03c5edd591910f1123aa5c214f85
0123456789ABCDEF
1430181984.51
LOCAL_ECHO_TEST
HeII0, W0r1d!!!111!
[]
['AssistanceApps/echoInAllCaps.assistanceApp', '10', '', '143018198451978184c836295ae6aacf37a4da207cebb6c16f6e03c5edd591910f1123aa5c214f85', 'HeII0, W0r1d!!!111!']
READY
1430181985.51
0
HEII0, W0R1D!!!111!



1430181984.51	DRAFT
1430181984.51	WAITING
1430181985.51	 CPU=1.5	 mem={'swap': 0.0, 'virtual': 0.0, 'physical': 18.0}	 freeDisk=40.6G
1430181985.51	DATA READY
1430181985.51	STANDBY
1430181985.51	PERFORMING_LOCAL
1430181985.51	COMPLETED_LOCAL
1430181985.51	READY
<END>