
<BEGIN>
142997850347636113efc769b789a6486618f2a544a577b1d1336bbc4786d20047d1c5eb7ac2bf09
0123456789ABCDEF
1429978503.47
WEKA_3_6_12
weka.classifiers.trees.J48 -t
['AssistanceApps/runtimeIO/142997850347636113efc769b789a6486618f2a544a577b1d1336bbc4786d20047d1c5eb7ac2bf09/weather.nominal.arff']
['AssistanceApps/assistanceWEKA.assistanceApp', '10', 'AssistanceApps/runtimeIO/142997850347636113efc769b789a6486618f2a544a577b1d1336bbc4786d20047d1c5eb7ac2bf09/weather.nominal.arff', '142997850347636113efc769b789a6486618f2a544a577b1d1336bbc4786d20047d1c5eb7ac2bf09', 'weka.classifiers.trees.J48 -t']
FINISHED
1429978504.64
0
AssistanceApps/runtimeIO/142997850347636113efc769b789a6486618f2a544a577b1d1336bbc4786d20047d1c5eb7ac2bf09/142997850347636113efc769b789a6486618f2a544a577b1d1336bbc4786d20047d1c5eb7ac2bf09-stdout.dat
AssistanceApps/runtimeIO/142997850347636113efc769b789a6486618f2a544a577b1d1336bbc4786d20047d1c5eb7ac2bf09/142997850347636113efc769b789a6486618f2a544a577b1d1336bbc4786d20047d1c5eb7ac2bf09-stderr.dat

1429978503.47	DRAFT
1429978503.47	WAITING
1429978504.47	 CPU=1.5	 mem={'swap': 0.0, 'virtual': 0.0, 'physical': 17.8}	 freeDisk=40.8G
1429978504.47	GATHERING
1429978504.48	DATA READY
1429978504.48	STANDBY
1429978504.48	PERFORMING_LOCAL
1429978504.64	COMPLETED_LOCAL
1429978504.64	READY
1429978504.74	SENDING_DATA
1429978504.74	FINISHED
<END>
<BEGIN>
1429978503472473b04e54c155a95ab9c3fefdb32b271350020d74e58004bb64d6a01b015cf6273c
0123456789ABCDEF
1429978503.47
WEKA_3_6_12
weka.classifiers.trees.J48 -t
['AssistanceApps/runtimeIO/1429978503472473b04e54c155a95ab9c3fefdb32b271350020d74e58004bb64d6a01b015cf6273c/weather.numeric.arff']
['AssistanceApps/assistanceWEKA.assistanceApp', '10', 'AssistanceApps/runtimeIO/1429978503472473b04e54c155a95ab9c3fefdb32b271350020d74e58004bb64d6a01b015cf6273c/weather.numeric.arff', '1429978503472473b04e54c155a95ab9c3fefdb32b271350020d74e58004bb64d6a01b015cf6273c', 'weka.classifiers.trees.J48 -t']
FINISHED
1429978504.65
0
AssistanceApps/runtimeIO/1429978503472473b04e54c155a95ab9c3fefdb32b271350020d74e58004bb64d6a01b015cf6273c/1429978503472473b04e54c155a95ab9c3fefdb32b271350020d74e58004bb64d6a01b015cf6273c-stdout.dat
AssistanceApps/runtimeIO/1429978503472473b04e54c155a95ab9c3fefdb32b271350020d74e58004bb64d6a01b015cf6273c/1429978503472473b04e54c155a95ab9c3fefdb32b271350020d74e58004bb64d6a01b015cf6273c-stderr.dat

1429978503.47	DRAFT
1429978503.47	WAITING
1429978504.47	 CPU=1.5	 mem={'swap': 0.0, 'virtual': 0.0, 'physical': 17.8}	 freeDisk=40.8G
1429978504.47	GATHERING
1429978504.48	DATA READY
1429978504.48	STANDBY
1429978504.48	PERFORMING_LOCAL
1429978504.65	COMPLETED_LOCAL
1429978504.65	READY
1429978504.74	SENDING_DATA
1429978504.74	FINISHED
<END>
<BEGIN>
1429978503470766cb10bc46c079f20fb2937a4a0b7ce48a3f2d805fd6b8f0bd8840179d2b743e08
0123456789ABCDEF
1429978503.47
LOCAL_ECHO_TEST
Hello, World!
[]
['AssistanceApps/echoInAllCaps.assistanceApp', '10', '', '1429978503470766cb10bc46c079f20fb2937a4a0b7ce48a3f2d805fd6b8f0bd8840179d2b743e08', 'Hello, World!']
READY
1429978504.47
0
HELLO, WORLD!



1429978503.47	DRAFT
1429978503.47	WAITING
1429978504.47	 CPU=1.5	 mem={'swap': 0.0, 'virtual': 0.0, 'physical': 17.8}	 freeDisk=40.8G
1429978504.47	DATA READY
1429978504.47	STANDBY
1429978504.47	PERFORMING_LOCAL
1429978504.47	COMPLETED_LOCAL
1429978504.47	READY
<END>
<BEGIN>
14299785034778566ea7050ed6232d288d69b3608b0561f0527279a79690c78731005ecd14b80a6f
0123456789ABCDEF
1429978503.47
SHA256_TEST
60000 -verbose 20000
['AssistanceApps/runtimeIO/14299785034778566ea7050ed6232d288d69b3608b0561f0527279a79690c78731005ecd14b80a6f/experimentData.dat']
['AssistanceApps/sha256Example.assistanceApp', '10', 'AssistanceApps/runtimeIO/14299785034778566ea7050ed6232d288d69b3608b0561f0527279a79690c78731005ecd14b80a6f/experimentData.dat', '14299785034778566ea7050ed6232d288d69b3608b0561f0527279a79690c78731005ecd14b80a6f', '60000 -verbose 20000']
FINISHED
1429978504.96
0
AssistanceApps/runtimeIO/14299785034778566ea7050ed6232d288d69b3608b0561f0527279a79690c78731005ecd14b80a6f/14299785034778566ea7050ed6232d288d69b3608b0561f0527279a79690c78731005ecd14b80a6f-stdout.dat
AssistanceApps/runtimeIO/14299785034778566ea7050ed6232d288d69b3608b0561f0527279a79690c78731005ecd14b80a6f/14299785034778566ea7050ed6232d288d69b3608b0561f0527279a79690c78731005ecd14b80a6f-stderr.dat

1429978503.47	DRAFT
1429978503.47	WAITING
1429978504.47	 CPU=1.5	 mem={'swap': 0.0, 'virtual': 0.0, 'physical': 17.8}	 freeDisk=40.8G
1429978504.47	GATHERING
1429978504.48	DATA READY
1429978504.48	STANDBY
1429978504.48	PERFORMING_LOCAL
1429978504.96	COMPLETED_LOCAL
1429978504.96	READY
1429978504.99	SENDING_DATA
1429978504.99	FINISHED
<END>
<BEGIN>
1429978503465042405f5ceecf8b3247ac97f5186afd0057e0662eebcf8bc2e98b77012f2a2920c3
0123456789ABCDEF
1429978503.46
SHA256_TEST
60000 -verbose 20000
['AssistanceApps/runtimeIO/1429978503465042405f5ceecf8b3247ac97f5186afd0057e0662eebcf8bc2e98b77012f2a2920c3/experimentData.dat']
['AssistanceApps/sha256Example.assistanceApp', '10', 'AssistanceApps/runtimeIO/1429978503465042405f5ceecf8b3247ac97f5186afd0057e0662eebcf8bc2e98b77012f2a2920c3/experimentData.dat', '1429978503465042405f5ceecf8b3247ac97f5186afd0057e0662eebcf8bc2e98b77012f2a2920c3', '60000 -verbose 20000']
FINISHED
1429978504.95
0
AssistanceApps/runtimeIO/1429978503465042405f5ceecf8b3247ac97f5186afd0057e0662eebcf8bc2e98b77012f2a2920c3/1429978503465042405f5ceecf8b3247ac97f5186afd0057e0662eebcf8bc2e98b77012f2a2920c3-stdout.dat
AssistanceApps/runtimeIO/1429978503465042405f5ceecf8b3247ac97f5186afd0057e0662eebcf8bc2e98b77012f2a2920c3/1429978503465042405f5ceecf8b3247ac97f5186afd0057e0662eebcf8bc2e98b77012f2a2920c3-stderr.dat

1429978503.46	DRAFT
1429978503.46	WAITING
1429978504.47	 CPU=1.5	 mem={'swap': 0.0, 'virtual': 0.0, 'physical': 17.7}	 freeDisk=40.8G
1429978504.47	GATHERING
1429978504.48	DATA READY
1429978504.48	STANDBY
1429978504.48	PERFORMING_LOCAL
1429978504.95	COMPLETED_LOCAL
1429978504.95	READY
1429978504.99	SENDING_DATA
1429978504.99	FINISHED
<END>
<BEGIN>
1429978503472826106586c72d902798972ea31c1987753c4a24965cc26dddeb933026829059eaaf
0123456789ABCDEF
1429978503.47
LOCAL_ECHO_TEST
HeII0, W0r1d!!!111!
[]
['AssistanceApps/echoInAllCaps.assistanceApp', '10', '', '1429978503472826106586c72d902798972ea31c1987753c4a24965cc26dddeb933026829059eaaf', 'HeII0, W0r1d!!!111!']
READY
1429978504.47
0
HEII0, W0R1D!!!111!



1429978503.47	DRAFT
1429978503.47	WAITING
1429978504.47	 CPU=1.5	 mem={'swap': 0.0, 'virtual': 0.0, 'physical': 17.8}	 freeDisk=40.8G
1429978504.47	DATA READY
1429978504.47	STANDBY
1429978504.47	PERFORMING_LOCAL
1429978504.47	COMPLETED_LOCAL
1429978504.47	READY
<END>
<BEGIN>
1429978503468149f05636d57becc4939030c98e4ea6d5c3cba494fad9694312d51d39bcd21c5d6a
0123456789ABCDEF
1429978503.46
LOCAL_ECHO_TEST
Hello World
[]
['AssistanceApps/echoInAllCaps.assistanceApp', '10', '', '1429978503468149f05636d57becc4939030c98e4ea6d5c3cba494fad9694312d51d39bcd21c5d6a', 'Hello World']
READY
1429978504.47
0
HELLO WORLD



1429978503.46	DRAFT
1429978503.46	WAITING
1429978504.47	 CPU=1.5	 mem={'swap': 0.0, 'virtual': 0.0, 'physical': 17.7}	 freeDisk=40.8G
1429978504.47	DATA READY
1429978504.47	STANDBY
1429978504.47	PERFORMING_LOCAL
1429978504.47	COMPLETED_LOCAL
1429978504.47	READY
<END>