
<BEGIN>
14299771599708193871ecdf3fcae6fc82e562926261ae37576cd3bfeb03bb070b6590f7ad14a88d
0123456789ABCDEF
1429977159.97
LOCAL_ECHO_TEST
Hello, World!
[]
['AssistanceApps/echoInAllCaps.assistanceApp', '10', '', '14299771599708193871ecdf3fcae6fc82e562926261ae37576cd3bfeb03bb070b6590f7ad14a88d', 'Hello, World!']
READY
1429977160.99
0
HELLO, WORLD!



1429977159.97	DRAFT
1429977159.97	WAITING
1429977160.98	 CPU=1.75	 mem={'swap': 0.0, 'virtual': 0.0, 'physical': 18.4}	 freeDisk=40.1G
1429977160.98	DATA READY
1429977160.98	STANDBY
1429977160.98	PERFORMING_LOCAL
1429977160.99	COMPLETED_LOCAL
1429977160.99	READY
<END>
<BEGIN>
1429977159979426851e7890790676f2f7d679d2ab05af0f424bfdc06bd690d391ac605464b5bc83
0123456789ABCDEF
1429977159.97
SHA256_TEST
60000 -verbose 20000
['AssistanceApps/runtimeIO/1429977159979426851e7890790676f2f7d679d2ab05af0f424bfdc06bd690d391ac605464b5bc83/experimentData.dat']
['AssistanceApps/sha256Example.assistanceApp', '10', 'AssistanceApps/runtimeIO/1429977159979426851e7890790676f2f7d679d2ab05af0f424bfdc06bd690d391ac605464b5bc83/experimentData.dat', '1429977159979426851e7890790676f2f7d679d2ab05af0f424bfdc06bd690d391ac605464b5bc83', '60000 -verbose 20000']
FINISHED
1429977161.48
0
AssistanceApps/runtimeIO/1429977159979426851e7890790676f2f7d679d2ab05af0f424bfdc06bd690d391ac605464b5bc83/1429977159979426851e7890790676f2f7d679d2ab05af0f424bfdc06bd690d391ac605464b5bc83-stdout.dat
AssistanceApps/runtimeIO/1429977159979426851e7890790676f2f7d679d2ab05af0f424bfdc06bd690d391ac605464b5bc83/1429977159979426851e7890790676f2f7d679d2ab05af0f424bfdc06bd690d391ac605464b5bc83-stderr.dat

1429977159.97	DRAFT
1429977159.97	WAITING
1429977160.98	 CPU=1.75	 mem={'swap': 0.0, 'virtual': 0.0, 'physical': 18.4}	 freeDisk=40.1G
1429977160.98	GATHERING
1429977160.99	DATA READY
1429977160.99	STANDBY
1429977160.99	PERFORMING_LOCAL
1429977161.48	COMPLETED_LOCAL
1429977161.48	READY
1429977161.49	SENDING_DATA
1429977161.49	FINISHED
<END>
<BEGIN>
1429977159976566bc6bee707402c969fc8bc962f74f8fdf6e66e671cb583c35d5d99dcd7ef4972e
0123456789ABCDEF
1429977159.97
SHA256_TEST
60000 -verbose 20000
['testsData/experimentData.dat']
['AssistanceApps/sha256Example.assistanceApp', '10', 'testsData/experimentData.dat', '1429977159976566bc6bee707402c969fc8bc962f74f8fdf6e66e671cb583c35d5d99dcd7ef4972e', '60000 -verbose 20000']
READY
1429977161.0
0
AssistanceApps/runtimeIO/1429977159976566bc6bee707402c969fc8bc962f74f8fdf6e66e671cb583c35d5d99dcd7ef4972e/1429977159976566bc6bee707402c969fc8bc962f74f8fdf6e66e671cb583c35d5d99dcd7ef4972e-stdout.dat
AssistanceApps/runtimeIO/1429977159976566bc6bee707402c969fc8bc962f74f8fdf6e66e671cb583c35d5d99dcd7ef4972e/1429977159976566bc6bee707402c969fc8bc962f74f8fdf6e66e671cb583c35d5d99dcd7ef4972e-stderr.dat

1429977159.97	DRAFT
1429977159.97	WAITING
1429977160.98	 CPU=1.75	 mem={'swap': 0.0, 'virtual': 0.0, 'physical': 18.4}	 freeDisk=40.1G
1429977160.98	GATHERING
1429977160.98	DATA READY
1429977160.98	STANDBY
1429977160.98	PERFORMING_LOCAL
1429977161.0	COMPLETED_LOCAL
1429977161.0	READY
<END>
<BEGIN>
142997715998159782e52b66057b4537ffbd795cd50fa02a447d8aa92090ae79e760e1a475a255c8
0123456789ABCDEF
1429977159.98
LOCAL_ECHO_TEST
HeII0, W0r1d!!!111!
[]
['AssistanceApps/echoInAllCaps.assistanceApp', '10', '', '142997715998159782e52b66057b4537ffbd795cd50fa02a447d8aa92090ae79e760e1a475a255c8', 'HeII0, W0r1d!!!111!']
READY
1429977160.99
0
HEII0, W0R1D!!!111!



1429977159.98	DRAFT
1429977159.98	WAITING
1429977160.98	 CPU=1.75	 mem={'swap': 0.0, 'virtual': 0.0, 'physical': 18.5}	 freeDisk=40.1G
1429977160.98	DATA READY
1429977160.98	STANDBY
1429977160.98	PERFORMING_LOCAL
1429977160.99	COMPLETED_LOCAL
1429977160.99	READY
<END>
<BEGIN>
142997715997932972d6ad459c0d193b82298a807d75d7b7104c0b6fec888f22004c551326a18b2a
0123456789ABCDEF
1429977159.97
LOCAL_ECHO_TEST
Hello World
[]
['AssistanceApps/echoInAllCaps.assistanceApp', '10', '', '142997715997932972d6ad459c0d193b82298a807d75d7b7104c0b6fec888f22004c551326a18b2a', 'Hello World']
READY
1429977160.99
0
HELLO WORLD



1429977159.97	DRAFT
1429977159.97	WAITING
1429977160.98	 CPU=1.75	 mem={'swap': 0.0, 'virtual': 0.0, 'physical': 18.4}	 freeDisk=40.1G
1429977160.98	DATA READY
1429977160.98	STANDBY
1429977160.98	PERFORMING_LOCAL
1429977160.99	COMPLETED_LOCAL
1429977160.99	READY
<END>
<BEGIN>
1429977159976436851e7890790676f2f7d679d2ab05af0f424bfdc06bd690d391ac605464b5bc83
0123456789ABCDEF
1429977159.97
SHA256_TEST
60000 -verbose 20000
['AssistanceApps/runtimeIO/1429977159976436851e7890790676f2f7d679d2ab05af0f424bfdc06bd690d391ac605464b5bc83/experimentData.dat']
['AssistanceApps/sha256Example.assistanceApp', '10', 'AssistanceApps/runtimeIO/1429977159976436851e7890790676f2f7d679d2ab05af0f424bfdc06bd690d391ac605464b5bc83/experimentData.dat', '1429977159976436851e7890790676f2f7d679d2ab05af0f424bfdc06bd690d391ac605464b5bc83', '60000 -verbose 20000']
FINISHED
1429977161.48
0
AssistanceApps/runtimeIO/1429977159976436851e7890790676f2f7d679d2ab05af0f424bfdc06bd690d391ac605464b5bc83/1429977159976436851e7890790676f2f7d679d2ab05af0f424bfdc06bd690d391ac605464b5bc83-stdout.dat
AssistanceApps/runtimeIO/1429977159976436851e7890790676f2f7d679d2ab05af0f424bfdc06bd690d391ac605464b5bc83/1429977159976436851e7890790676f2f7d679d2ab05af0f424bfdc06bd690d391ac605464b5bc83-stderr.dat

1429977159.97	DRAFT
1429977159.97	WAITING
1429977160.98	 CPU=1.75	 mem={'swap': 0.0, 'virtual': 0.0, 'physical': 18.4}	 freeDisk=40.1G
1429977160.98	GATHERING
1429977160.99	DATA READY
1429977160.99	STANDBY
1429977160.99	PERFORMING_LOCAL
1429977161.48	COMPLETED_LOCAL
1429977161.48	READY
1429977161.49	SENDING_DATA
1429977161.49	FINISHED
<END>
<BEGIN>
142997715997348865e41ba65b0993692e1e320f9d23c10bbd643ff0dab52afaaae0e56d6b6b7b55
0123456789ABCDEF
1429977159.97
WEKA_3_6_12
weka.classifiers.trees.J48 -t
['AssistanceApps/runtimeIO/142997715997348865e41ba65b0993692e1e320f9d23c10bbd643ff0dab52afaaae0e56d6b6b7b55/weather.nominal.arff']
['AssistanceApps/assistanceWEKA.assistanceApp', '10', 'AssistanceApps/runtimeIO/142997715997348865e41ba65b0993692e1e320f9d23c10bbd643ff0dab52afaaae0e56d6b6b7b55/weather.nominal.arff', '142997715997348865e41ba65b0993692e1e320f9d23c10bbd643ff0dab52afaaae0e56d6b6b7b55', 'weka.classifiers.trees.J48 -t']
FINISHED
1429977162.06
0
AssistanceApps/runtimeIO/142997715997348865e41ba65b0993692e1e320f9d23c10bbd643ff0dab52afaaae0e56d6b6b7b55/142997715997348865e41ba65b0993692e1e320f9d23c10bbd643ff0dab52afaaae0e56d6b6b7b55-stdout.dat
AssistanceApps/runtimeIO/142997715997348865e41ba65b0993692e1e320f9d23c10bbd643ff0dab52afaaae0e56d6b6b7b55/142997715997348865e41ba65b0993692e1e320f9d23c10bbd643ff0dab52afaaae0e56d6b6b7b55-stderr.dat

1429977159.97	DRAFT
1429977159.97	WAITING
1429977160.98	 CPU=1.75	 mem={'swap': 0.0, 'virtual': 0.0, 'physical': 18.4}	 freeDisk=40.1G
1429977160.98	GATHERING
1429977160.99	DATA READY
1429977160.99	STANDBY
1429977160.99	PERFORMING_LOCAL
1429977162.06	COMPLETED_LOCAL
1429977162.06	READY
1429977162.24	SENDING_DATA
1429977162.24	FINISHED
<END>
<BEGIN>
1429977159976470bc6bee707402c969fc8bc962f74f8fdf6e66e671cb583c35d5d99dcd7ef4972e
0123456789ABCDEF
1429977159.97
SHA256_TEST
60000 -verbose 20000
['testsData/experimentData.dat']
['AssistanceApps/sha256Example.assistanceApp', '10', 'testsData/experimentData.dat', '1429977159976470bc6bee707402c969fc8bc962f74f8fdf6e66e671cb583c35d5d99dcd7ef4972e', '60000 -verbose 20000']
READY
1429977160.99
0
AssistanceApps/runtimeIO/1429977159976470bc6bee707402c969fc8bc962f74f8fdf6e66e671cb583c35d5d99dcd7ef4972e/1429977159976470bc6bee707402c969fc8bc962f74f8fdf6e66e671cb583c35d5d99dcd7ef4972e-stdout.dat
AssistanceApps/runtimeIO/1429977159976470bc6bee707402c969fc8bc962f74f8fdf6e66e671cb583c35d5d99dcd7ef4972e/1429977159976470bc6bee707402c969fc8bc962f74f8fdf6e66e671cb583c35d5d99dcd7ef4972e-stderr.dat

1429977159.97	DRAFT
1429977159.97	WAITING
1429977160.97	 CPU=1.5	 mem={'swap': 0.0, 'virtual': 0.0, 'physical': 18.4}	 freeDisk=40.1G
1429977160.97	GATHERING
1429977160.97	DATA READY
1429977160.97	STANDBY
1429977160.97	PERFORMING_LOCAL
1429977160.99	COMPLETED_LOCAL
1429977160.99	READY
<END>
<BEGIN>
14299771599885088101a1c47a9954417ad8301ec37b03fba7b01d2362ed4c17b49b951c95c303f9
0123456789ABCDEF
1429977159.98
WEKA_3_6_12
weka.classifiers.trees.J48 -t
['AssistanceApps/runtimeIO/14299771599885088101a1c47a9954417ad8301ec37b03fba7b01d2362ed4c17b49b951c95c303f9/weather.numeric.arff']
['AssistanceApps/assistanceWEKA.assistanceApp', '10', 'AssistanceApps/runtimeIO/14299771599885088101a1c47a9954417ad8301ec37b03fba7b01d2362ed4c17b49b951c95c303f9/weather.numeric.arff', '14299771599885088101a1c47a9954417ad8301ec37b03fba7b01d2362ed4c17b49b951c95c303f9', 'weka.classifiers.trees.J48 -t']
FINISHED
1429977162.07
0
AssistanceApps/runtimeIO/14299771599885088101a1c47a9954417ad8301ec37b03fba7b01d2362ed4c17b49b951c95c303f9/14299771599885088101a1c47a9954417ad8301ec37b03fba7b01d2362ed4c17b49b951c95c303f9-stdout.dat
AssistanceApps/runtimeIO/14299771599885088101a1c47a9954417ad8301ec37b03fba7b01d2362ed4c17b49b951c95c303f9/14299771599885088101a1c47a9954417ad8301ec37b03fba7b01d2362ed4c17b49b951c95c303f9-stderr.dat

1429977159.98	DRAFT
1429977159.98	WAITING
1429977160.99	 CPU=1.75	 mem={'swap': 0.0, 'virtual': 0.0, 'physical': 18.5}	 freeDisk=40.1G
1429977161.0	GATHERING
1429977161.24	DATA READY
1429977161.24	STANDBY
1429977161.24	PERFORMING_LOCAL
1429977162.07	COMPLETED_LOCAL
1429977162.07	READY
1429977162.24	SENDING_DATA
1429977162.24	FINISHED
<END>