WatchdogThread<TestFunctionality>:::Test Echo to  has ended successfully.
WatchdogThread<TestFunctionality>:::Test SHA256LocalFile to  has ended successfully.
WatchdogThread<TestFunctionality>:::Test SHA256FTP to  has ended successfully.
WatchdogThread<TestFunctionality>:::Test WEKAfunctionality to  has ended successfully.

<BEGIN><Echo><>
Tickets: 
142997715997932972d6ad459c0d193b82298a807d75d7b7104c0b6fec888f22004c551326a18b2a
14299771599708193871ecdf3fcae6fc82e562926261ae37576cd3bfeb03bb070b6590f7ad14a88d
142997715998159782e52b66057b4537ffbd795cd50fa02a447d8aa92090ae79e760e1a475a255c8
Status: 
WAITING
WAITING
WAITING
Synch: 
HELLO WORLD
HELLO, WORLD!
HEII0, W0R1D!!!111!
<END>

<BEGIN><SHA256LocalFile><127.0.0.1>
Tickets: 
1429977159976470bc6bee707402c969fc8bc962f74f8fdf6e66e671cb583c35d5d99dcd7ef4972e
1429977159976566bc6bee707402c969fc8bc962f74f8fdf6e66e671cb583c35d5d99dcd7ef4972e
Status: 
WAITING
WAITING
Synch: 
AssistanceApps/runtimeIO/1429977159976470bc6bee707402c969fc8bc962f74f8fdf6e66e671cb583c35d5d99dcd7ef4972e/1429977159976470bc6bee707402c969fc8bc962f74f8fdf6e66e671cb583c35d5d99dcd7ef4972e-stdout.dat
AssistanceApps/runtimeIO/1429977159976470bc6bee707402c969fc8bc962f74f8fdf6e66e671cb583c35d5d99dcd7ef4972e/1429977159976470bc6bee707402c969fc8bc962f74f8fdf6e66e671cb583c35d5d99dcd7ef4972e-stderr.dat
AssistanceApps/runtimeIO/1429977159976566bc6bee707402c969fc8bc962f74f8fdf6e66e671cb583c35d5d99dcd7ef4972e/1429977159976566bc6bee707402c969fc8bc962f74f8fdf6e66e671cb583c35d5d99dcd7ef4972e-stdout.dat
AssistanceApps/runtimeIO/1429977159976566bc6bee707402c969fc8bc962f74f8fdf6e66e671cb583c35d5d99dcd7ef4972e/1429977159976566bc6bee707402c969fc8bc962f74f8fdf6e66e671cb583c35d5d99dcd7ef4972e-stderr.dat
<END>

<BEGIN><SHA256FTP><>
Tickets: 
1429977159976436851e7890790676f2f7d679d2ab05af0f424bfdc06bd690d391ac605464b5bc83
1429977159979426851e7890790676f2f7d679d2ab05af0f424bfdc06bd690d391ac605464b5bc83
Status: 
WAITING
WAITING
Submitting data 
Synch: 
testsResults/1429977159976436851e7890790676f2f7d679d2ab05af0f424bfdc06bd690d391ac605464b5bc83-stdout.dat
testsResults/1429977159976436851e7890790676f2f7d679d2ab05af0f424bfdc06bd690d391ac605464b5bc83-stderr.dat
testsResults/1429977159979426851e7890790676f2f7d679d2ab05af0f424bfdc06bd690d391ac605464b5bc83-stdout.dat
testsResults/1429977159979426851e7890790676f2f7d679d2ab05af0f424bfdc06bd690d391ac605464b5bc83-stderr.dat
<END>

<BEGIN><WEKA><>
Tickets: 
142997715997348865e41ba65b0993692e1e320f9d23c10bbd643ff0dab52afaaae0e56d6b6b7b55
14299771599885088101a1c47a9954417ad8301ec37b03fba7b01d2362ed4c17b49b951c95c303f9
Status: 
WAITING
WAITING
Submitting data 
Synch: 
testsResults/142997715997348865e41ba65b0993692e1e320f9d23c10bbd643ff0dab52afaaae0e56d6b6b7b55-stdout.dat
testsResults/142997715997348865e41ba65b0993692e1e320f9d23c10bbd643ff0dab52afaaae0e56d6b6b7b55-stderr.dat
testsResults/14299771599885088101a1c47a9954417ad8301ec37b03fba7b01d2362ed4c17b49b951c95c303f9-stdout.dat
testsResults/14299771599885088101a1c47a9954417ad8301ec37b03fba7b01d2362ed4c17b49b951c95c303f9-stderr.dat
<END>
