
<BEGIN>
14299794311165805526c84c4e8da7e4e2c93c5e6abda5a7bad2ceab7a4f410002930094f0a8a480
0123456789ABCDEF
1429979431.11
LOCAL_ECHO_TEST
HeII0, W0r1d!!!111!
[]
['AssistanceApps/echoInAllCaps.assistanceApp', '10', '', '14299794311165805526c84c4e8da7e4e2c93c5e6abda5a7bad2ceab7a4f410002930094f0a8a480', 'HeII0, W0r1d!!!111!']
READY
1429979432.11
0
HEII0, W0R1D!!!111!



1429979431.11	DRAFT
1429979431.11	WAITING
1429979432.11	 CPU=1.75	 mem={'swap': 0.0, 'virtual': 0.0, 'physical': 17.7}	 freeDisk=40.8G
1429979432.11	DATA READY
1429979432.11	STANDBY
1429979432.11	PERFORMING_LOCAL
1429979432.11	COMPLETED_LOCAL
1429979432.11	READY
<END>
<BEGIN>
14299794311100997edff0377bce8da5f6665bedf2baa6dcd1057d80195ff9c55b1c12a6574f3432
0123456789ABCDEF
1429979431.11
WEKA_3_6_12
weka.classifiers.trees.J48 -t
['AssistanceApps/runtimeIO/14299794311100997edff0377bce8da5f6665bedf2baa6dcd1057d80195ff9c55b1c12a6574f3432/weather.nominal.arff']
['AssistanceApps/assistanceWEKA.assistanceApp', '10', 'AssistanceApps/runtimeIO/14299794311100997edff0377bce8da5f6665bedf2baa6dcd1057d80195ff9c55b1c12a6574f3432/weather.nominal.arff', '14299794311100997edff0377bce8da5f6665bedf2baa6dcd1057d80195ff9c55b1c12a6574f3432', 'weka.classifiers.trees.J48 -t']
FINISHED
1429979432.29
0
AssistanceApps/runtimeIO/14299794311100997edff0377bce8da5f6665bedf2baa6dcd1057d80195ff9c55b1c12a6574f3432/14299794311100997edff0377bce8da5f6665bedf2baa6dcd1057d80195ff9c55b1c12a6574f3432-stdout.dat
AssistanceApps/runtimeIO/14299794311100997edff0377bce8da5f6665bedf2baa6dcd1057d80195ff9c55b1c12a6574f3432/14299794311100997edff0377bce8da5f6665bedf2baa6dcd1057d80195ff9c55b1c12a6574f3432-stderr.dat

1429979431.11	DRAFT
1429979431.11	WAITING
1429979432.12	 CPU=1.475	 mem={'swap': 0.0, 'virtual': 0.0, 'physical': 17.7}	 freeDisk=40.8G
1429979432.12	GATHERING
1429979432.13	DATA READY
1429979432.13	STANDBY
1429979432.13	PERFORMING_LOCAL
1429979432.29	COMPLETED_LOCAL
1429979432.29	READY
1429979432.38	SENDING_DATA
1429979432.38	FINISHED
<END>
<BEGIN>
1429979431129506fe5cdf76dc94efe4cfed94f25746c3f0c6724ed22e2cf3f7947b0cd3396be6db
0123456789ABCDEF
1429979431.12
SHA256_TEST
60000 -verbose 20000
['AssistanceApps/runtimeIO/1429979431129506fe5cdf76dc94efe4cfed94f25746c3f0c6724ed22e2cf3f7947b0cd3396be6db/experimentData.dat']
['AssistanceApps/sha256Example.assistanceApp', '10', 'AssistanceApps/runtimeIO/1429979431129506fe5cdf76dc94efe4cfed94f25746c3f0c6724ed22e2cf3f7947b0cd3396be6db/experimentData.dat', '1429979431129506fe5cdf76dc94efe4cfed94f25746c3f0c6724ed22e2cf3f7947b0cd3396be6db', '60000 -verbose 20000']
FINISHED
1429979432.61
0
AssistanceApps/runtimeIO/1429979431129506fe5cdf76dc94efe4cfed94f25746c3f0c6724ed22e2cf3f7947b0cd3396be6db/1429979431129506fe5cdf76dc94efe4cfed94f25746c3f0c6724ed22e2cf3f7947b0cd3396be6db-stdout.dat
AssistanceApps/runtimeIO/1429979431129506fe5cdf76dc94efe4cfed94f25746c3f0c6724ed22e2cf3f7947b0cd3396be6db/1429979431129506fe5cdf76dc94efe4cfed94f25746c3f0c6724ed22e2cf3f7947b0cd3396be6db-stderr.dat

1429979431.12	DRAFT
1429979431.12	WAITING
1429979432.12	 CPU=1.475	 mem={'swap': 0.0, 'virtual': 0.0, 'physical': 17.7}	 freeDisk=40.8G
1429979432.12	GATHERING
1429979432.13	DATA READY
1429979432.13	STANDBY
1429979432.13	PERFORMING_LOCAL
1429979432.61	COMPLETED_LOCAL
1429979432.61	READY
1429979432.64	SENDING_DATA
1429979432.64	FINISHED
<END>
<BEGIN>
1429979431117409640f32a5004c17008b835815ea4197bed19f7ddabb0755c9dbf502e3b924182f
0123456789ABCDEF
1429979431.11
LOCAL_ECHO_TEST
Hello, World!
[]
['AssistanceApps/echoInAllCaps.assistanceApp', '10', '', '1429979431117409640f32a5004c17008b835815ea4197bed19f7ddabb0755c9dbf502e3b924182f', 'Hello, World!']
READY
1429979432.11
0
HELLO, WORLD!



1429979431.11	DRAFT
1429979431.11	WAITING
1429979432.11	 CPU=1.5	 mem={'swap': 0.0, 'virtual': 0.0, 'physical': 17.7}	 freeDisk=40.8G
1429979432.11	DATA READY
1429979432.11	STANDBY
1429979432.11	PERFORMING_LOCAL
1429979432.11	COMPLETED_LOCAL
1429979432.11	READY
<END>
<BEGIN>
1429979431113889eeef667471490f0870d66eeeb0d2d754c4a64d0df057bf97c84db1018445a316
0123456789ABCDEF
1429979431.11
WEKA_3_6_12
weka.classifiers.trees.J48 -t
['AssistanceApps/runtimeIO/1429979431113889eeef667471490f0870d66eeeb0d2d754c4a64d0df057bf97c84db1018445a316/weather.numeric.arff']
['AssistanceApps/assistanceWEKA.assistanceApp', '10', 'AssistanceApps/runtimeIO/1429979431113889eeef667471490f0870d66eeeb0d2d754c4a64d0df057bf97c84db1018445a316/weather.numeric.arff', '1429979431113889eeef667471490f0870d66eeeb0d2d754c4a64d0df057bf97c84db1018445a316', 'weka.classifiers.trees.J48 -t']
FINISHED
1429979432.3
0
AssistanceApps/runtimeIO/1429979431113889eeef667471490f0870d66eeeb0d2d754c4a64d0df057bf97c84db1018445a316/1429979431113889eeef667471490f0870d66eeeb0d2d754c4a64d0df057bf97c84db1018445a316-stdout.dat
AssistanceApps/runtimeIO/1429979431113889eeef667471490f0870d66eeeb0d2d754c4a64d0df057bf97c84db1018445a316/1429979431113889eeef667471490f0870d66eeeb0d2d754c4a64d0df057bf97c84db1018445a316-stderr.dat

1429979431.11	DRAFT
1429979431.11	WAITING
1429979432.12	 CPU=1.475	 mem={'swap': 0.0, 'virtual': 0.0, 'physical': 17.7}	 freeDisk=40.8G
1429979432.12	GATHERING
1429979432.13	DATA READY
1429979432.13	STANDBY
1429979432.13	PERFORMING_LOCAL
1429979432.3	COMPLETED_LOCAL
1429979432.3	READY
1429979432.38	SENDING_DATA
1429979432.38	FINISHED
<END>
<BEGIN>
14299794311132480ec9c8ecbb5d10bcc151266adbb0ed29e6edcfb23e0ad158df7874bc65c66cb4
0123456789ABCDEF
1429979431.11
SHA256_TEST
60000 -verbose 20000
['AssistanceApps/runtimeIO/14299794311132480ec9c8ecbb5d10bcc151266adbb0ed29e6edcfb23e0ad158df7874bc65c66cb4/experimentData.dat']
['AssistanceApps/sha256Example.assistanceApp', '10', 'AssistanceApps/runtimeIO/14299794311132480ec9c8ecbb5d10bcc151266adbb0ed29e6edcfb23e0ad158df7874bc65c66cb4/experimentData.dat', '14299794311132480ec9c8ecbb5d10bcc151266adbb0ed29e6edcfb23e0ad158df7874bc65c66cb4', '60000 -verbose 20000']
FINISHED
1429979432.6
0
AssistanceApps/runtimeIO/14299794311132480ec9c8ecbb5d10bcc151266adbb0ed29e6edcfb23e0ad158df7874bc65c66cb4/14299794311132480ec9c8ecbb5d10bcc151266adbb0ed29e6edcfb23e0ad158df7874bc65c66cb4-stdout.dat
AssistanceApps/runtimeIO/14299794311132480ec9c8ecbb5d10bcc151266adbb0ed29e6edcfb23e0ad158df7874bc65c66cb4/14299794311132480ec9c8ecbb5d10bcc151266adbb0ed29e6edcfb23e0ad158df7874bc65c66cb4-stderr.dat

1429979431.11	DRAFT
1429979431.11	WAITING
1429979432.12	 CPU=1.475	 mem={'swap': 0.0, 'virtual': 0.0, 'physical': 17.7}	 freeDisk=40.8G
1429979432.12	GATHERING
1429979432.13	DATA READY
1429979432.13	STANDBY
1429979432.13	PERFORMING_LOCAL
1429979432.6	COMPLETED_LOCAL
1429979432.6	READY
1429979432.64	SENDING_DATA
1429979432.64	FINISHED
<END>
<BEGIN>
14299794311149915ce00dbb626dbfefaca727f3363b10586aad4da9c9e29d0538d6f829400f71f3
0123456789ABCDEF
1429979431.11
LOCAL_ECHO_TEST
Hello World
[]
['AssistanceApps/echoInAllCaps.assistanceApp', '10', '', '14299794311149915ce00dbb626dbfefaca727f3363b10586aad4da9c9e29d0538d6f829400f71f3', 'Hello World']
READY
1429979432.11
0
HELLO WORLD



1429979431.11	DRAFT
1429979431.11	WAITING
1429979432.11	 CPU=1.5	 mem={'swap': 0.0, 'virtual': 0.0, 'physical': 17.7}	 freeDisk=40.8G
1429979432.11	DATA READY
1429979432.11	STANDBY
1429979432.11	PERFORMING_LOCAL
1429979432.11	COMPLETED_LOCAL
1429979432.11	READY
<END>