
<BEGIN>
1429979491220393c4a474d85667ce516033a4a917bec32355521f1c62f4125895690f2db05f9f43
0123456789ABCDEF
1429979491.22
SHA256_TEST
60000 -verbose 20000
['AssistanceApps/runtimeIO/1429979491220393c4a474d85667ce516033a4a917bec32355521f1c62f4125895690f2db05f9f43/experimentData.dat']
['AssistanceApps/sha256Example.assistanceApp', '10', 'AssistanceApps/runtimeIO/1429979491220393c4a474d85667ce516033a4a917bec32355521f1c62f4125895690f2db05f9f43/experimentData.dat', '1429979491220393c4a474d85667ce516033a4a917bec32355521f1c62f4125895690f2db05f9f43', '60000 -verbose 20000']
FINISHED
1429979492.71
0
AssistanceApps/runtimeIO/1429979491220393c4a474d85667ce516033a4a917bec32355521f1c62f4125895690f2db05f9f43/1429979491220393c4a474d85667ce516033a4a917bec32355521f1c62f4125895690f2db05f9f43-stdout.dat
AssistanceApps/runtimeIO/1429979491220393c4a474d85667ce516033a4a917bec32355521f1c62f4125895690f2db05f9f43/1429979491220393c4a474d85667ce516033a4a917bec32355521f1c62f4125895690f2db05f9f43-stderr.dat

1429979491.22	DRAFT
1429979491.22	WAITING
1429979492.23	 CPU=1.25	 mem={'swap': 0.0, 'virtual': 0.0, 'physical': 18.6}	 freeDisk=40.1G
1429979492.23	GATHERING
1429979492.24	DATA READY
1429979492.24	STANDBY
1429979492.24	PERFORMING_LOCAL
1429979492.71	COMPLETED_LOCAL
1429979492.71	READY
1429979492.75	SENDING_DATA
1429979492.75	FINISHED
<END>
<BEGIN>
1429979491234444cb3105241e897c4ca6583f645fdede16e5d62f8344019f6d198363455175681e
0123456789ABCDEF
1429979491.23
SHA256_TEST
60000 -verbose 20000
['AssistanceApps/runtimeIO/1429979491234444cb3105241e897c4ca6583f645fdede16e5d62f8344019f6d198363455175681e/experimentData.dat']
['AssistanceApps/sha256Example.assistanceApp', '10', 'AssistanceApps/runtimeIO/1429979491234444cb3105241e897c4ca6583f645fdede16e5d62f8344019f6d198363455175681e/experimentData.dat', '1429979491234444cb3105241e897c4ca6583f645fdede16e5d62f8344019f6d198363455175681e', '60000 -verbose 20000']
FINISHED
1429979492.72
0
AssistanceApps/runtimeIO/1429979491234444cb3105241e897c4ca6583f645fdede16e5d62f8344019f6d198363455175681e/1429979491234444cb3105241e897c4ca6583f645fdede16e5d62f8344019f6d198363455175681e-stdout.dat
AssistanceApps/runtimeIO/1429979491234444cb3105241e897c4ca6583f645fdede16e5d62f8344019f6d198363455175681e/1429979491234444cb3105241e897c4ca6583f645fdede16e5d62f8344019f6d198363455175681e-stderr.dat

1429979491.23	DRAFT
1429979491.23	WAITING
1429979492.23	 CPU=1.25	 mem={'swap': 0.0, 'virtual': 0.0, 'physical': 18.6}	 freeDisk=40.1G
1429979492.23	GATHERING
1429979492.25	DATA READY
1429979492.25	STANDBY
1429979492.25	PERFORMING_LOCAL
1429979492.72	COMPLETED_LOCAL
1429979492.72	READY
1429979492.75	SENDING_DATA
1429979492.75	FINISHED
<END>
<BEGIN>
142997949123324232aab0d82277748f64db78da87c956e0ce91512281215f3e2dfc8c42e83a5257
0123456789ABCDEF
1429979491.23
WEKA_3_6_12
weka.classifiers.trees.J48 -t
['AssistanceApps/runtimeIO/142997949123324232aab0d82277748f64db78da87c956e0ce91512281215f3e2dfc8c42e83a5257/weather.nominal.arff']
['AssistanceApps/assistanceWEKA.assistanceApp', '10', 'AssistanceApps/runtimeIO/142997949123324232aab0d82277748f64db78da87c956e0ce91512281215f3e2dfc8c42e83a5257/weather.nominal.arff', '142997949123324232aab0d82277748f64db78da87c956e0ce91512281215f3e2dfc8c42e83a5257', 'weka.classifiers.trees.J48 -t']
FINISHED
1429979492.42
0
AssistanceApps/runtimeIO/142997949123324232aab0d82277748f64db78da87c956e0ce91512281215f3e2dfc8c42e83a5257/142997949123324232aab0d82277748f64db78da87c956e0ce91512281215f3e2dfc8c42e83a5257-stdout.dat
AssistanceApps/runtimeIO/142997949123324232aab0d82277748f64db78da87c956e0ce91512281215f3e2dfc8c42e83a5257/142997949123324232aab0d82277748f64db78da87c956e0ce91512281215f3e2dfc8c42e83a5257-stderr.dat

1429979491.23	DRAFT
1429979491.23	WAITING
1429979492.23	 CPU=1.0	 mem={'swap': 0.0, 'virtual': 0.0, 'physical': 18.6}	 freeDisk=40.1G
1429979492.23	GATHERING
1429979492.25	DATA READY
1429979492.25	STANDBY
1429979492.25	PERFORMING_LOCAL
1429979492.42	COMPLETED_LOCAL
1429979492.42	READY
1429979492.51	SENDING_DATA
1429979492.51	FINISHED
<END>
<BEGIN>
14299794912243550896d25745020c798da61ca713768691c06012ae07a1ae657c6a4c5afd107864
0123456789ABCDEF
1429979491.22
LOCAL_ECHO_TEST
Hello World
[]
['AssistanceApps/echoInAllCaps.assistanceApp', '10', '', '14299794912243550896d25745020c798da61ca713768691c06012ae07a1ae657c6a4c5afd107864', 'Hello World']
READY
1429979492.23
0
HELLO WORLD



1429979491.22	DRAFT
1429979491.22	WAITING
1429979492.23	 CPU=1.25	 mem={'swap': 0.0, 'virtual': 0.0, 'physical': 18.5}	 freeDisk=40.1G
1429979492.23	DATA READY
1429979492.23	STANDBY
1429979492.23	PERFORMING_LOCAL
1429979492.23	COMPLETED_LOCAL
1429979492.23	READY
<END>
<BEGIN>
1429979491231635a2c18fbdf56aac570ed488ab2275cba426de8a060f5ce2df757fdc2484929a6a
0123456789ABCDEF
1429979491.23
WEKA_3_6_12
weka.classifiers.trees.J48 -t
['AssistanceApps/runtimeIO/1429979491231635a2c18fbdf56aac570ed488ab2275cba426de8a060f5ce2df757fdc2484929a6a/weather.numeric.arff']
['AssistanceApps/assistanceWEKA.assistanceApp', '10', 'AssistanceApps/runtimeIO/1429979491231635a2c18fbdf56aac570ed488ab2275cba426de8a060f5ce2df757fdc2484929a6a/weather.numeric.arff', '1429979491231635a2c18fbdf56aac570ed488ab2275cba426de8a060f5ce2df757fdc2484929a6a', 'weka.classifiers.trees.J48 -t']
FINISHED
1429979492.42
0
AssistanceApps/runtimeIO/1429979491231635a2c18fbdf56aac570ed488ab2275cba426de8a060f5ce2df757fdc2484929a6a/1429979491231635a2c18fbdf56aac570ed488ab2275cba426de8a060f5ce2df757fdc2484929a6a-stdout.dat
AssistanceApps/runtimeIO/1429979491231635a2c18fbdf56aac570ed488ab2275cba426de8a060f5ce2df757fdc2484929a6a/1429979491231635a2c18fbdf56aac570ed488ab2275cba426de8a060f5ce2df757fdc2484929a6a-stderr.dat

1429979491.23	DRAFT
1429979491.23	WAITING
1429979492.23	 CPU=1.0	 mem={'swap': 0.0, 'virtual': 0.0, 'physical': 18.6}	 freeDisk=40.1G
1429979492.23	GATHERING
1429979492.25	DATA READY
1429979492.25	STANDBY
1429979492.25	PERFORMING_LOCAL
1429979492.42	COMPLETED_LOCAL
1429979492.42	READY
1429979492.51	SENDING_DATA
1429979492.51	FINISHED
<END>
<BEGIN>
14299794912226458a1741c48bb3adbb5a40edfb0a5634322714d7db7ae9f5ccf8f9620c8c658fe9
0123456789ABCDEF
1429979491.22
LOCAL_ECHO_TEST
Hello, World!
[]
['AssistanceApps/echoInAllCaps.assistanceApp', '10', '', '14299794912226458a1741c48bb3adbb5a40edfb0a5634322714d7db7ae9f5ccf8f9620c8c658fe9', 'Hello, World!']
READY
1429979492.23
0
HELLO, WORLD!



1429979491.22	DRAFT
1429979491.23	WAITING
1429979492.23	 CPU=1.25	 mem={'swap': 0.0, 'virtual': 0.0, 'physical': 18.6}	 freeDisk=40.1G
1429979492.23	DATA READY
1429979492.23	STANDBY
1429979492.23	PERFORMING_LOCAL
1429979492.23	COMPLETED_LOCAL
1429979492.23	READY
<END>
<BEGIN>
14299794912399074641853d47b425a70356720b7cbb07b34398bc4d718be486547d931f48ea069f
0123456789ABCDEF
1429979491.23
LOCAL_ECHO_TEST
HeII0, W0r1d!!!111!
[]
['AssistanceApps/echoInAllCaps.assistanceApp', '10', '', '14299794912399074641853d47b425a70356720b7cbb07b34398bc4d718be486547d931f48ea069f', 'HeII0, W0r1d!!!111!']
READY
1429979492.23
0
HEII0, W0R1D!!!111!



1429979491.23	DRAFT
1429979491.23	WAITING
1429979492.23	 CPU=1.25	 mem={'swap': 0.0, 'virtual': 0.0, 'physical': 18.6}	 freeDisk=40.1G
1429979492.23	DATA READY
1429979492.23	STANDBY
1429979492.23	PERFORMING_LOCAL
1429979492.23	COMPLETED_LOCAL
1429979492.23	READY
<END>