
<BEGIN>
14299785635437362284a06c32b793b1ca13f0ce2d190f0120e602c96387cba2ef33905cd0039de5
0123456789ABCDEF
1429978563.54
SHA256_TEST
60000 -verbose 20000
['AssistanceApps/runtimeIO/14299785635437362284a06c32b793b1ca13f0ce2d190f0120e602c96387cba2ef33905cd0039de5/experimentData.dat']
['AssistanceApps/sha256Example.assistanceApp', '10', 'AssistanceApps/runtimeIO/14299785635437362284a06c32b793b1ca13f0ce2d190f0120e602c96387cba2ef33905cd0039de5/experimentData.dat', '14299785635437362284a06c32b793b1ca13f0ce2d190f0120e602c96387cba2ef33905cd0039de5', '60000 -verbose 20000']
FINISHED
1429978565.02
0
AssistanceApps/runtimeIO/14299785635437362284a06c32b793b1ca13f0ce2d190f0120e602c96387cba2ef33905cd0039de5/14299785635437362284a06c32b793b1ca13f0ce2d190f0120e602c96387cba2ef33905cd0039de5-stdout.dat
AssistanceApps/runtimeIO/14299785635437362284a06c32b793b1ca13f0ce2d190f0120e602c96387cba2ef33905cd0039de5/14299785635437362284a06c32b793b1ca13f0ce2d190f0120e602c96387cba2ef33905cd0039de5-stderr.dat

1429978563.54	DRAFT
1429978563.54	WAITING
1429978564.54	 CPU=1.5	 mem={'swap': 0.0, 'virtual': 0.0, 'physical': 17.7}	 freeDisk=40.8G
1429978564.54	GATHERING
1429978564.55	DATA READY
1429978564.55	STANDBY
1429978564.55	PERFORMING_LOCAL
1429978565.02	COMPLETED_LOCAL
1429978565.02	READY
1429978565.06	SENDING_DATA
1429978565.06	FINISHED
<END>
<BEGIN>
1429978563531399a3436ed0b9bdc6eb00e4ac73a25b725d005000167b172a9e535f7672b8ebd680
0123456789ABCDEF
1429978563.53
LOCAL_ECHO_TEST
Hello World
[]
['AssistanceApps/echoInAllCaps.assistanceApp', '10', '', '1429978563531399a3436ed0b9bdc6eb00e4ac73a25b725d005000167b172a9e535f7672b8ebd680', 'Hello World']
READY
1429978564.54
0
HELLO WORLD



1429978563.53	DRAFT
1429978563.53	WAITING
1429978564.54	 CPU=1.75	 mem={'swap': 0.0, 'virtual': 0.0, 'physical': 17.7}	 freeDisk=40.8G
1429978564.54	DATA READY
1429978564.54	STANDBY
1429978564.54	PERFORMING_LOCAL
1429978564.54	COMPLETED_LOCAL
1429978564.54	READY
<END>
<BEGIN>
1429978563548461f07a40d98a6b0e2f181b7dfbb5e6734c8fcf757f9d629e69a8eb86607addc7ac
0123456789ABCDEF
1429978563.54
LOCAL_ECHO_TEST
HeII0, W0r1d!!!111!
[]
['AssistanceApps/echoInAllCaps.assistanceApp', '10', '', '1429978563548461f07a40d98a6b0e2f181b7dfbb5e6734c8fcf757f9d629e69a8eb86607addc7ac', 'HeII0, W0r1d!!!111!']
READY
1429978564.54
0
HEII0, W0R1D!!!111!



1429978563.54	DRAFT
1429978563.54	WAITING
1429978564.54	 CPU=1.5	 mem={'swap': 0.0, 'virtual': 0.0, 'physical': 17.7}	 freeDisk=40.8G
1429978564.54	DATA READY
1429978564.54	STANDBY
1429978564.54	PERFORMING_LOCAL
1429978564.54	COMPLETED_LOCAL
1429978564.54	READY
<END>
<BEGIN>
142997856354066740e1adc1bcf7ec5a602982edf976785a2a81dde4bba2741e9566679ea44ac85b
0123456789ABCDEF
1429978563.54
WEKA_3_6_12
weka.classifiers.trees.J48 -t
['AssistanceApps/runtimeIO/142997856354066740e1adc1bcf7ec5a602982edf976785a2a81dde4bba2741e9566679ea44ac85b/weather.nominal.arff']
['AssistanceApps/assistanceWEKA.assistanceApp', '10', 'AssistanceApps/runtimeIO/142997856354066740e1adc1bcf7ec5a602982edf976785a2a81dde4bba2741e9566679ea44ac85b/weather.nominal.arff', '142997856354066740e1adc1bcf7ec5a602982edf976785a2a81dde4bba2741e9566679ea44ac85b', 'weka.classifiers.trees.J48 -t']
FINISHED
1429978564.72
0
AssistanceApps/runtimeIO/142997856354066740e1adc1bcf7ec5a602982edf976785a2a81dde4bba2741e9566679ea44ac85b/142997856354066740e1adc1bcf7ec5a602982edf976785a2a81dde4bba2741e9566679ea44ac85b-stdout.dat
AssistanceApps/runtimeIO/142997856354066740e1adc1bcf7ec5a602982edf976785a2a81dde4bba2741e9566679ea44ac85b/142997856354066740e1adc1bcf7ec5a602982edf976785a2a81dde4bba2741e9566679ea44ac85b-stderr.dat

1429978563.54	DRAFT
1429978563.54	WAITING
1429978564.54	 CPU=1.5	 mem={'swap': 0.0, 'virtual': 0.0, 'physical': 17.7}	 freeDisk=40.8G
1429978564.54	GATHERING
1429978564.55	DATA READY
1429978564.55	STANDBY
1429978564.55	PERFORMING_LOCAL
1429978564.72	COMPLETED_LOCAL
1429978564.72	READY
1429978564.81	SENDING_DATA
1429978564.81	FINISHED
<END>
<BEGIN>
142997856353131984ca5bcaae2c4fa6a37e8af6a5de7ba801021ceb48c43c590b4e404572f9721c
0123456789ABCDEF
1429978563.53
SHA256_TEST
60000 -verbose 20000
['AssistanceApps/runtimeIO/142997856353131984ca5bcaae2c4fa6a37e8af6a5de7ba801021ceb48c43c590b4e404572f9721c/experimentData.dat']
['AssistanceApps/sha256Example.assistanceApp', '10', 'AssistanceApps/runtimeIO/142997856353131984ca5bcaae2c4fa6a37e8af6a5de7ba801021ceb48c43c590b4e404572f9721c/experimentData.dat', '142997856353131984ca5bcaae2c4fa6a37e8af6a5de7ba801021ceb48c43c590b4e404572f9721c', '60000 -verbose 20000']
FINISHED
1429978565.03
0
AssistanceApps/runtimeIO/142997856353131984ca5bcaae2c4fa6a37e8af6a5de7ba801021ceb48c43c590b4e404572f9721c/142997856353131984ca5bcaae2c4fa6a37e8af6a5de7ba801021ceb48c43c590b4e404572f9721c-stdout.dat
AssistanceApps/runtimeIO/142997856353131984ca5bcaae2c4fa6a37e8af6a5de7ba801021ceb48c43c590b4e404572f9721c/142997856353131984ca5bcaae2c4fa6a37e8af6a5de7ba801021ceb48c43c590b4e404572f9721c-stderr.dat

1429978563.53	DRAFT
1429978563.53	WAITING
1429978564.54	 CPU=1.5	 mem={'swap': 0.0, 'virtual': 0.0, 'physical': 17.7}	 freeDisk=40.8G
1429978564.54	GATHERING
1429978564.55	DATA READY
1429978564.55	STANDBY
1429978564.55	PERFORMING_LOCAL
1429978565.03	COMPLETED_LOCAL
1429978565.03	READY
1429978565.06	SENDING_DATA
1429978565.06	FINISHED
<END>
<BEGIN>
1429978563543291fb90a73a54c2721687677ed85239416177c7777b6ee85a48f6dd010aca16c41f
0123456789ABCDEF
1429978563.54
LOCAL_ECHO_TEST
Hello, World!
[]
['AssistanceApps/echoInAllCaps.assistanceApp', '10', '', '1429978563543291fb90a73a54c2721687677ed85239416177c7777b6ee85a48f6dd010aca16c41f', 'Hello, World!']
READY
1429978564.54
0
HELLO, WORLD!



1429978563.54	DRAFT
1429978563.54	WAITING
1429978564.54	 CPU=1.5	 mem={'swap': 0.0, 'virtual': 0.0, 'physical': 17.7}	 freeDisk=40.8G
1429978564.54	DATA READY
1429978564.54	STANDBY
1429978564.54	PERFORMING_LOCAL
1429978564.54	COMPLETED_LOCAL
1429978564.54	READY
<END>
<BEGIN>
14299785635483237354fd2a14fa614e9bc51a319575e22df0d020e38cc4fb7bd322489070d5e695
0123456789ABCDEF
1429978563.54
WEKA_3_6_12
weka.classifiers.trees.J48 -t
['AssistanceApps/runtimeIO/14299785635483237354fd2a14fa614e9bc51a319575e22df0d020e38cc4fb7bd322489070d5e695/weather.numeric.arff']
['AssistanceApps/assistanceWEKA.assistanceApp', '10', 'AssistanceApps/runtimeIO/14299785635483237354fd2a14fa614e9bc51a319575e22df0d020e38cc4fb7bd322489070d5e695/weather.numeric.arff', '14299785635483237354fd2a14fa614e9bc51a319575e22df0d020e38cc4fb7bd322489070d5e695', 'weka.classifiers.trees.J48 -t']
FINISHED
1429978564.72
0
AssistanceApps/runtimeIO/14299785635483237354fd2a14fa614e9bc51a319575e22df0d020e38cc4fb7bd322489070d5e695/14299785635483237354fd2a14fa614e9bc51a319575e22df0d020e38cc4fb7bd322489070d5e695-stdout.dat
AssistanceApps/runtimeIO/14299785635483237354fd2a14fa614e9bc51a319575e22df0d020e38cc4fb7bd322489070d5e695/14299785635483237354fd2a14fa614e9bc51a319575e22df0d020e38cc4fb7bd322489070d5e695-stderr.dat

1429978563.54	DRAFT
1429978563.54	WAITING
1429978564.54	 CPU=1.25	 mem={'swap': 0.0, 'virtual': 0.0, 'physical': 17.7}	 freeDisk=40.8G
1429978564.54	GATHERING
1429978564.55	DATA READY
1429978564.55	STANDBY
1429978564.55	PERFORMING_LOCAL
1429978564.72	COMPLETED_LOCAL
1429978564.72	READY
1429978564.81	SENDING_DATA
1429978564.81	FINISHED
<END>