
<BEGIN>
142997705672236019b5f5a8442ec79b364968f561bf40dc82b9e99a3adb0fee1454d8cf3ef57250
0123456789ABCDEF
1429977056.72
SHA256_TEST
60000 -verbose 20000
['AssistanceApps/runtimeIO/142997705672236019b5f5a8442ec79b364968f561bf40dc82b9e99a3adb0fee1454d8cf3ef57250/experimentData.dat']
['AssistanceApps/sha256Example.assistanceApp', '10', 'AssistanceApps/runtimeIO/142997705672236019b5f5a8442ec79b364968f561bf40dc82b9e99a3adb0fee1454d8cf3ef57250/experimentData.dat', '142997705672236019b5f5a8442ec79b364968f561bf40dc82b9e99a3adb0fee1454d8cf3ef57250', '60000 -verbose 20000']
FINISHED
1429977058.45
0
AssistanceApps/runtimeIO/142997705672236019b5f5a8442ec79b364968f561bf40dc82b9e99a3adb0fee1454d8cf3ef57250/142997705672236019b5f5a8442ec79b364968f561bf40dc82b9e99a3adb0fee1454d8cf3ef57250-stdout.dat
AssistanceApps/runtimeIO/142997705672236019b5f5a8442ec79b364968f561bf40dc82b9e99a3adb0fee1454d8cf3ef57250/142997705672236019b5f5a8442ec79b364968f561bf40dc82b9e99a3adb0fee1454d8cf3ef57250-stderr.dat

1429977056.72	DRAFT
1429977056.72	WAITING
1429977057.73	 CPU=2.975	 mem={'swap': 0.0, 'virtual': 0.0, 'physical': 17.8}	 freeDisk=40.8G
1429977057.74	GATHERING
1429977057.98	DATA READY
1429977057.98	STANDBY
1429977057.98	PERFORMING_LOCAL
1429977058.45	COMPLETED_LOCAL
1429977058.45	READY
1429977058.48	SENDING_DATA
1429977058.48	FINISHED
<END>
<BEGIN>
142997705672888132b5eb1ece3e45e00fa3fa6e1bee3fbc1e8a106bdc8f14ef8e4c610a91a32612
0123456789ABCDEF
1429977056.72
LOCAL_ECHO_TEST
HeII0, W0r1d!!!111!
[]
['AssistanceApps/echoInAllCaps.assistanceApp', '10', '', '142997705672888132b5eb1ece3e45e00fa3fa6e1bee3fbc1e8a106bdc8f14ef8e4c610a91a32612', 'HeII0, W0r1d!!!111!']
READY
1429977057.73
0
HEII0, W0R1D!!!111!



1429977056.72	DRAFT
1429977056.72	WAITING
1429977057.73	 CPU=2.975	 mem={'swap': 0.0, 'virtual': 0.0, 'physical': 17.8}	 freeDisk=40.8G
1429977057.73	DATA READY
1429977057.73	STANDBY
1429977057.73	PERFORMING_LOCAL
1429977057.73	COMPLETED_LOCAL
1429977057.73	READY
<END>
<BEGIN>
1429977056724372ab08f21afcb104a2363556a14d2e628da3091f3c4c074aef90443092df5005b9
0123456789ABCDEF
1429977056.72
WEKA_3_6_12
weka.classifiers.trees.J48 -t
['AssistanceApps/runtimeIO/1429977056724372ab08f21afcb104a2363556a14d2e628da3091f3c4c074aef90443092df5005b9/weather.nominal.arff']
['AssistanceApps/assistanceWEKA.assistanceApp', '10', 'AssistanceApps/runtimeIO/1429977056724372ab08f21afcb104a2363556a14d2e628da3091f3c4c074aef90443092df5005b9/weather.nominal.arff', '1429977056724372ab08f21afcb104a2363556a14d2e628da3091f3c4c074aef90443092df5005b9', 'weka.classifiers.trees.J48 -t']
FINISHED
1429977058.79
0
AssistanceApps/runtimeIO/1429977056724372ab08f21afcb104a2363556a14d2e628da3091f3c4c074aef90443092df5005b9/1429977056724372ab08f21afcb104a2363556a14d2e628da3091f3c4c074aef90443092df5005b9-stdout.dat
AssistanceApps/runtimeIO/1429977056724372ab08f21afcb104a2363556a14d2e628da3091f3c4c074aef90443092df5005b9/1429977056724372ab08f21afcb104a2363556a14d2e628da3091f3c4c074aef90443092df5005b9-stderr.dat

1429977056.72	DRAFT
1429977056.72	WAITING
1429977057.72	 CPU=2.5	 mem={'swap': 0.0, 'virtual': 0.0, 'physical': 17.7}	 freeDisk=40.8G
1429977057.72	GATHERING
1429977057.73	DATA READY
1429977057.73	STANDBY
1429977057.73	PERFORMING_LOCAL
1429977058.79	COMPLETED_LOCAL
1429977058.79	READY
1429977058.99	SENDING_DATA
1429977058.99	FINISHED
<END>
<BEGIN>
1429977056720608f0fe6afc3f2189c4ef2a2dd2456f38e85b5d122dc6284737ef306aae5ad85440
0123456789ABCDEF
1429977056.72
SHA256_TEST
60000 -verbose 20000
['testsData/experimentData.dat']
['AssistanceApps/sha256Example.assistanceApp', '10', 'testsData/experimentData.dat', '1429977056720608f0fe6afc3f2189c4ef2a2dd2456f38e85b5d122dc6284737ef306aae5ad85440', '60000 -verbose 20000']
READY
1429977057.74
0
AssistanceApps/runtimeIO/1429977056720608f0fe6afc3f2189c4ef2a2dd2456f38e85b5d122dc6284737ef306aae5ad85440/1429977056720608f0fe6afc3f2189c4ef2a2dd2456f38e85b5d122dc6284737ef306aae5ad85440-stdout.dat
AssistanceApps/runtimeIO/1429977056720608f0fe6afc3f2189c4ef2a2dd2456f38e85b5d122dc6284737ef306aae5ad85440/1429977056720608f0fe6afc3f2189c4ef2a2dd2456f38e85b5d122dc6284737ef306aae5ad85440-stderr.dat

1429977056.72	DRAFT
1429977056.72	WAITING
1429977057.72	 CPU=2.5	 mem={'swap': 0.0, 'virtual': 0.0, 'physical': 17.8}	 freeDisk=40.8G
1429977057.72	GATHERING
1429977057.72	DATA READY
1429977057.72	STANDBY
1429977057.72	PERFORMING_LOCAL
1429977057.74	COMPLETED_LOCAL
1429977057.74	READY
<END>
<BEGIN>
14299770567222116fde63ea1b131d986a4f7a9ce2fd032f4328c83dd3ebf3464649ed9ebc01aacc
0123456789ABCDEF
1429977056.72
WEKA_3_6_12
weka.classifiers.trees.J48 -t
['AssistanceApps/runtimeIO/14299770567222116fde63ea1b131d986a4f7a9ce2fd032f4328c83dd3ebf3464649ed9ebc01aacc/weather.numeric.arff']
['AssistanceApps/assistanceWEKA.assistanceApp', '10', 'AssistanceApps/runtimeIO/14299770567222116fde63ea1b131d986a4f7a9ce2fd032f4328c83dd3ebf3464649ed9ebc01aacc/weather.numeric.arff', '14299770567222116fde63ea1b131d986a4f7a9ce2fd032f4328c83dd3ebf3464649ed9ebc01aacc', 'weka.classifiers.trees.J48 -t']
FINISHED
1429977058.8
0
AssistanceApps/runtimeIO/14299770567222116fde63ea1b131d986a4f7a9ce2fd032f4328c83dd3ebf3464649ed9ebc01aacc/14299770567222116fde63ea1b131d986a4f7a9ce2fd032f4328c83dd3ebf3464649ed9ebc01aacc-stdout.dat
AssistanceApps/runtimeIO/14299770567222116fde63ea1b131d986a4f7a9ce2fd032f4328c83dd3ebf3464649ed9ebc01aacc/14299770567222116fde63ea1b131d986a4f7a9ce2fd032f4328c83dd3ebf3464649ed9ebc01aacc-stderr.dat

1429977056.72	DRAFT
1429977056.72	WAITING
1429977057.73	 CPU=2.975	 mem={'swap': 0.0, 'virtual': 0.0, 'physical': 17.8}	 freeDisk=40.8G
1429977057.74	GATHERING
1429977057.98	DATA READY
1429977057.98	STANDBY
1429977057.98	PERFORMING_LOCAL
1429977058.8	COMPLETED_LOCAL
1429977058.8	READY
1429977058.99	SENDING_DATA
1429977058.99	FINISHED
<END>
<BEGIN>
1429977056729926f0fe6afc3f2189c4ef2a2dd2456f38e85b5d122dc6284737ef306aae5ad85440
0123456789ABCDEF
1429977056.72
SHA256_TEST
60000 -verbose 20000
['testsData/experimentData.dat']
['AssistanceApps/sha256Example.assistanceApp', '10', 'testsData/experimentData.dat', '1429977056729926f0fe6afc3f2189c4ef2a2dd2456f38e85b5d122dc6284737ef306aae5ad85440', '60000 -verbose 20000']
READY
1429977057.74
0
AssistanceApps/runtimeIO/1429977056729926f0fe6afc3f2189c4ef2a2dd2456f38e85b5d122dc6284737ef306aae5ad85440/1429977056729926f0fe6afc3f2189c4ef2a2dd2456f38e85b5d122dc6284737ef306aae5ad85440-stdout.dat
AssistanceApps/runtimeIO/1429977056729926f0fe6afc3f2189c4ef2a2dd2456f38e85b5d122dc6284737ef306aae5ad85440/1429977056729926f0fe6afc3f2189c4ef2a2dd2456f38e85b5d122dc6284737ef306aae5ad85440-stderr.dat

1429977056.72	DRAFT
1429977056.72	WAITING
1429977057.72	 CPU=2.5	 mem={'swap': 0.0, 'virtual': 0.0, 'physical': 17.7}	 freeDisk=40.8G
1429977057.72	GATHERING
1429977057.72	DATA READY
1429977057.72	STANDBY
1429977057.72	PERFORMING_LOCAL
1429977057.74	COMPLETED_LOCAL
1429977057.74	READY
<END>
<BEGIN>
14299770567200497ce995d99a1c74b3ebd4cf6a871fb21b423927d13b462a455a28e7b71bc9b2d6
0123456789ABCDEF
1429977056.72
LOCAL_ECHO_TEST
Hello World
[]
['AssistanceApps/echoInAllCaps.assistanceApp', '10', '', '14299770567200497ce995d99a1c74b3ebd4cf6a871fb21b423927d13b462a455a28e7b71bc9b2d6', 'Hello World']
READY
1429977057.72
0
HELLO WORLD



1429977056.72	DRAFT
1429977056.72	WAITING
1429977057.72	 CPU=2.5	 mem={'swap': 0.0, 'virtual': 0.0, 'physical': 17.7}	 freeDisk=40.8G
1429977057.72	DATA READY
1429977057.72	STANDBY
1429977057.72	PERFORMING_LOCAL
1429977057.72	COMPLETED_LOCAL
1429977057.73	READY
<END>
<BEGIN>
142997705672047319b5f5a8442ec79b364968f561bf40dc82b9e99a3adb0fee1454d8cf3ef57250
0123456789ABCDEF
1429977056.72
SHA256_TEST
60000 -verbose 20000
['AssistanceApps/runtimeIO/142997705672047319b5f5a8442ec79b364968f561bf40dc82b9e99a3adb0fee1454d8cf3ef57250/experimentData.dat']
['AssistanceApps/sha256Example.assistanceApp', '10', 'AssistanceApps/runtimeIO/142997705672047319b5f5a8442ec79b364968f561bf40dc82b9e99a3adb0fee1454d8cf3ef57250/experimentData.dat', '142997705672047319b5f5a8442ec79b364968f561bf40dc82b9e99a3adb0fee1454d8cf3ef57250', '60000 -verbose 20000']
FINISHED
1429977058.22
0
AssistanceApps/runtimeIO/142997705672047319b5f5a8442ec79b364968f561bf40dc82b9e99a3adb0fee1454d8cf3ef57250/142997705672047319b5f5a8442ec79b364968f561bf40dc82b9e99a3adb0fee1454d8cf3ef57250-stdout.dat
AssistanceApps/runtimeIO/142997705672047319b5f5a8442ec79b364968f561bf40dc82b9e99a3adb0fee1454d8cf3ef57250/142997705672047319b5f5a8442ec79b364968f561bf40dc82b9e99a3adb0fee1454d8cf3ef57250-stderr.dat

1429977056.72	DRAFT
1429977056.72	WAITING
1429977057.72	 CPU=2.5	 mem={'swap': 0.0, 'virtual': 0.0, 'physical': 17.7}	 freeDisk=40.8G
1429977057.72	GATHERING
1429977057.73	DATA READY
1429977057.73	STANDBY
1429977057.73	PERFORMING_LOCAL
1429977058.22	COMPLETED_LOCAL
1429977058.22	READY
1429977058.23	SENDING_DATA
1429977058.23	FINISHED
<END>
<BEGIN>
1429977056729112db42342bbf1d395fca9f3f0a816590dc827218e29a5e5b81baacd7ded36fb5bc
0123456789ABCDEF
1429977056.72
LOCAL_ECHO_TEST
Hello, World!
[]
['AssistanceApps/echoInAllCaps.assistanceApp', '10', '', '1429977056729112db42342bbf1d395fca9f3f0a816590dc827218e29a5e5b81baacd7ded36fb5bc', 'Hello, World!']
READY
1429977057.74
0
HELLO, WORLD!



1429977056.72	DRAFT
1429977056.72	WAITING
1429977057.72	 CPU=2.5	 mem={'swap': 0.0, 'virtual': 0.0, 'physical': 17.8}	 freeDisk=40.8G
1429977057.72	DATA READY
1429977057.72	STANDBY
1429977057.72	PERFORMING_LOCAL
1429977057.74	COMPLETED_LOCAL
1429977057.74	READY
<END>
<BEGIN>
142997777733093d1a93231ec92eb860c46f3e3da5e8f6935ea4b640460e7c76793b4537d61be92
0123456789ABCDEF
1429977777.3
LOCAL_ECHO_TEST
Hello World
[]
['AssistanceApps/echoInAllCaps.assistanceApp', '10', '', '142997777733093d1a93231ec92eb860c46f3e3da5e8f6935ea4b640460e7c76793b4537d61be92', 'Hello World']
READY
1429977778.31
0
HELLO WORLD



1429977777.3	DRAFT
1429977777.3	WAITING
1429977778.3	 CPU=1.5	 mem={'swap': 0.0, 'virtual': 0.0, 'physical': 17.5}	 freeDisk=40.8G
1429977778.3	DATA READY
1429977778.3	STANDBY
1429977778.3	PERFORMING_LOCAL
1429977778.31	COMPLETED_LOCAL
1429977778.31	READY
<END>
<BEGIN>
142997777736118b1367cb30d2100840d974ce6406d6ad19924646b49d9ee310a87aa3d99f20cf5
0123456789ABCDEF
1429977777.3
LOCAL_ECHO_TEST
Hello, World!
[]
['AssistanceApps/echoInAllCaps.assistanceApp', '10', '', '142997777736118b1367cb30d2100840d974ce6406d6ad19924646b49d9ee310a87aa3d99f20cf5', 'Hello, World!']
READY
1429977778.31
0
HELLO, WORLD!



1429977777.3	DRAFT
1429977777.3	WAITING
1429977778.3	 CPU=1.5	 mem={'swap': 0.0, 'virtual': 0.0, 'physical': 17.5}	 freeDisk=40.8G
1429977778.3	DATA READY
1429977778.3	STANDBY
1429977778.3	PERFORMING_LOCAL
1429977778.31	COMPLETED_LOCAL
1429977778.31	READY
<END>
<BEGIN>
142997777735553546afe05db9988286bd395e8348f4fdfd2de268b77293c29ad552c1f66440bf8
0123456789ABCDEF
1429977777.3
LOCAL_ECHO_TEST
HeII0, W0r1d!!!111!
[]
['AssistanceApps/echoInAllCaps.assistanceApp', '10', '', '142997777735553546afe05db9988286bd395e8348f4fdfd2de268b77293c29ad552c1f66440bf8', 'HeII0, W0r1d!!!111!']
READY
1429977778.31
0
HEII0, W0R1D!!!111!



1429977777.3	DRAFT
1429977777.3	WAITING
1429977778.31	 CPU=1.75	 mem={'swap': 0.0, 'virtual': 0.0, 'physical': 17.6}	 freeDisk=40.8G
1429977778.31	DATA READY
1429977778.31	STANDBY
1429977778.31	PERFORMING_LOCAL
1429977778.31	COMPLETED_LOCAL
1429977778.31	READY
<END>
<BEGIN>
142997777731081048f3443f648878ffa7ea1f104ad325d4808ccd95c1b03e72607645485bce530b
0123456789ABCDEF
1429977777.31
WEKA_3_6_12
weka.classifiers.trees.J48 -t
['AssistanceApps/runtimeIO/142997777731081048f3443f648878ffa7ea1f104ad325d4808ccd95c1b03e72607645485bce530b/weather.numeric.arff']
['AssistanceApps/assistanceWEKA.assistanceApp', '10', 'AssistanceApps/runtimeIO/142997777731081048f3443f648878ffa7ea1f104ad325d4808ccd95c1b03e72607645485bce530b/weather.numeric.arff', '142997777731081048f3443f648878ffa7ea1f104ad325d4808ccd95c1b03e72607645485bce530b', 'weka.classifiers.trees.J48 -t']
FINISHED
1429977778.51
0
AssistanceApps/runtimeIO/142997777731081048f3443f648878ffa7ea1f104ad325d4808ccd95c1b03e72607645485bce530b/142997777731081048f3443f648878ffa7ea1f104ad325d4808ccd95c1b03e72607645485bce530b-stdout.dat
AssistanceApps/runtimeIO/142997777731081048f3443f648878ffa7ea1f104ad325d4808ccd95c1b03e72607645485bce530b/142997777731081048f3443f648878ffa7ea1f104ad325d4808ccd95c1b03e72607645485bce530b-stderr.dat

1429977777.31	DRAFT
1429977777.31	WAITING
1429977778.31	 CPU=2.0	 mem={'swap': 0.0, 'virtual': 0.0, 'physical': 17.6}	 freeDisk=40.8G
1429977778.31	GATHERING
1429977778.32	DATA READY
1429977778.32	STANDBY
1429977778.32	PERFORMING_LOCAL
1429977778.51	COMPLETED_LOCAL
1429977778.51	READY
1429977778.58	SENDING_DATA
1429977778.58	FINISHED
<END>
<BEGIN>
1429977777311658136934b43b9c426a912675cbd729c17524cb2a9e98f50733c219407d84428ee2
0123456789ABCDEF
1429977777.31
WEKA_3_6_12
weka.classifiers.trees.J48 -t
['AssistanceApps/runtimeIO/1429977777311658136934b43b9c426a912675cbd729c17524cb2a9e98f50733c219407d84428ee2/weather.nominal.arff']
['AssistanceApps/assistanceWEKA.assistanceApp', '10', 'AssistanceApps/runtimeIO/1429977777311658136934b43b9c426a912675cbd729c17524cb2a9e98f50733c219407d84428ee2/weather.nominal.arff', '1429977777311658136934b43b9c426a912675cbd729c17524cb2a9e98f50733c219407d84428ee2', 'weka.classifiers.trees.J48 -t']
FINISHED
1429977778.48
0
AssistanceApps/runtimeIO/1429977777311658136934b43b9c426a912675cbd729c17524cb2a9e98f50733c219407d84428ee2/1429977777311658136934b43b9c426a912675cbd729c17524cb2a9e98f50733c219407d84428ee2-stdout.dat
AssistanceApps/runtimeIO/1429977777311658136934b43b9c426a912675cbd729c17524cb2a9e98f50733c219407d84428ee2/1429977777311658136934b43b9c426a912675cbd729c17524cb2a9e98f50733c219407d84428ee2-stderr.dat

1429977777.31	DRAFT
1429977777.31	WAITING
1429977778.31	 CPU=2.0	 mem={'swap': 0.0, 'virtual': 0.0, 'physical': 17.6}	 freeDisk=40.8G
1429977778.31	GATHERING
1429977778.32	DATA READY
1429977778.32	STANDBY
1429977778.32	PERFORMING_LOCAL
1429977778.48	COMPLETED_LOCAL
1429977778.48	READY
1429977778.57	SENDING_DATA
1429977778.57	FINISHED
<END>
<BEGIN>
142997777730677284a844686bcd09cbf5ed4907309ff7b867f3c10efd39c49b3205211ea2952dc
0123456789ABCDEF
1429977777.3
SHA256_TEST
60000 -verbose 20000
['AssistanceApps/runtimeIO/142997777730677284a844686bcd09cbf5ed4907309ff7b867f3c10efd39c49b3205211ea2952dc/experimentData.dat']
['AssistanceApps/sha256Example.assistanceApp', '10', 'AssistanceApps/runtimeIO/142997777730677284a844686bcd09cbf5ed4907309ff7b867f3c10efd39c49b3205211ea2952dc/experimentData.dat', '142997777730677284a844686bcd09cbf5ed4907309ff7b867f3c10efd39c49b3205211ea2952dc', '60000 -verbose 20000']
FINISHED
1429977778.79
0
AssistanceApps/runtimeIO/142997777730677284a844686bcd09cbf5ed4907309ff7b867f3c10efd39c49b3205211ea2952dc/142997777730677284a844686bcd09cbf5ed4907309ff7b867f3c10efd39c49b3205211ea2952dc-stdout.dat
AssistanceApps/runtimeIO/142997777730677284a844686bcd09cbf5ed4907309ff7b867f3c10efd39c49b3205211ea2952dc/142997777730677284a844686bcd09cbf5ed4907309ff7b867f3c10efd39c49b3205211ea2952dc-stderr.dat

1429977777.3	DRAFT
1429977777.3	WAITING
1429977778.31	 CPU=1.75	 mem={'swap': 0.0, 'virtual': 0.0, 'physical': 17.6}	 freeDisk=40.8G
1429977778.31	GATHERING
1429977778.32	DATA READY
1429977778.32	STANDBY
1429977778.32	PERFORMING_LOCAL
1429977778.79	COMPLETED_LOCAL
1429977778.79	READY
1429977778.82	SENDING_DATA
1429977778.82	FINISHED
<END>
<BEGIN>
14299777773116889ab0d53ffe55858303d6585b8b6c0f55a8d2759e9d23b1a300f426ad0cb527c7
0123456789ABCDEF
1429977777.3
SHA256_TEST
60000 -verbose 20000
['AssistanceApps/runtimeIO/14299777773116889ab0d53ffe55858303d6585b8b6c0f55a8d2759e9d23b1a300f426ad0cb527c7/experimentData.dat']
['AssistanceApps/sha256Example.assistanceApp', '10', 'AssistanceApps/runtimeIO/14299777773116889ab0d53ffe55858303d6585b8b6c0f55a8d2759e9d23b1a300f426ad0cb527c7/experimentData.dat', '14299777773116889ab0d53ffe55858303d6585b8b6c0f55a8d2759e9d23b1a300f426ad0cb527c7', '60000 -verbose 20000']
FINISHED
1429977778.79
0
AssistanceApps/runtimeIO/14299777773116889ab0d53ffe55858303d6585b8b6c0f55a8d2759e9d23b1a300f426ad0cb527c7/14299777773116889ab0d53ffe55858303d6585b8b6c0f55a8d2759e9d23b1a300f426ad0cb527c7-stdout.dat
AssistanceApps/runtimeIO/14299777773116889ab0d53ffe55858303d6585b8b6c0f55a8d2759e9d23b1a300f426ad0cb527c7/14299777773116889ab0d53ffe55858303d6585b8b6c0f55a8d2759e9d23b1a300f426ad0cb527c7-stderr.dat

1429977777.3	DRAFT
1429977777.31	WAITING
1429977778.31	 CPU=1.75	 mem={'swap': 0.0, 'virtual': 0.0, 'physical': 17.6}	 freeDisk=40.8G
1429977778.31	GATHERING
1429977778.32	DATA READY
1429977778.32	STANDBY
1429977778.32	PERFORMING_LOCAL
1429977778.79	COMPLETED_LOCAL
1429977778.79	READY
1429977778.83	SENDING_DATA
1429977778.83	FINISHED
<END>