WatchdogThread<TestFunctionality>:::Test Echo to  has ended successfully.
WatchdogThread<TestFunctionality>:::Test SHA256LocalFile to  has ended successfully.
WatchdogThread<TestFunctionality>:::Test SHA256FTP to  has ended successfully.
WatchdogThread<TestFunctionality>:::Test WEKAfunctionality to  has ended successfully.

<BEGIN><SHA256LocalFile><127.0.0.1>
Tickets: 
1429977056729926f0fe6afc3f2189c4ef2a2dd2456f38e85b5d122dc6284737ef306aae5ad85440
1429977056720608f0fe6afc3f2189c4ef2a2dd2456f38e85b5d122dc6284737ef306aae5ad85440
Status: 
WAITING
WAITING
Synch: 
AssistanceApps/runtimeIO/1429977056729926f0fe6afc3f2189c4ef2a2dd2456f38e85b5d122dc6284737ef306aae5ad85440/1429977056729926f0fe6afc3f2189c4ef2a2dd2456f38e85b5d122dc6284737ef306aae5ad85440-stdout.dat
AssistanceApps/runtimeIO/1429977056729926f0fe6afc3f2189c4ef2a2dd2456f38e85b5d122dc6284737ef306aae5ad85440/1429977056729926f0fe6afc3f2189c4ef2a2dd2456f38e85b5d122dc6284737ef306aae5ad85440-stderr.dat
AssistanceApps/runtimeIO/1429977056720608f0fe6afc3f2189c4ef2a2dd2456f38e85b5d122dc6284737ef306aae5ad85440/1429977056720608f0fe6afc3f2189c4ef2a2dd2456f38e85b5d122dc6284737ef306aae5ad85440-stdout.dat
AssistanceApps/runtimeIO/1429977056720608f0fe6afc3f2189c4ef2a2dd2456f38e85b5d122dc6284737ef306aae5ad85440/1429977056720608f0fe6afc3f2189c4ef2a2dd2456f38e85b5d122dc6284737ef306aae5ad85440-stderr.dat
<END>

<BEGIN><Echo><>
Tickets: 
14299770567200497ce995d99a1c74b3ebd4cf6a871fb21b423927d13b462a455a28e7b71bc9b2d6
1429977056729112db42342bbf1d395fca9f3f0a816590dc827218e29a5e5b81baacd7ded36fb5bc
142997705672888132b5eb1ece3e45e00fa3fa6e1bee3fbc1e8a106bdc8f14ef8e4c610a91a32612
Status: 
WAITING
WAITING
WAITING
Synch: 
HELLO WORLD
HELLO, WORLD!
HEII0, W0R1D!!!111!
<END>

<BEGIN><SHA256FTP><>
Tickets: 
142997705672047319b5f5a8442ec79b364968f561bf40dc82b9e99a3adb0fee1454d8cf3ef57250
142997705672236019b5f5a8442ec79b364968f561bf40dc82b9e99a3adb0fee1454d8cf3ef57250
Status: 
WAITING
WAITING
Submitting data 
Synch: 
testsResults/142997705672047319b5f5a8442ec79b364968f561bf40dc82b9e99a3adb0fee1454d8cf3ef57250-stdout.dat
testsResults/142997705672047319b5f5a8442ec79b364968f561bf40dc82b9e99a3adb0fee1454d8cf3ef57250-stderr.dat
testsResults/142997705672236019b5f5a8442ec79b364968f561bf40dc82b9e99a3adb0fee1454d8cf3ef57250-stdout.dat
testsResults/142997705672236019b5f5a8442ec79b364968f561bf40dc82b9e99a3adb0fee1454d8cf3ef57250-stderr.dat
<END>

<BEGIN><WEKA><>
Tickets: 
1429977056724372ab08f21afcb104a2363556a14d2e628da3091f3c4c074aef90443092df5005b9
14299770567222116fde63ea1b131d986a4f7a9ce2fd032f4328c83dd3ebf3464649ed9ebc01aacc
Status: 
WAITING
WAITING
Submitting data 
Synch: 
testsResults/1429977056724372ab08f21afcb104a2363556a14d2e628da3091f3c4c074aef90443092df5005b9-stdout.dat
testsResults/1429977056724372ab08f21afcb104a2363556a14d2e628da3091f3c4c074aef90443092df5005b9-stderr.dat
testsResults/14299770567222116fde63ea1b131d986a4f7a9ce2fd032f4328c83dd3ebf3464649ed9ebc01aacc-stdout.dat
testsResults/14299770567222116fde63ea1b131d986a4f7a9ce2fd032f4328c83dd3ebf3464649ed9ebc01aacc-stderr.dat
<END>
