
<BEGIN>
1429979341046965f083dd5407b1dbe7fb7e31e3be62be0899a83d1e67a63067cb400b6493df8d39
0123456789ABCDEF
1429979341.04
LOCAL_ECHO_TEST
Hello World
[]
['AssistanceApps/echoInAllCaps.assistanceApp', '10', '', '1429979341046965f083dd5407b1dbe7fb7e31e3be62be0899a83d1e67a63067cb400b6493df8d39', 'Hello World']
READY
1429979342.05
0
HELLO WORLD



1429979341.04	DRAFT
1429979341.04	WAITING
1429979342.04	 CPU=1.475	 mem={'swap': 0.0, 'virtual': 0.0, 'physical': 18.0}	 freeDisk=40.1G
1429979342.04	DATA READY
1429979342.04	STANDBY
1429979342.04	PERFORMING_LOCAL
1429979342.05	COMPLETED_LOCAL
1429979342.05	READY
<END>
<BEGIN>
1429979341050372bd8dabe1cfe71eab39fb7c1d7dc56695519fbaa7496c1b2e85f96ddcdd79ccbc
0123456789ABCDEF
1429979341.05
WEKA_3_6_12
weka.classifiers.trees.J48 -t
['AssistanceApps/runtimeIO/1429979341050372bd8dabe1cfe71eab39fb7c1d7dc56695519fbaa7496c1b2e85f96ddcdd79ccbc/weather.numeric.arff']
['AssistanceApps/assistanceWEKA.assistanceApp', '10', 'AssistanceApps/runtimeIO/1429979341050372bd8dabe1cfe71eab39fb7c1d7dc56695519fbaa7496c1b2e85f96ddcdd79ccbc/weather.numeric.arff', '1429979341050372bd8dabe1cfe71eab39fb7c1d7dc56695519fbaa7496c1b2e85f96ddcdd79ccbc', 'weka.classifiers.trees.J48 -t']
FINISHED
1429979342.23
0
AssistanceApps/runtimeIO/1429979341050372bd8dabe1cfe71eab39fb7c1d7dc56695519fbaa7496c1b2e85f96ddcdd79ccbc/1429979341050372bd8dabe1cfe71eab39fb7c1d7dc56695519fbaa7496c1b2e85f96ddcdd79ccbc-stdout.dat
AssistanceApps/runtimeIO/1429979341050372bd8dabe1cfe71eab39fb7c1d7dc56695519fbaa7496c1b2e85f96ddcdd79ccbc/1429979341050372bd8dabe1cfe71eab39fb7c1d7dc56695519fbaa7496c1b2e85f96ddcdd79ccbc-stderr.dat

1429979341.05	DRAFT
1429979341.05	WAITING
1429979342.05	 CPU=2.0	 mem={'swap': 0.0, 'virtual': 0.0, 'physical': 18.1}	 freeDisk=40.1G
1429979342.05	GATHERING
1429979342.07	DATA READY
1429979342.07	STANDBY
1429979342.07	PERFORMING_LOCAL
1429979342.23	COMPLETED_LOCAL
1429979342.23	READY
1429979342.32	SENDING_DATA
1429979342.32	FINISHED
<END>
<BEGIN>
1429979341048999d90c33d335335a2dde42ac72d0e1ec2ba586f41140d20216dec49ffee8dbfd8b
0123456789ABCDEF
1429979341.04
LOCAL_ECHO_TEST
HeII0, W0r1d!!!111!
[]
['AssistanceApps/echoInAllCaps.assistanceApp', '10', '', '1429979341048999d90c33d335335a2dde42ac72d0e1ec2ba586f41140d20216dec49ffee8dbfd8b', 'HeII0, W0r1d!!!111!']
READY
1429979342.05
0
HEII0, W0R1D!!!111!



1429979341.04	DRAFT
1429979341.04	WAITING
1429979342.04	 CPU=1.975	 mem={'swap': 0.0, 'virtual': 0.0, 'physical': 18.0}	 freeDisk=40.1G
1429979342.04	DATA READY
1429979342.04	STANDBY
1429979342.04	PERFORMING_LOCAL
1429979342.05	COMPLETED_LOCAL
1429979342.05	READY
<END>
<BEGIN>
142997934104472243271d1763524bd4169c8b0efc3648ea625a71d8930f681e66b40d4473caaa2f
0123456789ABCDEF
1429979341.04
LOCAL_ECHO_TEST
Hello, World!
[]
['AssistanceApps/echoInAllCaps.assistanceApp', '10', '', '142997934104472243271d1763524bd4169c8b0efc3648ea625a71d8930f681e66b40d4473caaa2f', 'Hello, World!']
READY
1429979342.05
0
HELLO, WORLD!



1429979341.04	DRAFT
1429979341.04	WAITING
1429979342.04	 CPU=1.975	 mem={'swap': 0.0, 'virtual': 0.0, 'physical': 18.0}	 freeDisk=40.1G
1429979342.04	DATA READY
1429979342.04	STANDBY
1429979342.04	PERFORMING_LOCAL
1429979342.05	COMPLETED_LOCAL
1429979342.05	READY
<END>
<BEGIN>
14299793410444729c2630496804f45971b5fa86ec8a46f539d4d773ec248ba4e76ffbb0ecb9c59e
0123456789ABCDEF
1429979341.04
SHA256_TEST
60000 -verbose 20000
['AssistanceApps/runtimeIO/14299793410444729c2630496804f45971b5fa86ec8a46f539d4d773ec248ba4e76ffbb0ecb9c59e/experimentData.dat']
['AssistanceApps/sha256Example.assistanceApp', '10', 'AssistanceApps/runtimeIO/14299793410444729c2630496804f45971b5fa86ec8a46f539d4d773ec248ba4e76ffbb0ecb9c59e/experimentData.dat', '14299793410444729c2630496804f45971b5fa86ec8a46f539d4d773ec248ba4e76ffbb0ecb9c59e', '60000 -verbose 20000']
FINISHED
1429979342.53
0
AssistanceApps/runtimeIO/14299793410444729c2630496804f45971b5fa86ec8a46f539d4d773ec248ba4e76ffbb0ecb9c59e/14299793410444729c2630496804f45971b5fa86ec8a46f539d4d773ec248ba4e76ffbb0ecb9c59e-stdout.dat
AssistanceApps/runtimeIO/14299793410444729c2630496804f45971b5fa86ec8a46f539d4d773ec248ba4e76ffbb0ecb9c59e/14299793410444729c2630496804f45971b5fa86ec8a46f539d4d773ec248ba4e76ffbb0ecb9c59e-stderr.dat

1429979341.04	DRAFT
1429979341.04	WAITING
1429979342.05	 CPU=2.225	 mem={'swap': 0.0, 'virtual': 0.0, 'physical': 18.0}	 freeDisk=40.1G
1429979342.05	GATHERING
1429979342.06	DATA READY
1429979342.06	STANDBY
1429979342.06	PERFORMING_LOCAL
1429979342.53	COMPLETED_LOCAL
1429979342.53	READY
1429979342.57	SENDING_DATA
1429979342.57	FINISHED
<END>
<BEGIN>
14299793410501494f8b1045e8345da260430139ff77e095a6e757a4c943b0ed912371a454de6472
0123456789ABCDEF
1429979341.05
SHA256_TEST
60000 -verbose 20000
['AssistanceApps/runtimeIO/14299793410501494f8b1045e8345da260430139ff77e095a6e757a4c943b0ed912371a454de6472/experimentData.dat']
['AssistanceApps/sha256Example.assistanceApp', '10', 'AssistanceApps/runtimeIO/14299793410501494f8b1045e8345da260430139ff77e095a6e757a4c943b0ed912371a454de6472/experimentData.dat', '14299793410501494f8b1045e8345da260430139ff77e095a6e757a4c943b0ed912371a454de6472', '60000 -verbose 20000']
FINISHED
1429979342.54
0
AssistanceApps/runtimeIO/14299793410501494f8b1045e8345da260430139ff77e095a6e757a4c943b0ed912371a454de6472/14299793410501494f8b1045e8345da260430139ff77e095a6e757a4c943b0ed912371a454de6472-stdout.dat
AssistanceApps/runtimeIO/14299793410501494f8b1045e8345da260430139ff77e095a6e757a4c943b0ed912371a454de6472/14299793410501494f8b1045e8345da260430139ff77e095a6e757a4c943b0ed912371a454de6472-stderr.dat

1429979341.05	DRAFT
1429979341.05	WAITING
1429979342.05	 CPU=2.225	 mem={'swap': 0.0, 'virtual': 0.0, 'physical': 18.0}	 freeDisk=40.1G
1429979342.05	GATHERING
1429979342.06	DATA READY
1429979342.06	STANDBY
1429979342.06	PERFORMING_LOCAL
1429979342.54	COMPLETED_LOCAL
1429979342.54	READY
1429979342.57	SENDING_DATA
1429979342.57	FINISHED
<END>
<BEGIN>
1429979341050914f920708aef92a0a666a8089bcd5f65a972584f152be9a5aaddc185613fc50b04
0123456789ABCDEF
1429979341.05
WEKA_3_6_12
weka.classifiers.trees.J48 -t
['AssistanceApps/runtimeIO/1429979341050914f920708aef92a0a666a8089bcd5f65a972584f152be9a5aaddc185613fc50b04/weather.nominal.arff']
['AssistanceApps/assistanceWEKA.assistanceApp', '10', 'AssistanceApps/runtimeIO/1429979341050914f920708aef92a0a666a8089bcd5f65a972584f152be9a5aaddc185613fc50b04/weather.nominal.arff', '1429979341050914f920708aef92a0a666a8089bcd5f65a972584f152be9a5aaddc185613fc50b04', 'weka.classifiers.trees.J48 -t']
FINISHED
1429979342.25
0
AssistanceApps/runtimeIO/1429979341050914f920708aef92a0a666a8089bcd5f65a972584f152be9a5aaddc185613fc50b04/1429979341050914f920708aef92a0a666a8089bcd5f65a972584f152be9a5aaddc185613fc50b04-stdout.dat
AssistanceApps/runtimeIO/1429979341050914f920708aef92a0a666a8089bcd5f65a972584f152be9a5aaddc185613fc50b04/1429979341050914f920708aef92a0a666a8089bcd5f65a972584f152be9a5aaddc185613fc50b04-stderr.dat

1429979341.05	DRAFT
1429979341.05	WAITING
1429979342.05	 CPU=2.225	 mem={'swap': 0.0, 'virtual': 0.0, 'physical': 18.0}	 freeDisk=40.1G
1429979342.05	GATHERING
1429979342.06	DATA READY
1429979342.06	STANDBY
1429979342.06	PERFORMING_LOCAL
1429979342.25	COMPLETED_LOCAL
1429979342.25	READY
1429979342.32	SENDING_DATA
1429979342.32	FINISHED
<END>