
<BEGIN>
142997946121301306d4c9e0f1247b2e518e2addb5b67c157e475c1ce437f72a2a88501e9feeeaf0
0123456789ABCDEF
1429979461.21
SHA256_TEST
60000 -verbose 20000
['AssistanceApps/runtimeIO/142997946121301306d4c9e0f1247b2e518e2addb5b67c157e475c1ce437f72a2a88501e9feeeaf0/experimentData.dat']
['AssistanceApps/sha256Example.assistanceApp', '10', 'AssistanceApps/runtimeIO/142997946121301306d4c9e0f1247b2e518e2addb5b67c157e475c1ce437f72a2a88501e9feeeaf0/experimentData.dat', '142997946121301306d4c9e0f1247b2e518e2addb5b67c157e475c1ce437f72a2a88501e9feeeaf0', '60000 -verbose 20000']
FINISHED
1429979462.69
0
AssistanceApps/runtimeIO/142997946121301306d4c9e0f1247b2e518e2addb5b67c157e475c1ce437f72a2a88501e9feeeaf0/142997946121301306d4c9e0f1247b2e518e2addb5b67c157e475c1ce437f72a2a88501e9feeeaf0-stdout.dat
AssistanceApps/runtimeIO/142997946121301306d4c9e0f1247b2e518e2addb5b67c157e475c1ce437f72a2a88501e9feeeaf0/142997946121301306d4c9e0f1247b2e518e2addb5b67c157e475c1ce437f72a2a88501e9feeeaf0-stderr.dat

1429979461.21	DRAFT
1429979461.21	WAITING
1429979462.21	 CPU=1.0	 mem={'swap': 0.0, 'virtual': 0.0, 'physical': 18.3}	 freeDisk=39.8G
1429979462.21	GATHERING
1429979462.22	DATA READY
1429979462.22	STANDBY
1429979462.22	PERFORMING_LOCAL
1429979462.69	COMPLETED_LOCAL
1429979462.69	READY
1429979462.73	SENDING_DATA
1429979462.73	FINISHED
<END>
<BEGIN>
142997946121408066f38daed858e585a29fced9eb393d597137563a59601c2951eaf17f71dd9ba7
0123456789ABCDEF
1429979461.21
WEKA_3_6_12
weka.classifiers.trees.J48 -t
['AssistanceApps/runtimeIO/142997946121408066f38daed858e585a29fced9eb393d597137563a59601c2951eaf17f71dd9ba7/weather.numeric.arff']
['AssistanceApps/assistanceWEKA.assistanceApp', '10', 'AssistanceApps/runtimeIO/142997946121408066f38daed858e585a29fced9eb393d597137563a59601c2951eaf17f71dd9ba7/weather.numeric.arff', '142997946121408066f38daed858e585a29fced9eb393d597137563a59601c2951eaf17f71dd9ba7', 'weka.classifiers.trees.J48 -t']
FINISHED
1429979462.39
0
AssistanceApps/runtimeIO/142997946121408066f38daed858e585a29fced9eb393d597137563a59601c2951eaf17f71dd9ba7/142997946121408066f38daed858e585a29fced9eb393d597137563a59601c2951eaf17f71dd9ba7-stdout.dat
AssistanceApps/runtimeIO/142997946121408066f38daed858e585a29fced9eb393d597137563a59601c2951eaf17f71dd9ba7/142997946121408066f38daed858e585a29fced9eb393d597137563a59601c2951eaf17f71dd9ba7-stderr.dat

1429979461.21	DRAFT
1429979461.21	WAITING
1429979462.21	 CPU=1.0	 mem={'swap': 0.0, 'virtual': 0.0, 'physical': 18.3}	 freeDisk=39.8G
1429979462.21	GATHERING
1429979462.22	DATA READY
1429979462.22	STANDBY
1429979462.22	PERFORMING_LOCAL
1429979462.39	COMPLETED_LOCAL
1429979462.39	READY
1429979462.48	SENDING_DATA
1429979462.48	FINISHED
<END>
<BEGIN>
1429979461214055d30f12dbf6ba10e8bc0eb190f0fca3d3fcc339ad828b4a975097dc6b310bdb99
0123456789ABCDEF
1429979461.21
WEKA_3_6_12
weka.classifiers.trees.J48 -t
['AssistanceApps/runtimeIO/1429979461214055d30f12dbf6ba10e8bc0eb190f0fca3d3fcc339ad828b4a975097dc6b310bdb99/weather.nominal.arff']
['AssistanceApps/assistanceWEKA.assistanceApp', '10', 'AssistanceApps/runtimeIO/1429979461214055d30f12dbf6ba10e8bc0eb190f0fca3d3fcc339ad828b4a975097dc6b310bdb99/weather.nominal.arff', '1429979461214055d30f12dbf6ba10e8bc0eb190f0fca3d3fcc339ad828b4a975097dc6b310bdb99', 'weka.classifiers.trees.J48 -t']
FINISHED
1429979462.38
0
AssistanceApps/runtimeIO/1429979461214055d30f12dbf6ba10e8bc0eb190f0fca3d3fcc339ad828b4a975097dc6b310bdb99/1429979461214055d30f12dbf6ba10e8bc0eb190f0fca3d3fcc339ad828b4a975097dc6b310bdb99-stdout.dat
AssistanceApps/runtimeIO/1429979461214055d30f12dbf6ba10e8bc0eb190f0fca3d3fcc339ad828b4a975097dc6b310bdb99/1429979461214055d30f12dbf6ba10e8bc0eb190f0fca3d3fcc339ad828b4a975097dc6b310bdb99-stderr.dat

1429979461.21	DRAFT
1429979461.21	WAITING
1429979462.21	 CPU=1.0	 mem={'swap': 0.0, 'virtual': 0.0, 'physical': 18.3}	 freeDisk=39.8G
1429979462.21	GATHERING
1429979462.22	DATA READY
1429979462.22	STANDBY
1429979462.22	PERFORMING_LOCAL
1429979462.38	COMPLETED_LOCAL
1429979462.38	READY
1429979462.48	SENDING_DATA
1429979462.48	FINISHED
<END>
<BEGIN>
1429979461242743b65d4a70ae406f9c3dc562bce6400b09418d783acfdfc539b211cb22390383f
0123456789ABCDEF
1429979461.2
LOCAL_ECHO_TEST
Hello World
[]
['AssistanceApps/echoInAllCaps.assistanceApp', '10', '', '1429979461242743b65d4a70ae406f9c3dc562bce6400b09418d783acfdfc539b211cb22390383f', 'Hello World']
READY
1429979462.2
0
HELLO WORLD



1429979461.2	DRAFT
1429979461.2	WAITING
1429979462.2	 CPU=0.75	 mem={'swap': 0.0, 'virtual': 0.0, 'physical': 18.2}	 freeDisk=39.8G
1429979462.2	DATA READY
1429979462.2	STANDBY
1429979462.2	PERFORMING_LOCAL
1429979462.2	COMPLETED_LOCAL
1429979462.2	READY
<END>
<BEGIN>
142997946129399db4c6cc0f1558e3d1c0780ece6420b68633c6b0c89758812bf19a5c394d99eef
0123456789ABCDEF
1429979461.2
SHA256_TEST
60000 -verbose 20000
['AssistanceApps/runtimeIO/142997946129399db4c6cc0f1558e3d1c0780ece6420b68633c6b0c89758812bf19a5c394d99eef/experimentData.dat']
['AssistanceApps/sha256Example.assistanceApp', '10', 'AssistanceApps/runtimeIO/142997946129399db4c6cc0f1558e3d1c0780ece6420b68633c6b0c89758812bf19a5c394d99eef/experimentData.dat', '142997946129399db4c6cc0f1558e3d1c0780ece6420b68633c6b0c89758812bf19a5c394d99eef', '60000 -verbose 20000']
FINISHED
1429979462.69
0
AssistanceApps/runtimeIO/142997946129399db4c6cc0f1558e3d1c0780ece6420b68633c6b0c89758812bf19a5c394d99eef/142997946129399db4c6cc0f1558e3d1c0780ece6420b68633c6b0c89758812bf19a5c394d99eef-stdout.dat
AssistanceApps/runtimeIO/142997946129399db4c6cc0f1558e3d1c0780ece6420b68633c6b0c89758812bf19a5c394d99eef/142997946129399db4c6cc0f1558e3d1c0780ece6420b68633c6b0c89758812bf19a5c394d99eef-stderr.dat

1429979461.2	DRAFT
1429979461.2	WAITING
1429979462.21	 CPU=1.0	 mem={'swap': 0.0, 'virtual': 0.0, 'physical': 18.3}	 freeDisk=39.8G
1429979462.21	GATHERING
1429979462.22	DATA READY
1429979462.22	STANDBY
1429979462.22	PERFORMING_LOCAL
1429979462.69	COMPLETED_LOCAL
1429979462.69	READY
1429979462.73	SENDING_DATA
1429979462.73	FINISHED
<END>
<BEGIN>
14299794612425783b58c04694ea71a0161ad1146ea054883dee5c0d5884d41c09cbca6fbd37593
0123456789ABCDEF
1429979461.2
LOCAL_ECHO_TEST
Hello, World!
[]
['AssistanceApps/echoInAllCaps.assistanceApp', '10', '', '14299794612425783b58c04694ea71a0161ad1146ea054883dee5c0d5884d41c09cbca6fbd37593', 'Hello, World!']
READY
1429979462.21
0
HELLO, WORLD!



1429979461.2	DRAFT
1429979461.2	WAITING
1429979462.2	 CPU=0.75	 mem={'swap': 0.0, 'virtual': 0.0, 'physical': 18.3}	 freeDisk=39.8G
1429979462.2	DATA READY
1429979462.2	STANDBY
1429979462.2	PERFORMING_LOCAL
1429979462.21	COMPLETED_LOCAL
1429979462.21	READY
<END>
<BEGIN>
142997946124809a1c4ab88456889db64f28d37230b1b37ead2f4959988d09af93c516acd01abce
0123456789ABCDEF
1429979461.2
LOCAL_ECHO_TEST
HeII0, W0r1d!!!111!
[]
['AssistanceApps/echoInAllCaps.assistanceApp', '10', '', '142997946124809a1c4ab88456889db64f28d37230b1b37ead2f4959988d09af93c516acd01abce', 'HeII0, W0r1d!!!111!']
READY
1429979462.21
0
HEII0, W0R1D!!!111!



1429979461.2	DRAFT
1429979461.2	WAITING
1429979462.21	 CPU=1.0	 mem={'swap': 0.0, 'virtual': 0.0, 'physical': 18.3}	 freeDisk=39.8G
1429979462.21	DATA READY
1429979462.21	STANDBY
1429979462.21	PERFORMING_LOCAL
1429979462.21	COMPLETED_LOCAL
1429979462.21	READY
<END>