
<BEGIN>
1430181984560071caed3f3dde61d9c7dd9a575a94e5e8231146a71538d09b31df08e3a3e6486b4a
0123456789ABCDEF
1430181984.56
WEKA_3_6_12
weka.classifiers.trees.J48 -t
['AssistanceApps/runtimeIO/1430181984560071caed3f3dde61d9c7dd9a575a94e5e8231146a71538d09b31df08e3a3e6486b4a/weather.numeric.arff']
['AssistanceApps/assistanceWEKA.assistanceApp', '10', 'AssistanceApps/runtimeIO/1430181984560071caed3f3dde61d9c7dd9a575a94e5e8231146a71538d09b31df08e3a3e6486b4a/weather.numeric.arff', '1430181984560071caed3f3dde61d9c7dd9a575a94e5e8231146a71538d09b31df08e3a3e6486b4a', 'weka.classifiers.trees.J48 -t']
FINISHED
1430181985.74
0
AssistanceApps/runtimeIO/1430181984560071caed3f3dde61d9c7dd9a575a94e5e8231146a71538d09b31df08e3a3e6486b4a/1430181984560071caed3f3dde61d9c7dd9a575a94e5e8231146a71538d09b31df08e3a3e6486b4a-stdout.dat
AssistanceApps/runtimeIO/1430181984560071caed3f3dde61d9c7dd9a575a94e5e8231146a71538d09b31df08e3a3e6486b4a/1430181984560071caed3f3dde61d9c7dd9a575a94e5e8231146a71538d09b31df08e3a3e6486b4a-stderr.dat

1430181984.56	DRAFT
1430181984.56	WAITING
1430181985.57	 CPU=1.0	 mem={'swap': 0.0, 'virtual': 0.0, 'physical': 17.8}	 freeDisk=40.1G
1430181985.57	GATHERING
1430181985.58	DATA READY
1430181985.58	STANDBY
1430181985.58	PERFORMING_LOCAL
1430181985.74	COMPLETED_LOCAL
1430181985.74	READY
1430181985.84	SENDING_DATA
1430181985.84	FINISHED
<END>
<BEGIN>
1430181984562271dc9ab6202fc3f6d2c7dceb3cd102415622c1f97a84fe6c7f44d9ea4edc26f653
0123456789ABCDEF
1430181984.56
SHA256_TEST
60000 -verbose 20000
['AssistanceApps/runtimeIO/1430181984562271dc9ab6202fc3f6d2c7dceb3cd102415622c1f97a84fe6c7f44d9ea4edc26f653/experimentData.dat']
['AssistanceApps/sha256Example.assistanceApp', '10', 'AssistanceApps/runtimeIO/1430181984562271dc9ab6202fc3f6d2c7dceb3cd102415622c1f97a84fe6c7f44d9ea4edc26f653/experimentData.dat', '1430181984562271dc9ab6202fc3f6d2c7dceb3cd102415622c1f97a84fe6c7f44d9ea4edc26f653', '60000 -verbose 20000']
FINISHED
1430181986.06
0
AssistanceApps/runtimeIO/1430181984562271dc9ab6202fc3f6d2c7dceb3cd102415622c1f97a84fe6c7f44d9ea4edc26f653/1430181984562271dc9ab6202fc3f6d2c7dceb3cd102415622c1f97a84fe6c7f44d9ea4edc26f653-stdout.dat
AssistanceApps/runtimeIO/1430181984562271dc9ab6202fc3f6d2c7dceb3cd102415622c1f97a84fe6c7f44d9ea4edc26f653/1430181984562271dc9ab6202fc3f6d2c7dceb3cd102415622c1f97a84fe6c7f44d9ea4edc26f653-stderr.dat

1430181984.56	DRAFT
1430181984.56	WAITING
1430181985.56	 CPU=1.0	 mem={'swap': 0.0, 'virtual': 0.0, 'physical': 17.8}	 freeDisk=40.1G
1430181985.56	GATHERING
1430181985.57	DATA READY
1430181985.57	STANDBY
1430181985.57	PERFORMING_LOCAL
1430181986.06	COMPLETED_LOCAL
1430181986.06	READY
1430181986.08	SENDING_DATA
1430181986.08	FINISHED
<END>
<BEGIN>
14301819845748769f7fc20c4926e584717a97ac7356be6ebc57926e59f7794b3c8edc975991bad2
0123456789ABCDEF
1430181984.57
LOCAL_ECHO_TEST
Hello World
[]
['AssistanceApps/echoInAllCaps.assistanceApp', '10', '', '14301819845748769f7fc20c4926e584717a97ac7356be6ebc57926e59f7794b3c8edc975991bad2', 'Hello World']
READY
1430181985.59
0
HELLO WORLD



1430181984.57	DRAFT
1430181984.57	WAITING
1430181985.58	 CPU=1.0	 mem={'swap': 0.0, 'virtual': 0.0, 'physical': 17.8}	 freeDisk=40.1G
1430181985.58	DATA READY
1430181985.58	STANDBY
1430181985.58	PERFORMING_LOCAL
1430181985.59	COMPLETED_LOCAL
1430181985.59	READY
<END>
<BEGIN>
14301819845884306a47077afaf10059738c57038d399ef1350b2d940cddbd6b61b910d03b8d45be
0123456789ABCDEF
1430181984.58
LOCAL_ECHO_TEST
HeII0, W0r1d!!!111!
[]
['AssistanceApps/echoInAllCaps.assistanceApp', '10', '', '14301819845884306a47077afaf10059738c57038d399ef1350b2d940cddbd6b61b910d03b8d45be', 'HeII0, W0r1d!!!111!']
READY
1430181985.59
0
HEII0, W0R1D!!!111!



1430181984.58	DRAFT
1430181984.58	WAITING
1430181985.58	 CPU=1.25	 mem={'swap': 0.0, 'virtual': 0.0, 'physical': 17.8}	 freeDisk=40.1G
1430181985.58	DATA READY
1430181985.58	STANDBY
1430181985.58	PERFORMING_LOCAL
1430181985.59	COMPLETED_LOCAL
1430181985.59	READY
<END>
<BEGIN>
1430181984560289dc9ab6202fc3f6d2c7dceb3cd102415622c1f97a84fe6c7f44d9ea4edc26f653
0123456789ABCDEF
1430181984.56
SHA256_TEST
60000 -verbose 20000
['AssistanceApps/runtimeIO/1430181984560289dc9ab6202fc3f6d2c7dceb3cd102415622c1f97a84fe6c7f44d9ea4edc26f653/experimentData.dat']
['AssistanceApps/sha256Example.assistanceApp', '10', 'AssistanceApps/runtimeIO/1430181984560289dc9ab6202fc3f6d2c7dceb3cd102415622c1f97a84fe6c7f44d9ea4edc26f653/experimentData.dat', '1430181984560289dc9ab6202fc3f6d2c7dceb3cd102415622c1f97a84fe6c7f44d9ea4edc26f653', '60000 -verbose 20000']
FINISHED
1430181986.06
0
AssistanceApps/runtimeIO/1430181984560289dc9ab6202fc3f6d2c7dceb3cd102415622c1f97a84fe6c7f44d9ea4edc26f653/1430181984560289dc9ab6202fc3f6d2c7dceb3cd102415622c1f97a84fe6c7f44d9ea4edc26f653-stdout.dat
AssistanceApps/runtimeIO/1430181984560289dc9ab6202fc3f6d2c7dceb3cd102415622c1f97a84fe6c7f44d9ea4edc26f653/1430181984560289dc9ab6202fc3f6d2c7dceb3cd102415622c1f97a84fe6c7f44d9ea4edc26f653-stderr.dat

1430181984.56	DRAFT
1430181984.56	WAITING
1430181985.56	 CPU=1.0	 mem={'swap': 0.0, 'virtual': 0.0, 'physical': 17.8}	 freeDisk=40.1G
1430181985.56	GATHERING
1430181985.58	DATA READY
1430181985.58	STANDBY
1430181985.58	PERFORMING_LOCAL
1430181986.06	COMPLETED_LOCAL
1430181986.06	READY
1430181986.09	SENDING_DATA
1430181986.09	FINISHED
<END>
<BEGIN>
1430181984585852fb02e3bc00b4d83172ad8eeba16349857370f02ab141b0be6b2f31e57ca20399
0123456789ABCDEF
1430181984.58
LOCAL_ECHO_TEST
Hello, World!
[]
['AssistanceApps/echoInAllCaps.assistanceApp', '10', '', '1430181984585852fb02e3bc00b4d83172ad8eeba16349857370f02ab141b0be6b2f31e57ca20399', 'Hello, World!']
READY
1430181985.59
0
HELLO, WORLD!



1430181984.58	DRAFT
1430181984.58	WAITING
1430181985.58	 CPU=1.0	 mem={'swap': 0.0, 'virtual': 0.0, 'physical': 17.8}	 freeDisk=40.1G
1430181985.58	DATA READY
1430181985.58	STANDBY
1430181985.58	PERFORMING_LOCAL
1430181985.59	COMPLETED_LOCAL
1430181985.59	READY
<END>
<BEGIN>
14301819845645018cf6e54f6f0c0a097d86f873a1c6cbeb02c964a1ff08c1ac6e6c28c0e7ada946
0123456789ABCDEF
1430181984.54
WEKA_3_6_12
weka.classifiers.trees.J48 -t
['AssistanceApps/runtimeIO/14301819845645018cf6e54f6f0c0a097d86f873a1c6cbeb02c964a1ff08c1ac6e6c28c0e7ada946/weather.nominal.arff']
['AssistanceApps/assistanceWEKA.assistanceApp', '10', 'AssistanceApps/runtimeIO/14301819845645018cf6e54f6f0c0a097d86f873a1c6cbeb02c964a1ff08c1ac6e6c28c0e7ada946/weather.nominal.arff', '14301819845645018cf6e54f6f0c0a097d86f873a1c6cbeb02c964a1ff08c1ac6e6c28c0e7ada946', 'weka.classifiers.trees.J48 -t']
FINISHED
1430181985.75
0
AssistanceApps/runtimeIO/14301819845645018cf6e54f6f0c0a097d86f873a1c6cbeb02c964a1ff08c1ac6e6c28c0e7ada946/14301819845645018cf6e54f6f0c0a097d86f873a1c6cbeb02c964a1ff08c1ac6e6c28c0e7ada946-stdout.dat
AssistanceApps/runtimeIO/14301819845645018cf6e54f6f0c0a097d86f873a1c6cbeb02c964a1ff08c1ac6e6c28c0e7ada946/14301819845645018cf6e54f6f0c0a097d86f873a1c6cbeb02c964a1ff08c1ac6e6c28c0e7ada946-stderr.dat

1430181984.54	DRAFT
1430181984.56	WAITING
1430181985.56	 CPU=1.0	 mem={'swap': 0.0, 'virtual': 0.0, 'physical': 17.7}	 freeDisk=40.1G
1430181985.56	GATHERING
1430181985.58	DATA READY
1430181985.58	STANDBY
1430181985.58	PERFORMING_LOCAL
1430181985.75	COMPLETED_LOCAL
1430181985.75	READY
1430181985.83	SENDING_DATA
1430181985.83	FINISHED
<END>