
<BEGIN>
142997976946420398761ce462913a5fc20514950a11a1ac40261345f737a5e02c2e933f45b19ce3
0123456789ABCDEF
1429979769.46
WEKA_3_6_12
weka.classifiers.trees.J48 -t
['AssistanceApps/runtimeIO/142997976946420398761ce462913a5fc20514950a11a1ac40261345f737a5e02c2e933f45b19ce3/weather.numeric.arff']
['AssistanceApps/assistanceWEKA.assistanceApp', '10', 'AssistanceApps/runtimeIO/142997976946420398761ce462913a5fc20514950a11a1ac40261345f737a5e02c2e933f45b19ce3/weather.numeric.arff', '142997976946420398761ce462913a5fc20514950a11a1ac40261345f737a5e02c2e933f45b19ce3', 'weka.classifiers.trees.J48 -t']
FINISHED
1429979770.64
0
AssistanceApps/runtimeIO/142997976946420398761ce462913a5fc20514950a11a1ac40261345f737a5e02c2e933f45b19ce3/142997976946420398761ce462913a5fc20514950a11a1ac40261345f737a5e02c2e933f45b19ce3-stdout.dat
AssistanceApps/runtimeIO/142997976946420398761ce462913a5fc20514950a11a1ac40261345f737a5e02c2e933f45b19ce3/142997976946420398761ce462913a5fc20514950a11a1ac40261345f737a5e02c2e933f45b19ce3-stderr.dat

1429979769.46	DRAFT
1429979769.46	WAITING
1429979770.46	 CPU=1.5	 mem={'swap': 0.0, 'virtual': 0.0, 'physical': 18.4}	 freeDisk=39.8G
1429979770.46	GATHERING
1429979770.47	DATA READY
1429979770.47	STANDBY
1429979770.47	PERFORMING_LOCAL
1429979770.64	COMPLETED_LOCAL
1429979770.64	READY
1429979770.73	SENDING_DATA
1429979770.73	FINISHED
<END>
<BEGIN>
1429979769451298106e8aebd9f256b70e2c94618f17817791a8a93530a5a112c806684d9a90d472
0123456789ABCDEF
1429979769.45
LOCAL_ECHO_TEST
Hello World
[]
['AssistanceApps/echoInAllCaps.assistanceApp', '10', '', '1429979769451298106e8aebd9f256b70e2c94618f17817791a8a93530a5a112c806684d9a90d472', 'Hello World']
READY
1429979770.46
0
HELLO WORLD



1429979769.45	DRAFT
1429979769.45	WAITING
1429979770.46	 CPU=1.25	 mem={'swap': 0.0, 'virtual': 0.0, 'physical': 18.3}	 freeDisk=39.8G
1429979770.46	DATA READY
1429979770.46	STANDBY
1429979770.46	PERFORMING_LOCAL
1429979770.46	COMPLETED_LOCAL
1429979770.46	READY
<END>
<BEGIN>
1429979769460830acc825961fbc4cd95b2e9da63e4e40002addc9b6af466519ad02b0c8255e9c4d
0123456789ABCDEF
1429979769.46
SHA256_TEST
60000 -verbose 20000
['AssistanceApps/runtimeIO/1429979769460830acc825961fbc4cd95b2e9da63e4e40002addc9b6af466519ad02b0c8255e9c4d/experimentData.dat']
['AssistanceApps/sha256Example.assistanceApp', '10', 'AssistanceApps/runtimeIO/1429979769460830acc825961fbc4cd95b2e9da63e4e40002addc9b6af466519ad02b0c8255e9c4d/experimentData.dat', '1429979769460830acc825961fbc4cd95b2e9da63e4e40002addc9b6af466519ad02b0c8255e9c4d', '60000 -verbose 20000']
FINISHED
1429979770.94
0
AssistanceApps/runtimeIO/1429979769460830acc825961fbc4cd95b2e9da63e4e40002addc9b6af466519ad02b0c8255e9c4d/1429979769460830acc825961fbc4cd95b2e9da63e4e40002addc9b6af466519ad02b0c8255e9c4d-stdout.dat
AssistanceApps/runtimeIO/1429979769460830acc825961fbc4cd95b2e9da63e4e40002addc9b6af466519ad02b0c8255e9c4d/1429979769460830acc825961fbc4cd95b2e9da63e4e40002addc9b6af466519ad02b0c8255e9c4d-stderr.dat

1429979769.46	DRAFT
1429979769.46	WAITING
1429979770.46	 CPU=1.25	 mem={'swap': 0.0, 'virtual': 0.0, 'physical': 18.3}	 freeDisk=39.8G
1429979770.46	GATHERING
1429979770.47	DATA READY
1429979770.47	STANDBY
1429979770.47	PERFORMING_LOCAL
1429979770.94	COMPLETED_LOCAL
1429979770.94	READY
1429979770.98	SENDING_DATA
1429979770.98	FINISHED
<END>
<BEGIN>
142997976946759412fc54dbb752ca69b91865f1554809e200a70d399ba72ecce11dd58dd778a37f
0123456789ABCDEF
1429979769.46
LOCAL_ECHO_TEST
Hello, World!
[]
['AssistanceApps/echoInAllCaps.assistanceApp', '10', '', '142997976946759412fc54dbb752ca69b91865f1554809e200a70d399ba72ecce11dd58dd778a37f', 'Hello, World!']
READY
1429979770.46
0
HELLO, WORLD!



1429979769.46	DRAFT
1429979769.46	WAITING
1429979770.46	 CPU=1.25	 mem={'swap': 0.0, 'virtual': 0.0, 'physical': 18.3}	 freeDisk=39.8G
1429979770.46	DATA READY
1429979770.46	STANDBY
1429979770.46	PERFORMING_LOCAL
1429979770.46	COMPLETED_LOCAL
1429979770.46	READY
<END>
<BEGIN>
14299797694671925d33553a612bfeea5e06b13c10550f28f4037ccd35e32ef03753c55478472830
0123456789ABCDEF
1429979769.46
WEKA_3_6_12
weka.classifiers.trees.J48 -t
['AssistanceApps/runtimeIO/14299797694671925d33553a612bfeea5e06b13c10550f28f4037ccd35e32ef03753c55478472830/weather.nominal.arff']
['AssistanceApps/assistanceWEKA.assistanceApp', '10', 'AssistanceApps/runtimeIO/14299797694671925d33553a612bfeea5e06b13c10550f28f4037ccd35e32ef03753c55478472830/weather.nominal.arff', '14299797694671925d33553a612bfeea5e06b13c10550f28f4037ccd35e32ef03753c55478472830', 'weka.classifiers.trees.J48 -t']
FINISHED
1429979770.65
0
AssistanceApps/runtimeIO/14299797694671925d33553a612bfeea5e06b13c10550f28f4037ccd35e32ef03753c55478472830/14299797694671925d33553a612bfeea5e06b13c10550f28f4037ccd35e32ef03753c55478472830-stdout.dat
AssistanceApps/runtimeIO/14299797694671925d33553a612bfeea5e06b13c10550f28f4037ccd35e32ef03753c55478472830/14299797694671925d33553a612bfeea5e06b13c10550f28f4037ccd35e32ef03753c55478472830-stderr.dat

1429979769.46	DRAFT
1429979769.46	WAITING
1429979770.46	 CPU=1.75	 mem={'swap': 0.0, 'virtual': 0.0, 'physical': 18.4}	 freeDisk=39.8G
1429979770.46	GATHERING
1429979770.47	DATA READY
1429979770.47	STANDBY
1429979770.47	PERFORMING_LOCAL
1429979770.65	COMPLETED_LOCAL
1429979770.65	READY
1429979770.73	SENDING_DATA
1429979770.73	FINISHED
<END>
<BEGIN>
1429979769469310acc825961fbc4cd95b2e9da63e4e40002addc9b6af466519ad02b0c8255e9c4d
0123456789ABCDEF
1429979769.46
SHA256_TEST
60000 -verbose 20000
['AssistanceApps/runtimeIO/1429979769469310acc825961fbc4cd95b2e9da63e4e40002addc9b6af466519ad02b0c8255e9c4d/experimentData.dat']
['AssistanceApps/sha256Example.assistanceApp', '10', 'AssistanceApps/runtimeIO/1429979769469310acc825961fbc4cd95b2e9da63e4e40002addc9b6af466519ad02b0c8255e9c4d/experimentData.dat', '1429979769469310acc825961fbc4cd95b2e9da63e4e40002addc9b6af466519ad02b0c8255e9c4d', '60000 -verbose 20000']
FINISHED
1429979770.95
0
AssistanceApps/runtimeIO/1429979769469310acc825961fbc4cd95b2e9da63e4e40002addc9b6af466519ad02b0c8255e9c4d/1429979769469310acc825961fbc4cd95b2e9da63e4e40002addc9b6af466519ad02b0c8255e9c4d-stdout.dat
AssistanceApps/runtimeIO/1429979769469310acc825961fbc4cd95b2e9da63e4e40002addc9b6af466519ad02b0c8255e9c4d/1429979769469310acc825961fbc4cd95b2e9da63e4e40002addc9b6af466519ad02b0c8255e9c4d-stderr.dat

1429979769.46	DRAFT
1429979769.46	WAITING
1429979770.46	 CPU=1.25	 mem={'swap': 0.0, 'virtual': 0.0, 'physical': 18.3}	 freeDisk=39.8G
1429979770.46	GATHERING
1429979770.47	DATA READY
1429979770.47	STANDBY
1429979770.47	PERFORMING_LOCAL
1429979770.95	COMPLETED_LOCAL
1429979770.95	READY
1429979770.98	SENDING_DATA
1429979770.98	FINISHED
<END>
<BEGIN>
142997976946157491e24268258e0fef2581b570e0d07c7b3fdad81bc5d2a0499402b9343dd71348
0123456789ABCDEF
1429979769.46
LOCAL_ECHO_TEST
HeII0, W0r1d!!!111!
[]
['AssistanceApps/echoInAllCaps.assistanceApp', '10', '', '142997976946157491e24268258e0fef2581b570e0d07c7b3fdad81bc5d2a0499402b9343dd71348', 'HeII0, W0r1d!!!111!']
READY
1429979770.46
0
HEII0, W0R1D!!!111!



1429979769.46	DRAFT
1429979769.46	WAITING
1429979770.46	 CPU=1.25	 mem={'swap': 0.0, 'virtual': 0.0, 'physical': 18.3}	 freeDisk=39.8G
1429979770.46	DATA READY
1429979770.46	STANDBY
1429979770.46	PERFORMING_LOCAL
1429979770.46	COMPLETED_LOCAL
1429979770.46	READY
<END>