
<BEGIN>
1429979799468897705e6c45c51f37a8370a79f7dfa5fef5f61ae2b114a333e5c848a3fecead4086
0123456789ABCDEF
1429979799.46
SHA256_TEST
60000 -verbose 20000
['testsData/experimentData.dat']
['AssistanceApps/sha256Example.assistanceApp', '10', 'testsData/experimentData.dat', '1429979799468897705e6c45c51f37a8370a79f7dfa5fef5f61ae2b114a333e5c848a3fecead4086', '60000 -verbose 20000']
READY
1429979800.48
0
AssistanceApps/runtimeIO/1429979799468897705e6c45c51f37a8370a79f7dfa5fef5f61ae2b114a333e5c848a3fecead4086/1429979799468897705e6c45c51f37a8370a79f7dfa5fef5f61ae2b114a333e5c848a3fecead4086-stdout.dat
AssistanceApps/runtimeIO/1429979799468897705e6c45c51f37a8370a79f7dfa5fef5f61ae2b114a333e5c848a3fecead4086/1429979799468897705e6c45c51f37a8370a79f7dfa5fef5f61ae2b114a333e5c848a3fecead4086-stderr.dat

1429979799.46	DRAFT
1429979799.46	WAITING
1429979800.46	 CPU=9.575	 mem={'swap': 0.0, 'virtual': 0.0, 'physical': 28.7}	 freeDisk=40.3G
1429979800.46	GATHERING
1429979800.46	DATA READY
1429979800.46	STANDBY
1429979800.46	PERFORMING_LOCAL
1429979800.48	COMPLETED_LOCAL
1429979800.48	READY
<END>
<BEGIN>
1429979739417274fd8f58834ab0381dcc5cb215b799b4754b8de417d173de2157a226eac7c1f920
0123456789ABCDEF
1429979739.41
SHA256_TEST
60000 -verbose 20000
['testsData/experimentData.dat']
['AssistanceApps/sha256Example.assistanceApp', '10', 'testsData/experimentData.dat', '1429979739417274fd8f58834ab0381dcc5cb215b799b4754b8de417d173de2157a226eac7c1f920', '60000 -verbose 20000']
READY
1429979740.43
0
AssistanceApps/runtimeIO/1429979739417274fd8f58834ab0381dcc5cb215b799b4754b8de417d173de2157a226eac7c1f920/1429979739417274fd8f58834ab0381dcc5cb215b799b4754b8de417d173de2157a226eac7c1f920-stdout.dat
AssistanceApps/runtimeIO/1429979739417274fd8f58834ab0381dcc5cb215b799b4754b8de417d173de2157a226eac7c1f920/1429979739417274fd8f58834ab0381dcc5cb215b799b4754b8de417d173de2157a226eac7c1f920-stderr.dat

1429979739.41	DRAFT
1429979739.41	WAITING
1429979740.41	 CPU=16.0	 mem={'swap': 0.0, 'virtual': 0.0, 'physical': 28.7}	 freeDisk=40.3G
1429979740.41	GATHERING
1429979740.41	DATA READY
1429979740.41	STANDBY
1429979740.41	PERFORMING_LOCAL
1429979740.43	COMPLETED_LOCAL
1429979740.43	READY
<END>
<BEGIN>
14299797093763876bafa1ed3e3c41c423dc08d7863e64867281b655e50ccfbd4d6312554d48fdc6
0123456789ABCDEF
1429979709.37
SHA256_TEST
60000 -verbose 20000
['testsData/experimentData.dat']
['AssistanceApps/sha256Example.assistanceApp', '10', 'testsData/experimentData.dat', '14299797093763876bafa1ed3e3c41c423dc08d7863e64867281b655e50ccfbd4d6312554d48fdc6', '60000 -verbose 20000']
READY
1429979710.39
0
AssistanceApps/runtimeIO/14299797093763876bafa1ed3e3c41c423dc08d7863e64867281b655e50ccfbd4d6312554d48fdc6/14299797093763876bafa1ed3e3c41c423dc08d7863e64867281b655e50ccfbd4d6312554d48fdc6-stdout.dat
AssistanceApps/runtimeIO/14299797093763876bafa1ed3e3c41c423dc08d7863e64867281b655e50ccfbd4d6312554d48fdc6/14299797093763876bafa1ed3e3c41c423dc08d7863e64867281b655e50ccfbd4d6312554d48fdc6-stderr.dat

1429979709.37	DRAFT
1429979709.37	WAITING
1429979710.38	 CPU=8.9	 mem={'swap': 0.0, 'virtual': 0.0, 'physical': 28.7}	 freeDisk=40.3G
1429979710.38	GATHERING
1429979710.38	DATA READY
1429979710.38	STANDBY
1429979710.38	PERFORMING_LOCAL
1429979710.39	COMPLETED_LOCAL
1429979710.39	READY
<END>
<BEGIN>
1429979649299145c45f9b4fde0723a0b7908a0945d75a89dab27a000771963ba77b1ce7aeaa48b4
0123456789ABCDEF
1429979649.29
SHA256_TEST
60000 -verbose 20000
['testsData/experimentData.dat']
['AssistanceApps/sha256Example.assistanceApp', '10', 'testsData/experimentData.dat', '1429979649299145c45f9b4fde0723a0b7908a0945d75a89dab27a000771963ba77b1ce7aeaa48b4', '60000 -verbose 20000']
READY
1429979650.31
0
AssistanceApps/runtimeIO/1429979649299145c45f9b4fde0723a0b7908a0945d75a89dab27a000771963ba77b1ce7aeaa48b4/1429979649299145c45f9b4fde0723a0b7908a0945d75a89dab27a000771963ba77b1ce7aeaa48b4-stdout.dat
AssistanceApps/runtimeIO/1429979649299145c45f9b4fde0723a0b7908a0945d75a89dab27a000771963ba77b1ce7aeaa48b4/1429979649299145c45f9b4fde0723a0b7908a0945d75a89dab27a000771963ba77b1ce7aeaa48b4-stderr.dat

1429979649.29	DRAFT
1429979649.29	WAITING
1429979650.3	 CPU=11.625	 mem={'swap': 0.0, 'virtual': 0.0, 'physical': 28.7}	 freeDisk=40.3G
1429979650.3	GATHERING
1429979650.3	DATA READY
1429979650.3	STANDBY
1429979650.3	PERFORMING_LOCAL
1429979650.31	COMPLETED_LOCAL
1429979650.31	READY
<END>
<BEGIN>
14299796793394443ec272d62fc58542b4ec02e8de4ec1efba6cab67e5a306036006cc4a70112d15
0123456789ABCDEF
1429979679.33
SHA256_TEST
60000 -verbose 20000
['testsData/experimentData.dat']
['AssistanceApps/sha256Example.assistanceApp', '10', 'testsData/experimentData.dat', '14299796793394443ec272d62fc58542b4ec02e8de4ec1efba6cab67e5a306036006cc4a70112d15', '60000 -verbose 20000']
READY
1429979680.35
0
AssistanceApps/runtimeIO/14299796793394443ec272d62fc58542b4ec02e8de4ec1efba6cab67e5a306036006cc4a70112d15/14299796793394443ec272d62fc58542b4ec02e8de4ec1efba6cab67e5a306036006cc4a70112d15-stdout.dat
AssistanceApps/runtimeIO/14299796793394443ec272d62fc58542b4ec02e8de4ec1efba6cab67e5a306036006cc4a70112d15/14299796793394443ec272d62fc58542b4ec02e8de4ec1efba6cab67e5a306036006cc4a70112d15-stderr.dat

1429979679.33	DRAFT
1429979679.33	WAITING
1429979680.34	 CPU=11.425	 mem={'swap': 0.0, 'virtual': 0.0, 'physical': 28.7}	 freeDisk=40.3G
1429979680.34	GATHERING
1429979680.34	DATA READY
1429979680.34	STANDBY
1429979680.34	PERFORMING_LOCAL
1429979680.35	COMPLETED_LOCAL
1429979680.35	READY
<END>
<BEGIN>
1429979649290720c45f9b4fde0723a0b7908a0945d75a89dab27a000771963ba77b1ce7aeaa48b4
0123456789ABCDEF
1429979649.29
SHA256_TEST
60000 -verbose 20000
['testsData/experimentData.dat']
['AssistanceApps/sha256Example.assistanceApp', '10', 'testsData/experimentData.dat', '1429979649290720c45f9b4fde0723a0b7908a0945d75a89dab27a000771963ba77b1ce7aeaa48b4', '60000 -verbose 20000']
READY
1429979650.31
0
AssistanceApps/runtimeIO/1429979649290720c45f9b4fde0723a0b7908a0945d75a89dab27a000771963ba77b1ce7aeaa48b4/1429979649290720c45f9b4fde0723a0b7908a0945d75a89dab27a000771963ba77b1ce7aeaa48b4-stdout.dat
AssistanceApps/runtimeIO/1429979649290720c45f9b4fde0723a0b7908a0945d75a89dab27a000771963ba77b1ce7aeaa48b4/1429979649290720c45f9b4fde0723a0b7908a0945d75a89dab27a000771963ba77b1ce7aeaa48b4-stderr.dat

1429979649.29	DRAFT
1429979649.29	WAITING
1429979650.3	 CPU=11.425	 mem={'swap': 0.0, 'virtual': 0.0, 'physical': 28.7}	 freeDisk=40.3G
1429979650.3	GATHERING
1429979650.3	DATA READY
1429979650.3	STANDBY
1429979650.3	PERFORMING_LOCAL
1429979650.31	COMPLETED_LOCAL
1429979650.31	READY
<END>
<BEGIN>
14299797093719766bafa1ed3e3c41c423dc08d7863e64867281b655e50ccfbd4d6312554d48fdc6
0123456789ABCDEF
1429979709.37
SHA256_TEST
60000 -verbose 20000
['testsData/experimentData.dat']
['AssistanceApps/sha256Example.assistanceApp', '10', 'testsData/experimentData.dat', '14299797093719766bafa1ed3e3c41c423dc08d7863e64867281b655e50ccfbd4d6312554d48fdc6', '60000 -verbose 20000']
READY
1429979710.39
0
AssistanceApps/runtimeIO/14299797093719766bafa1ed3e3c41c423dc08d7863e64867281b655e50ccfbd4d6312554d48fdc6/14299797093719766bafa1ed3e3c41c423dc08d7863e64867281b655e50ccfbd4d6312554d48fdc6-stdout.dat
AssistanceApps/runtimeIO/14299797093719766bafa1ed3e3c41c423dc08d7863e64867281b655e50ccfbd4d6312554d48fdc6/14299797093719766bafa1ed3e3c41c423dc08d7863e64867281b655e50ccfbd4d6312554d48fdc6-stderr.dat

1429979709.37	DRAFT
1429979709.37	WAITING
1429979710.38	 CPU=9.125	 mem={'swap': 0.0, 'virtual': 0.0, 'physical': 28.7}	 freeDisk=40.3G
1429979710.38	GATHERING
1429979710.38	DATA READY
1429979710.38	STANDBY
1429979710.38	PERFORMING_LOCAL
1429979710.39	COMPLETED_LOCAL
1429979710.39	READY
<END>
<BEGIN>
14299797994517336a9e5a527a30d8a116f094dc0ec3148cdbbf92cce897027c69db888389c93975
0123456789ABCDEF
1429979799.45
SHA256_TEST
60000 -verbose 20000
['testsData/experimentData.dat']
['AssistanceApps/sha256Example.assistanceApp', '10', 'testsData/experimentData.dat', '14299797994517336a9e5a527a30d8a116f094dc0ec3148cdbbf92cce897027c69db888389c93975', '60000 -verbose 20000']
READY
1429979800.47
0
AssistanceApps/runtimeIO/14299797994517336a9e5a527a30d8a116f094dc0ec3148cdbbf92cce897027c69db888389c93975/14299797994517336a9e5a527a30d8a116f094dc0ec3148cdbbf92cce897027c69db888389c93975-stdout.dat
AssistanceApps/runtimeIO/14299797994517336a9e5a527a30d8a116f094dc0ec3148cdbbf92cce897027c69db888389c93975/14299797994517336a9e5a527a30d8a116f094dc0ec3148cdbbf92cce897027c69db888389c93975-stderr.dat

1429979799.45	DRAFT
1429979799.45	WAITING
1429979800.46	 CPU=9.4	 mem={'swap': 0.0, 'virtual': 0.0, 'physical': 28.7}	 freeDisk=40.3G
1429979800.46	GATHERING
1429979800.46	DATA READY
1429979800.46	STANDBY
1429979800.46	PERFORMING_LOCAL
1429979800.47	COMPLETED_LOCAL
1429979800.47	READY
<END>
<BEGIN>
14299798295748686074e22a3701b94792975192dd3eb749bc88af6e36d2c87dff3d3a3f1dedfe1
0123456789ABCDEF
1429979829.5
SHA256_TEST
60000 -verbose 20000
['testsData/experimentData.dat']
['AssistanceApps/sha256Example.assistanceApp', '10', 'testsData/experimentData.dat', '14299798295748686074e22a3701b94792975192dd3eb749bc88af6e36d2c87dff3d3a3f1dedfe1', '60000 -verbose 20000']
READY
1429979830.52
0
AssistanceApps/runtimeIO/14299798295748686074e22a3701b94792975192dd3eb749bc88af6e36d2c87dff3d3a3f1dedfe1/14299798295748686074e22a3701b94792975192dd3eb749bc88af6e36d2c87dff3d3a3f1dedfe1-stdout.dat
AssistanceApps/runtimeIO/14299798295748686074e22a3701b94792975192dd3eb749bc88af6e36d2c87dff3d3a3f1dedfe1/14299798295748686074e22a3701b94792975192dd3eb749bc88af6e36d2c87dff3d3a3f1dedfe1-stderr.dat

1429979829.5	DRAFT
1429979829.5	WAITING
1429979830.51	 CPU=11.4	 mem={'swap': 0.0, 'virtual': 0.0, 'physical': 28.7}	 freeDisk=40.3G
1429979830.51	GATHERING
1429979830.51	DATA READY
1429979830.51	STANDBY
1429979830.51	PERFORMING_LOCAL
1429979830.52	COMPLETED_LOCAL
1429979830.52	READY
<END>
<BEGIN>
14299796793342173ec272d62fc58542b4ec02e8de4ec1efba6cab67e5a306036006cc4a70112d15
0123456789ABCDEF
1429979679.33
SHA256_TEST
60000 -verbose 20000
['testsData/experimentData.dat']
['AssistanceApps/sha256Example.assistanceApp', '10', 'testsData/experimentData.dat', '14299796793342173ec272d62fc58542b4ec02e8de4ec1efba6cab67e5a306036006cc4a70112d15', '60000 -verbose 20000']
READY
1429979680.36
0
AssistanceApps/runtimeIO/14299796793342173ec272d62fc58542b4ec02e8de4ec1efba6cab67e5a306036006cc4a70112d15/14299796793342173ec272d62fc58542b4ec02e8de4ec1efba6cab67e5a306036006cc4a70112d15-stdout.dat
AssistanceApps/runtimeIO/14299796793342173ec272d62fc58542b4ec02e8de4ec1efba6cab67e5a306036006cc4a70112d15/14299796793342173ec272d62fc58542b4ec02e8de4ec1efba6cab67e5a306036006cc4a70112d15-stderr.dat

1429979679.33	DRAFT
1429979679.33	WAITING
1429979680.34	 CPU=11.45	 mem={'swap': 0.0, 'virtual': 0.0, 'physical': 28.7}	 freeDisk=40.3G
1429979680.34	GATHERING
1429979680.34	DATA READY
1429979680.34	STANDBY
1429979680.34	PERFORMING_LOCAL
1429979680.36	COMPLETED_LOCAL
1429979680.36	READY
<END>
<BEGIN>
1429979619291320c368525bf8f43535069354216395ef01e06ddaca0617b61a8ad8b2623256dbe9
0123456789ABCDEF
1429979619.29
SHA256_TEST
60000 -verbose 20000
['testsData/experimentData.dat']
['AssistanceApps/sha256Example.assistanceApp', '10', 'testsData/experimentData.dat', '1429979619291320c368525bf8f43535069354216395ef01e06ddaca0617b61a8ad8b2623256dbe9', '60000 -verbose 20000']
READY
1429979620.31
0
AssistanceApps/runtimeIO/1429979619291320c368525bf8f43535069354216395ef01e06ddaca0617b61a8ad8b2623256dbe9/1429979619291320c368525bf8f43535069354216395ef01e06ddaca0617b61a8ad8b2623256dbe9-stdout.dat
AssistanceApps/runtimeIO/1429979619291320c368525bf8f43535069354216395ef01e06ddaca0617b61a8ad8b2623256dbe9/1429979619291320c368525bf8f43535069354216395ef01e06ddaca0617b61a8ad8b2623256dbe9-stderr.dat

1429979619.29	DRAFT
1429979619.29	WAITING
1429979620.29	 CPU=17.9	 mem={'swap': 0.0, 'virtual': 0.0, 'physical': 28.8}	 freeDisk=40.3G
1429979620.29	GATHERING
1429979620.29	DATA READY
1429979620.29	STANDBY
1429979620.29	PERFORMING_LOCAL
1429979620.31	COMPLETED_LOCAL
1429979620.31	READY
<END>
<BEGIN>
1429979739413540fd8f58834ab0381dcc5cb215b799b4754b8de417d173de2157a226eac7c1f920
0123456789ABCDEF
1429979739.41
SHA256_TEST
60000 -verbose 20000
['testsData/experimentData.dat']
['AssistanceApps/sha256Example.assistanceApp', '10', 'testsData/experimentData.dat', '1429979739413540fd8f58834ab0381dcc5cb215b799b4754b8de417d173de2157a226eac7c1f920', '60000 -verbose 20000']
READY
1429979740.44
0
AssistanceApps/runtimeIO/1429979739413540fd8f58834ab0381dcc5cb215b799b4754b8de417d173de2157a226eac7c1f920/1429979739413540fd8f58834ab0381dcc5cb215b799b4754b8de417d173de2157a226eac7c1f920-stdout.dat
AssistanceApps/runtimeIO/1429979739413540fd8f58834ab0381dcc5cb215b799b4754b8de417d173de2157a226eac7c1f920/1429979739413540fd8f58834ab0381dcc5cb215b799b4754b8de417d173de2157a226eac7c1f920-stderr.dat

1429979739.41	DRAFT
1429979739.41	WAITING
1429979740.42	 CPU=16.225	 mem={'swap': 0.0, 'virtual': 0.0, 'physical': 28.7}	 freeDisk=40.3G
1429979740.42	GATHERING
1429979740.42	DATA READY
1429979740.42	STANDBY
1429979740.42	PERFORMING_LOCAL
1429979740.44	COMPLETED_LOCAL
1429979740.44	READY
<END>
<BEGIN>
14299798294921221fc4ca2372688be246bb587001b853c16c5175578da4903dbe27948ca3acf04a
0123456789ABCDEF
1429979829.49
SHA256_TEST
60000 -verbose 20000
['testsData/experimentData.dat']
['AssistanceApps/sha256Example.assistanceApp', '10', 'testsData/experimentData.dat', '14299798294921221fc4ca2372688be246bb587001b853c16c5175578da4903dbe27948ca3acf04a', '60000 -verbose 20000']
READY
1429979830.52
0
AssistanceApps/runtimeIO/14299798294921221fc4ca2372688be246bb587001b853c16c5175578da4903dbe27948ca3acf04a/14299798294921221fc4ca2372688be246bb587001b853c16c5175578da4903dbe27948ca3acf04a-stdout.dat
AssistanceApps/runtimeIO/14299798294921221fc4ca2372688be246bb587001b853c16c5175578da4903dbe27948ca3acf04a/14299798294921221fc4ca2372688be246bb587001b853c16c5175578da4903dbe27948ca3acf04a-stderr.dat

1429979829.49	DRAFT
1429979829.49	WAITING
1429979830.5	 CPU=11.4	 mem={'swap': 0.0, 'virtual': 0.0, 'physical': 28.7}	 freeDisk=40.3G
1429979830.5	GATHERING
1429979830.5	DATA READY
1429979830.5	STANDBY
1429979830.5	PERFORMING_LOCAL
1429979830.52	COMPLETED_LOCAL
1429979830.52	READY
<END>
<BEGIN>
1429979769434129880ffc6f41fa5b9a0276acf4b0727569010f9abc1390cdc711c5320a36659068
0123456789ABCDEF
1429979769.43
SHA256_TEST
60000 -verbose 20000
['testsData/experimentData.dat']
['AssistanceApps/sha256Example.assistanceApp', '10', 'testsData/experimentData.dat', '1429979769434129880ffc6f41fa5b9a0276acf4b0727569010f9abc1390cdc711c5320a36659068', '60000 -verbose 20000']
READY
1429979770.45
0
AssistanceApps/runtimeIO/1429979769434129880ffc6f41fa5b9a0276acf4b0727569010f9abc1390cdc711c5320a36659068/1429979769434129880ffc6f41fa5b9a0276acf4b0727569010f9abc1390cdc711c5320a36659068-stdout.dat
AssistanceApps/runtimeIO/1429979769434129880ffc6f41fa5b9a0276acf4b0727569010f9abc1390cdc711c5320a36659068/1429979769434129880ffc6f41fa5b9a0276acf4b0727569010f9abc1390cdc711c5320a36659068-stderr.dat

1429979769.43	DRAFT
1429979769.43	WAITING
1429979770.43	 CPU=9.6	 mem={'swap': 0.0, 'virtual': 0.0, 'physical': 28.7}	 freeDisk=40.3G
1429979770.43	GATHERING
1429979770.43	DATA READY
1429979770.43	STANDBY
1429979770.43	PERFORMING_LOCAL
1429979770.45	COMPLETED_LOCAL
1429979770.45	READY
<END>
<BEGIN>
1429979769437628880ffc6f41fa5b9a0276acf4b0727569010f9abc1390cdc711c5320a36659068
0123456789ABCDEF
1429979769.43
SHA256_TEST
60000 -verbose 20000
['testsData/experimentData.dat']
['AssistanceApps/sha256Example.assistanceApp', '10', 'testsData/experimentData.dat', '1429979769437628880ffc6f41fa5b9a0276acf4b0727569010f9abc1390cdc711c5320a36659068', '60000 -verbose 20000']
READY
1429979770.45
0
AssistanceApps/runtimeIO/1429979769437628880ffc6f41fa5b9a0276acf4b0727569010f9abc1390cdc711c5320a36659068/1429979769437628880ffc6f41fa5b9a0276acf4b0727569010f9abc1390cdc711c5320a36659068-stdout.dat
AssistanceApps/runtimeIO/1429979769437628880ffc6f41fa5b9a0276acf4b0727569010f9abc1390cdc711c5320a36659068/1429979769437628880ffc6f41fa5b9a0276acf4b0727569010f9abc1390cdc711c5320a36659068-stderr.dat

1429979769.43	DRAFT
1429979769.43	WAITING
1429979770.44	 CPU=9.575	 mem={'swap': 0.0, 'virtual': 0.0, 'physical': 28.7}	 freeDisk=40.3G
1429979770.44	GATHERING
1429979770.44	DATA READY
1429979770.44	STANDBY
1429979770.44	PERFORMING_LOCAL
1429979770.45	COMPLETED_LOCAL
1429979770.45	READY
<END>
<BEGIN>
1429979619290816c368525bf8f43535069354216395ef01e06ddaca0617b61a8ad8b2623256dbe9
0123456789ABCDEF
1429979619.29
SHA256_TEST
60000 -verbose 20000
['testsData/experimentData.dat']
['AssistanceApps/sha256Example.assistanceApp', '10', 'testsData/experimentData.dat', '1429979619290816c368525bf8f43535069354216395ef01e06ddaca0617b61a8ad8b2623256dbe9', '60000 -verbose 20000']
READY
1429979620.32
0
AssistanceApps/runtimeIO/1429979619290816c368525bf8f43535069354216395ef01e06ddaca0617b61a8ad8b2623256dbe9/1429979619290816c368525bf8f43535069354216395ef01e06ddaca0617b61a8ad8b2623256dbe9-stdout.dat
AssistanceApps/runtimeIO/1429979619290816c368525bf8f43535069354216395ef01e06ddaca0617b61a8ad8b2623256dbe9/1429979619290816c368525bf8f43535069354216395ef01e06ddaca0617b61a8ad8b2623256dbe9-stderr.dat

1429979619.29	DRAFT
1429979619.29	WAITING
1429979620.3	 CPU=17.375	 mem={'swap': 0.0, 'virtual': 0.0, 'physical': 28.8}	 freeDisk=40.3G
1429979620.3	GATHERING
1429979620.3	DATA READY
1429979620.3	STANDBY
1429979620.3	PERFORMING_LOCAL
1429979620.32	COMPLETED_LOCAL
1429979620.32	READY
<END>