WatchdogThread<TestFunctionality>:::Test Echo to 10.2.9.11 has ended successfully.
WatchdogThread<TestFunctionality>:::Test SHA256LocalFile to 10.2.9.11 has ended successfully.
WatchdogThread<TestFunctionality>:::Test SHA256FTP to 10.2.9.11 has ended successfully.
WatchdogThread<TestFunctionality>:::Test WEKAfunctionality to 10.2.9.11 has ended successfully.

<BEGIN><Echo><10.2.9.11>
Tickets: 
142997931106187a0c6e0438a393556cff6edbd3775e435129abc72e5ef55ea3c1bccc21d3062a4
1429979311052212299d8b1812bedc702cf42e4d30120b3b06a2ab4419bf32d9323340a946078b7
142997931104350e04196148cd94750cd9d87c1f6122bf1c27c2e952952836793b5760d1c131fa8
Status: 
WAITING
WAITING
WAITING
Synch: 
HELLO WORLD
HELLO, WORLD!
HEII0, W0R1D!!!111!
<END>

<BEGIN><SHA256LocalFile><127.0.0.1>
Tickets: 
1429979311033226b5c35ffd522279b7a3280a675f3f5a2a7c777855fea2403bb99ce1bbfcdef697
1429979311040328a1fdaa54e249440cabde54d0a6b0347691abef15dc400b4c5b779eac4257ba6a
Status: 
WAITING
WAITING
Synch: 
AssistanceApps/runtimeIO/1429979311033226b5c35ffd522279b7a3280a675f3f5a2a7c777855fea2403bb99ce1bbfcdef697/1429979311033226b5c35ffd522279b7a3280a675f3f5a2a7c777855fea2403bb99ce1bbfcdef697-stdout.dat
AssistanceApps/runtimeIO/1429979311033226b5c35ffd522279b7a3280a675f3f5a2a7c777855fea2403bb99ce1bbfcdef697/1429979311033226b5c35ffd522279b7a3280a675f3f5a2a7c777855fea2403bb99ce1bbfcdef697-stderr.dat
AssistanceApps/runtimeIO/1429979311040328a1fdaa54e249440cabde54d0a6b0347691abef15dc400b4c5b779eac4257ba6a/1429979311040328a1fdaa54e249440cabde54d0a6b0347691abef15dc400b4c5b779eac4257ba6a-stdout.dat
AssistanceApps/runtimeIO/1429979311040328a1fdaa54e249440cabde54d0a6b0347691abef15dc400b4c5b779eac4257ba6a/1429979311040328a1fdaa54e249440cabde54d0a6b0347691abef15dc400b4c5b779eac4257ba6a-stderr.dat
<END>

<BEGIN><WEKA><10.2.9.11>
Tickets: 
142997931103416620bfcf74b85c86ce3eb8cc33ce85a893f77478aa98960119eba514292c84bf8
1429979311063683699550d9f178defe3b3566ecfeaba80bc2628fa649e57bcc6d7bd17c4a77723
Status: 
WAITING
WAITING
Submitting data 
Synch: 
testsResults/142997931103416620bfcf74b85c86ce3eb8cc33ce85a893f77478aa98960119eba514292c84bf8-stdout.dat
testsResults/142997931103416620bfcf74b85c86ce3eb8cc33ce85a893f77478aa98960119eba514292c84bf8-stderr.dat
testsResults/1429979311063683699550d9f178defe3b3566ecfeaba80bc2628fa649e57bcc6d7bd17c4a77723-stdout.dat
testsResults/1429979311063683699550d9f178defe3b3566ecfeaba80bc2628fa649e57bcc6d7bd17c4a77723-stderr.dat
<END>

<BEGIN><SHA256FTP><10.2.9.11>
Tickets: 
142997931107452b7dfc5ad6ed2b3257c2835c6f861adadb900accdff4712a34bf429b4e521ca90
14299793110109399d825dbad276567fa6fd0e203a59b439f6b763a3e1de652ab1948781d71e83d7
Status: 
WAITING
WAITING
Submitting data 
Synch: 
testsResults/142997931107452b7dfc5ad6ed2b3257c2835c6f861adadb900accdff4712a34bf429b4e521ca90-stdout.dat
testsResults/142997931107452b7dfc5ad6ed2b3257c2835c6f861adadb900accdff4712a34bf429b4e521ca90-stderr.dat
testsResults/14299793110109399d825dbad276567fa6fd0e203a59b439f6b763a3e1de652ab1948781d71e83d7-stdout.dat
testsResults/14299793110109399d825dbad276567fa6fd0e203a59b439f6b763a3e1de652ab1948781d71e83d7-stderr.dat
<END>
WatchdogThread<TestFunctionality>:::Test Echo to 10.2.9.12 has ended successfully.
WatchdogThread<TestFunctionality>:::Test SHA256LocalFile to 10.2.9.12 has ended successfully.
WatchdogThread<TestFunctionality>:::Test SHA256FTP to 10.2.9.12 has ended successfully.
WatchdogThread<TestFunctionality>:::Test WEKAfunctionality to 10.2.9.12 has ended successfully.

<BEGIN><Echo><10.2.9.12>
Tickets: 
1429979341046965f083dd5407b1dbe7fb7e31e3be62be0899a83d1e67a63067cb400b6493df8d39
142997934104472243271d1763524bd4169c8b0efc3648ea625a71d8930f681e66b40d4473caaa2f
1429979341048999d90c33d335335a2dde42ac72d0e1ec2ba586f41140d20216dec49ffee8dbfd8b
Status: 
WAITING
WAITING
WAITING
Synch: 
HELLO WORLD
HELLO, WORLD!
HEII0, W0R1D!!!111!
<END>

<BEGIN><SHA256LocalFile><127.0.0.1>
Tickets: 
142997934104714020af67777db4c2f1f2ddf897118a0c2e500b93dac94c7a2fe726ec0173499ea4
142997934105817150e2da59496b7729694d82f24fc97d93ea5bb23d185f9859c137ebd970181b26
Status: 
WAITING
WAITING
Synch: 
AssistanceApps/runtimeIO/142997934104714020af67777db4c2f1f2ddf897118a0c2e500b93dac94c7a2fe726ec0173499ea4/142997934104714020af67777db4c2f1f2ddf897118a0c2e500b93dac94c7a2fe726ec0173499ea4-stdout.dat
AssistanceApps/runtimeIO/142997934104714020af67777db4c2f1f2ddf897118a0c2e500b93dac94c7a2fe726ec0173499ea4/142997934104714020af67777db4c2f1f2ddf897118a0c2e500b93dac94c7a2fe726ec0173499ea4-stderr.dat
AssistanceApps/runtimeIO/142997934105817150e2da59496b7729694d82f24fc97d93ea5bb23d185f9859c137ebd970181b26/142997934105817150e2da59496b7729694d82f24fc97d93ea5bb23d185f9859c137ebd970181b26-stdout.dat
AssistanceApps/runtimeIO/142997934105817150e2da59496b7729694d82f24fc97d93ea5bb23d185f9859c137ebd970181b26/142997934105817150e2da59496b7729694d82f24fc97d93ea5bb23d185f9859c137ebd970181b26-stderr.dat
<END>

<BEGIN><WEKA><10.2.9.12>
Tickets: 
1429979341050914f920708aef92a0a666a8089bcd5f65a972584f152be9a5aaddc185613fc50b04
1429979341050372bd8dabe1cfe71eab39fb7c1d7dc56695519fbaa7496c1b2e85f96ddcdd79ccbc
Status: 
WAITING
WAITING
Submitting data 
Synch: 
testsResults/1429979341050914f920708aef92a0a666a8089bcd5f65a972584f152be9a5aaddc185613fc50b04-stdout.dat
testsResults/1429979341050914f920708aef92a0a666a8089bcd5f65a972584f152be9a5aaddc185613fc50b04-stderr.dat
testsResults/1429979341050372bd8dabe1cfe71eab39fb7c1d7dc56695519fbaa7496c1b2e85f96ddcdd79ccbc-stdout.dat
testsResults/1429979341050372bd8dabe1cfe71eab39fb7c1d7dc56695519fbaa7496c1b2e85f96ddcdd79ccbc-stderr.dat
<END>

<BEGIN><SHA256FTP><10.2.9.12>
Tickets: 
14299793410444729c2630496804f45971b5fa86ec8a46f539d4d773ec248ba4e76ffbb0ecb9c59e
14299793410501494f8b1045e8345da260430139ff77e095a6e757a4c943b0ed912371a454de6472
Status: 
WAITING
WAITING
Submitting data 
Synch: 
testsResults/14299793410444729c2630496804f45971b5fa86ec8a46f539d4d773ec248ba4e76ffbb0ecb9c59e-stdout.dat
testsResults/14299793410444729c2630496804f45971b5fa86ec8a46f539d4d773ec248ba4e76ffbb0ecb9c59e-stderr.dat
testsResults/14299793410501494f8b1045e8345da260430139ff77e095a6e757a4c943b0ed912371a454de6472-stdout.dat
testsResults/14299793410501494f8b1045e8345da260430139ff77e095a6e757a4c943b0ed912371a454de6472-stderr.dat
<END>
WatchdogThread<TestFunctionality>:::Test Echo to 10.2.9.13 has ended successfully.
WatchdogThread<TestFunctionality>:::Test SHA256LocalFile to 10.2.9.13 has ended successfully.
WatchdogThread<TestFunctionality>:::Test SHA256FTP to 10.2.9.13 has ended successfully.
WatchdogThread<TestFunctionality>:::Test WEKAfunctionality to 10.2.9.13 has ended successfully.

<BEGIN><Echo><10.2.9.13>
Tickets: 
1429979371049100467ae3065020e1395cfc37f759926c9e9a961e5729e554485f93ff846a884116
14299793710463797560aa202b5df3f58def6858115168bbd846d4e6db0f1e7ccab4cdc25c05a749
1429979371043083c1f952d229345b061d39985880546ab44a06a08b31dbf58a4c64d7da87387c21
Status: 
WAITING
WAITING
WAITING
Synch: 
HELLO WORLD
HELLO, WORLD!
HEII0, W0R1D!!!111!
<END>

<BEGIN><SHA256LocalFile><127.0.0.1>
Tickets: 
14299793710886992e2b42f4489653d9919ad4a6fd65191a1683a4292328234a30f9e840ab0bc1a3
14299793710852472e2b42f4489653d9919ad4a6fd65191a1683a4292328234a30f9e840ab0bc1a3
Status: 
WAITING
WAITING
Synch: 
AssistanceApps/runtimeIO/14299793710886992e2b42f4489653d9919ad4a6fd65191a1683a4292328234a30f9e840ab0bc1a3/14299793710886992e2b42f4489653d9919ad4a6fd65191a1683a4292328234a30f9e840ab0bc1a3-stdout.dat
AssistanceApps/runtimeIO/14299793710886992e2b42f4489653d9919ad4a6fd65191a1683a4292328234a30f9e840ab0bc1a3/14299793710886992e2b42f4489653d9919ad4a6fd65191a1683a4292328234a30f9e840ab0bc1a3-stderr.dat
AssistanceApps/runtimeIO/14299793710852472e2b42f4489653d9919ad4a6fd65191a1683a4292328234a30f9e840ab0bc1a3/14299793710852472e2b42f4489653d9919ad4a6fd65191a1683a4292328234a30f9e840ab0bc1a3-stdout.dat
AssistanceApps/runtimeIO/14299793710852472e2b42f4489653d9919ad4a6fd65191a1683a4292328234a30f9e840ab0bc1a3/14299793710852472e2b42f4489653d9919ad4a6fd65191a1683a4292328234a30f9e840ab0bc1a3-stderr.dat
<END>

<BEGIN><WEKA><10.2.9.13>
Tickets: 
1429979371057213d42c1fd792479a19622052dc7d171516f7d904d603e8e459bdb4ccc0fc610964
1429979371052411803a8c4f0cd02a148291ead134b84c71c959f881417f352d2096ee5bb98ea8fa
Status: 
WAITING
WAITING
Submitting data 
Synch: 
testsResults/1429979371057213d42c1fd792479a19622052dc7d171516f7d904d603e8e459bdb4ccc0fc610964-stdout.dat
testsResults/1429979371057213d42c1fd792479a19622052dc7d171516f7d904d603e8e459bdb4ccc0fc610964-stderr.dat
testsResults/1429979371052411803a8c4f0cd02a148291ead134b84c71c959f881417f352d2096ee5bb98ea8fa-stdout.dat
testsResults/1429979371052411803a8c4f0cd02a148291ead134b84c71c959f881417f352d2096ee5bb98ea8fa-stderr.dat
<END>

<BEGIN><SHA256FTP><10.2.9.13>
Tickets: 
1429979371053235b04114e14747670d5b7113efdea52c6409618c57306a72360bf6a031a2589e52
1429979371058947b04114e14747670d5b7113efdea52c6409618c57306a72360bf6a031a2589e52
Status: 
WAITING
WAITING
Submitting data 
Synch: 
testsResults/1429979371053235b04114e14747670d5b7113efdea52c6409618c57306a72360bf6a031a2589e52-stdout.dat
testsResults/1429979371053235b04114e14747670d5b7113efdea52c6409618c57306a72360bf6a031a2589e52-stderr.dat
testsResults/1429979371058947b04114e14747670d5b7113efdea52c6409618c57306a72360bf6a031a2589e52-stdout.dat
testsResults/1429979371058947b04114e14747670d5b7113efdea52c6409618c57306a72360bf6a031a2589e52-stderr.dat
<END>
WatchdogThread<TestFunctionality>:::Test Echo to 10.2.9.14 has ended successfully.
WatchdogThread<TestFunctionality>:::Test SHA256LocalFile to 10.2.9.14 has ended successfully.
WatchdogThread<TestFunctionality>:::Test SHA256FTP to 10.2.9.14 has ended successfully.
WatchdogThread<TestFunctionality>:::Test WEKAfunctionality to 10.2.9.14 has ended successfully.

<BEGIN><Echo><10.2.9.14>
Tickets: 
14299794008442234640361bb3d73548d54050f3dd48f268af4afc51f6601b19d3780e95c81f4ab2
1429979400840984c8d256e702ada722aa808b3e49cb87c0cfa9e32a4f459029fe05b8f9cd01d3df
1429979400844473ffda0f55d7e0013049c72f7dde351bdbc19cfac536d17981da89f8cce04c5a0a
Status: 
WAITING
WAITING
WAITING
Synch: 
HELLO WORLD
HELLO, WORLD!
HEII0, W0R1D!!!111!
<END>

<BEGIN><SHA256LocalFile><127.0.0.1>
Tickets: 
14299794011640317bb1312b551fcba5361d050c85dc6a10001a91d9c27f91fd00c96659fcf7308
14299794011765617bb1312b551fcba5361d050c85dc6a10001a91d9c27f91fd00c96659fcf7308
Status: 
WAITING
WAITING
Synch: 
AssistanceApps/runtimeIO/14299794011640317bb1312b551fcba5361d050c85dc6a10001a91d9c27f91fd00c96659fcf7308/14299794011640317bb1312b551fcba5361d050c85dc6a10001a91d9c27f91fd00c96659fcf7308-stdout.dat
AssistanceApps/runtimeIO/14299794011640317bb1312b551fcba5361d050c85dc6a10001a91d9c27f91fd00c96659fcf7308/14299794011640317bb1312b551fcba5361d050c85dc6a10001a91d9c27f91fd00c96659fcf7308-stderr.dat
AssistanceApps/runtimeIO/14299794011765617bb1312b551fcba5361d050c85dc6a10001a91d9c27f91fd00c96659fcf7308/14299794011765617bb1312b551fcba5361d050c85dc6a10001a91d9c27f91fd00c96659fcf7308-stdout.dat
AssistanceApps/runtimeIO/14299794011765617bb1312b551fcba5361d050c85dc6a10001a91d9c27f91fd00c96659fcf7308/14299794011765617bb1312b551fcba5361d050c85dc6a10001a91d9c27f91fd00c96659fcf7308-stderr.dat
<END>

<BEGIN><WEKA><10.2.9.14>
Tickets: 
1429979400842033a9cdcba41841dfc0d8ad7b1cdaad348f0f7b5d4c6a1d26e62f8e6d93fcf6c1ee
14299794008572010654861b04b7d4c4c1f474c504daca14960b231370443e27eaf62a09ee30b836
Status: 
WAITING
WAITING
Submitting data 
Synch: 
testsResults/1429979400842033a9cdcba41841dfc0d8ad7b1cdaad348f0f7b5d4c6a1d26e62f8e6d93fcf6c1ee-stdout.dat
testsResults/1429979400842033a9cdcba41841dfc0d8ad7b1cdaad348f0f7b5d4c6a1d26e62f8e6d93fcf6c1ee-stderr.dat
testsResults/14299794008572010654861b04b7d4c4c1f474c504daca14960b231370443e27eaf62a09ee30b836-stdout.dat
testsResults/14299794008572010654861b04b7d4c4c1f474c504daca14960b231370443e27eaf62a09ee30b836-stderr.dat
<END>

<BEGIN><SHA256FTP><10.2.9.14>
Tickets: 
14299794008435612d300fd12c24589fb397cf69f7e87a1030756237529653139af85545f6014163
14299794008470772d300fd12c24589fb397cf69f7e87a1030756237529653139af85545f6014163
Status: 
WAITING
WAITING
Submitting data 
Synch: 
testsResults/14299794008435612d300fd12c24589fb397cf69f7e87a1030756237529653139af85545f6014163-stdout.dat
testsResults/14299794008435612d300fd12c24589fb397cf69f7e87a1030756237529653139af85545f6014163-stderr.dat
testsResults/14299794008470772d300fd12c24589fb397cf69f7e87a1030756237529653139af85545f6014163-stdout.dat
testsResults/14299794008470772d300fd12c24589fb397cf69f7e87a1030756237529653139af85545f6014163-stderr.dat
<END>
WatchdogThread<TestFunctionality>:::Test Echo to 10.2.9.19 has ended successfully.
WatchdogThread<TestFunctionality>:::Test SHA256LocalFile to 10.2.9.19 has ended successfully.
WatchdogThread<TestFunctionality>:::Test SHA256FTP to 10.2.9.19 has ended successfully.
WatchdogThread<TestFunctionality>:::Test WEKAfunctionality to 10.2.9.19 has ended successfully.

<BEGIN><Echo><10.2.9.19>
Tickets: 
14299794311149915ce00dbb626dbfefaca727f3363b10586aad4da9c9e29d0538d6f829400f71f3
1429979431117409640f32a5004c17008b835815ea4197bed19f7ddabb0755c9dbf502e3b924182f
14299794311165805526c84c4e8da7e4e2c93c5e6abda5a7bad2ceab7a4f410002930094f0a8a480
Status: 
WAITING
WAITING
WAITING
Synch: 
HELLO WORLD
HELLO, WORLD!
HEII0, W0R1D!!!111!
<END>

<BEGIN><SHA256LocalFile><127.0.0.1>
Tickets: 
14299794311452970bb8a975ab7231ff7c87a3844086c32c46f49d67428bc82efa4c0fa3b5177db6
14299794311443990bb8a975ab7231ff7c87a3844086c32c46f49d67428bc82efa4c0fa3b5177db6
Status: 
WAITING
WAITING
Synch: 
AssistanceApps/runtimeIO/14299794311452970bb8a975ab7231ff7c87a3844086c32c46f49d67428bc82efa4c0fa3b5177db6/14299794311452970bb8a975ab7231ff7c87a3844086c32c46f49d67428bc82efa4c0fa3b5177db6-stdout.dat
AssistanceApps/runtimeIO/14299794311452970bb8a975ab7231ff7c87a3844086c32c46f49d67428bc82efa4c0fa3b5177db6/14299794311452970bb8a975ab7231ff7c87a3844086c32c46f49d67428bc82efa4c0fa3b5177db6-stderr.dat
AssistanceApps/runtimeIO/14299794311443990bb8a975ab7231ff7c87a3844086c32c46f49d67428bc82efa4c0fa3b5177db6/14299794311443990bb8a975ab7231ff7c87a3844086c32c46f49d67428bc82efa4c0fa3b5177db6-stdout.dat
AssistanceApps/runtimeIO/14299794311443990bb8a975ab7231ff7c87a3844086c32c46f49d67428bc82efa4c0fa3b5177db6/14299794311443990bb8a975ab7231ff7c87a3844086c32c46f49d67428bc82efa4c0fa3b5177db6-stderr.dat
<END>

<BEGIN><WEKA><10.2.9.19>
Tickets: 
14299794311100997edff0377bce8da5f6665bedf2baa6dcd1057d80195ff9c55b1c12a6574f3432
1429979431113889eeef667471490f0870d66eeeb0d2d754c4a64d0df057bf97c84db1018445a316
Status: 
WAITING
WAITING
Submitting data 
Synch: 
testsResults/14299794311100997edff0377bce8da5f6665bedf2baa6dcd1057d80195ff9c55b1c12a6574f3432-stdout.dat
testsResults/14299794311100997edff0377bce8da5f6665bedf2baa6dcd1057d80195ff9c55b1c12a6574f3432-stderr.dat
testsResults/1429979431113889eeef667471490f0870d66eeeb0d2d754c4a64d0df057bf97c84db1018445a316-stdout.dat
testsResults/1429979431113889eeef667471490f0870d66eeeb0d2d754c4a64d0df057bf97c84db1018445a316-stderr.dat
<END>

<BEGIN><SHA256FTP><10.2.9.19>
Tickets: 
14299794311132480ec9c8ecbb5d10bcc151266adbb0ed29e6edcfb23e0ad158df7874bc65c66cb4
1429979431129506fe5cdf76dc94efe4cfed94f25746c3f0c6724ed22e2cf3f7947b0cd3396be6db
Status: 
WAITING
WAITING
Submitting data 
Synch: 
testsResults/14299794311132480ec9c8ecbb5d10bcc151266adbb0ed29e6edcfb23e0ad158df7874bc65c66cb4-stdout.dat
testsResults/14299794311132480ec9c8ecbb5d10bcc151266adbb0ed29e6edcfb23e0ad158df7874bc65c66cb4-stderr.dat
testsResults/1429979431129506fe5cdf76dc94efe4cfed94f25746c3f0c6724ed22e2cf3f7947b0cd3396be6db-stdout.dat
testsResults/1429979431129506fe5cdf76dc94efe4cfed94f25746c3f0c6724ed22e2cf3f7947b0cd3396be6db-stderr.dat
<END>
WatchdogThread<TestFunctionality>:::Test Echo to 10.2.9.20 has ended successfully.
WatchdogThread<TestFunctionality>:::Test SHA256LocalFile to 10.2.9.20 has ended successfully.
WatchdogThread<TestFunctionality>:::Test SHA256FTP to 10.2.9.20 has ended successfully.
WatchdogThread<TestFunctionality>:::Test WEKAfunctionality to 10.2.9.20 has ended successfully.

<BEGIN><Echo><10.2.9.20>
Tickets: 
1429979461242743b65d4a70ae406f9c3dc562bce6400b09418d783acfdfc539b211cb22390383f
14299794612425783b58c04694ea71a0161ad1146ea054883dee5c0d5884d41c09cbca6fbd37593
142997946124809a1c4ab88456889db64f28d37230b1b37ead2f4959988d09af93c516acd01abce
Status: 
WAITING
WAITING
WAITING
Synch: 
HELLO WORLD
HELLO, WORLD!
HEII0, W0R1D!!!111!
<END>

<BEGIN><SHA256LocalFile><127.0.0.1>
Tickets: 
142997946117245080e8025a1608c243ecfacd095cdad5d6d777050788ac121103173fbda3f8ac5c
142997946118226781e11cdc544820aaab5f0402c5895579fa6a2eadac14609cdddc050ebaee29dc
Status: 
WAITING
WAITING
Synch: 
AssistanceApps/runtimeIO/142997946117245080e8025a1608c243ecfacd095cdad5d6d777050788ac121103173fbda3f8ac5c/142997946117245080e8025a1608c243ecfacd095cdad5d6d777050788ac121103173fbda3f8ac5c-stdout.dat
AssistanceApps/runtimeIO/142997946117245080e8025a1608c243ecfacd095cdad5d6d777050788ac121103173fbda3f8ac5c/142997946117245080e8025a1608c243ecfacd095cdad5d6d777050788ac121103173fbda3f8ac5c-stderr.dat
AssistanceApps/runtimeIO/142997946118226781e11cdc544820aaab5f0402c5895579fa6a2eadac14609cdddc050ebaee29dc/142997946118226781e11cdc544820aaab5f0402c5895579fa6a2eadac14609cdddc050ebaee29dc-stdout.dat
AssistanceApps/runtimeIO/142997946118226781e11cdc544820aaab5f0402c5895579fa6a2eadac14609cdddc050ebaee29dc/142997946118226781e11cdc544820aaab5f0402c5895579fa6a2eadac14609cdddc050ebaee29dc-stderr.dat
<END>

<BEGIN><WEKA><10.2.9.20>
Tickets: 
1429979461214055d30f12dbf6ba10e8bc0eb190f0fca3d3fcc339ad828b4a975097dc6b310bdb99
142997946121408066f38daed858e585a29fced9eb393d597137563a59601c2951eaf17f71dd9ba7
Status: 
WAITING
WAITING
Submitting data 
Synch: 
testsResults/1429979461214055d30f12dbf6ba10e8bc0eb190f0fca3d3fcc339ad828b4a975097dc6b310bdb99-stdout.dat
testsResults/1429979461214055d30f12dbf6ba10e8bc0eb190f0fca3d3fcc339ad828b4a975097dc6b310bdb99-stderr.dat
testsResults/142997946121408066f38daed858e585a29fced9eb393d597137563a59601c2951eaf17f71dd9ba7-stdout.dat
testsResults/142997946121408066f38daed858e585a29fced9eb393d597137563a59601c2951eaf17f71dd9ba7-stderr.dat
<END>

<BEGIN><SHA256FTP><10.2.9.20>
Tickets: 
142997946129399db4c6cc0f1558e3d1c0780ece6420b68633c6b0c89758812bf19a5c394d99eef
142997946121301306d4c9e0f1247b2e518e2addb5b67c157e475c1ce437f72a2a88501e9feeeaf0
Status: 
WAITING
WAITING
Submitting data 
Synch: 
testsResults/142997946129399db4c6cc0f1558e3d1c0780ece6420b68633c6b0c89758812bf19a5c394d99eef-stdout.dat
testsResults/142997946129399db4c6cc0f1558e3d1c0780ece6420b68633c6b0c89758812bf19a5c394d99eef-stderr.dat
testsResults/142997946121301306d4c9e0f1247b2e518e2addb5b67c157e475c1ce437f72a2a88501e9feeeaf0-stdout.dat
testsResults/142997946121301306d4c9e0f1247b2e518e2addb5b67c157e475c1ce437f72a2a88501e9feeeaf0-stderr.dat
<END>
WatchdogThread<TestFunctionality>:::Test Echo to 10.2.9.21 has ended successfully.
WatchdogThread<TestFunctionality>:::Test SHA256LocalFile to 10.2.9.21 has ended successfully.
WatchdogThread<TestFunctionality>:::Test SHA256FTP to 10.2.9.21 has ended successfully.
WatchdogThread<TestFunctionality>:::Test WEKAfunctionality to 10.2.9.21 has ended successfully.

<BEGIN><Echo><10.2.9.21>
Tickets: 
14299794912243550896d25745020c798da61ca713768691c06012ae07a1ae657c6a4c5afd107864
14299794912226458a1741c48bb3adbb5a40edfb0a5634322714d7db7ae9f5ccf8f9620c8c658fe9
14299794912399074641853d47b425a70356720b7cbb07b34398bc4d718be486547d931f48ea069f
Status: 
WAITING
WAITING
WAITING
Synch: 
HELLO WORLD
HELLO, WORLD!
HEII0, W0R1D!!!111!
<END>

<BEGIN><SHA256LocalFile><127.0.0.1>
Tickets: 
142997949123692dd8484c4cf72b875872c34ff36c87d641e08b50693d6528c2efbfa6b5168a192
1429979491218095d949c9f43b39c3944d40a70343ad4809f90adc60cae71dab5276f03a7509a4d3
Status: 
WAITING
WAITING
Synch: 
AssistanceApps/runtimeIO/142997949123692dd8484c4cf72b875872c34ff36c87d641e08b50693d6528c2efbfa6b5168a192/142997949123692dd8484c4cf72b875872c34ff36c87d641e08b50693d6528c2efbfa6b5168a192-stdout.dat
AssistanceApps/runtimeIO/142997949123692dd8484c4cf72b875872c34ff36c87d641e08b50693d6528c2efbfa6b5168a192/142997949123692dd8484c4cf72b875872c34ff36c87d641e08b50693d6528c2efbfa6b5168a192-stderr.dat
AssistanceApps/runtimeIO/1429979491218095d949c9f43b39c3944d40a70343ad4809f90adc60cae71dab5276f03a7509a4d3/1429979491218095d949c9f43b39c3944d40a70343ad4809f90adc60cae71dab5276f03a7509a4d3-stdout.dat
AssistanceApps/runtimeIO/1429979491218095d949c9f43b39c3944d40a70343ad4809f90adc60cae71dab5276f03a7509a4d3/1429979491218095d949c9f43b39c3944d40a70343ad4809f90adc60cae71dab5276f03a7509a4d3-stderr.dat
<END>

<BEGIN><WEKA><10.2.9.21>
Tickets: 
142997949123324232aab0d82277748f64db78da87c956e0ce91512281215f3e2dfc8c42e83a5257
1429979491231635a2c18fbdf56aac570ed488ab2275cba426de8a060f5ce2df757fdc2484929a6a
Status: 
WAITING
WAITING
Submitting data 
Synch: 
testsResults/142997949123324232aab0d82277748f64db78da87c956e0ce91512281215f3e2dfc8c42e83a5257-stdout.dat
testsResults/142997949123324232aab0d82277748f64db78da87c956e0ce91512281215f3e2dfc8c42e83a5257-stderr.dat
testsResults/1429979491231635a2c18fbdf56aac570ed488ab2275cba426de8a060f5ce2df757fdc2484929a6a-stdout.dat
testsResults/1429979491231635a2c18fbdf56aac570ed488ab2275cba426de8a060f5ce2df757fdc2484929a6a-stderr.dat
<END>

<BEGIN><SHA256FTP><10.2.9.21>
Tickets: 
1429979491220393c4a474d85667ce516033a4a917bec32355521f1c62f4125895690f2db05f9f43
1429979491234444cb3105241e897c4ca6583f645fdede16e5d62f8344019f6d198363455175681e
Status: 
WAITING
WAITING
Submitting data 
Synch: 
testsResults/1429979491220393c4a474d85667ce516033a4a917bec32355521f1c62f4125895690f2db05f9f43-stdout.dat
testsResults/1429979491220393c4a474d85667ce516033a4a917bec32355521f1c62f4125895690f2db05f9f43-stderr.dat
testsResults/1429979491234444cb3105241e897c4ca6583f645fdede16e5d62f8344019f6d198363455175681e-stdout.dat
testsResults/1429979491234444cb3105241e897c4ca6583f645fdede16e5d62f8344019f6d198363455175681e-stderr.dat
<END>
WatchdogThread<TestFunctionality>:::Test Echo to 10.2.9.22 has ended successfully.
WatchdogThread<TestFunctionality>:::Test SHA256LocalFile to 10.2.9.22 has ended successfully.
WatchdogThread<TestFunctionality>:::Test SHA256FTP to 10.2.9.22 has ended successfully.
WatchdogThread<TestFunctionality>:::Test WEKAfunctionality to 10.2.9.22 has ended successfully.

<BEGIN><Echo><10.2.9.22>
Tickets: 
1429979521198857bbb7c8b027f80816585bbb47a8ddea876bf448ec768e3dc46d8662836939e459
1429979521194846b6ace3416c32a5eb305f7b7691a336e64db61e5ce7a86e87943f31794ff322c9
142997952119303330f52aee7254b5461f7f8474d06c0c810a8c38c3a9f843e479dd09ba690acdaf
Status: 
WAITING
WAITING
WAITING
Synch: 
HELLO WORLD
HELLO, WORLD!
HEII0, W0R1D!!!111!
<END>

<BEGIN><SHA256LocalFile><127.0.0.1>
Tickets: 
14299795212247946b15140141b1ac913d0822e058152beec6b4c9186440922f32400129ba55ab8d
14299795212280416b15140141b1ac913d0822e058152beec6b4c9186440922f32400129ba55ab8d
Status: 
WAITING
WAITING
Synch: 
AssistanceApps/runtimeIO/14299795212247946b15140141b1ac913d0822e058152beec6b4c9186440922f32400129ba55ab8d/14299795212247946b15140141b1ac913d0822e058152beec6b4c9186440922f32400129ba55ab8d-stdout.dat
AssistanceApps/runtimeIO/14299795212247946b15140141b1ac913d0822e058152beec6b4c9186440922f32400129ba55ab8d/14299795212247946b15140141b1ac913d0822e058152beec6b4c9186440922f32400129ba55ab8d-stderr.dat
AssistanceApps/runtimeIO/14299795212280416b15140141b1ac913d0822e058152beec6b4c9186440922f32400129ba55ab8d/14299795212280416b15140141b1ac913d0822e058152beec6b4c9186440922f32400129ba55ab8d-stdout.dat
AssistanceApps/runtimeIO/14299795212280416b15140141b1ac913d0822e058152beec6b4c9186440922f32400129ba55ab8d/14299795212280416b15140141b1ac913d0822e058152beec6b4c9186440922f32400129ba55ab8d-stderr.dat
<END>

<BEGIN><WEKA><10.2.9.22>
Tickets: 
1429979521276383a4323452d2166be455b526c647e846321538cb7404a0fb96180fd0f0644fe39
142997952124633d3010b9157fb218209d6c5d2775a21cda7d5128919480a94e3ae7a1352b6ca63
Status: 
WAITING
WAITING
Submitting data 
Synch: 
testsResults/1429979521276383a4323452d2166be455b526c647e846321538cb7404a0fb96180fd0f0644fe39-stdout.dat
testsResults/1429979521276383a4323452d2166be455b526c647e846321538cb7404a0fb96180fd0f0644fe39-stderr.dat
testsResults/142997952124633d3010b9157fb218209d6c5d2775a21cda7d5128919480a94e3ae7a1352b6ca63-stdout.dat
testsResults/142997952124633d3010b9157fb218209d6c5d2775a21cda7d5128919480a94e3ae7a1352b6ca63-stderr.dat
<END>

<BEGIN><SHA256FTP><10.2.9.22>
Tickets: 
142997952119215836997c1f099c494ff28dca3c36e57edce7884a18af784215f7583fde4c9643b1
142997952119863536997c1f099c494ff28dca3c36e57edce7884a18af784215f7583fde4c9643b1
Status: 
WAITING
WAITING
Submitting data 
Synch: 
testsResults/142997952119215836997c1f099c494ff28dca3c36e57edce7884a18af784215f7583fde4c9643b1-stdout.dat
testsResults/142997952119215836997c1f099c494ff28dca3c36e57edce7884a18af784215f7583fde4c9643b1-stderr.dat
testsResults/142997952119863536997c1f099c494ff28dca3c36e57edce7884a18af784215f7583fde4c9643b1-stdout.dat
testsResults/142997952119863536997c1f099c494ff28dca3c36e57edce7884a18af784215f7583fde4c9643b1-stderr.dat
<END>
