
<BEGIN>
142997654402115fe6801cfe4f25b915647f8e1822ca2c74b2854260210dcbd13c7db56a4e2b00a
0123456789ABCDEF
1429976544.0
WEKA_3_6_12
weka.classifiers.trees.J48 -t
['AssistanceApps/runtimeIO/142997654402115fe6801cfe4f25b915647f8e1822ca2c74b2854260210dcbd13c7db56a4e2b00a/weather.numeric.arff']
['AssistanceApps/assistanceWEKA.assistanceApp', '10', 'AssistanceApps/runtimeIO/142997654402115fe6801cfe4f25b915647f8e1822ca2c74b2854260210dcbd13c7db56a4e2b00a/weather.numeric.arff', '142997654402115fe6801cfe4f25b915647f8e1822ca2c74b2854260210dcbd13c7db56a4e2b00a', 'weka.classifiers.trees.J48 -t']
FINISHED
1429976545.8
0
AssistanceApps/runtimeIO/142997654402115fe6801cfe4f25b915647f8e1822ca2c74b2854260210dcbd13c7db56a4e2b00a/142997654402115fe6801cfe4f25b915647f8e1822ca2c74b2854260210dcbd13c7db56a4e2b00a-stdout.dat
AssistanceApps/runtimeIO/142997654402115fe6801cfe4f25b915647f8e1822ca2c74b2854260210dcbd13c7db56a4e2b00a/142997654402115fe6801cfe4f25b915647f8e1822ca2c74b2854260210dcbd13c7db56a4e2b00a-stderr.dat

1429976544.0	DRAFT
1429976544.0	WAITING
1429976545.05	 CPU=31.0	 mem={'swap': 0.0, 'virtual': 0.0, 'physical': 28.7}	 freeDisk=40.3G
1429976545.05	GATHERING
1429976545.08	DATA READY
1429976545.09	STANDBY
1429976545.09	PERFORMING_LOCAL
1429976545.8	COMPLETED_LOCAL
1429976545.8	READY
1429976545.84	SENDING_DATA
1429976545.84	FINISHED
<END>
<BEGIN>
142997654408791b777c480b03031ba913335be869bd1dd664e5f989be7069d48ec630dd391dc3a
0123456789ABCDEF
1429976544.0
LOCAL_ECHO_TEST
Hello World
[]
['AssistanceApps/echoInAllCaps.assistanceApp', '10', '', '142997654408791b777c480b03031ba913335be869bd1dd664e5f989be7069d48ec630dd391dc3a', 'Hello World']
READY
1429976545.03
0
HELLO WORLD



1429976544.0	DRAFT
1429976544.0	WAITING
1429976545.01	 CPU=30.8	 mem={'swap': 0.0, 'virtual': 0.0, 'physical': 28.7}	 freeDisk=40.3G
1429976545.01	DATA READY
1429976545.01	STANDBY
1429976545.01	PERFORMING_LOCAL
1429976545.03	COMPLETED_LOCAL
1429976545.03	READY
<END>
<BEGIN>
14299765439895620bb7a531fd39e8865e1680a3b24e33abbf0ae83b212985c0df28a883847e1ed5
0123456789ABCDEF
1429976543.98
SHA256_TEST
60000 -verbose 20000
['testsData/experimentData.dat']
['AssistanceApps/sha256Example.assistanceApp', '10', 'testsData/experimentData.dat', '14299765439895620bb7a531fd39e8865e1680a3b24e33abbf0ae83b212985c0df28a883847e1ed5', '60000 -verbose 20000']
READY
1429976545.03
0
AssistanceApps/runtimeIO/14299765439895620bb7a531fd39e8865e1680a3b24e33abbf0ae83b212985c0df28a883847e1ed5/14299765439895620bb7a531fd39e8865e1680a3b24e33abbf0ae83b212985c0df28a883847e1ed5-stdout.dat
AssistanceApps/runtimeIO/14299765439895620bb7a531fd39e8865e1680a3b24e33abbf0ae83b212985c0df28a883847e1ed5/14299765439895620bb7a531fd39e8865e1680a3b24e33abbf0ae83b212985c0df28a883847e1ed5-stderr.dat

1429976543.98	DRAFT
1429976543.98	WAITING
1429976545.0	 CPU=30.575	 mem={'swap': 0.0, 'virtual': 0.0, 'physical': 28.7}	 freeDisk=40.3G
1429976545.0	GATHERING
1429976545.0	DATA READY
1429976545.0	STANDBY
1429976545.0	PERFORMING_LOCAL
1429976545.03	COMPLETED_LOCAL
1429976545.03	READY
<END>
<BEGIN>
142997654399615056722989705d4814d6a3c272c883206d9819729e569e3c9e840a78c8df228c1b
0123456789ABCDEF
1429976543.99
SHA256_TEST
60000 -verbose 20000
['AssistanceApps/runtimeIO/142997654399615056722989705d4814d6a3c272c883206d9819729e569e3c9e840a78c8df228c1b/experimentData.dat']
['AssistanceApps/sha256Example.assistanceApp', '10', 'AssistanceApps/runtimeIO/142997654399615056722989705d4814d6a3c272c883206d9819729e569e3c9e840a78c8df228c1b/experimentData.dat', '142997654399615056722989705d4814d6a3c272c883206d9819729e569e3c9e840a78c8df228c1b', '60000 -verbose 20000']
FINISHED
1429976546.43
0
AssistanceApps/runtimeIO/142997654399615056722989705d4814d6a3c272c883206d9819729e569e3c9e840a78c8df228c1b/142997654399615056722989705d4814d6a3c272c883206d9819729e569e3c9e840a78c8df228c1b-stdout.dat
AssistanceApps/runtimeIO/142997654399615056722989705d4814d6a3c272c883206d9819729e569e3c9e840a78c8df228c1b/142997654399615056722989705d4814d6a3c272c883206d9819729e569e3c9e840a78c8df228c1b-stderr.dat

1429976543.99	DRAFT
1429976543.99	WAITING
1429976544.99	 CPU=30.65	 mem={'swap': 0.0, 'virtual': 0.0, 'physical': 28.7}	 freeDisk=40.3G
1429976544.99	GATHERING
1429976545.03	DATA READY
1429976545.03	STANDBY
1429976545.03	PERFORMING_LOCAL
1429976546.43	COMPLETED_LOCAL
1429976546.43	READY
1429976546.56	SENDING_DATA
1429976546.56	FINISHED
<END>
<BEGIN>
142997654401127492b914d28307fcd8a8316794745e965da65c1b73a602670d97c44edeea724f0d
0123456789ABCDEF
1429976544.01
LOCAL_ECHO_TEST
Hello, World!
[]
['AssistanceApps/echoInAllCaps.assistanceApp', '10', '', '142997654401127492b914d28307fcd8a8316794745e965da65c1b73a602670d97c44edeea724f0d', 'Hello, World!']
READY
1429976545.09
0
HELLO, WORLD!



1429976544.01	DRAFT
1429976544.01	WAITING
1429976545.04	 CPU=31.5	 mem={'swap': 0.0, 'virtual': 0.0, 'physical': 28.7}	 freeDisk=40.3G
1429976545.04	DATA READY
1429976545.04	STANDBY
1429976545.04	PERFORMING_LOCAL
1429976545.09	COMPLETED_LOCAL
1429976545.09	READY
<END>
<BEGIN>
1429976544096159316f140e9f8de9ce1e8902a03f3199d178f9660e7855ff290a61fb5d9dccfcb
0123456789ABCDEF
1429976543.99
WEKA_3_6_12
weka.classifiers.trees.J48 -t
['AssistanceApps/runtimeIO/1429976544096159316f140e9f8de9ce1e8902a03f3199d178f9660e7855ff290a61fb5d9dccfcb/weather.nominal.arff']
['AssistanceApps/assistanceWEKA.assistanceApp', '10', 'AssistanceApps/runtimeIO/1429976544096159316f140e9f8de9ce1e8902a03f3199d178f9660e7855ff290a61fb5d9dccfcb/weather.nominal.arff', '1429976544096159316f140e9f8de9ce1e8902a03f3199d178f9660e7855ff290a61fb5d9dccfcb', 'weka.classifiers.trees.J48 -t']
FINISHED
1429976545.66
0
AssistanceApps/runtimeIO/1429976544096159316f140e9f8de9ce1e8902a03f3199d178f9660e7855ff290a61fb5d9dccfcb/1429976544096159316f140e9f8de9ce1e8902a03f3199d178f9660e7855ff290a61fb5d9dccfcb-stdout.dat
AssistanceApps/runtimeIO/1429976544096159316f140e9f8de9ce1e8902a03f3199d178f9660e7855ff290a61fb5d9dccfcb/1429976544096159316f140e9f8de9ce1e8902a03f3199d178f9660e7855ff290a61fb5d9dccfcb-stderr.dat

1429976543.99	DRAFT
1429976544.0	WAITING
1429976545.01	 CPU=30.975	 mem={'swap': 0.0, 'virtual': 0.0, 'physical': 28.7}	 freeDisk=40.3G
1429976545.01	GATHERING
1429976545.05	DATA READY
1429976545.06	STANDBY
1429976545.06	PERFORMING_LOCAL
1429976545.66	COMPLETED_LOCAL
1429976545.66	READY
1429976545.84	SENDING_DATA
1429976545.84	FINISHED
<END>
<BEGIN>
1429976544011436cbc3afcaedf202ad35b0142e85de717f153fbfaf958a4234fae665ef2c4b2e4a
0123456789ABCDEF
1429976544.01
LOCAL_ECHO_TEST
HeII0, W0r1d!!!111!
[]
['AssistanceApps/echoInAllCaps.assistanceApp', '10', '', '1429976544011436cbc3afcaedf202ad35b0142e85de717f153fbfaf958a4234fae665ef2c4b2e4a', 'HeII0, W0r1d!!!111!']
READY
1429976545.09
0
HEII0, W0R1D!!!111!



1429976544.01	DRAFT
1429976544.01	WAITING
1429976545.04	 CPU=31.25	 mem={'swap': 0.0, 'virtual': 0.0, 'physical': 28.7}	 freeDisk=40.3G
1429976545.04	DATA READY
1429976545.04	STANDBY
1429976545.04	PERFORMING_LOCAL
1429976545.09	COMPLETED_LOCAL
1429976545.09	READY
<END>
<BEGIN>
142997654402975beb47b08f41dad561a277c78100a5d4ff114d887c7a10fec806faa2d7239a872
0123456789ABCDEF
1429976544.0
SHA256_TEST
60000 -verbose 20000
['testsData/experimentData.dat']
['AssistanceApps/sha256Example.assistanceApp', '10', 'testsData/experimentData.dat', '142997654402975beb47b08f41dad561a277c78100a5d4ff114d887c7a10fec806faa2d7239a872', '60000 -verbose 20000']
READY
1429976545.05
0
AssistanceApps/runtimeIO/142997654402975beb47b08f41dad561a277c78100a5d4ff114d887c7a10fec806faa2d7239a872/142997654402975beb47b08f41dad561a277c78100a5d4ff114d887c7a10fec806faa2d7239a872-stdout.dat
AssistanceApps/runtimeIO/142997654402975beb47b08f41dad561a277c78100a5d4ff114d887c7a10fec806faa2d7239a872/142997654402975beb47b08f41dad561a277c78100a5d4ff114d887c7a10fec806faa2d7239a872-stderr.dat

1429976544.0	DRAFT
1429976544.0	WAITING
1429976545.0	 CPU=30.425	 mem={'swap': 0.0, 'virtual': 0.0, 'physical': 28.7}	 freeDisk=40.3G
1429976545.0	GATHERING
1429976545.01	DATA READY
1429976545.01	STANDBY
1429976545.01	PERFORMING_LOCAL
1429976545.05	COMPLETED_LOCAL
1429976545.05	READY
<END>
<BEGIN>
1429976544033404c67c8b9ef2d5f1fe52d5b7691b6ccde018fead83390a423f8b46e82a336fbc6
0123456789ABCDEF
1429976544.0
SHA256_TEST
60000 -verbose 20000
['AssistanceApps/runtimeIO/1429976544033404c67c8b9ef2d5f1fe52d5b7691b6ccde018fead83390a423f8b46e82a336fbc6/experimentData.dat']
['AssistanceApps/sha256Example.assistanceApp', '10', 'AssistanceApps/runtimeIO/1429976544033404c67c8b9ef2d5f1fe52d5b7691b6ccde018fead83390a423f8b46e82a336fbc6/experimentData.dat', '1429976544033404c67c8b9ef2d5f1fe52d5b7691b6ccde018fead83390a423f8b46e82a336fbc6', '60000 -verbose 20000']
FINISHED
1429976546.51
0
AssistanceApps/runtimeIO/1429976544033404c67c8b9ef2d5f1fe52d5b7691b6ccde018fead83390a423f8b46e82a336fbc6/1429976544033404c67c8b9ef2d5f1fe52d5b7691b6ccde018fead83390a423f8b46e82a336fbc6-stdout.dat
AssistanceApps/runtimeIO/1429976544033404c67c8b9ef2d5f1fe52d5b7691b6ccde018fead83390a423f8b46e82a336fbc6/1429976544033404c67c8b9ef2d5f1fe52d5b7691b6ccde018fead83390a423f8b46e82a336fbc6-stderr.dat

1429976544.0	DRAFT
1429976544.0	WAITING
1429976545.02	 CPU=30.95	 mem={'swap': 0.0, 'virtual': 0.0, 'physical': 28.7}	 freeDisk=40.3G
1429976545.02	GATHERING
1429976545.05	DATA READY
1429976545.06	STANDBY
1429976545.06	PERFORMING_LOCAL
1429976546.52	COMPLETED_LOCAL
1429976546.52	READY
1429976546.56	SENDING_DATA
1429976546.56	FINISHED
<END>