
<BEGIN>
14299784734652556b09556b6ec44ee760ea7c851d38486e3ed5439f55a16bcc588c88e418276452
0123456789ABCDEF
1429978473.46
WEKA_3_6_12
weka.classifiers.trees.J48 -t
['AssistanceApps/runtimeIO/14299784734652556b09556b6ec44ee760ea7c851d38486e3ed5439f55a16bcc588c88e418276452/weather.numeric.arff']
['AssistanceApps/assistanceWEKA.assistanceApp', '10', 'AssistanceApps/runtimeIO/14299784734652556b09556b6ec44ee760ea7c851d38486e3ed5439f55a16bcc588c88e418276452/weather.numeric.arff', '14299784734652556b09556b6ec44ee760ea7c851d38486e3ed5439f55a16bcc588c88e418276452', 'weka.classifiers.trees.J48 -t']
FINISHED
1429978474.65
0
AssistanceApps/runtimeIO/14299784734652556b09556b6ec44ee760ea7c851d38486e3ed5439f55a16bcc588c88e418276452/14299784734652556b09556b6ec44ee760ea7c851d38486e3ed5439f55a16bcc588c88e418276452-stdout.dat
AssistanceApps/runtimeIO/14299784734652556b09556b6ec44ee760ea7c851d38486e3ed5439f55a16bcc588c88e418276452/14299784734652556b09556b6ec44ee760ea7c851d38486e3ed5439f55a16bcc588c88e418276452-stderr.dat

1429978473.46	DRAFT
1429978473.46	WAITING
1429978474.46	 CPU=1.25	 mem={'swap': 0.0, 'virtual': 0.0, 'physical': 18.1}	 freeDisk=40.1G
1429978474.46	GATHERING
1429978474.48	DATA READY
1429978474.48	STANDBY
1429978474.48	PERFORMING_LOCAL
1429978474.65	COMPLETED_LOCAL
1429978474.65	READY
1429978474.73	SENDING_DATA
1429978474.73	FINISHED
<END>
<BEGIN>
14299784734674717acdf47a21a21fe68435111b25378b825fb36502dff0ffc47b0179c84effbad4
0123456789ABCDEF
1429978473.46
SHA256_TEST
60000 -verbose 20000
['AssistanceApps/runtimeIO/14299784734674717acdf47a21a21fe68435111b25378b825fb36502dff0ffc47b0179c84effbad4/experimentData.dat']
['AssistanceApps/sha256Example.assistanceApp', '10', 'AssistanceApps/runtimeIO/14299784734674717acdf47a21a21fe68435111b25378b825fb36502dff0ffc47b0179c84effbad4/experimentData.dat', '14299784734674717acdf47a21a21fe68435111b25378b825fb36502dff0ffc47b0179c84effbad4', '60000 -verbose 20000']
FINISHED
1429978474.96
0
AssistanceApps/runtimeIO/14299784734674717acdf47a21a21fe68435111b25378b825fb36502dff0ffc47b0179c84effbad4/14299784734674717acdf47a21a21fe68435111b25378b825fb36502dff0ffc47b0179c84effbad4-stdout.dat
AssistanceApps/runtimeIO/14299784734674717acdf47a21a21fe68435111b25378b825fb36502dff0ffc47b0179c84effbad4/14299784734674717acdf47a21a21fe68435111b25378b825fb36502dff0ffc47b0179c84effbad4-stderr.dat

1429978473.46	DRAFT
1429978473.46	WAITING
1429978474.46	 CPU=1.0	 mem={'swap': 0.0, 'virtual': 0.0, 'physical': 18.0}	 freeDisk=40.1G
1429978474.46	GATHERING
1429978474.47	DATA READY
1429978474.47	STANDBY
1429978474.47	PERFORMING_LOCAL
1429978474.96	COMPLETED_LOCAL
1429978474.96	READY
1429978474.98	SENDING_DATA
1429978474.98	FINISHED
<END>
<BEGIN>
1429978473469632526a9f0567bcd0b77e8871d2fbbe3293e383cd10d7b6154b8aed5ea2eb174aaa
0123456789ABCDEF
1429978473.46
LOCAL_ECHO_TEST
HeII0, W0r1d!!!111!
[]
['AssistanceApps/echoInAllCaps.assistanceApp', '10', '', '1429978473469632526a9f0567bcd0b77e8871d2fbbe3293e383cd10d7b6154b8aed5ea2eb174aaa', 'HeII0, W0r1d!!!111!']
READY
1429978474.46
0
HEII0, W0R1D!!!111!



1429978473.46	DRAFT
1429978473.46	WAITING
1429978474.46	 CPU=1.0	 mem={'swap': 0.0, 'virtual': 0.0, 'physical': 18.0}	 freeDisk=40.1G
1429978474.46	DATA READY
1429978474.46	STANDBY
1429978474.46	PERFORMING_LOCAL
1429978474.46	COMPLETED_LOCAL
1429978474.46	READY
<END>
<BEGIN>
1429978473466229a79960487a26184d0fea9b31d306d8fb5257115beadfb81754b1e728921fcdd4
0123456789ABCDEF
1429978473.46
LOCAL_ECHO_TEST
Hello, World!
[]
['AssistanceApps/echoInAllCaps.assistanceApp', '10', '', '1429978473466229a79960487a26184d0fea9b31d306d8fb5257115beadfb81754b1e728921fcdd4', 'Hello, World!']
READY
1429978474.46
0
HELLO, WORLD!



1429978473.46	DRAFT
1429978473.46	WAITING
1429978474.46	 CPU=1.0	 mem={'swap': 0.0, 'virtual': 0.0, 'physical': 18.0}	 freeDisk=40.1G
1429978474.46	DATA READY
1429978474.46	STANDBY
1429978474.46	PERFORMING_LOCAL
1429978474.46	COMPLETED_LOCAL
1429978474.46	READY
<END>
<BEGIN>
14299784734603937acdf47a21a21fe68435111b25378b825fb36502dff0ffc47b0179c84effbad4
0123456789ABCDEF
1429978473.46
SHA256_TEST
60000 -verbose 20000
['AssistanceApps/runtimeIO/14299784734603937acdf47a21a21fe68435111b25378b825fb36502dff0ffc47b0179c84effbad4/experimentData.dat']
['AssistanceApps/sha256Example.assistanceApp', '10', 'AssistanceApps/runtimeIO/14299784734603937acdf47a21a21fe68435111b25378b825fb36502dff0ffc47b0179c84effbad4/experimentData.dat', '14299784734603937acdf47a21a21fe68435111b25378b825fb36502dff0ffc47b0179c84effbad4', '60000 -verbose 20000']
FINISHED
1429978474.96
0
AssistanceApps/runtimeIO/14299784734603937acdf47a21a21fe68435111b25378b825fb36502dff0ffc47b0179c84effbad4/14299784734603937acdf47a21a21fe68435111b25378b825fb36502dff0ffc47b0179c84effbad4-stdout.dat
AssistanceApps/runtimeIO/14299784734603937acdf47a21a21fe68435111b25378b825fb36502dff0ffc47b0179c84effbad4/14299784734603937acdf47a21a21fe68435111b25378b825fb36502dff0ffc47b0179c84effbad4-stderr.dat

1429978473.46	DRAFT
1429978473.46	WAITING
1429978474.46	 CPU=1.0	 mem={'swap': 0.0, 'virtual': 0.0, 'physical': 18.0}	 freeDisk=40.1G
1429978474.46	GATHERING
1429978474.48	DATA READY
1429978474.48	STANDBY
1429978474.48	PERFORMING_LOCAL
1429978474.96	COMPLETED_LOCAL
1429978474.96	READY
1429978474.98	SENDING_DATA
1429978474.98	FINISHED
<END>
<BEGIN>
1429978473468187f51fc60855778c8b7fa767ea9f18f6954bf74e1018df4aefb9eb289759f35453
0123456789ABCDEF
1429978473.46
LOCAL_ECHO_TEST
Hello World
[]
['AssistanceApps/echoInAllCaps.assistanceApp', '10', '', '1429978473468187f51fc60855778c8b7fa767ea9f18f6954bf74e1018df4aefb9eb289759f35453', 'Hello World']
READY
1429978474.46
0
HELLO WORLD



1429978473.46	DRAFT
1429978473.46	WAITING
1429978474.46	 CPU=1.0	 mem={'swap': 0.0, 'virtual': 0.0, 'physical': 18.0}	 freeDisk=40.1G
1429978474.46	DATA READY
1429978474.46	STANDBY
1429978474.46	PERFORMING_LOCAL
1429978474.46	COMPLETED_LOCAL
1429978474.46	READY
<END>
<BEGIN>
1429978473465165b4a1372237c8bd381c4bf0b5cf246eae8277ade8140e1f4c389395b07b4afb5e
0123456789ABCDEF
1429978473.46
WEKA_3_6_12
weka.classifiers.trees.J48 -t
['AssistanceApps/runtimeIO/1429978473465165b4a1372237c8bd381c4bf0b5cf246eae8277ade8140e1f4c389395b07b4afb5e/weather.nominal.arff']
['AssistanceApps/assistanceWEKA.assistanceApp', '10', 'AssistanceApps/runtimeIO/1429978473465165b4a1372237c8bd381c4bf0b5cf246eae8277ade8140e1f4c389395b07b4afb5e/weather.nominal.arff', '1429978473465165b4a1372237c8bd381c4bf0b5cf246eae8277ade8140e1f4c389395b07b4afb5e', 'weka.classifiers.trees.J48 -t']
FINISHED
1429978474.64
0
AssistanceApps/runtimeIO/1429978473465165b4a1372237c8bd381c4bf0b5cf246eae8277ade8140e1f4c389395b07b4afb5e/1429978473465165b4a1372237c8bd381c4bf0b5cf246eae8277ade8140e1f4c389395b07b4afb5e-stdout.dat
AssistanceApps/runtimeIO/1429978473465165b4a1372237c8bd381c4bf0b5cf246eae8277ade8140e1f4c389395b07b4afb5e/1429978473465165b4a1372237c8bd381c4bf0b5cf246eae8277ade8140e1f4c389395b07b4afb5e-stderr.dat

1429978473.46	DRAFT
1429978473.46	WAITING
1429978474.46	 CPU=1.0	 mem={'swap': 0.0, 'virtual': 0.0, 'physical': 18.0}	 freeDisk=40.1G
1429978474.46	GATHERING
1429978474.47	DATA READY
1429978474.47	STANDBY
1429978474.47	PERFORMING_LOCAL
1429978474.64	COMPLETED_LOCAL
1429978474.64	READY
1429978474.73	SENDING_DATA
1429978474.73	FINISHED
<END>