
<BEGIN>
1429976887414509d6e9745c1f056451b2abfa68e5f12143721df4f694ec0dac78094e21406ee250
0123456789ABCDEF
1429976887.41
SHA256_TEST
60000 -verbose 20000
['testsData/experimentData.dat']
['AssistanceApps/sha256Example.assistanceApp', '10', 'testsData/experimentData.dat', '1429976887414509d6e9745c1f056451b2abfa68e5f12143721df4f694ec0dac78094e21406ee250', '60000 -verbose 20000']
READY
1429976888.43
0
AssistanceApps/runtimeIO/1429976887414509d6e9745c1f056451b2abfa68e5f12143721df4f694ec0dac78094e21406ee250/1429976887414509d6e9745c1f056451b2abfa68e5f12143721df4f694ec0dac78094e21406ee250-stdout.dat
AssistanceApps/runtimeIO/1429976887414509d6e9745c1f056451b2abfa68e5f12143721df4f694ec0dac78094e21406ee250/1429976887414509d6e9745c1f056451b2abfa68e5f12143721df4f694ec0dac78094e21406ee250-stderr.dat

1429976887.41	DRAFT
1429976887.41	WAITING
1429976888.42	 CPU=1.0	 mem={'swap': 0.0, 'virtual': 0.0, 'physical': 18.3}	 freeDisk=40.2G
1429976888.42	GATHERING
1429976888.42	DATA READY
1429976888.42	STANDBY
1429976888.42	PERFORMING_LOCAL
1429976888.43	COMPLETED_LOCAL
1429976888.43	READY
<END>
<BEGIN>
1429976887428511b6df349d1ef113658932506d5185556020f489f894e0bbb5342f353b2b806a3a
0123456789ABCDEF
1429976887.42
LOCAL_ECHO_TEST
HeII0, W0r1d!!!111!
[]
['AssistanceApps/echoInAllCaps.assistanceApp', '10', '', '1429976887428511b6df349d1ef113658932506d5185556020f489f894e0bbb5342f353b2b806a3a', 'HeII0, W0r1d!!!111!']
READY
1429976888.43
0
HEII0, W0R1D!!!111!



1429976887.42	DRAFT
1429976887.42	WAITING
1429976888.42	 CPU=1.25	 mem={'swap': 0.0, 'virtual': 0.0, 'physical': 18.3}	 freeDisk=40.2G
1429976888.42	DATA READY
1429976888.42	STANDBY
1429976888.42	PERFORMING_LOCAL
1429976888.43	COMPLETED_LOCAL
1429976888.43	READY
<END>
<BEGIN>
14299768874229134098d17e32f255c3fc743da9fbeaeac2135960cf8e8f1c60ea6cb5a1e271966f
0123456789ABCDEF
1429976887.42
SHA256_TEST
60000 -verbose 20000
['AssistanceApps/runtimeIO/14299768874229134098d17e32f255c3fc743da9fbeaeac2135960cf8e8f1c60ea6cb5a1e271966f/experimentData.dat']
['AssistanceApps/sha256Example.assistanceApp', '10', 'AssistanceApps/runtimeIO/14299768874229134098d17e32f255c3fc743da9fbeaeac2135960cf8e8f1c60ea6cb5a1e271966f/experimentData.dat', '14299768874229134098d17e32f255c3fc743da9fbeaeac2135960cf8e8f1c60ea6cb5a1e271966f', '60000 -verbose 20000']
FINISHED
1429976888.91
0
AssistanceApps/runtimeIO/14299768874229134098d17e32f255c3fc743da9fbeaeac2135960cf8e8f1c60ea6cb5a1e271966f/14299768874229134098d17e32f255c3fc743da9fbeaeac2135960cf8e8f1c60ea6cb5a1e271966f-stdout.dat
AssistanceApps/runtimeIO/14299768874229134098d17e32f255c3fc743da9fbeaeac2135960cf8e8f1c60ea6cb5a1e271966f/14299768874229134098d17e32f255c3fc743da9fbeaeac2135960cf8e8f1c60ea6cb5a1e271966f-stderr.dat

1429976887.42	DRAFT
1429976887.42	WAITING
1429976888.42	 CPU=1.25	 mem={'swap': 0.0, 'virtual': 0.0, 'physical': 18.4}	 freeDisk=40.2G
1429976888.42	GATHERING
1429976888.43	DATA READY
1429976888.43	STANDBY
1429976888.43	PERFORMING_LOCAL
1429976888.91	COMPLETED_LOCAL
1429976888.91	READY
1429976888.93	SENDING_DATA
1429976888.93	FINISHED
<END>
<BEGIN>
14299768874170529cc13972ee6f6fce15bbba9747aa0bba94eb7d976fc44df4c39339b7a2944051
0123456789ABCDEF
1429976887.41
LOCAL_ECHO_TEST
Hello World
[]
['AssistanceApps/echoInAllCaps.assistanceApp', '10', '', '14299768874170529cc13972ee6f6fce15bbba9747aa0bba94eb7d976fc44df4c39339b7a2944051', 'Hello World']
READY
1429976888.42
0
HELLO WORLD



1429976887.41	DRAFT
1429976887.41	WAITING
1429976888.42	 CPU=1.25	 mem={'swap': 0.0, 'virtual': 0.0, 'physical': 18.2}	 freeDisk=40.2G
1429976888.42	DATA READY
1429976888.42	STANDBY
1429976888.42	PERFORMING_LOCAL
1429976888.42	COMPLETED_LOCAL
1429976888.42	READY
<END>
<BEGIN>
14299768874129185874734aa5e1f2e8b4b3673c96684a6f5423ef9ce8de800a7a6def071c0c1620
0123456789ABCDEF
1429976887.41
WEKA_3_6_12
weka.classifiers.trees.J48 -t
['AssistanceApps/runtimeIO/14299768874129185874734aa5e1f2e8b4b3673c96684a6f5423ef9ce8de800a7a6def071c0c1620/weather.nominal.arff']
['AssistanceApps/assistanceWEKA.assistanceApp', '10', 'AssistanceApps/runtimeIO/14299768874129185874734aa5e1f2e8b4b3673c96684a6f5423ef9ce8de800a7a6def071c0c1620/weather.nominal.arff', '14299768874129185874734aa5e1f2e8b4b3673c96684a6f5423ef9ce8de800a7a6def071c0c1620', 'weka.classifiers.trees.J48 -t']
FINISHED
1429976888.82
0
AssistanceApps/runtimeIO/14299768874129185874734aa5e1f2e8b4b3673c96684a6f5423ef9ce8de800a7a6def071c0c1620/14299768874129185874734aa5e1f2e8b4b3673c96684a6f5423ef9ce8de800a7a6def071c0c1620-stdout.dat
AssistanceApps/runtimeIO/14299768874129185874734aa5e1f2e8b4b3673c96684a6f5423ef9ce8de800a7a6def071c0c1620/14299768874129185874734aa5e1f2e8b4b3673c96684a6f5423ef9ce8de800a7a6def071c0c1620-stderr.dat

1429976887.41	DRAFT
1429976887.41	WAITING
1429976888.42	 CPU=1.0	 mem={'swap': 0.0, 'virtual': 0.0, 'physical': 18.3}	 freeDisk=40.2G
1429976888.42	GATHERING
1429976888.67	DATA READY
1429976888.67	STANDBY
1429976888.67	PERFORMING_LOCAL
1429976888.83	COMPLETED_LOCAL
1429976888.83	READY
1429976888.93	SENDING_DATA
1429976888.93	FINISHED
<END>
<BEGIN>
1429976887418879d0768610fac7a122f232c898f2a209f0ea963706a2bd63206c2b662e08f6861a
0123456789ABCDEF
1429976887.41
LOCAL_ECHO_TEST
Hello, World!
[]
['AssistanceApps/echoInAllCaps.assistanceApp', '10', '', '1429976887418879d0768610fac7a122f232c898f2a209f0ea963706a2bd63206c2b662e08f6861a', 'Hello, World!']
READY
1429976888.43
0
HELLO, WORLD!



1429976887.41	DRAFT
1429976887.41	WAITING
1429976888.42	 CPU=1.0	 mem={'swap': 0.0, 'virtual': 0.0, 'physical': 18.3}	 freeDisk=40.2G
1429976888.42	DATA READY
1429976888.42	STANDBY
1429976888.42	PERFORMING_LOCAL
1429976888.43	COMPLETED_LOCAL
1429976888.43	READY
<END>
<BEGIN>
1429976887416417d6e9745c1f056451b2abfa68e5f12143721df4f694ec0dac78094e21406ee250
0123456789ABCDEF
1429976887.41
SHA256_TEST
60000 -verbose 20000
['testsData/experimentData.dat']
['AssistanceApps/sha256Example.assistanceApp', '10', 'testsData/experimentData.dat', '1429976887416417d6e9745c1f056451b2abfa68e5f12143721df4f694ec0dac78094e21406ee250', '60000 -verbose 20000']
READY
1429976888.42
0
AssistanceApps/runtimeIO/1429976887416417d6e9745c1f056451b2abfa68e5f12143721df4f694ec0dac78094e21406ee250/1429976887416417d6e9745c1f056451b2abfa68e5f12143721df4f694ec0dac78094e21406ee250-stdout.dat
AssistanceApps/runtimeIO/1429976887416417d6e9745c1f056451b2abfa68e5f12143721df4f694ec0dac78094e21406ee250/1429976887416417d6e9745c1f056451b2abfa68e5f12143721df4f694ec0dac78094e21406ee250-stderr.dat

1429976887.41	DRAFT
1429976887.41	WAITING
1429976888.42	 CPU=1.0	 mem={'swap': 0.0, 'virtual': 0.0, 'physical': 18.3}	 freeDisk=40.2G
1429976888.42	GATHERING
1429976888.42	DATA READY
1429976888.42	STANDBY
1429976888.42	PERFORMING_LOCAL
1429976888.42	COMPLETED_LOCAL
1429976888.42	READY
<END>
<BEGIN>
1429976887427057633304752663493c61d6ac90a8abec235133bb09b9c3efff8e6fd14b11df8663
0123456789ABCDEF
1429976887.42
WEKA_3_6_12
weka.classifiers.trees.J48 -t
['AssistanceApps/runtimeIO/1429976887427057633304752663493c61d6ac90a8abec235133bb09b9c3efff8e6fd14b11df8663/weather.numeric.arff']
['AssistanceApps/assistanceWEKA.assistanceApp', '10', 'AssistanceApps/runtimeIO/1429976887427057633304752663493c61d6ac90a8abec235133bb09b9c3efff8e6fd14b11df8663/weather.numeric.arff', '1429976887427057633304752663493c61d6ac90a8abec235133bb09b9c3efff8e6fd14b11df8663', 'weka.classifiers.trees.J48 -t']
FINISHED
1429976888.87
0
AssistanceApps/runtimeIO/1429976887427057633304752663493c61d6ac90a8abec235133bb09b9c3efff8e6fd14b11df8663/1429976887427057633304752663493c61d6ac90a8abec235133bb09b9c3efff8e6fd14b11df8663-stdout.dat
AssistanceApps/runtimeIO/1429976887427057633304752663493c61d6ac90a8abec235133bb09b9c3efff8e6fd14b11df8663/1429976887427057633304752663493c61d6ac90a8abec235133bb09b9c3efff8e6fd14b11df8663-stderr.dat

1429976887.42	DRAFT
1429976887.42	WAITING
1429976888.42	 CPU=1.25	 mem={'swap': 0.0, 'virtual': 0.0, 'physical': 18.3}	 freeDisk=40.2G
1429976888.42	GATHERING
1429976888.67	DATA READY
1429976888.67	STANDBY
1429976888.67	PERFORMING_LOCAL
1429976888.87	COMPLETED_LOCAL
1429976888.87	READY
1429976888.93	SENDING_DATA
1429976888.93	FINISHED
<END>
<BEGIN>
14299768874229424098d17e32f255c3fc743da9fbeaeac2135960cf8e8f1c60ea6cb5a1e271966f
0123456789ABCDEF
1429976887.42
SHA256_TEST
60000 -verbose 20000
['AssistanceApps/runtimeIO/14299768874229424098d17e32f255c3fc743da9fbeaeac2135960cf8e8f1c60ea6cb5a1e271966f/experimentData.dat']
['AssistanceApps/sha256Example.assistanceApp', '10', 'AssistanceApps/runtimeIO/14299768874229424098d17e32f255c3fc743da9fbeaeac2135960cf8e8f1c60ea6cb5a1e271966f/experimentData.dat', '14299768874229424098d17e32f255c3fc743da9fbeaeac2135960cf8e8f1c60ea6cb5a1e271966f', '60000 -verbose 20000']
FINISHED
1429976888.92
0
AssistanceApps/runtimeIO/14299768874229424098d17e32f255c3fc743da9fbeaeac2135960cf8e8f1c60ea6cb5a1e271966f/14299768874229424098d17e32f255c3fc743da9fbeaeac2135960cf8e8f1c60ea6cb5a1e271966f-stdout.dat
AssistanceApps/runtimeIO/14299768874229424098d17e32f255c3fc743da9fbeaeac2135960cf8e8f1c60ea6cb5a1e271966f/14299768874229424098d17e32f255c3fc743da9fbeaeac2135960cf8e8f1c60ea6cb5a1e271966f-stderr.dat

1429976887.42	DRAFT
1429976887.42	WAITING
1429976888.42	 CPU=1.25	 mem={'swap': 0.0, 'virtual': 0.0, 'physical': 18.3}	 freeDisk=40.2G
1429976888.42	GATHERING
1429976888.43	DATA READY
1429976888.43	STANDBY
1429976888.43	PERFORMING_LOCAL
1429976888.92	COMPLETED_LOCAL
1429976888.92	READY
1429976888.93	SENDING_DATA
1429976888.93	FINISHED
<END>
<BEGIN>
142997774705490725ca7cf31637a59bfad9fd34a9e099361b6d1d17c12753c5b963235a9ff2904d
0123456789ABCDEF
1429977747.05
LOCAL_ECHO_TEST
Hello World
[]
['AssistanceApps/echoInAllCaps.assistanceApp', '10', '', '142997774705490725ca7cf31637a59bfad9fd34a9e099361b6d1d17c12753c5b963235a9ff2904d', 'Hello World']
READY
1429977748.06
0
HELLO WORLD



1429977747.05	DRAFT
1429977747.05	WAITING
1429977748.05	 CPU=0.75	 mem={'swap': 0.0, 'virtual': 0.0, 'physical': 17.9}	 freeDisk=40.2G
1429977748.05	DATA READY
1429977748.05	STANDBY
1429977748.05	PERFORMING_LOCAL
1429977748.06	COMPLETED_LOCAL
1429977748.06	READY
<END>
<BEGIN>
1429977747054678e4f9aed5890280f89d0da5310f81af1c81fdfb4ce6424f6acafd8e001d2a0dad
0123456789ABCDEF
1429977747.05
LOCAL_ECHO_TEST
Hello, World!
[]
['AssistanceApps/echoInAllCaps.assistanceApp', '10', '', '1429977747054678e4f9aed5890280f89d0da5310f81af1c81fdfb4ce6424f6acafd8e001d2a0dad', 'Hello, World!']
READY
1429977748.06
0
HELLO, WORLD!



1429977747.05	DRAFT
1429977747.05	WAITING
1429977748.06	 CPU=0.75	 mem={'swap': 0.0, 'virtual': 0.0, 'physical': 17.9}	 freeDisk=40.2G
1429977748.06	DATA READY
1429977748.06	STANDBY
1429977748.06	PERFORMING_LOCAL
1429977748.06	COMPLETED_LOCAL
1429977748.06	READY
<END>
<BEGIN>
14299777470634110076d2a314b624b01b80d369102e0c635969218b95057ebd6172341908fcb61a
0123456789ABCDEF
1429977747.06
SHA256_TEST
60000 -verbose 20000
['AssistanceApps/runtimeIO/14299777470634110076d2a314b624b01b80d369102e0c635969218b95057ebd6172341908fcb61a/experimentData.dat']
['AssistanceApps/sha256Example.assistanceApp', '10', 'AssistanceApps/runtimeIO/14299777470634110076d2a314b624b01b80d369102e0c635969218b95057ebd6172341908fcb61a/experimentData.dat', '14299777470634110076d2a314b624b01b80d369102e0c635969218b95057ebd6172341908fcb61a', '60000 -verbose 20000']
FINISHED
1429977748.56
0
AssistanceApps/runtimeIO/14299777470634110076d2a314b624b01b80d369102e0c635969218b95057ebd6172341908fcb61a/14299777470634110076d2a314b624b01b80d369102e0c635969218b95057ebd6172341908fcb61a-stdout.dat
AssistanceApps/runtimeIO/14299777470634110076d2a314b624b01b80d369102e0c635969218b95057ebd6172341908fcb61a/14299777470634110076d2a314b624b01b80d369102e0c635969218b95057ebd6172341908fcb61a-stderr.dat

1429977747.06	DRAFT
1429977747.06	WAITING
1429977748.06	 CPU=0.75	 mem={'swap': 0.0, 'virtual': 0.0, 'physical': 17.9}	 freeDisk=40.2G
1429977748.06	GATHERING
1429977748.07	DATA READY
1429977748.07	STANDBY
1429977748.07	PERFORMING_LOCAL
1429977748.56	COMPLETED_LOCAL
1429977748.56	READY
1429977748.57	SENDING_DATA
1429977748.57	FINISHED
<END>
<BEGIN>
14299777470669651055b1a67b4e28b992506db27f4c6eb1e6cdc5b3156c983f6f96454880350cfc
0123456789ABCDEF
1429977747.06
WEKA_3_6_12
weka.classifiers.trees.J48 -t
['AssistanceApps/runtimeIO/14299777470669651055b1a67b4e28b992506db27f4c6eb1e6cdc5b3156c983f6f96454880350cfc/weather.numeric.arff']
['AssistanceApps/assistanceWEKA.assistanceApp', '10', 'AssistanceApps/runtimeIO/14299777470669651055b1a67b4e28b992506db27f4c6eb1e6cdc5b3156c983f6f96454880350cfc/weather.numeric.arff', '14299777470669651055b1a67b4e28b992506db27f4c6eb1e6cdc5b3156c983f6f96454880350cfc', 'weka.classifiers.trees.J48 -t']
FINISHED
1429977748.24
0
AssistanceApps/runtimeIO/14299777470669651055b1a67b4e28b992506db27f4c6eb1e6cdc5b3156c983f6f96454880350cfc/14299777470669651055b1a67b4e28b992506db27f4c6eb1e6cdc5b3156c983f6f96454880350cfc-stdout.dat
AssistanceApps/runtimeIO/14299777470669651055b1a67b4e28b992506db27f4c6eb1e6cdc5b3156c983f6f96454880350cfc/14299777470669651055b1a67b4e28b992506db27f4c6eb1e6cdc5b3156c983f6f96454880350cfc-stderr.dat

1429977747.06	DRAFT
1429977747.06	WAITING
1429977748.06	 CPU=1.25	 mem={'swap': 0.0, 'virtual': 0.0, 'physical': 17.9}	 freeDisk=40.2G
1429977748.06	GATHERING
1429977748.07	DATA READY
1429977748.07	STANDBY
1429977748.07	PERFORMING_LOCAL
1429977748.24	COMPLETED_LOCAL
1429977748.24	READY
1429977748.33	SENDING_DATA
1429977748.33	FINISHED
<END>
<BEGIN>
14299777470623890076d2a314b624b01b80d369102e0c635969218b95057ebd6172341908fcb61a
0123456789ABCDEF
1429977747.06
SHA256_TEST
60000 -verbose 20000
['AssistanceApps/runtimeIO/14299777470623890076d2a314b624b01b80d369102e0c635969218b95057ebd6172341908fcb61a/experimentData.dat']
['AssistanceApps/sha256Example.assistanceApp', '10', 'AssistanceApps/runtimeIO/14299777470623890076d2a314b624b01b80d369102e0c635969218b95057ebd6172341908fcb61a/experimentData.dat', '14299777470623890076d2a314b624b01b80d369102e0c635969218b95057ebd6172341908fcb61a', '60000 -verbose 20000']
FINISHED
1429977748.54
0
AssistanceApps/runtimeIO/14299777470623890076d2a314b624b01b80d369102e0c635969218b95057ebd6172341908fcb61a/14299777470623890076d2a314b624b01b80d369102e0c635969218b95057ebd6172341908fcb61a-stdout.dat
AssistanceApps/runtimeIO/14299777470623890076d2a314b624b01b80d369102e0c635969218b95057ebd6172341908fcb61a/14299777470623890076d2a314b624b01b80d369102e0c635969218b95057ebd6172341908fcb61a-stderr.dat

1429977747.06	DRAFT
1429977747.06	WAITING
1429977748.06	 CPU=1.25	 mem={'swap': 0.0, 'virtual': 0.0, 'physical': 17.9}	 freeDisk=40.2G
1429977748.06	GATHERING
1429977748.07	DATA READY
1429977748.07	STANDBY
1429977748.07	PERFORMING_LOCAL
1429977748.54	COMPLETED_LOCAL
1429977748.54	READY
1429977748.58	SENDING_DATA
1429977748.58	FINISHED
<END>
<BEGIN>
1429977747050298d4f2b05b07d74282e8f240d6ec87e139537796db752fcbda8204872d71870a0f
0123456789ABCDEF
1429977747.05
LOCAL_ECHO_TEST
HeII0, W0r1d!!!111!
[]
['AssistanceApps/echoInAllCaps.assistanceApp', '10', '', '1429977747050298d4f2b05b07d74282e8f240d6ec87e139537796db752fcbda8204872d71870a0f', 'HeII0, W0r1d!!!111!']
READY
1429977748.06
0
HEII0, W0R1D!!!111!



1429977747.05	DRAFT
1429977747.05	WAITING
1429977748.06	 CPU=0.75	 mem={'swap': 0.0, 'virtual': 0.0, 'physical': 17.9}	 freeDisk=40.2G
1429977748.06	DATA READY
1429977748.06	STANDBY
1429977748.06	PERFORMING_LOCAL
1429977748.06	COMPLETED_LOCAL
1429977748.06	READY
<END>
<BEGIN>
1429977747068719557a90936f45b8dc81e38a5f26336636e224fe1b772615c8299a8d7ee2eba67c
0123456789ABCDEF
1429977747.06
WEKA_3_6_12
weka.classifiers.trees.J48 -t
['AssistanceApps/runtimeIO/1429977747068719557a90936f45b8dc81e38a5f26336636e224fe1b772615c8299a8d7ee2eba67c/weather.nominal.arff']
['AssistanceApps/assistanceWEKA.assistanceApp', '10', 'AssistanceApps/runtimeIO/1429977747068719557a90936f45b8dc81e38a5f26336636e224fe1b772615c8299a8d7ee2eba67c/weather.nominal.arff', '1429977747068719557a90936f45b8dc81e38a5f26336636e224fe1b772615c8299a8d7ee2eba67c', 'weka.classifiers.trees.J48 -t']
FINISHED
1429977748.24
0
AssistanceApps/runtimeIO/1429977747068719557a90936f45b8dc81e38a5f26336636e224fe1b772615c8299a8d7ee2eba67c/1429977747068719557a90936f45b8dc81e38a5f26336636e224fe1b772615c8299a8d7ee2eba67c-stdout.dat
AssistanceApps/runtimeIO/1429977747068719557a90936f45b8dc81e38a5f26336636e224fe1b772615c8299a8d7ee2eba67c/1429977747068719557a90936f45b8dc81e38a5f26336636e224fe1b772615c8299a8d7ee2eba67c-stderr.dat

1429977747.06	DRAFT
1429977747.06	WAITING
1429977748.06	 CPU=1.25	 mem={'swap': 0.0, 'virtual': 0.0, 'physical': 17.9}	 freeDisk=40.2G
1429977748.06	GATHERING
1429977748.07	DATA READY
1429977748.07	STANDBY
1429977748.07	PERFORMING_LOCAL
1429977748.24	COMPLETED_LOCAL
1429977748.24	READY
1429977748.33	SENDING_DATA
1429977748.33	FINISHED
<END>