WatchdogThread<TestFunctionality>:::Test Echo to 10.2.9.11 has ended successfully.
WatchdogThread<TestFunctionality>:::Test SHA256LocalFile to 10.2.9.11 has ended successfully.
WatchdogThread<TestFunctionality>:::Test SHA256FTP to 10.2.9.11 has ended successfully.
WatchdogThread<TestFunctionality>:::Test WEKAfunctionality to 10.2.9.11 has ended successfully.

<BEGIN><Echo><10.2.9.11>
Tickets: 
1429977657217542785934c4af0593dc94d015cbc4f4a8ad58ca68d8e7ce5f7d38709c09dfbe3c95
1429977657211379a536299372d088f42762b5dd5c4fdfa11bd481ef80c92d1f63a77075b48e7a0e
1429977657222158ceb5a9d3707e4b8ed076aa81bcc223ab7e06e64589019c1e4fa0eb8d867e3e14
Status: 
WAITING
WAITING
WAITING
Synch: 
HELLO WORLD
HELLO, WORLD!
HEII0, W0R1D!!!111!
<END>

<BEGIN><SHA256LocalFile><127.0.0.1>
Tickets: 
14299776572397870022d697b7c44d2e2d4584f634c6278505e3415137a2d5340e13ede8037e59aa
14299776572317610022d697b7c44d2e2d4584f634c6278505e3415137a2d5340e13ede8037e59aa
Status: 
WAITING
WAITING
Synch: 
AssistanceApps/runtimeIO/14299776572397870022d697b7c44d2e2d4584f634c6278505e3415137a2d5340e13ede8037e59aa/14299776572397870022d697b7c44d2e2d4584f634c6278505e3415137a2d5340e13ede8037e59aa-stdout.dat
AssistanceApps/runtimeIO/14299776572397870022d697b7c44d2e2d4584f634c6278505e3415137a2d5340e13ede8037e59aa/14299776572397870022d697b7c44d2e2d4584f634c6278505e3415137a2d5340e13ede8037e59aa-stderr.dat
AssistanceApps/runtimeIO/14299776572317610022d697b7c44d2e2d4584f634c6278505e3415137a2d5340e13ede8037e59aa/14299776572317610022d697b7c44d2e2d4584f634c6278505e3415137a2d5340e13ede8037e59aa-stdout.dat
AssistanceApps/runtimeIO/14299776572317610022d697b7c44d2e2d4584f634c6278505e3415137a2d5340e13ede8037e59aa/14299776572317610022d697b7c44d2e2d4584f634c6278505e3415137a2d5340e13ede8037e59aa-stderr.dat
<END>

<BEGIN><WEKA><10.2.9.11>
Tickets: 
14299776572186471899c51d5551aabf148e1d3039bcd2b75aa62443a9589f4ff5d0d0dfb34e2a4b
1429977657219466731d00fc9150c2913ffd132151bf7a56ea2b74a99ab4537b23ccddb5363442f8
Status: 
WAITING
WAITING
Submitting data 
Synch: 
testsResults/14299776572186471899c51d5551aabf148e1d3039bcd2b75aa62443a9589f4ff5d0d0dfb34e2a4b-stdout.dat
testsResults/14299776572186471899c51d5551aabf148e1d3039bcd2b75aa62443a9589f4ff5d0d0dfb34e2a4b-stderr.dat
testsResults/1429977657219466731d00fc9150c2913ffd132151bf7a56ea2b74a99ab4537b23ccddb5363442f8-stdout.dat
testsResults/1429977657219466731d00fc9150c2913ffd132151bf7a56ea2b74a99ab4537b23ccddb5363442f8-stderr.dat
<END>

<BEGIN><SHA256FTP><10.2.9.11>
Tickets: 
1429977657213850efb90e5e60828ddc3958b66bb3ce1115c64d38a84e8bd886745583e56959b068
1429977657228356a09445464be11da7b30fae3eb4fddc9504ceccadffa5288b86ea8920b98e465d
Status: 
WAITING
WAITING
Submitting data 
Synch: 
testsResults/1429977657213850efb90e5e60828ddc3958b66bb3ce1115c64d38a84e8bd886745583e56959b068-stdout.dat
testsResults/1429977657213850efb90e5e60828ddc3958b66bb3ce1115c64d38a84e8bd886745583e56959b068-stderr.dat
testsResults/1429977657228356a09445464be11da7b30fae3eb4fddc9504ceccadffa5288b86ea8920b98e465d-stdout.dat
testsResults/1429977657228356a09445464be11da7b30fae3eb4fddc9504ceccadffa5288b86ea8920b98e465d-stderr.dat
<END>
WatchdogThread<TestFunctionality>:::Test Echo to 10.2.9.12 has ended successfully.
WatchdogThread<TestFunctionality>:::Test SHA256LocalFile to 10.2.9.12 has ended successfully.
WatchdogThread<TestFunctionality>:::Test SHA256FTP to 10.2.9.12 has ended successfully.
WatchdogThread<TestFunctionality>:::Test WEKAfunctionality to 10.2.9.12 has ended successfully.

<BEGIN><Echo><10.2.9.12>
Tickets: 
1429977687252073daba5a7d50d0e3f1e80c44222899c30d3e895d0079a2e68825dc4a2c87bfb823
14299776872544133cb857797fda4e24f762e3fba7f43a97449b78c76c52275c97633bef5f8c95be
14299776872523771c607a688bb7b5d3b7fe633a3ef1a3a73d8bec55a70eb00678108f37272efaab
Status: 
WAITING
WAITING
WAITING
Synch: 
HELLO WORLD
HELLO, WORLD!
HEII0, W0R1D!!!111!
<END>

<BEGIN><SHA256LocalFile><127.0.0.1>
Tickets: 
1429977687275232c7852adbc87dd7b3a3e0504e0edac7bc5a134a2d59e65da2ed144c8d1f31d4e3
1429977687278907c7852adbc87dd7b3a3e0504e0edac7bc5a134a2d59e65da2ed144c8d1f31d4e3
Status: 
WAITING
WAITING
Synch: 
AssistanceApps/runtimeIO/1429977687275232c7852adbc87dd7b3a3e0504e0edac7bc5a134a2d59e65da2ed144c8d1f31d4e3/1429977687275232c7852adbc87dd7b3a3e0504e0edac7bc5a134a2d59e65da2ed144c8d1f31d4e3-stdout.dat
AssistanceApps/runtimeIO/1429977687275232c7852adbc87dd7b3a3e0504e0edac7bc5a134a2d59e65da2ed144c8d1f31d4e3/1429977687275232c7852adbc87dd7b3a3e0504e0edac7bc5a134a2d59e65da2ed144c8d1f31d4e3-stderr.dat
AssistanceApps/runtimeIO/1429977687278907c7852adbc87dd7b3a3e0504e0edac7bc5a134a2d59e65da2ed144c8d1f31d4e3/1429977687278907c7852adbc87dd7b3a3e0504e0edac7bc5a134a2d59e65da2ed144c8d1f31d4e3-stdout.dat
AssistanceApps/runtimeIO/1429977687278907c7852adbc87dd7b3a3e0504e0edac7bc5a134a2d59e65da2ed144c8d1f31d4e3/1429977687278907c7852adbc87dd7b3a3e0504e0edac7bc5a134a2d59e65da2ed144c8d1f31d4e3-stderr.dat
<END>

<BEGIN><WEKA><10.2.9.12>
Tickets: 
1429977687261875b952b4c0f16c513d8e95d91bc7807e6eeb8db80e9fa0ede150015c15f7790ef9
142997768726855951420bfed260754e75e7719d853d8e96ff49647ea226880170b6923a0ec266b5
Status: 
WAITING
WAITING
Submitting data 
Synch: 
testsResults/1429977687261875b952b4c0f16c513d8e95d91bc7807e6eeb8db80e9fa0ede150015c15f7790ef9-stdout.dat
testsResults/1429977687261875b952b4c0f16c513d8e95d91bc7807e6eeb8db80e9fa0ede150015c15f7790ef9-stderr.dat
testsResults/142997768726855951420bfed260754e75e7719d853d8e96ff49647ea226880170b6923a0ec266b5-stdout.dat
testsResults/142997768726855951420bfed260754e75e7719d853d8e96ff49647ea226880170b6923a0ec266b5-stderr.dat
<END>

<BEGIN><SHA256FTP><10.2.9.12>
Tickets: 
142997768726850056a3823d0fd4280c3d7c0d32ee5729de8f9744d35d25f7385d4a6e07cbce02ec
142997768726266756a3823d0fd4280c3d7c0d32ee5729de8f9744d35d25f7385d4a6e07cbce02ec
Status: 
WAITING
WAITING
Submitting data 
Synch: 
testsResults/142997768726850056a3823d0fd4280c3d7c0d32ee5729de8f9744d35d25f7385d4a6e07cbce02ec-stdout.dat
testsResults/142997768726850056a3823d0fd4280c3d7c0d32ee5729de8f9744d35d25f7385d4a6e07cbce02ec-stderr.dat
testsResults/142997768726266756a3823d0fd4280c3d7c0d32ee5729de8f9744d35d25f7385d4a6e07cbce02ec-stdout.dat
testsResults/142997768726266756a3823d0fd4280c3d7c0d32ee5729de8f9744d35d25f7385d4a6e07cbce02ec-stderr.dat
<END>
WatchdogThread<TestFunctionality>:::Test Echo to 10.2.9.13 has ended successfully.
WatchdogThread<TestFunctionality>:::Test SHA256LocalFile to 10.2.9.13 has ended successfully.
WatchdogThread<TestFunctionality>:::Test SHA256FTP to 10.2.9.13 has ended successfully.
WatchdogThread<TestFunctionality>:::Test WEKAfunctionality to 10.2.9.13 has ended successfully.

<BEGIN><Echo><10.2.9.13>
Tickets: 
142997771726756493e8dc6e0883ab31eabf87f9eb77ec98ce025fa16b4240266cbb63941642e0f9
1429977717262467353b780a5130789b276408d270250a3beff94276397b6fc5aaadab76e3f1ca14
1429977717269026fe99eb7d9b444669f7fcf9c0918cc5e4f5408f94281f91e375b9e26cada8e486
Status: 
WAITING
WAITING
WAITING
Synch: 
HELLO WORLD
HELLO, WORLD!
HEII0, W0R1D!!!111!
<END>

<BEGIN><SHA256LocalFile><127.0.0.1>
Tickets: 
1429977717299469d3be3438b8b39dc4380dc6bc37228c9f00d188ab9006681225e4c342cbe0487d
1429977717292639d3be3438b8b39dc4380dc6bc37228c9f00d188ab9006681225e4c342cbe0487d
Status: 
WAITING
WAITING
Synch: 
AssistanceApps/runtimeIO/1429977717299469d3be3438b8b39dc4380dc6bc37228c9f00d188ab9006681225e4c342cbe0487d/1429977717299469d3be3438b8b39dc4380dc6bc37228c9f00d188ab9006681225e4c342cbe0487d-stdout.dat
AssistanceApps/runtimeIO/1429977717299469d3be3438b8b39dc4380dc6bc37228c9f00d188ab9006681225e4c342cbe0487d/1429977717299469d3be3438b8b39dc4380dc6bc37228c9f00d188ab9006681225e4c342cbe0487d-stderr.dat
AssistanceApps/runtimeIO/1429977717292639d3be3438b8b39dc4380dc6bc37228c9f00d188ab9006681225e4c342cbe0487d/1429977717292639d3be3438b8b39dc4380dc6bc37228c9f00d188ab9006681225e4c342cbe0487d-stdout.dat
AssistanceApps/runtimeIO/1429977717292639d3be3438b8b39dc4380dc6bc37228c9f00d188ab9006681225e4c342cbe0487d/1429977717292639d3be3438b8b39dc4380dc6bc37228c9f00d188ab9006681225e4c342cbe0487d-stderr.dat
<END>

<BEGIN><WEKA><10.2.9.13>
Tickets: 
1429977717266584b8de4860da52512416f6559c5e5095b7a63bf8904f738c1a30441da245108182
1429977717279133e6e12e53a58fef496923dcfcd60f862a884dbc4d89411be7af3e8710d4dabbff
Status: 
WAITING
WAITING
Submitting data 
Synch: 
testsResults/1429977717266584b8de4860da52512416f6559c5e5095b7a63bf8904f738c1a30441da245108182-stdout.dat
testsResults/1429977717266584b8de4860da52512416f6559c5e5095b7a63bf8904f738c1a30441da245108182-stderr.dat
testsResults/1429977717279133e6e12e53a58fef496923dcfcd60f862a884dbc4d89411be7af3e8710d4dabbff-stdout.dat
testsResults/1429977717279133e6e12e53a58fef496923dcfcd60f862a884dbc4d89411be7af3e8710d4dabbff-stderr.dat
<END>

<BEGIN><SHA256FTP><10.2.9.13>
Tickets: 
1429977717266069439a742a32a52714e5db8bc0c0e048a6c0492141ee740ecdec6ad9f8f6d28c27
1429977717262249439a742a32a52714e5db8bc0c0e048a6c0492141ee740ecdec6ad9f8f6d28c27
Status: 
WAITING
WAITING
Submitting data 
Synch: 
testsResults/1429977717266069439a742a32a52714e5db8bc0c0e048a6c0492141ee740ecdec6ad9f8f6d28c27-stdout.dat
testsResults/1429977717266069439a742a32a52714e5db8bc0c0e048a6c0492141ee740ecdec6ad9f8f6d28c27-stderr.dat
testsResults/1429977717262249439a742a32a52714e5db8bc0c0e048a6c0492141ee740ecdec6ad9f8f6d28c27-stdout.dat
testsResults/1429977717262249439a742a32a52714e5db8bc0c0e048a6c0492141ee740ecdec6ad9f8f6d28c27-stderr.dat
<END>
WatchdogThread<TestFunctionality>:::Test Echo to 10.2.9.14 has ended successfully.
WatchdogThread<TestFunctionality>:::Test SHA256LocalFile to 10.2.9.14 has ended successfully.
WatchdogThread<TestFunctionality>:::Test SHA256FTP to 10.2.9.14 has ended successfully.
WatchdogThread<TestFunctionality>:::Test WEKAfunctionality to 10.2.9.14 has ended successfully.

<BEGIN><Echo><10.2.9.14>
Tickets: 
142997774705490725ca7cf31637a59bfad9fd34a9e099361b6d1d17c12753c5b963235a9ff2904d
1429977747054678e4f9aed5890280f89d0da5310f81af1c81fdfb4ce6424f6acafd8e001d2a0dad
1429977747050298d4f2b05b07d74282e8f240d6ec87e139537796db752fcbda8204872d71870a0f
Status: 
WAITING
WAITING
WAITING
Synch: 
HELLO WORLD
HELLO, WORLD!
HEII0, W0R1D!!!111!
<END>

<BEGIN><SHA256LocalFile><127.0.0.1>
Tickets: 
142997774734628406026286c380182cd09e807936dee03d66168cf8fe6a48cd264df7ff512cbbf
1429977747316063ca0d9fa428fc511cf736ffca7e94c43fa43f2434e1e8ea5a81bb383a20118f93
Status: 
WAITING
WAITING
Synch: 
AssistanceApps/runtimeIO/142997774734628406026286c380182cd09e807936dee03d66168cf8fe6a48cd264df7ff512cbbf/142997774734628406026286c380182cd09e807936dee03d66168cf8fe6a48cd264df7ff512cbbf-stdout.dat
AssistanceApps/runtimeIO/142997774734628406026286c380182cd09e807936dee03d66168cf8fe6a48cd264df7ff512cbbf/142997774734628406026286c380182cd09e807936dee03d66168cf8fe6a48cd264df7ff512cbbf-stderr.dat
AssistanceApps/runtimeIO/1429977747316063ca0d9fa428fc511cf736ffca7e94c43fa43f2434e1e8ea5a81bb383a20118f93/1429977747316063ca0d9fa428fc511cf736ffca7e94c43fa43f2434e1e8ea5a81bb383a20118f93-stdout.dat
AssistanceApps/runtimeIO/1429977747316063ca0d9fa428fc511cf736ffca7e94c43fa43f2434e1e8ea5a81bb383a20118f93/1429977747316063ca0d9fa428fc511cf736ffca7e94c43fa43f2434e1e8ea5a81bb383a20118f93-stderr.dat
<END>

<BEGIN><WEKA><10.2.9.14>
Tickets: 
1429977747068719557a90936f45b8dc81e38a5f26336636e224fe1b772615c8299a8d7ee2eba67c
14299777470669651055b1a67b4e28b992506db27f4c6eb1e6cdc5b3156c983f6f96454880350cfc
Status: 
WAITING
WAITING
Submitting data 
Synch: 
testsResults/1429977747068719557a90936f45b8dc81e38a5f26336636e224fe1b772615c8299a8d7ee2eba67c-stdout.dat
testsResults/1429977747068719557a90936f45b8dc81e38a5f26336636e224fe1b772615c8299a8d7ee2eba67c-stderr.dat
testsResults/14299777470669651055b1a67b4e28b992506db27f4c6eb1e6cdc5b3156c983f6f96454880350cfc-stdout.dat
testsResults/14299777470669651055b1a67b4e28b992506db27f4c6eb1e6cdc5b3156c983f6f96454880350cfc-stderr.dat
<END>

<BEGIN><SHA256FTP><10.2.9.14>
Tickets: 
14299777470634110076d2a314b624b01b80d369102e0c635969218b95057ebd6172341908fcb61a
14299777470623890076d2a314b624b01b80d369102e0c635969218b95057ebd6172341908fcb61a
Status: 
WAITING
WAITING
Submitting data 
Synch: 
testsResults/14299777470634110076d2a314b624b01b80d369102e0c635969218b95057ebd6172341908fcb61a-stdout.dat
testsResults/14299777470634110076d2a314b624b01b80d369102e0c635969218b95057ebd6172341908fcb61a-stderr.dat
testsResults/14299777470623890076d2a314b624b01b80d369102e0c635969218b95057ebd6172341908fcb61a-stdout.dat
testsResults/14299777470623890076d2a314b624b01b80d369102e0c635969218b95057ebd6172341908fcb61a-stderr.dat
<END>
WatchdogThread<TestFunctionality>:::Test Echo to 10.2.9.19 has ended successfully.
WatchdogThread<TestFunctionality>:::Test SHA256LocalFile to 10.2.9.19 has ended successfully.
WatchdogThread<TestFunctionality>:::Test SHA256FTP to 10.2.9.19 has ended successfully.
WatchdogThread<TestFunctionality>:::Test WEKAfunctionality to 10.2.9.19 has ended successfully.

<BEGIN><Echo><10.2.9.19>
Tickets: 
142997777733093d1a93231ec92eb860c46f3e3da5e8f6935ea4b640460e7c76793b4537d61be92
142997777736118b1367cb30d2100840d974ce6406d6ad19924646b49d9ee310a87aa3d99f20cf5
142997777735553546afe05db9988286bd395e8348f4fdfd2de268b77293c29ad552c1f66440bf8
Status: 
WAITING
WAITING
WAITING
Synch: 
HELLO WORLD
HELLO, WORLD!
HEII0, W0R1D!!!111!
<END>

<BEGIN><SHA256LocalFile><127.0.0.1>
Tickets: 
142997777733554887345a30250f5f65268722a5a2d77d8ba7244a4a05812fa45529725300bdb500
142997777733572787345a30250f5f65268722a5a2d77d8ba7244a4a05812fa45529725300bdb500
Status: 
WAITING
WAITING
Synch: 
AssistanceApps/runtimeIO/142997777733554887345a30250f5f65268722a5a2d77d8ba7244a4a05812fa45529725300bdb500/142997777733554887345a30250f5f65268722a5a2d77d8ba7244a4a05812fa45529725300bdb500-stdout.dat
AssistanceApps/runtimeIO/142997777733554887345a30250f5f65268722a5a2d77d8ba7244a4a05812fa45529725300bdb500/142997777733554887345a30250f5f65268722a5a2d77d8ba7244a4a05812fa45529725300bdb500-stderr.dat
AssistanceApps/runtimeIO/142997777733572787345a30250f5f65268722a5a2d77d8ba7244a4a05812fa45529725300bdb500/142997777733572787345a30250f5f65268722a5a2d77d8ba7244a4a05812fa45529725300bdb500-stdout.dat
AssistanceApps/runtimeIO/142997777733572787345a30250f5f65268722a5a2d77d8ba7244a4a05812fa45529725300bdb500/142997777733572787345a30250f5f65268722a5a2d77d8ba7244a4a05812fa45529725300bdb500-stderr.dat
<END>

<BEGIN><WEKA><10.2.9.19>
Tickets: 
1429977777311658136934b43b9c426a912675cbd729c17524cb2a9e98f50733c219407d84428ee2
142997777731081048f3443f648878ffa7ea1f104ad325d4808ccd95c1b03e72607645485bce530b
Status: 
WAITING
WAITING
Submitting data 
Synch: 
testsResults/1429977777311658136934b43b9c426a912675cbd729c17524cb2a9e98f50733c219407d84428ee2-stdout.dat
testsResults/1429977777311658136934b43b9c426a912675cbd729c17524cb2a9e98f50733c219407d84428ee2-stderr.dat
testsResults/142997777731081048f3443f648878ffa7ea1f104ad325d4808ccd95c1b03e72607645485bce530b-stdout.dat
testsResults/142997777731081048f3443f648878ffa7ea1f104ad325d4808ccd95c1b03e72607645485bce530b-stderr.dat
<END>

<BEGIN><SHA256FTP><10.2.9.19>
Tickets: 
142997777730677284a844686bcd09cbf5ed4907309ff7b867f3c10efd39c49b3205211ea2952dc
14299777773116889ab0d53ffe55858303d6585b8b6c0f55a8d2759e9d23b1a300f426ad0cb527c7
Status: 
WAITING
WAITING
Submitting data 
Synch: 
testsResults/142997777730677284a844686bcd09cbf5ed4907309ff7b867f3c10efd39c49b3205211ea2952dc-stdout.dat
testsResults/142997777730677284a844686bcd09cbf5ed4907309ff7b867f3c10efd39c49b3205211ea2952dc-stderr.dat
testsResults/14299777773116889ab0d53ffe55858303d6585b8b6c0f55a8d2759e9d23b1a300f426ad0cb527c7-stdout.dat
testsResults/14299777773116889ab0d53ffe55858303d6585b8b6c0f55a8d2759e9d23b1a300f426ad0cb527c7-stderr.dat
<END>
WatchdogThread<TestFunctionality>:::Test Echo to 10.2.9.20 has ended successfully.
WatchdogThread<TestFunctionality>:::Test SHA256LocalFile to 10.2.9.20 has ended successfully.
WatchdogThread<TestFunctionality>:::Test SHA256FTP to 10.2.9.20 has ended successfully.
WatchdogThread<TestFunctionality>:::Test WEKAfunctionality to 10.2.9.20 has ended successfully.

<BEGIN><Echo><10.2.9.20>
Tickets: 
1429977807387505f4d96cc3ba6b0bc26594c1f752f775da96fa9ba65b66179e09eecd2c31e78b82
1429977807388110eed0c949180a60bfe4c62535c47462120224aca85c4e4ca03960adc1fb8e07e4
142997780738985628a58258b8496c3c9bd0d2f92c7b40a268dea8452bb32dfed1b60d0db088ebfa
Status: 
WAITING
WAITING
WAITING
Synch: 
HELLO WORLD
HELLO, WORLD!
HEII0, W0R1D!!!111!
<END>

<BEGIN><SHA256LocalFile><127.0.0.1>
Tickets: 
1429977807350196791cbb787365452b9be1a5f3933081d3b56182f3e188bf3adc2b6cf3dc846aaf
1429977807356719791cbb787365452b9be1a5f3933081d3b56182f3e188bf3adc2b6cf3dc846aaf
Status: 
WAITING
WAITING
Synch: 
AssistanceApps/runtimeIO/1429977807350196791cbb787365452b9be1a5f3933081d3b56182f3e188bf3adc2b6cf3dc846aaf/1429977807350196791cbb787365452b9be1a5f3933081d3b56182f3e188bf3adc2b6cf3dc846aaf-stdout.dat
AssistanceApps/runtimeIO/1429977807350196791cbb787365452b9be1a5f3933081d3b56182f3e188bf3adc2b6cf3dc846aaf/1429977807350196791cbb787365452b9be1a5f3933081d3b56182f3e188bf3adc2b6cf3dc846aaf-stderr.dat
AssistanceApps/runtimeIO/1429977807356719791cbb787365452b9be1a5f3933081d3b56182f3e188bf3adc2b6cf3dc846aaf/1429977807356719791cbb787365452b9be1a5f3933081d3b56182f3e188bf3adc2b6cf3dc846aaf-stdout.dat
AssistanceApps/runtimeIO/1429977807356719791cbb787365452b9be1a5f3933081d3b56182f3e188bf3adc2b6cf3dc846aaf/1429977807356719791cbb787365452b9be1a5f3933081d3b56182f3e188bf3adc2b6cf3dc846aaf-stderr.dat
<END>

<BEGIN><WEKA><10.2.9.20>
Tickets: 
1429977807384623d6b66ef9e99a2d674cf9a15df7c4853b3da5daf0c526b24a79083394e18c8504
14299778073806754ae7139c512209fe42d517216f048fa7ad80334279030f281c9175f5d1d95a45
Status: 
WAITING
WAITING
Submitting data 
Synch: 
testsResults/1429977807384623d6b66ef9e99a2d674cf9a15df7c4853b3da5daf0c526b24a79083394e18c8504-stdout.dat
testsResults/1429977807384623d6b66ef9e99a2d674cf9a15df7c4853b3da5daf0c526b24a79083394e18c8504-stderr.dat
testsResults/14299778073806754ae7139c512209fe42d517216f048fa7ad80334279030f281c9175f5d1d95a45-stdout.dat
testsResults/14299778073806754ae7139c512209fe42d517216f048fa7ad80334279030f281c9175f5d1d95a45-stderr.dat
<END>

<BEGIN><SHA256FTP><10.2.9.20>
Tickets: 
14299778073857889fa53e81f68b31851bd90c7563a0c4f1ff8b8137975a1fee322a1030ae086ebe
14299778073850589fa53e81f68b31851bd90c7563a0c4f1ff8b8137975a1fee322a1030ae086ebe
Status: 
WAITING
WAITING
Submitting data 
Synch: 
testsResults/14299778073857889fa53e81f68b31851bd90c7563a0c4f1ff8b8137975a1fee322a1030ae086ebe-stdout.dat
testsResults/14299778073857889fa53e81f68b31851bd90c7563a0c4f1ff8b8137975a1fee322a1030ae086ebe-stderr.dat
testsResults/14299778073850589fa53e81f68b31851bd90c7563a0c4f1ff8b8137975a1fee322a1030ae086ebe-stdout.dat
testsResults/14299778073850589fa53e81f68b31851bd90c7563a0c4f1ff8b8137975a1fee322a1030ae086ebe-stderr.dat
<END>
WatchdogThread<TestFunctionality>:::Test Echo to 10.2.9.21 has ended successfully.
WatchdogThread<TestFunctionality>:::Test SHA256LocalFile to 10.2.9.21 has ended successfully.
WatchdogThread<TestFunctionality>:::Test SHA256FTP to 10.2.9.21 has ended successfully.
WatchdogThread<TestFunctionality>:::Test WEKAfunctionality to 10.2.9.21 has ended successfully.

<BEGIN><Echo><10.2.9.21>
Tickets: 
1429977837386138b900f296bffa7b62f6fad584378d66e9fcd642ef4c45cef79a6ac1005603733f
1429977837396300d59bcac5052842cbe2fe892dcd0ff4a35191c98af69a8daeab9d97404ad14e96
1429977837398097101d7aadc61d94b9f43d3b4292d2507a7a4d3d5c8b928fcd9c14e94b1ea85c5e
Status: 
WAITING
WAITING
WAITING
Synch: 
HELLO WORLD
HELLO, WORLD!
HEII0, W0R1D!!!111!
<END>

<BEGIN><SHA256LocalFile><127.0.0.1>
Tickets: 
1429977837378232f4cc4a822c3ce6a03fd08db9977bad1d436d630baa11bace3e28ea0aefd752da
1429977837375579f4cc4a822c3ce6a03fd08db9977bad1d436d630baa11bace3e28ea0aefd752da
Status: 
WAITING
WAITING
Synch: 
AssistanceApps/runtimeIO/1429977837378232f4cc4a822c3ce6a03fd08db9977bad1d436d630baa11bace3e28ea0aefd752da/1429977837378232f4cc4a822c3ce6a03fd08db9977bad1d436d630baa11bace3e28ea0aefd752da-stdout.dat
AssistanceApps/runtimeIO/1429977837378232f4cc4a822c3ce6a03fd08db9977bad1d436d630baa11bace3e28ea0aefd752da/1429977837378232f4cc4a822c3ce6a03fd08db9977bad1d436d630baa11bace3e28ea0aefd752da-stderr.dat
AssistanceApps/runtimeIO/1429977837375579f4cc4a822c3ce6a03fd08db9977bad1d436d630baa11bace3e28ea0aefd752da/1429977837375579f4cc4a822c3ce6a03fd08db9977bad1d436d630baa11bace3e28ea0aefd752da-stdout.dat
AssistanceApps/runtimeIO/1429977837375579f4cc4a822c3ce6a03fd08db9977bad1d436d630baa11bace3e28ea0aefd752da/1429977837375579f4cc4a822c3ce6a03fd08db9977bad1d436d630baa11bace3e28ea0aefd752da-stderr.dat
<END>

<BEGIN><WEKA><10.2.9.21>
Tickets: 
1429977837399086c839c86c1a680c245becdff730ecdb1602e576a7874950e780eda4be175aeba2
1429977837394243b3cc54a5e138b838e1bfb0a858624195f6a9b5ae34181419f3880477c459c9c6
Status: 
WAITING
WAITING
Submitting data 
Synch: 
testsResults/1429977837399086c839c86c1a680c245becdff730ecdb1602e576a7874950e780eda4be175aeba2-stdout.dat
testsResults/1429977837399086c839c86c1a680c245becdff730ecdb1602e576a7874950e780eda4be175aeba2-stderr.dat
testsResults/1429977837394243b3cc54a5e138b838e1bfb0a858624195f6a9b5ae34181419f3880477c459c9c6-stdout.dat
testsResults/1429977837394243b3cc54a5e138b838e1bfb0a858624195f6a9b5ae34181419f3880477c459c9c6-stderr.dat
<END>

<BEGIN><SHA256FTP><10.2.9.21>
Tickets: 
1429977837397084c7b23b1f3392c0ee199fc975de28792eece6a3e932b2982ac495c816c74788c0
1429977837398105c7b23b1f3392c0ee199fc975de28792eece6a3e932b2982ac495c816c74788c0
Status: 
WAITING
WAITING
Submitting data 
Synch: 
testsResults/1429977837397084c7b23b1f3392c0ee199fc975de28792eece6a3e932b2982ac495c816c74788c0-stdout.dat
testsResults/1429977837397084c7b23b1f3392c0ee199fc975de28792eece6a3e932b2982ac495c816c74788c0-stderr.dat
testsResults/1429977837398105c7b23b1f3392c0ee199fc975de28792eece6a3e932b2982ac495c816c74788c0-stdout.dat
testsResults/1429977837398105c7b23b1f3392c0ee199fc975de28792eece6a3e932b2982ac495c816c74788c0-stderr.dat
<END>
WatchdogThread<TestFunctionality>:::Test Echo to 10.2.9.22 has ended successfully.
WatchdogThread<TestFunctionality>:::Test SHA256LocalFile to 10.2.9.22 has ended successfully.
WatchdogThread<TestFunctionality>:::Test SHA256FTP to 10.2.9.22 has ended successfully.
WatchdogThread<TestFunctionality>:::Test WEKAfunctionality to 10.2.9.22 has ended successfully.

<BEGIN><Echo><10.2.9.22>
Tickets: 
142997786739992363e3fe53d7ddddd7a8c98c711c7e09c735b2d76eca7ea040817a14976ef5b27b
14299778673933999bf3a55079176a316cab92f8f0d8595342782d4e86bfdc70a954de51f8e0ec51
14299778673927793692746a9c025943357ad9a3089ddf195b2be36602e00139deaaa84b3653837d
Status: 
WAITING
WAITING
WAITING
Synch: 
HELLO WORLD
HELLO, WORLD!
HEII0, W0R1D!!!111!
<END>

<BEGIN><SHA256LocalFile><127.0.0.1>
Tickets: 
142997786744578fc0d2d8e2850c68e2b5084d612ba92cf75b56df4f3e021a67551d48a89a8eb9b
142997786741576689666769199221ce7677c0cbd93c55326dab3f487e854db8732cd7f902d4ff6e
Status: 
WAITING
WAITING
Synch: 
AssistanceApps/runtimeIO/142997786744578fc0d2d8e2850c68e2b5084d612ba92cf75b56df4f3e021a67551d48a89a8eb9b/142997786744578fc0d2d8e2850c68e2b5084d612ba92cf75b56df4f3e021a67551d48a89a8eb9b-stdout.dat
AssistanceApps/runtimeIO/142997786744578fc0d2d8e2850c68e2b5084d612ba92cf75b56df4f3e021a67551d48a89a8eb9b/142997786744578fc0d2d8e2850c68e2b5084d612ba92cf75b56df4f3e021a67551d48a89a8eb9b-stderr.dat
AssistanceApps/runtimeIO/142997786741576689666769199221ce7677c0cbd93c55326dab3f487e854db8732cd7f902d4ff6e/142997786741576689666769199221ce7677c0cbd93c55326dab3f487e854db8732cd7f902d4ff6e-stdout.dat
AssistanceApps/runtimeIO/142997786741576689666769199221ce7677c0cbd93c55326dab3f487e854db8732cd7f902d4ff6e/142997786741576689666769199221ce7677c0cbd93c55326dab3f487e854db8732cd7f902d4ff6e-stderr.dat
<END>

<BEGIN><WEKA><10.2.9.22>
Tickets: 
14299778673948117d94f98bff80e23ee82f29a68817d78b3e800acbedb355b412b51b5f5077ba75
14299778674600912915b5d6aedc1d63f1b7566e76ae4160a9a7964bf173548d8b48e6ad4186f6a
Status: 
WAITING
WAITING
Submitting data 
Synch: 
testsResults/14299778673948117d94f98bff80e23ee82f29a68817d78b3e800acbedb355b412b51b5f5077ba75-stdout.dat
testsResults/14299778673948117d94f98bff80e23ee82f29a68817d78b3e800acbedb355b412b51b5f5077ba75-stderr.dat
testsResults/14299778674600912915b5d6aedc1d63f1b7566e76ae4160a9a7964bf173548d8b48e6ad4186f6a-stdout.dat
testsResults/14299778674600912915b5d6aedc1d63f1b7566e76ae4160a9a7964bf173548d8b48e6ad4186f6a-stderr.dat
<END>

<BEGIN><SHA256FTP><10.2.9.22>
Tickets: 
14299778673966077ee5c968f2d00a8ade973deb5f9ae1404aa54ddc46a268e4815361942f627d75
14299778673926487ee5c968f2d00a8ade973deb5f9ae1404aa54ddc46a268e4815361942f627d75
Status: 
WAITING
WAITING
Submitting data 
Synch: 
testsResults/14299778673966077ee5c968f2d00a8ade973deb5f9ae1404aa54ddc46a268e4815361942f627d75-stdout.dat
testsResults/14299778673966077ee5c968f2d00a8ade973deb5f9ae1404aa54ddc46a268e4815361942f627d75-stderr.dat
testsResults/14299778673926487ee5c968f2d00a8ade973deb5f9ae1404aa54ddc46a268e4815361942f627d75-stdout.dat
testsResults/14299778673926487ee5c968f2d00a8ade973deb5f9ae1404aa54ddc46a268e4815361942f627d75-stderr.dat
<END>
