
<BEGIN>
14299794008435612d300fd12c24589fb397cf69f7e87a1030756237529653139af85545f6014163
0123456789ABCDEF
1429979400.84
SHA256_TEST
60000 -verbose 20000
['AssistanceApps/runtimeIO/14299794008435612d300fd12c24589fb397cf69f7e87a1030756237529653139af85545f6014163/experimentData.dat']
['AssistanceApps/sha256Example.assistanceApp', '10', 'AssistanceApps/runtimeIO/14299794008435612d300fd12c24589fb397cf69f7e87a1030756237529653139af85545f6014163/experimentData.dat', '14299794008435612d300fd12c24589fb397cf69f7e87a1030756237529653139af85545f6014163', '60000 -verbose 20000']
FINISHED
1429979402.33
0
AssistanceApps/runtimeIO/14299794008435612d300fd12c24589fb397cf69f7e87a1030756237529653139af85545f6014163/14299794008435612d300fd12c24589fb397cf69f7e87a1030756237529653139af85545f6014163-stdout.dat
AssistanceApps/runtimeIO/14299794008435612d300fd12c24589fb397cf69f7e87a1030756237529653139af85545f6014163/14299794008435612d300fd12c24589fb397cf69f7e87a1030756237529653139af85545f6014163-stderr.dat

1429979400.84	DRAFT
1429979400.84	WAITING
1429979401.85	 CPU=1.5	 mem={'swap': 0.0, 'virtual': 0.0, 'physical': 18.0}	 freeDisk=40.2G
1429979401.85	GATHERING
1429979401.86	DATA READY
1429979401.86	STANDBY
1429979401.86	PERFORMING_LOCAL
1429979402.33	COMPLETED_LOCAL
1429979402.33	READY
1429979402.37	SENDING_DATA
1429979402.37	FINISHED
<END>
<BEGIN>
1429979400844473ffda0f55d7e0013049c72f7dde351bdbc19cfac536d17981da89f8cce04c5a0a
0123456789ABCDEF
1429979400.84
LOCAL_ECHO_TEST
HeII0, W0r1d!!!111!
[]
['AssistanceApps/echoInAllCaps.assistanceApp', '10', '', '1429979400844473ffda0f55d7e0013049c72f7dde351bdbc19cfac536d17981da89f8cce04c5a0a', 'HeII0, W0r1d!!!111!']
READY
1429979401.85
0
HEII0, W0R1D!!!111!



1429979400.84	DRAFT
1429979400.84	WAITING
1429979401.84	 CPU=1.5	 mem={'swap': 0.0, 'virtual': 0.0, 'physical': 18.0}	 freeDisk=40.2G
1429979401.84	DATA READY
1429979401.84	STANDBY
1429979401.84	PERFORMING_LOCAL
1429979401.85	COMPLETED_LOCAL
1429979401.85	READY
<END>
<BEGIN>
1429979400842033a9cdcba41841dfc0d8ad7b1cdaad348f0f7b5d4c6a1d26e62f8e6d93fcf6c1ee
0123456789ABCDEF
1429979400.84
WEKA_3_6_12
weka.classifiers.trees.J48 -t
['AssistanceApps/runtimeIO/1429979400842033a9cdcba41841dfc0d8ad7b1cdaad348f0f7b5d4c6a1d26e62f8e6d93fcf6c1ee/weather.nominal.arff']
['AssistanceApps/assistanceWEKA.assistanceApp', '10', 'AssistanceApps/runtimeIO/1429979400842033a9cdcba41841dfc0d8ad7b1cdaad348f0f7b5d4c6a1d26e62f8e6d93fcf6c1ee/weather.nominal.arff', '1429979400842033a9cdcba41841dfc0d8ad7b1cdaad348f0f7b5d4c6a1d26e62f8e6d93fcf6c1ee', 'weka.classifiers.trees.J48 -t']
FINISHED
1429979402.02
0
AssistanceApps/runtimeIO/1429979400842033a9cdcba41841dfc0d8ad7b1cdaad348f0f7b5d4c6a1d26e62f8e6d93fcf6c1ee/1429979400842033a9cdcba41841dfc0d8ad7b1cdaad348f0f7b5d4c6a1d26e62f8e6d93fcf6c1ee-stdout.dat
AssistanceApps/runtimeIO/1429979400842033a9cdcba41841dfc0d8ad7b1cdaad348f0f7b5d4c6a1d26e62f8e6d93fcf6c1ee/1429979400842033a9cdcba41841dfc0d8ad7b1cdaad348f0f7b5d4c6a1d26e62f8e6d93fcf6c1ee-stderr.dat

1429979400.84	DRAFT
1429979400.84	WAITING
1429979401.85	 CPU=1.5	 mem={'swap': 0.0, 'virtual': 0.0, 'physical': 18.0}	 freeDisk=40.2G
1429979401.85	GATHERING
1429979401.86	DATA READY
1429979401.86	STANDBY
1429979401.86	PERFORMING_LOCAL
1429979402.02	COMPLETED_LOCAL
1429979402.02	READY
1429979402.12	SENDING_DATA
1429979402.12	FINISHED
<END>
<BEGIN>
14299794008572010654861b04b7d4c4c1f474c504daca14960b231370443e27eaf62a09ee30b836
0123456789ABCDEF
1429979400.85
WEKA_3_6_12
weka.classifiers.trees.J48 -t
['AssistanceApps/runtimeIO/14299794008572010654861b04b7d4c4c1f474c504daca14960b231370443e27eaf62a09ee30b836/weather.numeric.arff']
['AssistanceApps/assistanceWEKA.assistanceApp', '10', 'AssistanceApps/runtimeIO/14299794008572010654861b04b7d4c4c1f474c504daca14960b231370443e27eaf62a09ee30b836/weather.numeric.arff', '14299794008572010654861b04b7d4c4c1f474c504daca14960b231370443e27eaf62a09ee30b836', 'weka.classifiers.trees.J48 -t']
FINISHED
1429979402.03
0
AssistanceApps/runtimeIO/14299794008572010654861b04b7d4c4c1f474c504daca14960b231370443e27eaf62a09ee30b836/14299794008572010654861b04b7d4c4c1f474c504daca14960b231370443e27eaf62a09ee30b836-stdout.dat
AssistanceApps/runtimeIO/14299794008572010654861b04b7d4c4c1f474c504daca14960b231370443e27eaf62a09ee30b836/14299794008572010654861b04b7d4c4c1f474c504daca14960b231370443e27eaf62a09ee30b836-stderr.dat

1429979400.85	DRAFT
1429979400.85	WAITING
1429979401.85	 CPU=1.25	 mem={'swap': 0.0, 'virtual': 0.0, 'physical': 18.0}	 freeDisk=40.2G
1429979401.85	GATHERING
1429979401.86	DATA READY
1429979401.86	STANDBY
1429979401.86	PERFORMING_LOCAL
1429979402.03	COMPLETED_LOCAL
1429979402.03	READY
1429979402.12	SENDING_DATA
1429979402.12	FINISHED
<END>
<BEGIN>
14299794008470772d300fd12c24589fb397cf69f7e87a1030756237529653139af85545f6014163
0123456789ABCDEF
1429979400.84
SHA256_TEST
60000 -verbose 20000
['AssistanceApps/runtimeIO/14299794008470772d300fd12c24589fb397cf69f7e87a1030756237529653139af85545f6014163/experimentData.dat']
['AssistanceApps/sha256Example.assistanceApp', '10', 'AssistanceApps/runtimeIO/14299794008470772d300fd12c24589fb397cf69f7e87a1030756237529653139af85545f6014163/experimentData.dat', '14299794008470772d300fd12c24589fb397cf69f7e87a1030756237529653139af85545f6014163', '60000 -verbose 20000']
FINISHED
1429979402.34
0
AssistanceApps/runtimeIO/14299794008470772d300fd12c24589fb397cf69f7e87a1030756237529653139af85545f6014163/14299794008470772d300fd12c24589fb397cf69f7e87a1030756237529653139af85545f6014163-stdout.dat
AssistanceApps/runtimeIO/14299794008470772d300fd12c24589fb397cf69f7e87a1030756237529653139af85545f6014163/14299794008470772d300fd12c24589fb397cf69f7e87a1030756237529653139af85545f6014163-stderr.dat

1429979400.84	DRAFT
1429979400.84	WAITING
1429979401.85	 CPU=1.5	 mem={'swap': 0.0, 'virtual': 0.0, 'physical': 18.0}	 freeDisk=40.2G
1429979401.85	GATHERING
1429979401.87	DATA READY
1429979401.87	STANDBY
1429979401.87	PERFORMING_LOCAL
1429979402.35	COMPLETED_LOCAL
1429979402.35	READY
1429979402.38	SENDING_DATA
1429979402.38	FINISHED
<END>
<BEGIN>
14299794008442234640361bb3d73548d54050f3dd48f268af4afc51f6601b19d3780e95c81f4ab2
0123456789ABCDEF
1429979400.84
LOCAL_ECHO_TEST
Hello World
[]
['AssistanceApps/echoInAllCaps.assistanceApp', '10', '', '14299794008442234640361bb3d73548d54050f3dd48f268af4afc51f6601b19d3780e95c81f4ab2', 'Hello World']
READY
1429979401.84
0
HELLO WORLD



1429979400.84	DRAFT
1429979400.84	WAITING
1429979401.84	 CPU=1.475	 mem={'swap': 0.0, 'virtual': 0.0, 'physical': 18.0}	 freeDisk=40.2G
1429979401.84	DATA READY
1429979401.84	STANDBY
1429979401.84	PERFORMING_LOCAL
1429979401.84	COMPLETED_LOCAL
1429979401.84	READY
<END>
<BEGIN>
1429979400840984c8d256e702ada722aa808b3e49cb87c0cfa9e32a4f459029fe05b8f9cd01d3df
0123456789ABCDEF
1429979400.84
LOCAL_ECHO_TEST
Hello, World!
[]
['AssistanceApps/echoInAllCaps.assistanceApp', '10', '', '1429979400840984c8d256e702ada722aa808b3e49cb87c0cfa9e32a4f459029fe05b8f9cd01d3df', 'Hello, World!']
READY
1429979401.85
0
HELLO, WORLD!



1429979400.84	DRAFT
1429979400.84	WAITING
1429979401.84	 CPU=1.475	 mem={'swap': 0.0, 'virtual': 0.0, 'physical': 18.0}	 freeDisk=40.2G
1429979401.84	DATA READY
1429979401.84	STANDBY
1429979401.84	PERFORMING_LOCAL
1429979401.85	COMPLETED_LOCAL
1429979401.85	READY
<END>