
<BEGIN>
1429979074065146f508cb1b56885a88ae4233690d8f7f013161c95df79a9b09c1ad69ab69c995a9
0123456789ABCDEF
1429979074.06
SHA256_TEST
60000 -verbose 20000
['AssistanceApps/runtimeIO/1429979074065146f508cb1b56885a88ae4233690d8f7f013161c95df79a9b09c1ad69ab69c995a9/experimentData.dat']
['AssistanceApps/sha256Example.assistanceApp', '10', 'AssistanceApps/runtimeIO/1429979074065146f508cb1b56885a88ae4233690d8f7f013161c95df79a9b09c1ad69ab69c995a9/experimentData.dat', '1429979074065146f508cb1b56885a88ae4233690d8f7f013161c95df79a9b09c1ad69ab69c995a9', '60000 -verbose 20000']
FINISHED
1429979075.55
0
AssistanceApps/runtimeIO/1429979074065146f508cb1b56885a88ae4233690d8f7f013161c95df79a9b09c1ad69ab69c995a9/1429979074065146f508cb1b56885a88ae4233690d8f7f013161c95df79a9b09c1ad69ab69c995a9-stdout.dat
AssistanceApps/runtimeIO/1429979074065146f508cb1b56885a88ae4233690d8f7f013161c95df79a9b09c1ad69ab69c995a9/1429979074065146f508cb1b56885a88ae4233690d8f7f013161c95df79a9b09c1ad69ab69c995a9-stderr.dat

1429979074.06	DRAFT
1429979074.06	WAITING
1429979075.07	 CPU=1.5	 mem={'swap': 0.0, 'virtual': 0.0, 'physical': 17.7}	 freeDisk=40.8G
1429979075.07	GATHERING
1429979075.08	DATA READY
1429979075.08	STANDBY
1429979075.08	PERFORMING_LOCAL
1429979075.55	COMPLETED_LOCAL
1429979075.55	READY
1429979075.59	SENDING_DATA
1429979075.59	FINISHED
<END>
<BEGIN>
142997907406334446d4a8badc8fde6d807932a4c3279efa44e10a3b87dda17ac77f5ae57e79cdcd
0123456789ABCDEF
1429979074.06
WEKA_3_6_12
weka.classifiers.trees.J48 -t
['AssistanceApps/runtimeIO/142997907406334446d4a8badc8fde6d807932a4c3279efa44e10a3b87dda17ac77f5ae57e79cdcd/weather.numeric.arff']
['AssistanceApps/assistanceWEKA.assistanceApp', '10', 'AssistanceApps/runtimeIO/142997907406334446d4a8badc8fde6d807932a4c3279efa44e10a3b87dda17ac77f5ae57e79cdcd/weather.numeric.arff', '142997907406334446d4a8badc8fde6d807932a4c3279efa44e10a3b87dda17ac77f5ae57e79cdcd', 'weka.classifiers.trees.J48 -t']
FINISHED
1429979075.26
0
AssistanceApps/runtimeIO/142997907406334446d4a8badc8fde6d807932a4c3279efa44e10a3b87dda17ac77f5ae57e79cdcd/142997907406334446d4a8badc8fde6d807932a4c3279efa44e10a3b87dda17ac77f5ae57e79cdcd-stdout.dat
AssistanceApps/runtimeIO/142997907406334446d4a8badc8fde6d807932a4c3279efa44e10a3b87dda17ac77f5ae57e79cdcd/142997907406334446d4a8badc8fde6d807932a4c3279efa44e10a3b87dda17ac77f5ae57e79cdcd-stderr.dat

1429979074.06	DRAFT
1429979074.06	WAITING
1429979075.07	 CPU=1.5	 mem={'swap': 0.0, 'virtual': 0.0, 'physical': 17.7}	 freeDisk=40.8G
1429979075.07	GATHERING
1429979075.08	DATA READY
1429979075.08	STANDBY
1429979075.08	PERFORMING_LOCAL
1429979075.26	COMPLETED_LOCAL
1429979075.26	READY
1429979075.34	SENDING_DATA
1429979075.34	FINISHED
<END>
<BEGIN>
14299790740677710d1bbb5b96367346e63cb6b918c3fad90a06e8e755ce0b016f4f9b0f28024473
0123456789ABCDEF
1429979074.06
LOCAL_ECHO_TEST
Hello World
[]
['AssistanceApps/echoInAllCaps.assistanceApp', '10', '', '14299790740677710d1bbb5b96367346e63cb6b918c3fad90a06e8e755ce0b016f4f9b0f28024473', 'Hello World']
READY
1429979075.06
0
HELLO WORLD



1429979074.06	DRAFT
1429979074.06	WAITING
1429979075.06	 CPU=1.75	 mem={'swap': 0.0, 'virtual': 0.0, 'physical': 17.7}	 freeDisk=40.8G
1429979075.06	DATA READY
1429979075.06	STANDBY
1429979075.06	PERFORMING_LOCAL
1429979075.06	COMPLETED_LOCAL
1429979075.06	READY
<END>
<BEGIN>
1429979074065484e281768ef7f4021147384b2de3e700aa863bcd499c83625ea2f8c3690f8fc559
0123456789ABCDEF
1429979074.06
LOCAL_ECHO_TEST
HeII0, W0r1d!!!111!
[]
['AssistanceApps/echoInAllCaps.assistanceApp', '10', '', '1429979074065484e281768ef7f4021147384b2de3e700aa863bcd499c83625ea2f8c3690f8fc559', 'HeII0, W0r1d!!!111!']
READY
1429979075.06
0
HEII0, W0R1D!!!111!



1429979074.06	DRAFT
1429979074.06	WAITING
1429979075.06	 CPU=1.5	 mem={'swap': 0.0, 'virtual': 0.0, 'physical': 17.7}	 freeDisk=40.8G
1429979075.06	DATA READY
1429979075.06	STANDBY
1429979075.06	PERFORMING_LOCAL
1429979075.06	COMPLETED_LOCAL
1429979075.06	READY
<END>
<BEGIN>
14299790740671745af969bdcc95ad363253fcc03d0825c00f1c4562957438f585daa57912320f7b
0123456789ABCDEF
1429979074.06
WEKA_3_6_12
weka.classifiers.trees.J48 -t
['AssistanceApps/runtimeIO/14299790740671745af969bdcc95ad363253fcc03d0825c00f1c4562957438f585daa57912320f7b/weather.nominal.arff']
['AssistanceApps/assistanceWEKA.assistanceApp', '10', 'AssistanceApps/runtimeIO/14299790740671745af969bdcc95ad363253fcc03d0825c00f1c4562957438f585daa57912320f7b/weather.nominal.arff', '14299790740671745af969bdcc95ad363253fcc03d0825c00f1c4562957438f585daa57912320f7b', 'weka.classifiers.trees.J48 -t']
FINISHED
1429979075.23
0
AssistanceApps/runtimeIO/14299790740671745af969bdcc95ad363253fcc03d0825c00f1c4562957438f585daa57912320f7b/14299790740671745af969bdcc95ad363253fcc03d0825c00f1c4562957438f585daa57912320f7b-stdout.dat
AssistanceApps/runtimeIO/14299790740671745af969bdcc95ad363253fcc03d0825c00f1c4562957438f585daa57912320f7b/14299790740671745af969bdcc95ad363253fcc03d0825c00f1c4562957438f585daa57912320f7b-stderr.dat

1429979074.06	DRAFT
1429979074.06	WAITING
1429979075.07	 CPU=1.75	 mem={'swap': 0.0, 'virtual': 0.0, 'physical': 17.7}	 freeDisk=40.8G
1429979075.07	GATHERING
1429979075.07	DATA READY
1429979075.07	STANDBY
1429979075.07	PERFORMING_LOCAL
1429979075.23	COMPLETED_LOCAL
1429979075.23	READY
1429979075.33	SENDING_DATA
1429979075.33	FINISHED
<END>
<BEGIN>
1429979074068946f508cb1b56885a88ae4233690d8f7f013161c95df79a9b09c1ad69ab69c995a9
0123456789ABCDEF
1429979074.06
SHA256_TEST
60000 -verbose 20000
['AssistanceApps/runtimeIO/1429979074068946f508cb1b56885a88ae4233690d8f7f013161c95df79a9b09c1ad69ab69c995a9/experimentData.dat']
['AssistanceApps/sha256Example.assistanceApp', '10', 'AssistanceApps/runtimeIO/1429979074068946f508cb1b56885a88ae4233690d8f7f013161c95df79a9b09c1ad69ab69c995a9/experimentData.dat', '1429979074068946f508cb1b56885a88ae4233690d8f7f013161c95df79a9b09c1ad69ab69c995a9', '60000 -verbose 20000']
FINISHED
1429979075.55
0
AssistanceApps/runtimeIO/1429979074068946f508cb1b56885a88ae4233690d8f7f013161c95df79a9b09c1ad69ab69c995a9/1429979074068946f508cb1b56885a88ae4233690d8f7f013161c95df79a9b09c1ad69ab69c995a9-stdout.dat
AssistanceApps/runtimeIO/1429979074068946f508cb1b56885a88ae4233690d8f7f013161c95df79a9b09c1ad69ab69c995a9/1429979074068946f508cb1b56885a88ae4233690d8f7f013161c95df79a9b09c1ad69ab69c995a9-stderr.dat

1429979074.06	DRAFT
1429979074.06	WAITING
1429979075.06	 CPU=1.5	 mem={'swap': 0.0, 'virtual': 0.0, 'physical': 17.7}	 freeDisk=40.8G
1429979075.06	GATHERING
1429979075.08	DATA READY
1429979075.08	STANDBY
1429979075.08	PERFORMING_LOCAL
1429979075.55	COMPLETED_LOCAL
1429979075.55	READY
1429979075.59	SENDING_DATA
1429979075.59	FINISHED
<END>
<BEGIN>
1429979074064992e5a9e0aa28e2976d068672665e3df12d1f0d268b58805f6a23e876fbb4886747
0123456789ABCDEF
1429979074.06
LOCAL_ECHO_TEST
Hello, World!
[]
['AssistanceApps/echoInAllCaps.assistanceApp', '10', '', '1429979074064992e5a9e0aa28e2976d068672665e3df12d1f0d268b58805f6a23e876fbb4886747', 'Hello, World!']
READY
1429979075.06
0
HELLO, WORLD!



1429979074.06	DRAFT
1429979074.06	WAITING
1429979075.06	 CPU=1.75	 mem={'swap': 0.0, 'virtual': 0.0, 'physical': 17.7}	 freeDisk=40.8G
1429979075.06	DATA READY
1429979075.06	STANDBY
1429979075.06	PERFORMING_LOCAL
1429979075.06	COMPLETED_LOCAL
1429979075.06	READY
<END>