
<BEGIN>
14299796192555452c06dce18482715cdb7f9a7b6afc4f8b62180f9492f060c318e76752d17cf57e
0123456789ABCDEF
1429979619.25
WEKA_3_6_12
weka.classifiers.trees.J48 -t
['AssistanceApps/runtimeIO/14299796192555452c06dce18482715cdb7f9a7b6afc4f8b62180f9492f060c318e76752d17cf57e/weather.nominal.arff']
['AssistanceApps/assistanceWEKA.assistanceApp', '10', 'AssistanceApps/runtimeIO/14299796192555452c06dce18482715cdb7f9a7b6afc4f8b62180f9492f060c318e76752d17cf57e/weather.nominal.arff', '14299796192555452c06dce18482715cdb7f9a7b6afc4f8b62180f9492f060c318e76752d17cf57e', 'weka.classifiers.trees.J48 -t']
FINISHED
1429979623.43
0
AssistanceApps/runtimeIO/14299796192555452c06dce18482715cdb7f9a7b6afc4f8b62180f9492f060c318e76752d17cf57e/14299796192555452c06dce18482715cdb7f9a7b6afc4f8b62180f9492f060c318e76752d17cf57e-stdout.dat
AssistanceApps/runtimeIO/14299796192555452c06dce18482715cdb7f9a7b6afc4f8b62180f9492f060c318e76752d17cf57e/14299796192555452c06dce18482715cdb7f9a7b6afc4f8b62180f9492f060c318e76752d17cf57e-stderr.dat

1429979619.25	DRAFT
1429979619.25	WAITING
1429979620.26	 CPU=1.25	 mem={'swap': 0.0, 'virtual': 0.0, 'physical': 18.7}	 freeDisk=40.5G
1429979620.26	GATHERING
1429979620.27	DATA READY
1429979620.27	STANDBY
1429979620.27	PERFORMING_LOCAL
1429979623.43	COMPLETED_LOCAL
1429979623.43	READY
1429979623.55	SENDING_DATA
1429979623.55	FINISHED
<END>
<BEGIN>
14299796192606160252ac208f912a104f4e5c6cb15b44ab5b950962acff072afa5cdcda31d07f80
0123456789ABCDEF
1429979619.26
SHA256_TEST
60000 -verbose 20000
['AssistanceApps/runtimeIO/14299796192606160252ac208f912a104f4e5c6cb15b44ab5b950962acff072afa5cdcda31d07f80/experimentData.dat']
['AssistanceApps/sha256Example.assistanceApp', '10', 'AssistanceApps/runtimeIO/14299796192606160252ac208f912a104f4e5c6cb15b44ab5b950962acff072afa5cdcda31d07f80/experimentData.dat', '14299796192606160252ac208f912a104f4e5c6cb15b44ab5b950962acff072afa5cdcda31d07f80', '60000 -verbose 20000']
FINISHED
1429979620.74
0
AssistanceApps/runtimeIO/14299796192606160252ac208f912a104f4e5c6cb15b44ab5b950962acff072afa5cdcda31d07f80/14299796192606160252ac208f912a104f4e5c6cb15b44ab5b950962acff072afa5cdcda31d07f80-stdout.dat
AssistanceApps/runtimeIO/14299796192606160252ac208f912a104f4e5c6cb15b44ab5b950962acff072afa5cdcda31d07f80/14299796192606160252ac208f912a104f4e5c6cb15b44ab5b950962acff072afa5cdcda31d07f80-stderr.dat

1429979619.26	DRAFT
1429979619.26	WAITING
1429979620.26	 CPU=0.75	 mem={'swap': 0.0, 'virtual': 0.0, 'physical': 18.7}	 freeDisk=40.5G
1429979620.26	GATHERING
1429979620.27	DATA READY
1429979620.27	STANDBY
1429979620.27	PERFORMING_LOCAL
1429979620.74	COMPLETED_LOCAL
1429979620.74	READY
1429979620.78	SENDING_DATA
1429979620.78	FINISHED
<END>
<BEGIN>
1429979619254878f73dd70dc5c8de25b0626021fbfe4f55f4f6616ff8c6062e5a2d3bc8108c6af8
0123456789ABCDEF
1429979619.25
LOCAL_ECHO_TEST
Hello, World!
[]
['AssistanceApps/echoInAllCaps.assistanceApp', '10', '', '1429979619254878f73dd70dc5c8de25b0626021fbfe4f55f4f6616ff8c6062e5a2d3bc8108c6af8', 'Hello, World!']
READY
1429979620.26
0
HELLO, WORLD!



1429979619.25	DRAFT
1429979619.25	WAITING
1429979620.26	 CPU=1.25	 mem={'swap': 0.0, 'virtual': 0.0, 'physical': 18.7}	 freeDisk=40.5G
1429979620.26	DATA READY
1429979620.26	STANDBY
1429979620.26	PERFORMING_LOCAL
1429979620.26	COMPLETED_LOCAL
1429979620.26	READY
<END>
<BEGIN>
142997961926075157963450dba7596f4e8e18d18239deaaa72090960e0a647355d59a323b80b68d
0123456789ABCDEF
1429979619.25
LOCAL_ECHO_TEST
HeII0, W0r1d!!!111!
[]
['AssistanceApps/echoInAllCaps.assistanceApp', '10', '', '142997961926075157963450dba7596f4e8e18d18239deaaa72090960e0a647355d59a323b80b68d', 'HeII0, W0r1d!!!111!']
READY
1429979620.26
0
HEII0, W0R1D!!!111!



1429979619.25	DRAFT
1429979619.26	WAITING
1429979620.26	 CPU=1.25	 mem={'swap': 0.0, 'virtual': 0.0, 'physical': 18.7}	 freeDisk=40.5G
1429979620.26	DATA READY
1429979620.26	STANDBY
1429979620.26	PERFORMING_LOCAL
1429979620.26	COMPLETED_LOCAL
1429979620.26	READY
<END>
<BEGIN>
14299796192659380252ac208f912a104f4e5c6cb15b44ab5b950962acff072afa5cdcda31d07f80
0123456789ABCDEF
1429979619.26
SHA256_TEST
60000 -verbose 20000
['AssistanceApps/runtimeIO/14299796192659380252ac208f912a104f4e5c6cb15b44ab5b950962acff072afa5cdcda31d07f80/experimentData.dat']
['AssistanceApps/sha256Example.assistanceApp', '10', 'AssistanceApps/runtimeIO/14299796192659380252ac208f912a104f4e5c6cb15b44ab5b950962acff072afa5cdcda31d07f80/experimentData.dat', '14299796192659380252ac208f912a104f4e5c6cb15b44ab5b950962acff072afa5cdcda31d07f80', '60000 -verbose 20000']
FINISHED
1429979620.74
0
AssistanceApps/runtimeIO/14299796192659380252ac208f912a104f4e5c6cb15b44ab5b950962acff072afa5cdcda31d07f80/14299796192659380252ac208f912a104f4e5c6cb15b44ab5b950962acff072afa5cdcda31d07f80-stdout.dat
AssistanceApps/runtimeIO/14299796192659380252ac208f912a104f4e5c6cb15b44ab5b950962acff072afa5cdcda31d07f80/14299796192659380252ac208f912a104f4e5c6cb15b44ab5b950962acff072afa5cdcda31d07f80-stderr.dat

1429979619.26	DRAFT
1429979619.26	WAITING
1429979620.26	 CPU=0.75	 mem={'swap': 0.0, 'virtual': 0.0, 'physical': 18.7}	 freeDisk=40.5G
1429979620.26	GATHERING
1429979620.27	DATA READY
1429979620.27	STANDBY
1429979620.27	PERFORMING_LOCAL
1429979620.74	COMPLETED_LOCAL
1429979620.74	READY
1429979620.78	SENDING_DATA
1429979620.78	FINISHED
<END>
<BEGIN>
1429979619256819d37aa85c0c3dca1f3020ef504386afab57db99ba4fd392ab807c1562e9e3f313
0123456789ABCDEF
1429979619.25
LOCAL_ECHO_TEST
Hello World
[]
['AssistanceApps/echoInAllCaps.assistanceApp', '10', '', '1429979619256819d37aa85c0c3dca1f3020ef504386afab57db99ba4fd392ab807c1562e9e3f313', 'Hello World']
READY
1429979620.26
0
HELLO WORLD



1429979619.25	DRAFT
1429979619.25	WAITING
1429979620.25	 CPU=1.5	 mem={'swap': 0.0, 'virtual': 0.0, 'physical': 18.6}	 freeDisk=40.5G
1429979620.25	DATA READY
1429979620.25	STANDBY
1429979620.25	PERFORMING_LOCAL
1429979620.26	COMPLETED_LOCAL
1429979620.26	READY
<END>
<BEGIN>
142997961925714436cf8192691b348f7d8c521c54576f8348d615351b1896b6131f95fa951eef29
0123456789ABCDEF
1429979619.25
WEKA_3_6_12
weka.classifiers.trees.J48 -t
['AssistanceApps/runtimeIO/142997961925714436cf8192691b348f7d8c521c54576f8348d615351b1896b6131f95fa951eef29/weather.numeric.arff']
['AssistanceApps/assistanceWEKA.assistanceApp', '10', 'AssistanceApps/runtimeIO/142997961925714436cf8192691b348f7d8c521c54576f8348d615351b1896b6131f95fa951eef29/weather.numeric.arff', '142997961925714436cf8192691b348f7d8c521c54576f8348d615351b1896b6131f95fa951eef29', 'weka.classifiers.trees.J48 -t']
FINISHED
1429979623.42
0
AssistanceApps/runtimeIO/142997961925714436cf8192691b348f7d8c521c54576f8348d615351b1896b6131f95fa951eef29/142997961925714436cf8192691b348f7d8c521c54576f8348d615351b1896b6131f95fa951eef29-stdout.dat
AssistanceApps/runtimeIO/142997961925714436cf8192691b348f7d8c521c54576f8348d615351b1896b6131f95fa951eef29/142997961925714436cf8192691b348f7d8c521c54576f8348d615351b1896b6131f95fa951eef29-stderr.dat

1429979619.25	DRAFT
1429979619.25	WAITING
1429979620.26	 CPU=1.25	 mem={'swap': 0.0, 'virtual': 0.0, 'physical': 18.7}	 freeDisk=40.5G
1429979620.26	GATHERING
1429979620.27	DATA READY
1429979620.27	STANDBY
1429979620.27	PERFORMING_LOCAL
1429979623.43	COMPLETED_LOCAL
1429979623.43	READY
1429979623.55	SENDING_DATA
1429979623.55	FINISHED
<END>