
<BEGIN>
1429979164167685757bd6e75db66022624409a907ac5dd34ec1f92d982d56c23fed6beab59723b7
0123456789ABCDEF
1429979164.16
WEKA_3_6_12
weka.classifiers.trees.J48 -t
['AssistanceApps/runtimeIO/1429979164167685757bd6e75db66022624409a907ac5dd34ec1f92d982d56c23fed6beab59723b7/weather.numeric.arff']
['AssistanceApps/assistanceWEKA.assistanceApp', '10', 'AssistanceApps/runtimeIO/1429979164167685757bd6e75db66022624409a907ac5dd34ec1f92d982d56c23fed6beab59723b7/weather.numeric.arff', '1429979164167685757bd6e75db66022624409a907ac5dd34ec1f92d982d56c23fed6beab59723b7', 'weka.classifiers.trees.J48 -t']
FINISHED
1429979165.34
0
AssistanceApps/runtimeIO/1429979164167685757bd6e75db66022624409a907ac5dd34ec1f92d982d56c23fed6beab59723b7/1429979164167685757bd6e75db66022624409a907ac5dd34ec1f92d982d56c23fed6beab59723b7-stdout.dat
AssistanceApps/runtimeIO/1429979164167685757bd6e75db66022624409a907ac5dd34ec1f92d982d56c23fed6beab59723b7/1429979164167685757bd6e75db66022624409a907ac5dd34ec1f92d982d56c23fed6beab59723b7-stderr.dat

1429979164.16	DRAFT
1429979164.16	WAITING
1429979165.16	 CPU=2.0	 mem={'swap': 0.0, 'virtual': 0.0, 'physical': 18.3}	 freeDisk=40.4G
1429979165.16	GATHERING
1429979165.18	DATA READY
1429979165.18	STANDBY
1429979165.18	PERFORMING_LOCAL
1429979165.35	COMPLETED_LOCAL
1429979165.35	READY
1429979165.43	SENDING_DATA
1429979165.43	FINISHED
<END>
<BEGIN>
1429979164150415607db3d90441d86c23898ef91d70a1959911505e0a9e2634bc932f92cb91d032
0123456789ABCDEF
1429979164.15
LOCAL_ECHO_TEST
HeII0, W0r1d!!!111!
[]
['AssistanceApps/echoInAllCaps.assistanceApp', '10', '', '1429979164150415607db3d90441d86c23898ef91d70a1959911505e0a9e2634bc932f92cb91d032', 'HeII0, W0r1d!!!111!']
READY
1429979165.16
0
HEII0, W0R1D!!!111!



1429979164.15	DRAFT
1429979164.15	WAITING
1429979165.16	 CPU=1.475	 mem={'swap': 0.0, 'virtual': 0.0, 'physical': 18.2}	 freeDisk=40.4G
1429979165.16	DATA READY
1429979165.16	STANDBY
1429979165.16	PERFORMING_LOCAL
1429979165.16	COMPLETED_LOCAL
1429979165.16	READY
<END>
<BEGIN>
142997916416666584308313b633de0ff38f4920711f0f115f5a1e1c2bcf1a16cdbe3265aa36f5ba
0123456789ABCDEF
1429979164.16
WEKA_3_6_12
weka.classifiers.trees.J48 -t
['AssistanceApps/runtimeIO/142997916416666584308313b633de0ff38f4920711f0f115f5a1e1c2bcf1a16cdbe3265aa36f5ba/weather.nominal.arff']
['AssistanceApps/assistanceWEKA.assistanceApp', '10', 'AssistanceApps/runtimeIO/142997916416666584308313b633de0ff38f4920711f0f115f5a1e1c2bcf1a16cdbe3265aa36f5ba/weather.nominal.arff', '142997916416666584308313b633de0ff38f4920711f0f115f5a1e1c2bcf1a16cdbe3265aa36f5ba', 'weka.classifiers.trees.J48 -t']
FINISHED
1429979165.35
0
AssistanceApps/runtimeIO/142997916416666584308313b633de0ff38f4920711f0f115f5a1e1c2bcf1a16cdbe3265aa36f5ba/142997916416666584308313b633de0ff38f4920711f0f115f5a1e1c2bcf1a16cdbe3265aa36f5ba-stdout.dat
AssistanceApps/runtimeIO/142997916416666584308313b633de0ff38f4920711f0f115f5a1e1c2bcf1a16cdbe3265aa36f5ba/142997916416666584308313b633de0ff38f4920711f0f115f5a1e1c2bcf1a16cdbe3265aa36f5ba-stderr.dat

1429979164.16	DRAFT
1429979164.16	WAITING
1429979165.16	 CPU=2.0	 mem={'swap': 0.0, 'virtual': 0.0, 'physical': 18.2}	 freeDisk=40.4G
1429979165.16	GATHERING
1429979165.17	DATA READY
1429979165.17	STANDBY
1429979165.17	PERFORMING_LOCAL
1429979165.35	COMPLETED_LOCAL
1429979165.35	READY
1429979165.43	SENDING_DATA
1429979165.43	FINISHED
<END>
<BEGIN>
1429979164156258d20d8832a3e1f3e46f308a7dde3be3632ea38e87002beef9cc659868e8921ca0
0123456789ABCDEF
1429979164.15
LOCAL_ECHO_TEST
Hello World
[]
['AssistanceApps/echoInAllCaps.assistanceApp', '10', '', '1429979164156258d20d8832a3e1f3e46f308a7dde3be3632ea38e87002beef9cc659868e8921ca0', 'Hello World']
READY
1429979165.16
0
HELLO WORLD



1429979164.15	DRAFT
1429979164.15	WAITING
1429979165.15	 CPU=1.475	 mem={'swap': 0.0, 'virtual': 0.0, 'physical': 18.2}	 freeDisk=40.4G
1429979165.15	DATA READY
1429979165.15	STANDBY
1429979165.15	PERFORMING_LOCAL
1429979165.16	COMPLETED_LOCAL
1429979165.16	READY
<END>
<BEGIN>
14299791641590004f097a2a420597d853ea4d4713e675ac9bacdb0f49118b7513d3a6758a4f6ec1
0123456789ABCDEF
1429979164.15
LOCAL_ECHO_TEST
Hello, World!
[]
['AssistanceApps/echoInAllCaps.assistanceApp', '10', '', '14299791641590004f097a2a420597d853ea4d4713e675ac9bacdb0f49118b7513d3a6758a4f6ec1', 'Hello, World!']
READY
1429979165.16
0
HELLO, WORLD!



1429979164.15	DRAFT
1429979164.15	WAITING
1429979165.15	 CPU=1.475	 mem={'swap': 0.0, 'virtual': 0.0, 'physical': 18.2}	 freeDisk=40.4G
1429979165.15	DATA READY
1429979165.15	STANDBY
1429979165.15	PERFORMING_LOCAL
1429979165.16	COMPLETED_LOCAL
1429979165.16	READY
<END>
<BEGIN>
14299791641656711cb7d27815bff4b61b1c8fc0e74f0d25cae08440362a8f37d68bd8478cff0d78
0123456789ABCDEF
1429979164.16
SHA256_TEST
60000 -verbose 20000
['AssistanceApps/runtimeIO/14299791641656711cb7d27815bff4b61b1c8fc0e74f0d25cae08440362a8f37d68bd8478cff0d78/experimentData.dat']
['AssistanceApps/sha256Example.assistanceApp', '10', 'AssistanceApps/runtimeIO/14299791641656711cb7d27815bff4b61b1c8fc0e74f0d25cae08440362a8f37d68bd8478cff0d78/experimentData.dat', '14299791641656711cb7d27815bff4b61b1c8fc0e74f0d25cae08440362a8f37d68bd8478cff0d78', '60000 -verbose 20000']
FINISHED
1429979165.64
0
AssistanceApps/runtimeIO/14299791641656711cb7d27815bff4b61b1c8fc0e74f0d25cae08440362a8f37d68bd8478cff0d78/14299791641656711cb7d27815bff4b61b1c8fc0e74f0d25cae08440362a8f37d68bd8478cff0d78-stdout.dat
AssistanceApps/runtimeIO/14299791641656711cb7d27815bff4b61b1c8fc0e74f0d25cae08440362a8f37d68bd8478cff0d78/14299791641656711cb7d27815bff4b61b1c8fc0e74f0d25cae08440362a8f37d68bd8478cff0d78-stderr.dat

1429979164.16	DRAFT
1429979164.16	WAITING
1429979165.16	 CPU=1.975	 mem={'swap': 0.0, 'virtual': 0.0, 'physical': 18.2}	 freeDisk=40.4G
1429979165.16	GATHERING
1429979165.17	DATA READY
1429979165.17	STANDBY
1429979165.17	PERFORMING_LOCAL
1429979165.64	COMPLETED_LOCAL
1429979165.64	READY
1429979165.68	SENDING_DATA
1429979165.68	FINISHED
<END>
<BEGIN>
14299791641648371cb7d27815bff4b61b1c8fc0e74f0d25cae08440362a8f37d68bd8478cff0d78
0123456789ABCDEF
1429979164.16
SHA256_TEST
60000 -verbose 20000
['AssistanceApps/runtimeIO/14299791641648371cb7d27815bff4b61b1c8fc0e74f0d25cae08440362a8f37d68bd8478cff0d78/experimentData.dat']
['AssistanceApps/sha256Example.assistanceApp', '10', 'AssistanceApps/runtimeIO/14299791641648371cb7d27815bff4b61b1c8fc0e74f0d25cae08440362a8f37d68bd8478cff0d78/experimentData.dat', '14299791641648371cb7d27815bff4b61b1c8fc0e74f0d25cae08440362a8f37d68bd8478cff0d78', '60000 -verbose 20000']
FINISHED
1429979165.65
0
AssistanceApps/runtimeIO/14299791641648371cb7d27815bff4b61b1c8fc0e74f0d25cae08440362a8f37d68bd8478cff0d78/14299791641648371cb7d27815bff4b61b1c8fc0e74f0d25cae08440362a8f37d68bd8478cff0d78-stdout.dat
AssistanceApps/runtimeIO/14299791641648371cb7d27815bff4b61b1c8fc0e74f0d25cae08440362a8f37d68bd8478cff0d78/14299791641648371cb7d27815bff4b61b1c8fc0e74f0d25cae08440362a8f37d68bd8478cff0d78-stderr.dat

1429979164.16	DRAFT
1429979164.16	WAITING
1429979165.16	 CPU=2.0	 mem={'swap': 0.0, 'virtual': 0.0, 'physical': 18.2}	 freeDisk=40.4G
1429979165.16	GATHERING
1429979165.17	DATA READY
1429979165.17	STANDBY
1429979165.17	PERFORMING_LOCAL
1429979165.65	COMPLETED_LOCAL
1429979165.65	READY
1429979165.68	SENDING_DATA
1429979165.68	FINISHED
<END>