
<BEGIN>
143018198461421059564ce14b5a69dcd3d58e490f232664ab63c5bf89df0531353a0ab7cc817479
0123456789ABCDEF
1430181984.61
WEKA_3_6_12
weka.classifiers.trees.J48 -t
['AssistanceApps/runtimeIO/143018198461421059564ce14b5a69dcd3d58e490f232664ab63c5bf89df0531353a0ab7cc817479/weather.numeric.arff']
['AssistanceApps/assistanceWEKA.assistanceApp', '10', 'AssistanceApps/runtimeIO/143018198461421059564ce14b5a69dcd3d58e490f232664ab63c5bf89df0531353a0ab7cc817479/weather.numeric.arff', '143018198461421059564ce14b5a69dcd3d58e490f232664ab63c5bf89df0531353a0ab7cc817479', 'weka.classifiers.trees.J48 -t']
FINISHED
1430181985.82
0
AssistanceApps/runtimeIO/143018198461421059564ce14b5a69dcd3d58e490f232664ab63c5bf89df0531353a0ab7cc817479/143018198461421059564ce14b5a69dcd3d58e490f232664ab63c5bf89df0531353a0ab7cc817479-stdout.dat
AssistanceApps/runtimeIO/143018198461421059564ce14b5a69dcd3d58e490f232664ab63c5bf89df0531353a0ab7cc817479/143018198461421059564ce14b5a69dcd3d58e490f232664ab63c5bf89df0531353a0ab7cc817479-stderr.dat

1430181984.61	DRAFT
1430181984.61	WAITING
1430181985.61	 CPU=1.5	 mem={'swap': 0.0, 'virtual': 0.0, 'physical': 17.6}	 freeDisk=40.0G
1430181985.61	GATHERING
1430181985.62	DATA READY
1430181985.63	STANDBY
1430181985.63	PERFORMING_LOCAL
1430181985.82	COMPLETED_LOCAL
1430181985.82	READY
1430181985.88	SENDING_DATA
1430181985.88	FINISHED
<END>
<BEGIN>
1430181984616872fb8e96b6d8fa44c305efe307a975ce04383cfce3b8c6afbdb507f8dd6021e8fa
0123456789ABCDEF
1430181984.61
SHA256_TEST
60000 -verbose 20000
['AssistanceApps/runtimeIO/1430181984616872fb8e96b6d8fa44c305efe307a975ce04383cfce3b8c6afbdb507f8dd6021e8fa/experimentData.dat']
['AssistanceApps/sha256Example.assistanceApp', '10', 'AssistanceApps/runtimeIO/1430181984616872fb8e96b6d8fa44c305efe307a975ce04383cfce3b8c6afbdb507f8dd6021e8fa/experimentData.dat', '1430181984616872fb8e96b6d8fa44c305efe307a975ce04383cfce3b8c6afbdb507f8dd6021e8fa', '60000 -verbose 20000']
FINISHED
1430181986.1
0
AssistanceApps/runtimeIO/1430181984616872fb8e96b6d8fa44c305efe307a975ce04383cfce3b8c6afbdb507f8dd6021e8fa/1430181984616872fb8e96b6d8fa44c305efe307a975ce04383cfce3b8c6afbdb507f8dd6021e8fa-stdout.dat
AssistanceApps/runtimeIO/1430181984616872fb8e96b6d8fa44c305efe307a975ce04383cfce3b8c6afbdb507f8dd6021e8fa/1430181984616872fb8e96b6d8fa44c305efe307a975ce04383cfce3b8c6afbdb507f8dd6021e8fa-stderr.dat

1430181984.61	DRAFT
1430181984.61	WAITING
1430181985.61	 CPU=1.5	 mem={'swap': 0.0, 'virtual': 0.0, 'physical': 17.6}	 freeDisk=40.0G
1430181985.61	GATHERING
1430181985.62	DATA READY
1430181985.62	STANDBY
1430181985.62	PERFORMING_LOCAL
1430181986.1	COMPLETED_LOCAL
1430181986.1	READY
1430181986.13	SENDING_DATA
1430181986.13	FINISHED
<END>
<BEGIN>
143018198468859b48c9d5bd8e2265dcc77c7ac1b618c97917d853024729cad1ecffc29217739a8
0123456789ABCDEF
1430181984.6
LOCAL_ECHO_TEST
HeII0, W0r1d!!!111!
[]
['AssistanceApps/echoInAllCaps.assistanceApp', '10', '', '143018198468859b48c9d5bd8e2265dcc77c7ac1b618c97917d853024729cad1ecffc29217739a8', 'HeII0, W0r1d!!!111!']
READY
1430181985.61
0
HEII0, W0R1D!!!111!



1430181984.6	DRAFT
1430181984.6	WAITING
1430181985.6	 CPU=1.5	 mem={'swap': 0.0, 'virtual': 0.0, 'physical': 17.6}	 freeDisk=40.0G
1430181985.6	DATA READY
1430181985.6	STANDBY
1430181985.6	PERFORMING_LOCAL
1430181985.61	COMPLETED_LOCAL
1430181985.61	READY
<END>
<BEGIN>
1430181984596451625879c87b7003054d981d0eb76313226b53fae5f4afff4ccec1518cb877a27d
0123456789ABCDEF
1430181984.59
LOCAL_ECHO_TEST
Hello World
[]
['AssistanceApps/echoInAllCaps.assistanceApp', '10', '', '1430181984596451625879c87b7003054d981d0eb76313226b53fae5f4afff4ccec1518cb877a27d', 'Hello World']
READY
1430181985.6
0
HELLO WORLD



1430181984.59	DRAFT
1430181984.59	WAITING
1430181985.6	 CPU=1.5	 mem={'swap': 0.0, 'virtual': 0.0, 'physical': 17.6}	 freeDisk=40.0G
1430181985.6	DATA READY
1430181985.6	STANDBY
1430181985.6	PERFORMING_LOCAL
1430181985.6	COMPLETED_LOCAL
1430181985.6	READY
<END>
<BEGIN>
1430181984611419f41a516fb9ad9e7ac2ab6283c5af5c08a6941f774f554cd149a4dc951dcc9d56
0123456789ABCDEF
1430181984.61
WEKA_3_6_12
weka.classifiers.trees.J48 -t
['AssistanceApps/runtimeIO/1430181984611419f41a516fb9ad9e7ac2ab6283c5af5c08a6941f774f554cd149a4dc951dcc9d56/weather.nominal.arff']
['AssistanceApps/assistanceWEKA.assistanceApp', '10', 'AssistanceApps/runtimeIO/1430181984611419f41a516fb9ad9e7ac2ab6283c5af5c08a6941f774f554cd149a4dc951dcc9d56/weather.nominal.arff', '1430181984611419f41a516fb9ad9e7ac2ab6283c5af5c08a6941f774f554cd149a4dc951dcc9d56', 'weka.classifiers.trees.J48 -t']
FINISHED
1430181985.76
0
AssistanceApps/runtimeIO/1430181984611419f41a516fb9ad9e7ac2ab6283c5af5c08a6941f774f554cd149a4dc951dcc9d56/1430181984611419f41a516fb9ad9e7ac2ab6283c5af5c08a6941f774f554cd149a4dc951dcc9d56-stdout.dat
AssistanceApps/runtimeIO/1430181984611419f41a516fb9ad9e7ac2ab6283c5af5c08a6941f774f554cd149a4dc951dcc9d56/1430181984611419f41a516fb9ad9e7ac2ab6283c5af5c08a6941f774f554cd149a4dc951dcc9d56-stderr.dat

1430181984.61	DRAFT
1430181984.61	WAITING
1430181985.61	 CPU=1.5	 mem={'swap': 0.0, 'virtual': 0.0, 'physical': 17.6}	 freeDisk=40.0G
1430181985.61	GATHERING
1430181985.62	DATA READY
1430181985.62	STANDBY
1430181985.62	PERFORMING_LOCAL
1430181985.76	COMPLETED_LOCAL
1430181985.76	READY
1430181985.88	SENDING_DATA
1430181985.88	FINISHED
<END>
<BEGIN>
1430181984616782fb8e96b6d8fa44c305efe307a975ce04383cfce3b8c6afbdb507f8dd6021e8fa
0123456789ABCDEF
1430181984.6
SHA256_TEST
60000 -verbose 20000
['AssistanceApps/runtimeIO/1430181984616782fb8e96b6d8fa44c305efe307a975ce04383cfce3b8c6afbdb507f8dd6021e8fa/experimentData.dat']
['AssistanceApps/sha256Example.assistanceApp', '10', 'AssistanceApps/runtimeIO/1430181984616782fb8e96b6d8fa44c305efe307a975ce04383cfce3b8c6afbdb507f8dd6021e8fa/experimentData.dat', '1430181984616782fb8e96b6d8fa44c305efe307a975ce04383cfce3b8c6afbdb507f8dd6021e8fa', '60000 -verbose 20000']
FINISHED
1430181986.1
0
AssistanceApps/runtimeIO/1430181984616782fb8e96b6d8fa44c305efe307a975ce04383cfce3b8c6afbdb507f8dd6021e8fa/1430181984616782fb8e96b6d8fa44c305efe307a975ce04383cfce3b8c6afbdb507f8dd6021e8fa-stdout.dat
AssistanceApps/runtimeIO/1430181984616782fb8e96b6d8fa44c305efe307a975ce04383cfce3b8c6afbdb507f8dd6021e8fa/1430181984616782fb8e96b6d8fa44c305efe307a975ce04383cfce3b8c6afbdb507f8dd6021e8fa-stderr.dat

1430181984.6	DRAFT
1430181984.61	WAITING
1430181985.61	 CPU=1.75	 mem={'swap': 0.0, 'virtual': 0.0, 'physical': 17.6}	 freeDisk=40.0G
1430181985.61	GATHERING
1430181985.62	DATA READY
1430181985.62	STANDBY
1430181985.62	PERFORMING_LOCAL
1430181986.1	COMPLETED_LOCAL
1430181986.1	READY
1430181986.13	SENDING_DATA
1430181986.13	FINISHED
<END>
<BEGIN>
14301819846761555ce98cf1680140dde3b67fd35eefb99dcf9cc911ebdae3583444d2d069c2c09
0123456789ABCDEF
1430181984.6
LOCAL_ECHO_TEST
Hello, World!
[]
['AssistanceApps/echoInAllCaps.assistanceApp', '10', '', '14301819846761555ce98cf1680140dde3b67fd35eefb99dcf9cc911ebdae3583444d2d069c2c09', 'Hello, World!']
READY
1430181985.6
0
HELLO, WORLD!



1430181984.6	DRAFT
1430181984.6	WAITING
1430181985.6	 CPU=1.5	 mem={'swap': 0.0, 'virtual': 0.0, 'physical': 17.6}	 freeDisk=40.0G
1430181985.6	DATA READY
1430181985.6	STANDBY
1430181985.6	PERFORMING_LOCAL
1430181985.6	COMPLETED_LOCAL
1430181985.6	READY
<END>