
<BEGIN>
1429978953973127344fb4a5d5975d101c9bfb817a7acf3b58455a8ed9fb76d6cd7b88661e4a1801
0123456789ABCDEF
1429978953.97
WEKA_3_6_12
weka.classifiers.trees.J48 -t
['AssistanceApps/runtimeIO/1429978953973127344fb4a5d5975d101c9bfb817a7acf3b58455a8ed9fb76d6cd7b88661e4a1801/weather.numeric.arff']
['AssistanceApps/assistanceWEKA.assistanceApp', '10', 'AssistanceApps/runtimeIO/1429978953973127344fb4a5d5975d101c9bfb817a7acf3b58455a8ed9fb76d6cd7b88661e4a1801/weather.numeric.arff', '1429978953973127344fb4a5d5975d101c9bfb817a7acf3b58455a8ed9fb76d6cd7b88661e4a1801', 'weka.classifiers.trees.J48 -t']
FINISHED
1429978955.16
0
AssistanceApps/runtimeIO/1429978953973127344fb4a5d5975d101c9bfb817a7acf3b58455a8ed9fb76d6cd7b88661e4a1801/1429978953973127344fb4a5d5975d101c9bfb817a7acf3b58455a8ed9fb76d6cd7b88661e4a1801-stdout.dat
AssistanceApps/runtimeIO/1429978953973127344fb4a5d5975d101c9bfb817a7acf3b58455a8ed9fb76d6cd7b88661e4a1801/1429978953973127344fb4a5d5975d101c9bfb817a7acf3b58455a8ed9fb76d6cd7b88661e4a1801-stderr.dat

1429978953.97	DRAFT
1429978953.97	WAITING
1429978954.97	 CPU=2.5	 mem={'swap': 0.0, 'virtual': 0.0, 'physical': 18.6}	 freeDisk=40.5G
1429978954.97	GATHERING
1429978954.98	DATA READY
1429978954.99	STANDBY
1429978954.99	PERFORMING_LOCAL
1429978955.16	COMPLETED_LOCAL
1429978955.16	READY
1429978955.24	SENDING_DATA
1429978955.24	FINISHED
<END>
<BEGIN>
1429978953950005dbbe8eb10424431484395b817ab0295a4b22fd5c6b1b5b0f7d82d11e6dfa108d
0123456789ABCDEF
1429978953.95
LOCAL_ECHO_TEST
Hello World
[]
['AssistanceApps/echoInAllCaps.assistanceApp', '10', '', '1429978953950005dbbe8eb10424431484395b817ab0295a4b22fd5c6b1b5b0f7d82d11e6dfa108d', 'Hello World']
READY
1429978954.95
0
HELLO WORLD



1429978953.95	DRAFT
1429978953.95	WAITING
1429978954.95	 CPU=2.0	 mem={'swap': 0.0, 'virtual': 0.0, 'physical': 18.6}	 freeDisk=40.5G
1429978954.95	DATA READY
1429978954.95	STANDBY
1429978954.95	PERFORMING_LOCAL
1429978954.95	COMPLETED_LOCAL
1429978954.95	READY
<END>
<BEGIN>
1429978953956072f72d0581113dbece34c26ac1f481f9b633c67b2798bc5ece92d08b5b411d4a44
0123456789ABCDEF
1429978953.95
SHA256_TEST
60000 -verbose 20000
['AssistanceApps/runtimeIO/1429978953956072f72d0581113dbece34c26ac1f481f9b633c67b2798bc5ece92d08b5b411d4a44/experimentData.dat']
['AssistanceApps/sha256Example.assistanceApp', '10', 'AssistanceApps/runtimeIO/1429978953956072f72d0581113dbece34c26ac1f481f9b633c67b2798bc5ece92d08b5b411d4a44/experimentData.dat', '1429978953956072f72d0581113dbece34c26ac1f481f9b633c67b2798bc5ece92d08b5b411d4a44', '60000 -verbose 20000']
FINISHED
1429978955.44
0
AssistanceApps/runtimeIO/1429978953956072f72d0581113dbece34c26ac1f481f9b633c67b2798bc5ece92d08b5b411d4a44/1429978953956072f72d0581113dbece34c26ac1f481f9b633c67b2798bc5ece92d08b5b411d4a44-stdout.dat
AssistanceApps/runtimeIO/1429978953956072f72d0581113dbece34c26ac1f481f9b633c67b2798bc5ece92d08b5b411d4a44/1429978953956072f72d0581113dbece34c26ac1f481f9b633c67b2798bc5ece92d08b5b411d4a44-stderr.dat

1429978953.95	DRAFT
1429978953.95	WAITING
1429978954.95	 CPU=2.0	 mem={'swap': 0.0, 'virtual': 0.0, 'physical': 18.6}	 freeDisk=40.5G
1429978954.95	GATHERING
1429978954.96	DATA READY
1429978954.96	STANDBY
1429978954.97	PERFORMING_LOCAL
1429978955.44	COMPLETED_LOCAL
1429978955.44	READY
1429978955.47	SENDING_DATA
1429978955.47	FINISHED
<END>
<BEGIN>
1429978953941913fdad7bc202998b9533b46453bc7b78267931cc869f1b12105e551157b95fd63c
0123456789ABCDEF
1429978953.94
SHA256_TEST
60000 -verbose 20000
['AssistanceApps/runtimeIO/1429978953941913fdad7bc202998b9533b46453bc7b78267931cc869f1b12105e551157b95fd63c/experimentData.dat']
['AssistanceApps/sha256Example.assistanceApp', '10', 'AssistanceApps/runtimeIO/1429978953941913fdad7bc202998b9533b46453bc7b78267931cc869f1b12105e551157b95fd63c/experimentData.dat', '1429978953941913fdad7bc202998b9533b46453bc7b78267931cc869f1b12105e551157b95fd63c', '60000 -verbose 20000']
FINISHED
1429978955.43
0
AssistanceApps/runtimeIO/1429978953941913fdad7bc202998b9533b46453bc7b78267931cc869f1b12105e551157b95fd63c/1429978953941913fdad7bc202998b9533b46453bc7b78267931cc869f1b12105e551157b95fd63c-stdout.dat
AssistanceApps/runtimeIO/1429978953941913fdad7bc202998b9533b46453bc7b78267931cc869f1b12105e551157b95fd63c/1429978953941913fdad7bc202998b9533b46453bc7b78267931cc869f1b12105e551157b95fd63c-stderr.dat

1429978953.94	DRAFT
1429978953.94	WAITING
1429978954.95	 CPU=1.975	 mem={'swap': 0.0, 'virtual': 0.0, 'physical': 18.6}	 freeDisk=40.5G
1429978954.95	GATHERING
1429978954.96	DATA READY
1429978954.96	STANDBY
1429978954.96	PERFORMING_LOCAL
1429978955.43	COMPLETED_LOCAL
1429978955.43	READY
1429978955.47	SENDING_DATA
1429978955.47	FINISHED
<END>
<BEGIN>
1429978953977124a2f0827d7c2f427cb8c5f344b2a972124f4d1f905b3e4f33c33e936924759811
0123456789ABCDEF
1429978953.96
WEKA_3_6_12
weka.classifiers.trees.J48 -t
['AssistanceApps/runtimeIO/1429978953977124a2f0827d7c2f427cb8c5f344b2a972124f4d1f905b3e4f33c33e936924759811/weather.nominal.arff']
['AssistanceApps/assistanceWEKA.assistanceApp', '10', 'AssistanceApps/runtimeIO/1429978953977124a2f0827d7c2f427cb8c5f344b2a972124f4d1f905b3e4f33c33e936924759811/weather.nominal.arff', '1429978953977124a2f0827d7c2f427cb8c5f344b2a972124f4d1f905b3e4f33c33e936924759811', 'weka.classifiers.trees.J48 -t']
FINISHED
1429978955.15
0
AssistanceApps/runtimeIO/1429978953977124a2f0827d7c2f427cb8c5f344b2a972124f4d1f905b3e4f33c33e936924759811/1429978953977124a2f0827d7c2f427cb8c5f344b2a972124f4d1f905b3e4f33c33e936924759811-stdout.dat
AssistanceApps/runtimeIO/1429978953977124a2f0827d7c2f427cb8c5f344b2a972124f4d1f905b3e4f33c33e936924759811/1429978953977124a2f0827d7c2f427cb8c5f344b2a972124f4d1f905b3e4f33c33e936924759811-stderr.dat

1429978953.96	DRAFT
1429978953.97	WAITING
1429978954.97	 CPU=2.475	 mem={'swap': 0.0, 'virtual': 0.0, 'physical': 18.6}	 freeDisk=40.5G
1429978954.97	GATHERING
1429978954.98	DATA READY
1429978954.98	STANDBY
1429978954.98	PERFORMING_LOCAL
1429978955.15	COMPLETED_LOCAL
1429978955.15	READY
1429978955.24	SENDING_DATA
1429978955.24	FINISHED
<END>
<BEGIN>
14299789539573571ac6ca41aaafafe7dada69d9d5eb4dc5739fe5f5b4443db9620a1604cf387524
0123456789ABCDEF
1429978953.95
LOCAL_ECHO_TEST
HeII0, W0r1d!!!111!
[]
['AssistanceApps/echoInAllCaps.assistanceApp', '10', '', '14299789539573571ac6ca41aaafafe7dada69d9d5eb4dc5739fe5f5b4443db9620a1604cf387524', 'HeII0, W0r1d!!!111!']
READY
1429978954.95
0
HEII0, W0R1D!!!111!



1429978953.95	DRAFT
1429978953.95	WAITING
1429978954.95	 CPU=2.25	 mem={'swap': 0.0, 'virtual': 0.0, 'physical': 18.6}	 freeDisk=40.5G
1429978954.95	DATA READY
1429978954.95	STANDBY
1429978954.95	PERFORMING_LOCAL
1429978954.95	COMPLETED_LOCAL
1429978954.95	READY
<END>
<BEGIN>
14299789539542077c7529c426243353a0ebbb56ca10f6f70c041633edc32cf28260aeef100fb03b
0123456789ABCDEF
1429978953.95
LOCAL_ECHO_TEST
Hello, World!
[]
['AssistanceApps/echoInAllCaps.assistanceApp', '10', '', '14299789539542077c7529c426243353a0ebbb56ca10f6f70c041633edc32cf28260aeef100fb03b', 'Hello, World!']
READY
1429978954.95
0
HELLO, WORLD!



1429978953.95	DRAFT
1429978953.95	WAITING
1429978954.95	 CPU=2.0	 mem={'swap': 0.0, 'virtual': 0.0, 'physical': 18.6}	 freeDisk=40.5G
1429978954.95	DATA READY
1429978954.95	STANDBY
1429978954.95	PERFORMING_LOCAL
1429978954.95	COMPLETED_LOCAL
1429978954.95	READY
<END>