
<BEGIN>
1430181984521059207366e405010217ab378bfd2251b53f7ba99900c0f8b132cc62326bcc0b4c92
0123456789ABCDEF
1430181984.52
LOCAL_ECHO_TEST
Hello, World!
[]
['AssistanceApps/echoInAllCaps.assistanceApp', '10', '', '1430181984521059207366e405010217ab378bfd2251b53f7ba99900c0f8b132cc62326bcc0b4c92', 'Hello, World!']
READY
1430181985.53
0
HELLO, WORLD!



1430181984.52	DRAFT
1430181984.52	WAITING
1430181985.53	 CPU=1.25	 mem={'swap': 0.0, 'virtual': 0.0, 'physical': 18.5}	 freeDisk=40.2G
1430181985.53	DATA READY
1430181985.53	STANDBY
1430181985.53	PERFORMING_LOCAL
1430181985.53	COMPLETED_LOCAL
1430181985.53	READY
<END>
<BEGIN>
14301819845137038ddac06503f32e8d0bd67b79ea9f7f17ff79ab60727d306d0e1a8376f82e3940
0123456789ABCDEF
1430181984.5
SHA256_TEST
60000 -verbose 20000
['AssistanceApps/runtimeIO/14301819845137038ddac06503f32e8d0bd67b79ea9f7f17ff79ab60727d306d0e1a8376f82e3940/experimentData.dat']
['AssistanceApps/sha256Example.assistanceApp', '10', 'AssistanceApps/runtimeIO/14301819845137038ddac06503f32e8d0bd67b79ea9f7f17ff79ab60727d306d0e1a8376f82e3940/experimentData.dat', '14301819845137038ddac06503f32e8d0bd67b79ea9f7f17ff79ab60727d306d0e1a8376f82e3940', '60000 -verbose 20000']
FINISHED
1430181986.01
0
AssistanceApps/runtimeIO/14301819845137038ddac06503f32e8d0bd67b79ea9f7f17ff79ab60727d306d0e1a8376f82e3940/14301819845137038ddac06503f32e8d0bd67b79ea9f7f17ff79ab60727d306d0e1a8376f82e3940-stdout.dat
AssistanceApps/runtimeIO/14301819845137038ddac06503f32e8d0bd67b79ea9f7f17ff79ab60727d306d0e1a8376f82e3940/14301819845137038ddac06503f32e8d0bd67b79ea9f7f17ff79ab60727d306d0e1a8376f82e3940-stderr.dat

1430181984.5	DRAFT
1430181984.51	WAITING
1430181985.51	 CPU=1.25	 mem={'swap': 0.0, 'virtual': 0.0, 'physical': 18.4}	 freeDisk=40.2G
1430181985.51	GATHERING
1430181985.54	DATA READY
1430181985.54	STANDBY
1430181985.54	PERFORMING_LOCAL
1430181986.01	COMPLETED_LOCAL
1430181986.01	READY
1430181986.04	SENDING_DATA
1430181986.04	FINISHED
<END>
<BEGIN>
14301819845610558cf6e54f6f0c0a097d86f873a1c6cbeb02c964a1ff08c1ac6e6c28c0e7ada946
0123456789ABCDEF
1430181984.53
WEKA_3_6_12
weka.classifiers.trees.J48 -t
['AssistanceApps/runtimeIO/14301819845610558cf6e54f6f0c0a097d86f873a1c6cbeb02c964a1ff08c1ac6e6c28c0e7ada946/weather.nominal.arff']
['AssistanceApps/assistanceWEKA.assistanceApp', '10', 'AssistanceApps/runtimeIO/14301819845610558cf6e54f6f0c0a097d86f873a1c6cbeb02c964a1ff08c1ac6e6c28c0e7ada946/weather.nominal.arff', '14301819845610558cf6e54f6f0c0a097d86f873a1c6cbeb02c964a1ff08c1ac6e6c28c0e7ada946', 'weka.classifiers.trees.J48 -t']
FINISHED
1430181985.77
0
AssistanceApps/runtimeIO/14301819845610558cf6e54f6f0c0a097d86f873a1c6cbeb02c964a1ff08c1ac6e6c28c0e7ada946/14301819845610558cf6e54f6f0c0a097d86f873a1c6cbeb02c964a1ff08c1ac6e6c28c0e7ada946-stdout.dat
AssistanceApps/runtimeIO/14301819845610558cf6e54f6f0c0a097d86f873a1c6cbeb02c964a1ff08c1ac6e6c28c0e7ada946/14301819845610558cf6e54f6f0c0a097d86f873a1c6cbeb02c964a1ff08c1ac6e6c28c0e7ada946-stderr.dat

1430181984.53	DRAFT
1430181984.56	WAITING
1430181985.56	 CPU=2.5	 mem={'swap': 0.0, 'virtual': 0.0, 'physical': 18.5}	 freeDisk=40.2G
1430181985.56	GATHERING
1430181985.58	DATA READY
1430181985.58	STANDBY
1430181985.58	PERFORMING_LOCAL
1430181985.77	COMPLETED_LOCAL
1430181985.77	READY
1430181985.84	SENDING_DATA
1430181985.84	FINISHED
<END>
<BEGIN>
1430181984535537723afe0d5c676072efe0bc40cffda0ccbf433e2a05c4599e859860d79c073769
0123456789ABCDEF
1430181984.53
LOCAL_ECHO_TEST
HeII0, W0r1d!!!111!
[]
['AssistanceApps/echoInAllCaps.assistanceApp', '10', '', '1430181984535537723afe0d5c676072efe0bc40cffda0ccbf433e2a05c4599e859860d79c073769', 'HeII0, W0r1d!!!111!']
READY
1430181985.53
0
HEII0, W0R1D!!!111!



1430181984.53	DRAFT
1430181984.53	WAITING
1430181985.53	 CPU=1.25	 mem={'swap': 0.0, 'virtual': 0.0, 'physical': 18.5}	 freeDisk=40.2G
1430181985.53	DATA READY
1430181985.53	STANDBY
1430181985.53	PERFORMING_LOCAL
1430181985.53	COMPLETED_LOCAL
1430181985.53	READY
<END>
<BEGIN>
14301819845220153c605c9dc0cf8e07cc37501548bdd3f95d0638364c56a0c7442182523d8746bb
0123456789ABCDEF
1430181984.51
LOCAL_ECHO_TEST
Hello World
[]
['AssistanceApps/echoInAllCaps.assistanceApp', '10', '', '14301819845220153c605c9dc0cf8e07cc37501548bdd3f95d0638364c56a0c7442182523d8746bb', 'Hello World']
READY
1430181985.52
0
HELLO WORLD



1430181984.51	DRAFT
1430181984.52	WAITING
1430181985.52	 CPU=1.25	 mem={'swap': 0.0, 'virtual': 0.0, 'physical': 18.5}	 freeDisk=40.2G
1430181985.52	DATA READY
1430181985.52	STANDBY
1430181985.52	PERFORMING_LOCAL
1430181985.52	COMPLETED_LOCAL
1430181985.52	READY
<END>
<BEGIN>
1430181984564863caed3f3dde61d9c7dd9a575a94e5e8231146a71538d09b31df08e3a3e6486b4a
0123456789ABCDEF
1430181984.56
WEKA_3_6_12
weka.classifiers.trees.J48 -t
['AssistanceApps/runtimeIO/1430181984564863caed3f3dde61d9c7dd9a575a94e5e8231146a71538d09b31df08e3a3e6486b4a/weather.numeric.arff']
['AssistanceApps/assistanceWEKA.assistanceApp', '10', 'AssistanceApps/runtimeIO/1430181984564863caed3f3dde61d9c7dd9a575a94e5e8231146a71538d09b31df08e3a3e6486b4a/weather.numeric.arff', '1430181984564863caed3f3dde61d9c7dd9a575a94e5e8231146a71538d09b31df08e3a3e6486b4a', 'weka.classifiers.trees.J48 -t']
FINISHED
1430181985.74
0
AssistanceApps/runtimeIO/1430181984564863caed3f3dde61d9c7dd9a575a94e5e8231146a71538d09b31df08e3a3e6486b4a/1430181984564863caed3f3dde61d9c7dd9a575a94e5e8231146a71538d09b31df08e3a3e6486b4a-stdout.dat
AssistanceApps/runtimeIO/1430181984564863caed3f3dde61d9c7dd9a575a94e5e8231146a71538d09b31df08e3a3e6486b4a/1430181984564863caed3f3dde61d9c7dd9a575a94e5e8231146a71538d09b31df08e3a3e6486b4a-stderr.dat

1430181984.56	DRAFT
1430181984.56	WAITING
1430181985.56	 CPU=2.75	 mem={'swap': 0.0, 'virtual': 0.0, 'physical': 18.5}	 freeDisk=40.2G
1430181985.56	GATHERING
1430181985.58	DATA READY
1430181985.58	STANDBY
1430181985.58	PERFORMING_LOCAL
1430181985.74	COMPLETED_LOCAL
1430181985.74	READY
1430181985.84	SENDING_DATA
1430181985.84	FINISHED
<END>
<BEGIN>
1430181984523642b054f023d857b695793a85c6f2b67fc3fc0e60a9708abdee1b1a371a82976921
0123456789ABCDEF
1430181984.52
SHA256_TEST
60000 -verbose 20000
['AssistanceApps/runtimeIO/1430181984523642b054f023d857b695793a85c6f2b67fc3fc0e60a9708abdee1b1a371a82976921/experimentData.dat']
['AssistanceApps/sha256Example.assistanceApp', '10', 'AssistanceApps/runtimeIO/1430181984523642b054f023d857b695793a85c6f2b67fc3fc0e60a9708abdee1b1a371a82976921/experimentData.dat', '1430181984523642b054f023d857b695793a85c6f2b67fc3fc0e60a9708abdee1b1a371a82976921', '60000 -verbose 20000']
FINISHED
1430181986.01
0
AssistanceApps/runtimeIO/1430181984523642b054f023d857b695793a85c6f2b67fc3fc0e60a9708abdee1b1a371a82976921/1430181984523642b054f023d857b695793a85c6f2b67fc3fc0e60a9708abdee1b1a371a82976921-stdout.dat
AssistanceApps/runtimeIO/1430181984523642b054f023d857b695793a85c6f2b67fc3fc0e60a9708abdee1b1a371a82976921/1430181984523642b054f023d857b695793a85c6f2b67fc3fc0e60a9708abdee1b1a371a82976921-stderr.dat

1430181984.52	DRAFT
1430181984.52	WAITING
1430181985.52	 CPU=1.25	 mem={'swap': 0.0, 'virtual': 0.0, 'physical': 18.5}	 freeDisk=40.2G
1430181985.52	GATHERING
1430181985.54	DATA READY
1430181985.54	STANDBY
1430181985.54	PERFORMING_LOCAL
1430181986.01	COMPLETED_LOCAL
1430181986.01	READY
1430181986.04	SENDING_DATA
1430181986.04	FINISHED
<END>