
<BEGIN>
14301819845994744494d53d0a445a1a024fcb42db747ff35146da430f19536b6ae66fc79dfdfa4a
0123456789ABCDEF
1430181984.59
SHA256_TEST
60000 -verbose 20000
['AssistanceApps/runtimeIO/14301819845994744494d53d0a445a1a024fcb42db747ff35146da430f19536b6ae66fc79dfdfa4a/experimentData.dat']
['AssistanceApps/sha256Example.assistanceApp', '10', 'AssistanceApps/runtimeIO/14301819845994744494d53d0a445a1a024fcb42db747ff35146da430f19536b6ae66fc79dfdfa4a/experimentData.dat', '14301819845994744494d53d0a445a1a024fcb42db747ff35146da430f19536b6ae66fc79dfdfa4a', '60000 -verbose 20000']
FINISHED
1430181986.09
0
AssistanceApps/runtimeIO/14301819845994744494d53d0a445a1a024fcb42db747ff35146da430f19536b6ae66fc79dfdfa4a/14301819845994744494d53d0a445a1a024fcb42db747ff35146da430f19536b6ae66fc79dfdfa4a-stdout.dat
AssistanceApps/runtimeIO/14301819845994744494d53d0a445a1a024fcb42db747ff35146da430f19536b6ae66fc79dfdfa4a/14301819845994744494d53d0a445a1a024fcb42db747ff35146da430f19536b6ae66fc79dfdfa4a-stderr.dat

1430181984.59	DRAFT
1430181984.59	WAITING
1430181985.59	 CPU=1.25	 mem={'swap': 0.0, 'virtual': 0.0, 'physical': 17.7}	 freeDisk=41.0G
1430181985.59	GATHERING
1430181985.6	DATA READY
1430181985.6	STANDBY
1430181985.6	PERFORMING_LOCAL
1430181986.09	COMPLETED_LOCAL
1430181986.09	READY
1430181986.11	SENDING_DATA
1430181986.11	FINISHED
<END>
<BEGIN>
1430181984594940ac878eeca94b0bc350125eb86265959abe57b10d696c35eed235a7bf364ac3b4
0123456789ABCDEF
1430181984.59
LOCAL_ECHO_TEST
HeII0, W0r1d!!!111!
[]
['AssistanceApps/echoInAllCaps.assistanceApp', '10', '', '1430181984594940ac878eeca94b0bc350125eb86265959abe57b10d696c35eed235a7bf364ac3b4', 'HeII0, W0r1d!!!111!']
READY
1430181985.59
0
HEII0, W0R1D!!!111!



1430181984.59	DRAFT
1430181984.59	WAITING
1430181985.59	 CPU=1.5	 mem={'swap': 0.0, 'virtual': 0.0, 'physical': 17.7}	 freeDisk=41.0G
1430181985.59	DATA READY
1430181985.59	STANDBY
1430181985.59	PERFORMING_LOCAL
1430181985.59	COMPLETED_LOCAL
1430181985.59	READY
<END>
<BEGIN>
143018198463465ecd7924a92cba4f982ffecca3a813fb1d0a896266f196b9249f383e8b2bef6fb
0123456789ABCDEF
1430181984.6
WEKA_3_6_12
weka.classifiers.trees.J48 -t
['AssistanceApps/runtimeIO/143018198463465ecd7924a92cba4f982ffecca3a813fb1d0a896266f196b9249f383e8b2bef6fb/weather.numeric.arff']
['AssistanceApps/assistanceWEKA.assistanceApp', '10', 'AssistanceApps/runtimeIO/143018198463465ecd7924a92cba4f982ffecca3a813fb1d0a896266f196b9249f383e8b2bef6fb/weather.numeric.arff', '143018198463465ecd7924a92cba4f982ffecca3a813fb1d0a896266f196b9249f383e8b2bef6fb', 'weka.classifiers.trees.J48 -t']
FINISHED
1430181985.77
0
AssistanceApps/runtimeIO/143018198463465ecd7924a92cba4f982ffecca3a813fb1d0a896266f196b9249f383e8b2bef6fb/143018198463465ecd7924a92cba4f982ffecca3a813fb1d0a896266f196b9249f383e8b2bef6fb-stdout.dat
AssistanceApps/runtimeIO/143018198463465ecd7924a92cba4f982ffecca3a813fb1d0a896266f196b9249f383e8b2bef6fb/143018198463465ecd7924a92cba4f982ffecca3a813fb1d0a896266f196b9249f383e8b2bef6fb-stderr.dat

1430181984.6	DRAFT
1430181984.6	WAITING
1430181985.6	 CPU=1.0	 mem={'swap': 0.0, 'virtual': 0.0, 'physical': 17.8}	 freeDisk=41.0G
1430181985.6	GATHERING
1430181985.61	DATA READY
1430181985.61	STANDBY
1430181985.61	PERFORMING_LOCAL
1430181985.77	COMPLETED_LOCAL
1430181985.77	READY
1430181985.87	SENDING_DATA
1430181985.87	FINISHED
<END>
<BEGIN>
14301819845985754494d53d0a445a1a024fcb42db747ff35146da430f19536b6ae66fc79dfdfa4a
0123456789ABCDEF
1430181984.59
SHA256_TEST
60000 -verbose 20000
['AssistanceApps/runtimeIO/14301819845985754494d53d0a445a1a024fcb42db747ff35146da430f19536b6ae66fc79dfdfa4a/experimentData.dat']
['AssistanceApps/sha256Example.assistanceApp', '10', 'AssistanceApps/runtimeIO/14301819845985754494d53d0a445a1a024fcb42db747ff35146da430f19536b6ae66fc79dfdfa4a/experimentData.dat', '14301819845985754494d53d0a445a1a024fcb42db747ff35146da430f19536b6ae66fc79dfdfa4a', '60000 -verbose 20000']
FINISHED
1430181986.08
0
AssistanceApps/runtimeIO/14301819845985754494d53d0a445a1a024fcb42db747ff35146da430f19536b6ae66fc79dfdfa4a/14301819845985754494d53d0a445a1a024fcb42db747ff35146da430f19536b6ae66fc79dfdfa4a-stdout.dat
AssistanceApps/runtimeIO/14301819845985754494d53d0a445a1a024fcb42db747ff35146da430f19536b6ae66fc79dfdfa4a/14301819845985754494d53d0a445a1a024fcb42db747ff35146da430f19536b6ae66fc79dfdfa4a-stderr.dat

1430181984.59	DRAFT
1430181984.59	WAITING
1430181985.6	 CPU=1.25	 mem={'swap': 0.0, 'virtual': 0.0, 'physical': 17.8}	 freeDisk=41.0G
1430181985.6	GATHERING
1430181985.61	DATA READY
1430181985.61	STANDBY
1430181985.61	PERFORMING_LOCAL
1430181986.08	COMPLETED_LOCAL
1430181986.08	READY
1430181986.12	SENDING_DATA
1430181986.12	FINISHED
<END>
<BEGIN>
1430181984582830231da0b0bad1c11e793e10e1169978e716bbf1a7168db5e6a8addc4279dc3562
0123456789ABCDEF
1430181984.58
LOCAL_ECHO_TEST
Hello World
[]
['AssistanceApps/echoInAllCaps.assistanceApp', '10', '', '1430181984582830231da0b0bad1c11e793e10e1169978e716bbf1a7168db5e6a8addc4279dc3562', 'Hello World']
READY
1430181985.59
0
HELLO WORLD



1430181984.58	DRAFT
1430181984.58	WAITING
1430181985.58	 CPU=1.25	 mem={'swap': 0.0, 'virtual': 0.0, 'physical': 17.7}	 freeDisk=41.0G
1430181985.58	DATA READY
1430181985.58	STANDBY
1430181985.58	PERFORMING_LOCAL
1430181985.59	COMPLETED_LOCAL
1430181985.59	READY
<END>
<BEGIN>
14301819845957384e49f85fc7229cb27817db43dbbeea6aa5b91dce0d478e54f1987afcbc03bc9e
0123456789ABCDEF
1430181984.59
WEKA_3_6_12
weka.classifiers.trees.J48 -t
['AssistanceApps/runtimeIO/14301819845957384e49f85fc7229cb27817db43dbbeea6aa5b91dce0d478e54f1987afcbc03bc9e/weather.nominal.arff']
['AssistanceApps/assistanceWEKA.assistanceApp', '10', 'AssistanceApps/runtimeIO/14301819845957384e49f85fc7229cb27817db43dbbeea6aa5b91dce0d478e54f1987afcbc03bc9e/weather.nominal.arff', '14301819845957384e49f85fc7229cb27817db43dbbeea6aa5b91dce0d478e54f1987afcbc03bc9e', 'weka.classifiers.trees.J48 -t']
FINISHED
1430181985.77
0
AssistanceApps/runtimeIO/14301819845957384e49f85fc7229cb27817db43dbbeea6aa5b91dce0d478e54f1987afcbc03bc9e/14301819845957384e49f85fc7229cb27817db43dbbeea6aa5b91dce0d478e54f1987afcbc03bc9e-stdout.dat
AssistanceApps/runtimeIO/14301819845957384e49f85fc7229cb27817db43dbbeea6aa5b91dce0d478e54f1987afcbc03bc9e/14301819845957384e49f85fc7229cb27817db43dbbeea6aa5b91dce0d478e54f1987afcbc03bc9e-stderr.dat

1430181984.59	DRAFT
1430181984.59	WAITING
1430181985.6	 CPU=1.25	 mem={'swap': 0.0, 'virtual': 0.0, 'physical': 17.7}	 freeDisk=41.0G
1430181985.6	GATHERING
1430181985.61	DATA READY
1430181985.61	STANDBY
1430181985.61	PERFORMING_LOCAL
1430181985.77	COMPLETED_LOCAL
1430181985.77	READY
1430181985.87	SENDING_DATA
1430181985.87	FINISHED
<END>
<BEGIN>
14301819845925251b7d2768a5b840b90e57e367f4dd56bec46d61f71c1d181bba2be41a45292a10
0123456789ABCDEF
1430181984.59
LOCAL_ECHO_TEST
Hello, World!
[]
['AssistanceApps/echoInAllCaps.assistanceApp', '10', '', '14301819845925251b7d2768a5b840b90e57e367f4dd56bec46d61f71c1d181bba2be41a45292a10', 'Hello, World!']
READY
1430181985.59
0
HELLO, WORLD!



1430181984.59	DRAFT
1430181984.59	WAITING
1430181985.59	 CPU=1.5	 mem={'swap': 0.0, 'virtual': 0.0, 'physical': 17.7}	 freeDisk=41.0G
1430181985.59	DATA READY
1430181985.59	STANDBY
1430181985.59	PERFORMING_LOCAL
1430181985.59	COMPLETED_LOCAL
1430181985.59	READY
<END>