
<BEGIN>
1430181984573809f0001707164184160e6f70b278f87405620680b5b4fd79dde872c0097d586b08
0123456789ABCDEF
1430181984.57
SHA256_TEST
60000 -verbose 20000
['AssistanceApps/runtimeIO/1430181984573809f0001707164184160e6f70b278f87405620680b5b4fd79dde872c0097d586b08/experimentData.dat']
['AssistanceApps/sha256Example.assistanceApp', '10', 'AssistanceApps/runtimeIO/1430181984573809f0001707164184160e6f70b278f87405620680b5b4fd79dde872c0097d586b08/experimentData.dat', '1430181984573809f0001707164184160e6f70b278f87405620680b5b4fd79dde872c0097d586b08', '60000 -verbose 20000']
FINISHED
1430181986.07
0
AssistanceApps/runtimeIO/1430181984573809f0001707164184160e6f70b278f87405620680b5b4fd79dde872c0097d586b08/1430181984573809f0001707164184160e6f70b278f87405620680b5b4fd79dde872c0097d586b08-stdout.dat
AssistanceApps/runtimeIO/1430181984573809f0001707164184160e6f70b278f87405620680b5b4fd79dde872c0097d586b08/1430181984573809f0001707164184160e6f70b278f87405620680b5b4fd79dde872c0097d586b08-stderr.dat

1430181984.57	DRAFT
1430181984.57	WAITING
1430181985.57	 CPU=0.5	 mem={'swap': 0.0, 'virtual': 0.0, 'physical': 18.7}	 freeDisk=39.2G
1430181985.57	GATHERING
1430181985.59	DATA READY
1430181985.59	STANDBY
1430181985.59	PERFORMING_LOCAL
1430181986.07	COMPLETED_LOCAL
1430181986.07	READY
1430181986.1	SENDING_DATA
1430181986.1	FINISHED
<END>
<BEGIN>
14301819845979161b7d2768a5b840b90e57e367f4dd56bec46d61f71c1d181bba2be41a45292a10
0123456789ABCDEF
1430181984.59
LOCAL_ECHO_TEST
Hello, World!
[]
['AssistanceApps/echoInAllCaps.assistanceApp', '10', '', '14301819845979161b7d2768a5b840b90e57e367f4dd56bec46d61f71c1d181bba2be41a45292a10', 'Hello, World!']
READY
1430181985.59
0
HELLO, WORLD!



1430181984.59	DRAFT
1430181984.59	WAITING
1430181985.59	 CPU=0.75	 mem={'swap': 0.0, 'virtual': 0.0, 'physical': 18.7}	 freeDisk=39.2G
1430181985.59	DATA READY
1430181985.59	STANDBY
1430181985.59	PERFORMING_LOCAL
1430181985.59	COMPLETED_LOCAL
1430181985.59	READY
<END>
<BEGIN>
1430181984595729ac878eeca94b0bc350125eb86265959abe57b10d696c35eed235a7bf364ac3b4
0123456789ABCDEF
1430181984.59
LOCAL_ECHO_TEST
HeII0, W0r1d!!!111!
[]
['AssistanceApps/echoInAllCaps.assistanceApp', '10', '', '1430181984595729ac878eeca94b0bc350125eb86265959abe57b10d696c35eed235a7bf364ac3b4', 'HeII0, W0r1d!!!111!']
READY
1430181986.07
0
HEII0, W0R1D!!!111!



1430181984.59	DRAFT
1430181984.59	WAITING
1430181985.59	 CPU=1.5	 mem={'swap': 0.0, 'virtual': 0.0, 'physical': 18.8}	 freeDisk=39.2G
1430181985.59	DATA READY
1430181985.59	STANDBY
1430181985.59	PERFORMING_LOCAL
1430181986.07	COMPLETED_LOCAL
1430181986.07	READY
<END>
<BEGIN>
1430181984586344cb6301b400381fe03c9cc216e187dd155589607a560b7751d9135a50f94e1049
0123456789ABCDEF
1430181984.58
WEKA_3_6_12
weka.classifiers.trees.J48 -t
['AssistanceApps/runtimeIO/1430181984586344cb6301b400381fe03c9cc216e187dd155589607a560b7751d9135a50f94e1049/weather.numeric.arff']
['AssistanceApps/assistanceWEKA.assistanceApp', '10', 'AssistanceApps/runtimeIO/1430181984586344cb6301b400381fe03c9cc216e187dd155589607a560b7751d9135a50f94e1049/weather.numeric.arff', '1430181984586344cb6301b400381fe03c9cc216e187dd155589607a560b7751d9135a50f94e1049', 'weka.classifiers.trees.J48 -t']
FINISHED
1430181985.78
0
AssistanceApps/runtimeIO/1430181984586344cb6301b400381fe03c9cc216e187dd155589607a560b7751d9135a50f94e1049/1430181984586344cb6301b400381fe03c9cc216e187dd155589607a560b7751d9135a50f94e1049-stdout.dat
AssistanceApps/runtimeIO/1430181984586344cb6301b400381fe03c9cc216e187dd155589607a560b7751d9135a50f94e1049/1430181984586344cb6301b400381fe03c9cc216e187dd155589607a560b7751d9135a50f94e1049-stderr.dat

1430181984.58	DRAFT
1430181984.58	WAITING
1430181985.59	 CPU=0.5	 mem={'swap': 0.0, 'virtual': 0.0, 'physical': 18.7}	 freeDisk=39.2G
1430181985.59	GATHERING
1430181985.6	DATA READY
1430181985.6	STANDBY
1430181985.6	PERFORMING_LOCAL
1430181985.78	COMPLETED_LOCAL
1430181985.78	READY
1430181985.86	SENDING_DATA
1430181985.86	FINISHED
<END>
<BEGIN>
1430181984596403625879c87b7003054d981d0eb76313226b53fae5f4afff4ccec1518cb877a27d
0123456789ABCDEF
1430181984.58
LOCAL_ECHO_TEST
Hello World
[]
['AssistanceApps/echoInAllCaps.assistanceApp', '10', '', '1430181984596403625879c87b7003054d981d0eb76313226b53fae5f4afff4ccec1518cb877a27d', 'Hello World']
READY
1430181985.59
0
HELLO WORLD



1430181984.58	DRAFT
1430181984.59	WAITING
1430181985.59	 CPU=0.75	 mem={'swap': 0.0, 'virtual': 0.0, 'physical': 18.7}	 freeDisk=39.2G
1430181985.59	DATA READY
1430181985.59	STANDBY
1430181985.59	PERFORMING_LOCAL
1430181985.59	COMPLETED_LOCAL
1430181985.59	READY
<END>
<BEGIN>
14301819845858771e8702ca5ea1ae6f76a3effbadaec406c57accb020a4ce4bf023491af8740582
0123456789ABCDEF
1430181984.58
WEKA_3_6_12
weka.classifiers.trees.J48 -t
['AssistanceApps/runtimeIO/14301819845858771e8702ca5ea1ae6f76a3effbadaec406c57accb020a4ce4bf023491af8740582/weather.nominal.arff']
['AssistanceApps/assistanceWEKA.assistanceApp', '10', 'AssistanceApps/runtimeIO/14301819845858771e8702ca5ea1ae6f76a3effbadaec406c57accb020a4ce4bf023491af8740582/weather.nominal.arff', '14301819845858771e8702ca5ea1ae6f76a3effbadaec406c57accb020a4ce4bf023491af8740582', 'weka.classifiers.trees.J48 -t']
FINISHED
1430181985.76
0
AssistanceApps/runtimeIO/14301819845858771e8702ca5ea1ae6f76a3effbadaec406c57accb020a4ce4bf023491af8740582/14301819845858771e8702ca5ea1ae6f76a3effbadaec406c57accb020a4ce4bf023491af8740582-stdout.dat
AssistanceApps/runtimeIO/14301819845858771e8702ca5ea1ae6f76a3effbadaec406c57accb020a4ce4bf023491af8740582/14301819845858771e8702ca5ea1ae6f76a3effbadaec406c57accb020a4ce4bf023491af8740582-stderr.dat

1430181984.58	DRAFT
1430181984.58	WAITING
1430181985.58	 CPU=0.5	 mem={'swap': 0.0, 'virtual': 0.0, 'physical': 18.7}	 freeDisk=39.2G
1430181985.58	GATHERING
1430181985.6	DATA READY
1430181985.6	STANDBY
1430181985.6	PERFORMING_LOCAL
1430181985.76	COMPLETED_LOCAL
1430181985.76	READY
1430181985.85	SENDING_DATA
1430181985.85	FINISHED
<END>
<BEGIN>
1430181984573731f0001707164184160e6f70b278f87405620680b5b4fd79dde872c0097d586b08
0123456789ABCDEF
1430181984.57
SHA256_TEST
60000 -verbose 20000
['AssistanceApps/runtimeIO/1430181984573731f0001707164184160e6f70b278f87405620680b5b4fd79dde872c0097d586b08/experimentData.dat']
['AssistanceApps/sha256Example.assistanceApp', '10', 'AssistanceApps/runtimeIO/1430181984573731f0001707164184160e6f70b278f87405620680b5b4fd79dde872c0097d586b08/experimentData.dat', '1430181984573731f0001707164184160e6f70b278f87405620680b5b4fd79dde872c0097d586b08', '60000 -verbose 20000']
FINISHED
1430181986.07
0
AssistanceApps/runtimeIO/1430181984573731f0001707164184160e6f70b278f87405620680b5b4fd79dde872c0097d586b08/1430181984573731f0001707164184160e6f70b278f87405620680b5b4fd79dde872c0097d586b08-stdout.dat
AssistanceApps/runtimeIO/1430181984573731f0001707164184160e6f70b278f87405620680b5b4fd79dde872c0097d586b08/1430181984573731f0001707164184160e6f70b278f87405620680b5b4fd79dde872c0097d586b08-stderr.dat

1430181984.57	DRAFT
1430181984.57	WAITING
1430181985.57	 CPU=0.5	 mem={'swap': 0.0, 'virtual': 0.0, 'physical': 18.7}	 freeDisk=39.2G
1430181985.57	GATHERING
1430181985.59	DATA READY
1430181985.59	STANDBY
1430181985.59	PERFORMING_LOCAL
1430181986.07	COMPLETED_LOCAL
1430181986.07	READY
1430181986.1	SENDING_DATA
1430181986.1	FINISHED
<END>