
<BEGIN>
142997931103416620bfcf74b85c86ce3eb8cc33ce85a893f77478aa98960119eba514292c84bf8
0123456789ABCDEF
1429979311.0
WEKA_3_6_12
weka.classifiers.trees.J48 -t
['AssistanceApps/runtimeIO/142997931103416620bfcf74b85c86ce3eb8cc33ce85a893f77478aa98960119eba514292c84bf8/weather.nominal.arff']
['AssistanceApps/assistanceWEKA.assistanceApp', '10', 'AssistanceApps/runtimeIO/142997931103416620bfcf74b85c86ce3eb8cc33ce85a893f77478aa98960119eba514292c84bf8/weather.nominal.arff', '142997931103416620bfcf74b85c86ce3eb8cc33ce85a893f77478aa98960119eba514292c84bf8', 'weka.classifiers.trees.J48 -t']
FINISHED
1429979312.18
0
AssistanceApps/runtimeIO/142997931103416620bfcf74b85c86ce3eb8cc33ce85a893f77478aa98960119eba514292c84bf8/142997931103416620bfcf74b85c86ce3eb8cc33ce85a893f77478aa98960119eba514292c84bf8-stdout.dat
AssistanceApps/runtimeIO/142997931103416620bfcf74b85c86ce3eb8cc33ce85a893f77478aa98960119eba514292c84bf8/142997931103416620bfcf74b85c86ce3eb8cc33ce85a893f77478aa98960119eba514292c84bf8-stderr.dat

1429979311.0	DRAFT
1429979311.0	WAITING
1429979312.0	 CPU=1.725	 mem={'swap': 0.0, 'virtual': 0.0, 'physical': 18.6}	 freeDisk=40.5G
1429979312.0	GATHERING
1429979312.01	DATA READY
1429979312.01	STANDBY
1429979312.01	PERFORMING_LOCAL
1429979312.18	COMPLETED_LOCAL
1429979312.18	READY
1429979312.27	SENDING_DATA
1429979312.27	FINISHED
<END>
<BEGIN>
14299793110109399d825dbad276567fa6fd0e203a59b439f6b763a3e1de652ab1948781d71e83d7
0123456789ABCDEF
1429979311.01
SHA256_TEST
60000 -verbose 20000
['AssistanceApps/runtimeIO/14299793110109399d825dbad276567fa6fd0e203a59b439f6b763a3e1de652ab1948781d71e83d7/experimentData.dat']
['AssistanceApps/sha256Example.assistanceApp', '10', 'AssistanceApps/runtimeIO/14299793110109399d825dbad276567fa6fd0e203a59b439f6b763a3e1de652ab1948781d71e83d7/experimentData.dat', '14299793110109399d825dbad276567fa6fd0e203a59b439f6b763a3e1de652ab1948781d71e83d7', '60000 -verbose 20000']
FINISHED
1429979312.5
0
AssistanceApps/runtimeIO/14299793110109399d825dbad276567fa6fd0e203a59b439f6b763a3e1de652ab1948781d71e83d7/14299793110109399d825dbad276567fa6fd0e203a59b439f6b763a3e1de652ab1948781d71e83d7-stdout.dat
AssistanceApps/runtimeIO/14299793110109399d825dbad276567fa6fd0e203a59b439f6b763a3e1de652ab1948781d71e83d7/14299793110109399d825dbad276567fa6fd0e203a59b439f6b763a3e1de652ab1948781d71e83d7-stderr.dat

1429979311.01	DRAFT
1429979311.01	WAITING
1429979312.01	 CPU=1.975	 mem={'swap': 0.0, 'virtual': 0.0, 'physical': 18.7}	 freeDisk=40.5G
1429979312.01	GATHERING
1429979312.02	DATA READY
1429979312.02	STANDBY
1429979312.02	PERFORMING_LOCAL
1429979312.5	COMPLETED_LOCAL
1429979312.5	READY
1429979312.53	SENDING_DATA
1429979312.53	FINISHED
<END>
<BEGIN>
142997931104350e04196148cd94750cd9d87c1f6122bf1c27c2e952952836793b5760d1c131fa8
0123456789ABCDEF
1429979311.0
LOCAL_ECHO_TEST
HeII0, W0r1d!!!111!
[]
['AssistanceApps/echoInAllCaps.assistanceApp', '10', '', '142997931104350e04196148cd94750cd9d87c1f6122bf1c27c2e952952836793b5760d1c131fa8', 'HeII0, W0r1d!!!111!']
READY
1429979312.01
0
HEII0, W0R1D!!!111!



1429979311.0	DRAFT
1429979311.0	WAITING
1429979312.01	 CPU=1.725	 mem={'swap': 0.0, 'virtual': 0.0, 'physical': 18.7}	 freeDisk=40.5G
1429979312.01	DATA READY
1429979312.01	STANDBY
1429979312.01	PERFORMING_LOCAL
1429979312.01	COMPLETED_LOCAL
1429979312.01	READY
<END>
<BEGIN>
1429979311063683699550d9f178defe3b3566ecfeaba80bc2628fa649e57bcc6d7bd17c4a77723
0123456789ABCDEF
1429979311.0
WEKA_3_6_12
weka.classifiers.trees.J48 -t
['AssistanceApps/runtimeIO/1429979311063683699550d9f178defe3b3566ecfeaba80bc2628fa649e57bcc6d7bd17c4a77723/weather.numeric.arff']
['AssistanceApps/assistanceWEKA.assistanceApp', '10', 'AssistanceApps/runtimeIO/1429979311063683699550d9f178defe3b3566ecfeaba80bc2628fa649e57bcc6d7bd17c4a77723/weather.numeric.arff', '1429979311063683699550d9f178defe3b3566ecfeaba80bc2628fa649e57bcc6d7bd17c4a77723', 'weka.classifiers.trees.J48 -t']
FINISHED
1429979312.18
0
AssistanceApps/runtimeIO/1429979311063683699550d9f178defe3b3566ecfeaba80bc2628fa649e57bcc6d7bd17c4a77723/1429979311063683699550d9f178defe3b3566ecfeaba80bc2628fa649e57bcc6d7bd17c4a77723-stdout.dat
AssistanceApps/runtimeIO/1429979311063683699550d9f178defe3b3566ecfeaba80bc2628fa649e57bcc6d7bd17c4a77723/1429979311063683699550d9f178defe3b3566ecfeaba80bc2628fa649e57bcc6d7bd17c4a77723-stderr.dat

1429979311.0	DRAFT
1429979311.0	WAITING
1429979312.01	 CPU=1.725	 mem={'swap': 0.0, 'virtual': 0.0, 'physical': 18.7}	 freeDisk=40.5G
1429979312.01	GATHERING
1429979312.02	DATA READY
1429979312.02	STANDBY
1429979312.02	PERFORMING_LOCAL
1429979312.18	COMPLETED_LOCAL
1429979312.18	READY
1429979312.27	SENDING_DATA
1429979312.27	FINISHED
<END>
<BEGIN>
1429979311052212299d8b1812bedc702cf42e4d30120b3b06a2ab4419bf32d9323340a946078b7
0123456789ABCDEF
1429979311.0
LOCAL_ECHO_TEST
Hello, World!
[]
['AssistanceApps/echoInAllCaps.assistanceApp', '10', '', '1429979311052212299d8b1812bedc702cf42e4d30120b3b06a2ab4419bf32d9323340a946078b7', 'Hello, World!']
READY
1429979312.01
0
HELLO, WORLD!



1429979311.0	DRAFT
1429979311.0	WAITING
1429979312.0	 CPU=1.725	 mem={'swap': 0.0, 'virtual': 0.0, 'physical': 18.6}	 freeDisk=40.5G
1429979312.0	DATA READY
1429979312.0	STANDBY
1429979312.0	PERFORMING_LOCAL
1429979312.01	COMPLETED_LOCAL
1429979312.01	READY
<END>
<BEGIN>
142997931107452b7dfc5ad6ed2b3257c2835c6f861adadb900accdff4712a34bf429b4e521ca90
0123456789ABCDEF
1429979311.0
SHA256_TEST
60000 -verbose 20000
['AssistanceApps/runtimeIO/142997931107452b7dfc5ad6ed2b3257c2835c6f861adadb900accdff4712a34bf429b4e521ca90/experimentData.dat']
['AssistanceApps/sha256Example.assistanceApp', '10', 'AssistanceApps/runtimeIO/142997931107452b7dfc5ad6ed2b3257c2835c6f861adadb900accdff4712a34bf429b4e521ca90/experimentData.dat', '142997931107452b7dfc5ad6ed2b3257c2835c6f861adadb900accdff4712a34bf429b4e521ca90', '60000 -verbose 20000']
FINISHED
1429979312.49
0
AssistanceApps/runtimeIO/142997931107452b7dfc5ad6ed2b3257c2835c6f861adadb900accdff4712a34bf429b4e521ca90/142997931107452b7dfc5ad6ed2b3257c2835c6f861adadb900accdff4712a34bf429b4e521ca90-stdout.dat
AssistanceApps/runtimeIO/142997931107452b7dfc5ad6ed2b3257c2835c6f861adadb900accdff4712a34bf429b4e521ca90/142997931107452b7dfc5ad6ed2b3257c2835c6f861adadb900accdff4712a34bf429b4e521ca90-stderr.dat

1429979311.0	DRAFT
1429979311.0	WAITING
1429979312.01	 CPU=1.975	 mem={'swap': 0.0, 'virtual': 0.0, 'physical': 18.7}	 freeDisk=40.5G
1429979312.01	GATHERING
1429979312.02	DATA READY
1429979312.02	STANDBY
1429979312.02	PERFORMING_LOCAL
1429979312.49	COMPLETED_LOCAL
1429979312.49	READY
1429979312.53	SENDING_DATA
1429979312.53	FINISHED
<END>
<BEGIN>
142997931106187a0c6e0438a393556cff6edbd3775e435129abc72e5ef55ea3c1bccc21d3062a4
0123456789ABCDEF
1429979311.0
LOCAL_ECHO_TEST
Hello World
[]
['AssistanceApps/echoInAllCaps.assistanceApp', '10', '', '142997931106187a0c6e0438a393556cff6edbd3775e435129abc72e5ef55ea3c1bccc21d3062a4', 'Hello World']
READY
1429979312.0
0
HELLO WORLD



1429979311.0	DRAFT
1429979311.0	WAITING
1429979312.0	 CPU=1.725	 mem={'swap': 0.0, 'virtual': 0.0, 'physical': 18.6}	 freeDisk=40.5G
1429979312.0	DATA READY
1429979312.0	STANDBY
1429979312.0	PERFORMING_LOCAL
1429979312.01	COMPLETED_LOCAL
1429979312.01	READY
<END>