
<BEGIN>
142997705672236019b5f5a8442ec79b364968f561bf40dc82b9e99a3adb0fee1454d8cf3ef57250
0123456789ABCDEF
1429977056.72
SHA256_TEST
60000 -verbose 20000
['AssistanceApps/runtimeIO/142997705672236019b5f5a8442ec79b364968f561bf40dc82b9e99a3adb0fee1454d8cf3ef57250/experimentData.dat']
['AssistanceApps/sha256Example.assistanceApp', '10', 'AssistanceApps/runtimeIO/142997705672236019b5f5a8442ec79b364968f561bf40dc82b9e99a3adb0fee1454d8cf3ef57250/experimentData.dat', '142997705672236019b5f5a8442ec79b364968f561bf40dc82b9e99a3adb0fee1454d8cf3ef57250', '60000 -verbose 20000']
FINISHED
1429977058.45
0
AssistanceApps/runtimeIO/142997705672236019b5f5a8442ec79b364968f561bf40dc82b9e99a3adb0fee1454d8cf3ef57250/142997705672236019b5f5a8442ec79b364968f561bf40dc82b9e99a3adb0fee1454d8cf3ef57250-stdout.dat
AssistanceApps/runtimeIO/142997705672236019b5f5a8442ec79b364968f561bf40dc82b9e99a3adb0fee1454d8cf3ef57250/142997705672236019b5f5a8442ec79b364968f561bf40dc82b9e99a3adb0fee1454d8cf3ef57250-stderr.dat

1429977056.72	DRAFT
1429977056.72	WAITING
1429977057.73	 CPU=2.975	 mem={'swap': 0.0, 'virtual': 0.0, 'physical': 17.8}	 freeDisk=40.8G
1429977057.74	GATHERING
1429977057.98	DATA READY
1429977057.98	STANDBY
1429977057.98	PERFORMING_LOCAL
1429977058.45	COMPLETED_LOCAL
1429977058.45	READY
1429977058.48	SENDING_DATA
1429977058.48	FINISHED
<END>
<BEGIN>
142997705672888132b5eb1ece3e45e00fa3fa6e1bee3fbc1e8a106bdc8f14ef8e4c610a91a32612
0123456789ABCDEF
1429977056.72
LOCAL_ECHO_TEST
HeII0, W0r1d!!!111!
[]
['AssistanceApps/echoInAllCaps.assistanceApp', '10', '', '142997705672888132b5eb1ece3e45e00fa3fa6e1bee3fbc1e8a106bdc8f14ef8e4c610a91a32612', 'HeII0, W0r1d!!!111!']
READY
1429977057.73
0
HEII0, W0R1D!!!111!



1429977056.72	DRAFT
1429977056.72	WAITING
1429977057.73	 CPU=2.975	 mem={'swap': 0.0, 'virtual': 0.0, 'physical': 17.8}	 freeDisk=40.8G
1429977057.73	DATA READY
1429977057.73	STANDBY
1429977057.73	PERFORMING_LOCAL
1429977057.73	COMPLETED_LOCAL
1429977057.73	READY
<END>
<BEGIN>
1429977056724372ab08f21afcb104a2363556a14d2e628da3091f3c4c074aef90443092df5005b9
0123456789ABCDEF
1429977056.72
WEKA_3_6_12
weka.classifiers.trees.J48 -t
['AssistanceApps/runtimeIO/1429977056724372ab08f21afcb104a2363556a14d2e628da3091f3c4c074aef90443092df5005b9/weather.nominal.arff']
['AssistanceApps/assistanceWEKA.assistanceApp', '10', 'AssistanceApps/runtimeIO/1429977056724372ab08f21afcb104a2363556a14d2e628da3091f3c4c074aef90443092df5005b9/weather.nominal.arff', '1429977056724372ab08f21afcb104a2363556a14d2e628da3091f3c4c074aef90443092df5005b9', 'weka.classifiers.trees.J48 -t']
FINISHED
1429977058.79
0
AssistanceApps/runtimeIO/1429977056724372ab08f21afcb104a2363556a14d2e628da3091f3c4c074aef90443092df5005b9/1429977056724372ab08f21afcb104a2363556a14d2e628da3091f3c4c074aef90443092df5005b9-stdout.dat
AssistanceApps/runtimeIO/1429977056724372ab08f21afcb104a2363556a14d2e628da3091f3c4c074aef90443092df5005b9/1429977056724372ab08f21afcb104a2363556a14d2e628da3091f3c4c074aef90443092df5005b9-stderr.dat

1429977056.72	DRAFT
1429977056.72	WAITING
1429977057.72	 CPU=2.5	 mem={'swap': 0.0, 'virtual': 0.0, 'physical': 17.7}	 freeDisk=40.8G
1429977057.72	GATHERING
1429977057.73	DATA READY
1429977057.73	STANDBY
1429977057.73	PERFORMING_LOCAL
1429977058.79	COMPLETED_LOCAL
1429977058.79	READY
1429977058.99	SENDING_DATA
1429977058.99	FINISHED
<END>
<BEGIN>
1429977056720608f0fe6afc3f2189c4ef2a2dd2456f38e85b5d122dc6284737ef306aae5ad85440
0123456789ABCDEF
1429977056.72
SHA256_TEST
60000 -verbose 20000
['testsData/experimentData.dat']
['AssistanceApps/sha256Example.assistanceApp', '10', 'testsData/experimentData.dat', '1429977056720608f0fe6afc3f2189c4ef2a2dd2456f38e85b5d122dc6284737ef306aae5ad85440', '60000 -verbose 20000']
READY
1429977057.74
0
AssistanceApps/runtimeIO/1429977056720608f0fe6afc3f2189c4ef2a2dd2456f38e85b5d122dc6284737ef306aae5ad85440/1429977056720608f0fe6afc3f2189c4ef2a2dd2456f38e85b5d122dc6284737ef306aae5ad85440-stdout.dat
AssistanceApps/runtimeIO/1429977056720608f0fe6afc3f2189c4ef2a2dd2456f38e85b5d122dc6284737ef306aae5ad85440/1429977056720608f0fe6afc3f2189c4ef2a2dd2456f38e85b5d122dc6284737ef306aae5ad85440-stderr.dat

1429977056.72	DRAFT
1429977056.72	WAITING
1429977057.72	 CPU=2.5	 mem={'swap': 0.0, 'virtual': 0.0, 'physical': 17.8}	 freeDisk=40.8G
1429977057.72	GATHERING
1429977057.72	DATA READY
1429977057.72	STANDBY
1429977057.72	PERFORMING_LOCAL
1429977057.74	COMPLETED_LOCAL
1429977057.74	READY
<END>
<BEGIN>
14299770567222116fde63ea1b131d986a4f7a9ce2fd032f4328c83dd3ebf3464649ed9ebc01aacc
0123456789ABCDEF
1429977056.72
WEKA_3_6_12
weka.classifiers.trees.J48 -t
['AssistanceApps/runtimeIO/14299770567222116fde63ea1b131d986a4f7a9ce2fd032f4328c83dd3ebf3464649ed9ebc01aacc/weather.numeric.arff']
['AssistanceApps/assistanceWEKA.assistanceApp', '10', 'AssistanceApps/runtimeIO/14299770567222116fde63ea1b131d986a4f7a9ce2fd032f4328c83dd3ebf3464649ed9ebc01aacc/weather.numeric.arff', '14299770567222116fde63ea1b131d986a4f7a9ce2fd032f4328c83dd3ebf3464649ed9ebc01aacc', 'weka.classifiers.trees.J48 -t']
FINISHED
1429977058.8
0
AssistanceApps/runtimeIO/14299770567222116fde63ea1b131d986a4f7a9ce2fd032f4328c83dd3ebf3464649ed9ebc01aacc/14299770567222116fde63ea1b131d986a4f7a9ce2fd032f4328c83dd3ebf3464649ed9ebc01aacc-stdout.dat
AssistanceApps/runtimeIO/14299770567222116fde63ea1b131d986a4f7a9ce2fd032f4328c83dd3ebf3464649ed9ebc01aacc/14299770567222116fde63ea1b131d986a4f7a9ce2fd032f4328c83dd3ebf3464649ed9ebc01aacc-stderr.dat

1429977056.72	DRAFT
1429977056.72	WAITING
1429977057.73	 CPU=2.975	 mem={'swap': 0.0, 'virtual': 0.0, 'physical': 17.8}	 freeDisk=40.8G
1429977057.74	GATHERING
1429977057.98	DATA READY
1429977057.98	STANDBY
1429977057.98	PERFORMING_LOCAL
1429977058.8	COMPLETED_LOCAL
1429977058.8	READY
1429977058.99	SENDING_DATA
1429977058.99	FINISHED
<END>
<BEGIN>
1429977056729926f0fe6afc3f2189c4ef2a2dd2456f38e85b5d122dc6284737ef306aae5ad85440
0123456789ABCDEF
1429977056.72
SHA256_TEST
60000 -verbose 20000
['testsData/experimentData.dat']
['AssistanceApps/sha256Example.assistanceApp', '10', 'testsData/experimentData.dat', '1429977056729926f0fe6afc3f2189c4ef2a2dd2456f38e85b5d122dc6284737ef306aae5ad85440', '60000 -verbose 20000']
READY
1429977057.74
0
AssistanceApps/runtimeIO/1429977056729926f0fe6afc3f2189c4ef2a2dd2456f38e85b5d122dc6284737ef306aae5ad85440/1429977056729926f0fe6afc3f2189c4ef2a2dd2456f38e85b5d122dc6284737ef306aae5ad85440-stdout.dat
AssistanceApps/runtimeIO/1429977056729926f0fe6afc3f2189c4ef2a2dd2456f38e85b5d122dc6284737ef306aae5ad85440/1429977056729926f0fe6afc3f2189c4ef2a2dd2456f38e85b5d122dc6284737ef306aae5ad85440-stderr.dat

1429977056.72	DRAFT
1429977056.72	WAITING
1429977057.72	 CPU=2.5	 mem={'swap': 0.0, 'virtual': 0.0, 'physical': 17.7}	 freeDisk=40.8G
1429977057.72	GATHERING
1429977057.72	DATA READY
1429977057.72	STANDBY
1429977057.72	PERFORMING_LOCAL
1429977057.74	COMPLETED_LOCAL
1429977057.74	READY
<END>
<BEGIN>
14299770567200497ce995d99a1c74b3ebd4cf6a871fb21b423927d13b462a455a28e7b71bc9b2d6
0123456789ABCDEF
1429977056.72
LOCAL_ECHO_TEST
Hello World
[]
['AssistanceApps/echoInAllCaps.assistanceApp', '10', '', '14299770567200497ce995d99a1c74b3ebd4cf6a871fb21b423927d13b462a455a28e7b71bc9b2d6', 'Hello World']
READY
1429977057.72
0
HELLO WORLD



1429977056.72	DRAFT
1429977056.72	WAITING
1429977057.72	 CPU=2.5	 mem={'swap': 0.0, 'virtual': 0.0, 'physical': 17.7}	 freeDisk=40.8G
1429977057.72	DATA READY
1429977057.72	STANDBY
1429977057.72	PERFORMING_LOCAL
1429977057.72	COMPLETED_LOCAL
1429977057.73	READY
<END>
<BEGIN>
142997705672047319b5f5a8442ec79b364968f561bf40dc82b9e99a3adb0fee1454d8cf3ef57250
0123456789ABCDEF
1429977056.72
SHA256_TEST
60000 -verbose 20000
['AssistanceApps/runtimeIO/142997705672047319b5f5a8442ec79b364968f561bf40dc82b9e99a3adb0fee1454d8cf3ef57250/experimentData.dat']
['AssistanceApps/sha256Example.assistanceApp', '10', 'AssistanceApps/runtimeIO/142997705672047319b5f5a8442ec79b364968f561bf40dc82b9e99a3adb0fee1454d8cf3ef57250/experimentData.dat', '142997705672047319b5f5a8442ec79b364968f561bf40dc82b9e99a3adb0fee1454d8cf3ef57250', '60000 -verbose 20000']
FINISHED
1429977058.22
0
AssistanceApps/runtimeIO/142997705672047319b5f5a8442ec79b364968f561bf40dc82b9e99a3adb0fee1454d8cf3ef57250/142997705672047319b5f5a8442ec79b364968f561bf40dc82b9e99a3adb0fee1454d8cf3ef57250-stdout.dat
AssistanceApps/runtimeIO/142997705672047319b5f5a8442ec79b364968f561bf40dc82b9e99a3adb0fee1454d8cf3ef57250/142997705672047319b5f5a8442ec79b364968f561bf40dc82b9e99a3adb0fee1454d8cf3ef57250-stderr.dat

1429977056.72	DRAFT
1429977056.72	WAITING
1429977057.72	 CPU=2.5	 mem={'swap': 0.0, 'virtual': 0.0, 'physical': 17.7}	 freeDisk=40.8G
1429977057.72	GATHERING
1429977057.73	DATA READY
1429977057.73	STANDBY
1429977057.73	PERFORMING_LOCAL
1429977058.22	COMPLETED_LOCAL
1429977058.22	READY
1429977058.23	SENDING_DATA
1429977058.23	FINISHED
<END>
<BEGIN>
1429977056729112db42342bbf1d395fca9f3f0a816590dc827218e29a5e5b81baacd7ded36fb5bc
0123456789ABCDEF
1429977056.72
LOCAL_ECHO_TEST
Hello, World!
[]
['AssistanceApps/echoInAllCaps.assistanceApp', '10', '', '1429977056729112db42342bbf1d395fca9f3f0a816590dc827218e29a5e5b81baacd7ded36fb5bc', 'Hello, World!']
READY
1429977057.74
0
HELLO, WORLD!



1429977056.72	DRAFT
1429977056.72	WAITING
1429977057.72	 CPU=2.5	 mem={'swap': 0.0, 'virtual': 0.0, 'physical': 17.8}	 freeDisk=40.8G
1429977057.72	DATA READY
1429977057.72	STANDBY
1429977057.72	PERFORMING_LOCAL
1429977057.74	COMPLETED_LOCAL
1429977057.74	READY
<END>