
<BEGIN>
1429976829237261c7149ce71eabd4cb6a86b1392071d3b111a7ed066314c01c35b6d76798a2c977
0123456789ABCDEF
1429976829.23
SHA256_TEST
60000 -verbose 20000
['AssistanceApps/runtimeIO/1429976829237261c7149ce71eabd4cb6a86b1392071d3b111a7ed066314c01c35b6d76798a2c977/experimentData.dat']
['AssistanceApps/sha256Example.assistanceApp', '10', 'AssistanceApps/runtimeIO/1429976829237261c7149ce71eabd4cb6a86b1392071d3b111a7ed066314c01c35b6d76798a2c977/experimentData.dat', '1429976829237261c7149ce71eabd4cb6a86b1392071d3b111a7ed066314c01c35b6d76798a2c977', '60000 -verbose 20000']
FINISHED
1429976830.72
0
AssistanceApps/runtimeIO/1429976829237261c7149ce71eabd4cb6a86b1392071d3b111a7ed066314c01c35b6d76798a2c977/1429976829237261c7149ce71eabd4cb6a86b1392071d3b111a7ed066314c01c35b6d76798a2c977-stdout.dat
AssistanceApps/runtimeIO/1429976829237261c7149ce71eabd4cb6a86b1392071d3b111a7ed066314c01c35b6d76798a2c977/1429976829237261c7149ce71eabd4cb6a86b1392071d3b111a7ed066314c01c35b6d76798a2c977-stderr.dat

1429976829.23	DRAFT
1429976829.23	WAITING
1429976830.24	 CPU=1.75	 mem={'swap': 0.0, 'virtual': 0.0, 'physical': 17.8}	 freeDisk=40.8G
1429976830.24	GATHERING
1429976830.25	DATA READY
1429976830.25	STANDBY
1429976830.25	PERFORMING_LOCAL
1429976830.72	COMPLETED_LOCAL
1429976830.72	READY
1429976830.75	SENDING_DATA
1429976830.75	FINISHED
<END>
<BEGIN>
14299768292381788510bffed1f25d74558cd0155e505a160fe3d62703566814c395706afe7385ad
0123456789ABCDEF
1429976829.23
SHA256_TEST
60000 -verbose 20000
['testsData/experimentData.dat']
['AssistanceApps/sha256Example.assistanceApp', '10', 'testsData/experimentData.dat', '14299768292381788510bffed1f25d74558cd0155e505a160fe3d62703566814c395706afe7385ad', '60000 -verbose 20000']
READY
1429976830.24
0
AssistanceApps/runtimeIO/14299768292381788510bffed1f25d74558cd0155e505a160fe3d62703566814c395706afe7385ad/14299768292381788510bffed1f25d74558cd0155e505a160fe3d62703566814c395706afe7385ad-stdout.dat
AssistanceApps/runtimeIO/14299768292381788510bffed1f25d74558cd0155e505a160fe3d62703566814c395706afe7385ad/14299768292381788510bffed1f25d74558cd0155e505a160fe3d62703566814c395706afe7385ad-stderr.dat

1429976829.23	DRAFT
1429976829.23	WAITING
1429976830.24	 CPU=1.75	 mem={'swap': 0.0, 'virtual': 0.0, 'physical': 17.8}	 freeDisk=40.8G
1429976830.24	GATHERING
1429976830.24	DATA READY
1429976830.24	STANDBY
1429976830.24	PERFORMING_LOCAL
1429976830.24	COMPLETED_LOCAL
1429976830.24	READY
<END>
<BEGIN>
1429976829239706a431f4bac29d37d646ef530ff24176dab93605f14bfdbae5cf14a6dfe4ea5370
0123456789ABCDEF
1429976829.23
LOCAL_ECHO_TEST
Hello World
[]
['AssistanceApps/echoInAllCaps.assistanceApp', '10', '', '1429976829239706a431f4bac29d37d646ef530ff24176dab93605f14bfdbae5cf14a6dfe4ea5370', 'Hello World']
READY
1429976830.24
0
HELLO WORLD



1429976829.23	DRAFT
1429976829.23	WAITING
1429976830.23	 CPU=1.75	 mem={'swap': 0.0, 'virtual': 0.0, 'physical': 17.7}	 freeDisk=40.8G
1429976830.23	DATA READY
1429976830.23	STANDBY
1429976830.23	PERFORMING_LOCAL
1429976830.24	COMPLETED_LOCAL
1429976830.24	READY
<END>
<BEGIN>
142997682924409568ac2c26389fe547dfd9dd5a7a7e9bdb570832d1eb4afdbcc5fc4eb320d755a6
0123456789ABCDEF
1429976829.24
LOCAL_ECHO_TEST
HeII0, W0r1d!!!111!
[]
['AssistanceApps/echoInAllCaps.assistanceApp', '10', '', '142997682924409568ac2c26389fe547dfd9dd5a7a7e9bdb570832d1eb4afdbcc5fc4eb320d755a6', 'HeII0, W0r1d!!!111!']
READY
1429976830.24
0
HEII0, W0R1D!!!111!



1429976829.24	DRAFT
1429976829.24	WAITING
1429976830.24	 CPU=1.75	 mem={'swap': 0.0, 'virtual': 0.0, 'physical': 17.8}	 freeDisk=40.8G
1429976830.24	DATA READY
1429976830.24	STANDBY
1429976830.24	PERFORMING_LOCAL
1429976830.24	COMPLETED_LOCAL
1429976830.24	READY
<END>
<BEGIN>
1429976829248472afb9ad9451f5210152bd34c9a702c4d9d3208ff463dad2bca47df623f9d44f2b
0123456789ABCDEF
1429976829.24
WEKA_3_6_12
weka.classifiers.trees.J48 -t
['AssistanceApps/runtimeIO/1429976829248472afb9ad9451f5210152bd34c9a702c4d9d3208ff463dad2bca47df623f9d44f2b/weather.numeric.arff']
['AssistanceApps/assistanceWEKA.assistanceApp', '10', 'AssistanceApps/runtimeIO/1429976829248472afb9ad9451f5210152bd34c9a702c4d9d3208ff463dad2bca47df623f9d44f2b/weather.numeric.arff', '1429976829248472afb9ad9451f5210152bd34c9a702c4d9d3208ff463dad2bca47df623f9d44f2b', 'weka.classifiers.trees.J48 -t']
FINISHED
1429976830.43
0
AssistanceApps/runtimeIO/1429976829248472afb9ad9451f5210152bd34c9a702c4d9d3208ff463dad2bca47df623f9d44f2b/1429976829248472afb9ad9451f5210152bd34c9a702c4d9d3208ff463dad2bca47df623f9d44f2b-stdout.dat
AssistanceApps/runtimeIO/1429976829248472afb9ad9451f5210152bd34c9a702c4d9d3208ff463dad2bca47df623f9d44f2b/1429976829248472afb9ad9451f5210152bd34c9a702c4d9d3208ff463dad2bca47df623f9d44f2b-stderr.dat

1429976829.24	DRAFT
1429976829.24	WAITING
1429976830.24	 CPU=1.75	 mem={'swap': 0.0, 'virtual': 0.0, 'physical': 17.8}	 freeDisk=40.8G
1429976830.24	GATHERING
1429976830.25	DATA READY
1429976830.25	STANDBY
1429976830.25	PERFORMING_LOCAL
1429976830.43	COMPLETED_LOCAL
1429976830.43	READY
1429976830.5	SENDING_DATA
1429976830.5	FINISHED
<END>
<BEGIN>
14299768292301398510bffed1f25d74558cd0155e505a160fe3d62703566814c395706afe7385ad
0123456789ABCDEF
1429976829.23
SHA256_TEST
60000 -verbose 20000
['testsData/experimentData.dat']
['AssistanceApps/sha256Example.assistanceApp', '10', 'testsData/experimentData.dat', '14299768292301398510bffed1f25d74558cd0155e505a160fe3d62703566814c395706afe7385ad', '60000 -verbose 20000']
READY
1429976830.24
0
AssistanceApps/runtimeIO/14299768292301398510bffed1f25d74558cd0155e505a160fe3d62703566814c395706afe7385ad/14299768292301398510bffed1f25d74558cd0155e505a160fe3d62703566814c395706afe7385ad-stdout.dat
AssistanceApps/runtimeIO/14299768292301398510bffed1f25d74558cd0155e505a160fe3d62703566814c395706afe7385ad/14299768292301398510bffed1f25d74558cd0155e505a160fe3d62703566814c395706afe7385ad-stderr.dat

1429976829.23	DRAFT
1429976829.23	WAITING
1429976830.23	 CPU=1.75	 mem={'swap': 0.0, 'virtual': 0.0, 'physical': 17.7}	 freeDisk=40.8G
1429976830.23	GATHERING
1429976830.23	DATA READY
1429976830.23	STANDBY
1429976830.23	PERFORMING_LOCAL
1429976830.24	COMPLETED_LOCAL
1429976830.24	READY
<END>
<BEGIN>
1429976829236497c7149ce71eabd4cb6a86b1392071d3b111a7ed066314c01c35b6d76798a2c977
0123456789ABCDEF
1429976829.23
SHA256_TEST
60000 -verbose 20000
['AssistanceApps/runtimeIO/1429976829236497c7149ce71eabd4cb6a86b1392071d3b111a7ed066314c01c35b6d76798a2c977/experimentData.dat']
['AssistanceApps/sha256Example.assistanceApp', '10', 'AssistanceApps/runtimeIO/1429976829236497c7149ce71eabd4cb6a86b1392071d3b111a7ed066314c01c35b6d76798a2c977/experimentData.dat', '1429976829236497c7149ce71eabd4cb6a86b1392071d3b111a7ed066314c01c35b6d76798a2c977', '60000 -verbose 20000']
FINISHED
1429976830.72
0
AssistanceApps/runtimeIO/1429976829236497c7149ce71eabd4cb6a86b1392071d3b111a7ed066314c01c35b6d76798a2c977/1429976829236497c7149ce71eabd4cb6a86b1392071d3b111a7ed066314c01c35b6d76798a2c977-stdout.dat
AssistanceApps/runtimeIO/1429976829236497c7149ce71eabd4cb6a86b1392071d3b111a7ed066314c01c35b6d76798a2c977/1429976829236497c7149ce71eabd4cb6a86b1392071d3b111a7ed066314c01c35b6d76798a2c977-stderr.dat

1429976829.23	DRAFT
1429976829.23	WAITING
1429976830.24	 CPU=2.0	 mem={'swap': 0.0, 'virtual': 0.0, 'physical': 17.8}	 freeDisk=40.8G
1429976830.24	GATHERING
1429976830.24	DATA READY
1429976830.24	STANDBY
1429976830.24	PERFORMING_LOCAL
1429976830.72	COMPLETED_LOCAL
1429976830.72	READY
1429976830.75	SENDING_DATA
1429976830.75	FINISHED
<END>
<BEGIN>
1429976829230373693a5fd2d49f15b006658ccc0d2a504262c81ad5dbbac22434b4f3d8f7f3e1c1
0123456789ABCDEF
1429976829.23
WEKA_3_6_12
weka.classifiers.trees.J48 -t
['AssistanceApps/runtimeIO/1429976829230373693a5fd2d49f15b006658ccc0d2a504262c81ad5dbbac22434b4f3d8f7f3e1c1/weather.nominal.arff']
['AssistanceApps/assistanceWEKA.assistanceApp', '10', 'AssistanceApps/runtimeIO/1429976829230373693a5fd2d49f15b006658ccc0d2a504262c81ad5dbbac22434b4f3d8f7f3e1c1/weather.nominal.arff', '1429976829230373693a5fd2d49f15b006658ccc0d2a504262c81ad5dbbac22434b4f3d8f7f3e1c1', 'weka.classifiers.trees.J48 -t']
FINISHED
1429976830.4
0
AssistanceApps/runtimeIO/1429976829230373693a5fd2d49f15b006658ccc0d2a504262c81ad5dbbac22434b4f3d8f7f3e1c1/1429976829230373693a5fd2d49f15b006658ccc0d2a504262c81ad5dbbac22434b4f3d8f7f3e1c1-stdout.dat
AssistanceApps/runtimeIO/1429976829230373693a5fd2d49f15b006658ccc0d2a504262c81ad5dbbac22434b4f3d8f7f3e1c1/1429976829230373693a5fd2d49f15b006658ccc0d2a504262c81ad5dbbac22434b4f3d8f7f3e1c1-stderr.dat

1429976829.23	DRAFT
1429976829.23	WAITING
1429976830.24	 CPU=2.0	 mem={'swap': 0.0, 'virtual': 0.0, 'physical': 17.8}	 freeDisk=40.8G
1429976830.24	GATHERING
1429976830.24	DATA READY
1429976830.24	STANDBY
1429976830.24	PERFORMING_LOCAL
1429976830.4	COMPLETED_LOCAL
1429976830.4	READY
1429976830.5	SENDING_DATA
1429976830.5	FINISHED
<END>
<BEGIN>
14299768292327480a7d16f97767fa972757415122ab9c2225046762c6f8775b3ebbf8b3dc5b5d5f
0123456789ABCDEF
1429976829.23
LOCAL_ECHO_TEST
Hello, World!
[]
['AssistanceApps/echoInAllCaps.assistanceApp', '10', '', '14299768292327480a7d16f97767fa972757415122ab9c2225046762c6f8775b3ebbf8b3dc5b5d5f', 'Hello, World!']
READY
1429976830.24
0
HELLO, WORLD!



1429976829.23	DRAFT
1429976829.23	WAITING
1429976830.24	 CPU=2.0	 mem={'swap': 0.0, 'virtual': 0.0, 'physical': 17.8}	 freeDisk=40.8G
1429976830.24	DATA READY
1429976830.24	STANDBY
1429976830.24	PERFORMING_LOCAL
1429976830.24	COMPLETED_LOCAL
1429976830.24	READY
<END>
<BEGIN>
1429977717266584b8de4860da52512416f6559c5e5095b7a63bf8904f738c1a30441da245108182
0123456789ABCDEF
1429977717.26
WEKA_3_6_12
weka.classifiers.trees.J48 -t
['AssistanceApps/runtimeIO/1429977717266584b8de4860da52512416f6559c5e5095b7a63bf8904f738c1a30441da245108182/weather.nominal.arff']
['AssistanceApps/assistanceWEKA.assistanceApp', '10', 'AssistanceApps/runtimeIO/1429977717266584b8de4860da52512416f6559c5e5095b7a63bf8904f738c1a30441da245108182/weather.nominal.arff', '1429977717266584b8de4860da52512416f6559c5e5095b7a63bf8904f738c1a30441da245108182', 'weka.classifiers.trees.J48 -t']
FINISHED
1429977718.43
0
AssistanceApps/runtimeIO/1429977717266584b8de4860da52512416f6559c5e5095b7a63bf8904f738c1a30441da245108182/1429977717266584b8de4860da52512416f6559c5e5095b7a63bf8904f738c1a30441da245108182-stdout.dat
AssistanceApps/runtimeIO/1429977717266584b8de4860da52512416f6559c5e5095b7a63bf8904f738c1a30441da245108182/1429977717266584b8de4860da52512416f6559c5e5095b7a63bf8904f738c1a30441da245108182-stderr.dat

1429977717.26	DRAFT
1429977717.26	WAITING
1429977718.27	 CPU=1.0	 mem={'swap': 0.0, 'virtual': 0.0, 'physical': 17.7}	 freeDisk=40.8G
1429977718.27	GATHERING
1429977718.28	DATA READY
1429977718.28	STANDBY
1429977718.28	PERFORMING_LOCAL
1429977718.43	COMPLETED_LOCAL
1429977718.43	READY
1429977718.54	SENDING_DATA
1429977718.54	FINISHED
<END>
<BEGIN>
1429977717262249439a742a32a52714e5db8bc0c0e048a6c0492141ee740ecdec6ad9f8f6d28c27
0123456789ABCDEF
1429977717.26
SHA256_TEST
60000 -verbose 20000
['AssistanceApps/runtimeIO/1429977717262249439a742a32a52714e5db8bc0c0e048a6c0492141ee740ecdec6ad9f8f6d28c27/experimentData.dat']
['AssistanceApps/sha256Example.assistanceApp', '10', 'AssistanceApps/runtimeIO/1429977717262249439a742a32a52714e5db8bc0c0e048a6c0492141ee740ecdec6ad9f8f6d28c27/experimentData.dat', '1429977717262249439a742a32a52714e5db8bc0c0e048a6c0492141ee740ecdec6ad9f8f6d28c27', '60000 -verbose 20000']
FINISHED
1429977718.75
0
AssistanceApps/runtimeIO/1429977717262249439a742a32a52714e5db8bc0c0e048a6c0492141ee740ecdec6ad9f8f6d28c27/1429977717262249439a742a32a52714e5db8bc0c0e048a6c0492141ee740ecdec6ad9f8f6d28c27-stdout.dat
AssistanceApps/runtimeIO/1429977717262249439a742a32a52714e5db8bc0c0e048a6c0492141ee740ecdec6ad9f8f6d28c27/1429977717262249439a742a32a52714e5db8bc0c0e048a6c0492141ee740ecdec6ad9f8f6d28c27-stderr.dat

1429977717.26	DRAFT
1429977717.26	WAITING
1429977718.27	 CPU=1.0	 mem={'swap': 0.0, 'virtual': 0.0, 'physical': 17.7}	 freeDisk=40.8G
1429977718.27	GATHERING
1429977718.28	DATA READY
1429977718.28	STANDBY
1429977718.28	PERFORMING_LOCAL
1429977718.75	COMPLETED_LOCAL
1429977718.75	READY
1429977718.78	SENDING_DATA
1429977718.78	FINISHED
<END>
<BEGIN>
1429977717266069439a742a32a52714e5db8bc0c0e048a6c0492141ee740ecdec6ad9f8f6d28c27
0123456789ABCDEF
1429977717.26
SHA256_TEST
60000 -verbose 20000
['AssistanceApps/runtimeIO/1429977717266069439a742a32a52714e5db8bc0c0e048a6c0492141ee740ecdec6ad9f8f6d28c27/experimentData.dat']
['AssistanceApps/sha256Example.assistanceApp', '10', 'AssistanceApps/runtimeIO/1429977717266069439a742a32a52714e5db8bc0c0e048a6c0492141ee740ecdec6ad9f8f6d28c27/experimentData.dat', '1429977717266069439a742a32a52714e5db8bc0c0e048a6c0492141ee740ecdec6ad9f8f6d28c27', '60000 -verbose 20000']
FINISHED
1429977718.75
0
AssistanceApps/runtimeIO/1429977717266069439a742a32a52714e5db8bc0c0e048a6c0492141ee740ecdec6ad9f8f6d28c27/1429977717266069439a742a32a52714e5db8bc0c0e048a6c0492141ee740ecdec6ad9f8f6d28c27-stdout.dat
AssistanceApps/runtimeIO/1429977717266069439a742a32a52714e5db8bc0c0e048a6c0492141ee740ecdec6ad9f8f6d28c27/1429977717266069439a742a32a52714e5db8bc0c0e048a6c0492141ee740ecdec6ad9f8f6d28c27-stderr.dat

1429977717.26	DRAFT
1429977717.26	WAITING
1429977718.26	 CPU=1.0	 mem={'swap': 0.0, 'virtual': 0.0, 'physical': 17.7}	 freeDisk=40.8G
1429977718.26	GATHERING
1429977718.27	DATA READY
1429977718.27	STANDBY
1429977718.27	PERFORMING_LOCAL
1429977718.75	COMPLETED_LOCAL
1429977718.75	READY
1429977718.78	SENDING_DATA
1429977718.78	FINISHED
<END>
<BEGIN>
1429977717279133e6e12e53a58fef496923dcfcd60f862a884dbc4d89411be7af3e8710d4dabbff
0123456789ABCDEF
1429977717.27
WEKA_3_6_12
weka.classifiers.trees.J48 -t
['AssistanceApps/runtimeIO/1429977717279133e6e12e53a58fef496923dcfcd60f862a884dbc4d89411be7af3e8710d4dabbff/weather.numeric.arff']
['AssistanceApps/assistanceWEKA.assistanceApp', '10', 'AssistanceApps/runtimeIO/1429977717279133e6e12e53a58fef496923dcfcd60f862a884dbc4d89411be7af3e8710d4dabbff/weather.numeric.arff', '1429977717279133e6e12e53a58fef496923dcfcd60f862a884dbc4d89411be7af3e8710d4dabbff', 'weka.classifiers.trees.J48 -t']
FINISHED
1429977718.46
0
AssistanceApps/runtimeIO/1429977717279133e6e12e53a58fef496923dcfcd60f862a884dbc4d89411be7af3e8710d4dabbff/1429977717279133e6e12e53a58fef496923dcfcd60f862a884dbc4d89411be7af3e8710d4dabbff-stdout.dat
AssistanceApps/runtimeIO/1429977717279133e6e12e53a58fef496923dcfcd60f862a884dbc4d89411be7af3e8710d4dabbff/1429977717279133e6e12e53a58fef496923dcfcd60f862a884dbc4d89411be7af3e8710d4dabbff-stderr.dat

1429977717.27	DRAFT
1429977717.27	WAITING
1429977718.27	 CPU=1.0	 mem={'swap': 0.0, 'virtual': 0.0, 'physical': 17.7}	 freeDisk=40.8G
1429977718.27	GATHERING
1429977718.29	DATA READY
1429977718.29	STANDBY
1429977718.29	PERFORMING_LOCAL
1429977718.46	COMPLETED_LOCAL
1429977718.46	READY
1429977718.55	SENDING_DATA
1429977718.55	FINISHED
<END>
<BEGIN>
1429977717269026fe99eb7d9b444669f7fcf9c0918cc5e4f5408f94281f91e375b9e26cada8e486
0123456789ABCDEF
1429977717.26
LOCAL_ECHO_TEST
HeII0, W0r1d!!!111!
[]
['AssistanceApps/echoInAllCaps.assistanceApp', '10', '', '1429977717269026fe99eb7d9b444669f7fcf9c0918cc5e4f5408f94281f91e375b9e26cada8e486', 'HeII0, W0r1d!!!111!']
READY
1429977718.27
0
HEII0, W0R1D!!!111!



1429977717.26	DRAFT
1429977717.26	WAITING
1429977718.26	 CPU=1.0	 mem={'swap': 0.0, 'virtual': 0.0, 'physical': 17.7}	 freeDisk=40.8G
1429977718.26	DATA READY
1429977718.26	STANDBY
1429977718.26	PERFORMING_LOCAL
1429977718.27	COMPLETED_LOCAL
1429977718.27	READY
<END>
<BEGIN>
1429977717262467353b780a5130789b276408d270250a3beff94276397b6fc5aaadab76e3f1ca14
0123456789ABCDEF
1429977717.26
LOCAL_ECHO_TEST
Hello, World!
[]
['AssistanceApps/echoInAllCaps.assistanceApp', '10', '', '1429977717262467353b780a5130789b276408d270250a3beff94276397b6fc5aaadab76e3f1ca14', 'Hello, World!']
READY
1429977718.27
0
HELLO, WORLD!



1429977717.26	DRAFT
1429977717.26	WAITING
1429977718.26	 CPU=1.0	 mem={'swap': 0.0, 'virtual': 0.0, 'physical': 17.7}	 freeDisk=40.8G
1429977718.26	DATA READY
1429977718.26	STANDBY
1429977718.26	PERFORMING_LOCAL
1429977718.27	COMPLETED_LOCAL
1429977718.27	READY
<END>
<BEGIN>
142997771726756493e8dc6e0883ab31eabf87f9eb77ec98ce025fa16b4240266cbb63941642e0f9
0123456789ABCDEF
1429977717.26
LOCAL_ECHO_TEST
Hello World
[]
['AssistanceApps/echoInAllCaps.assistanceApp', '10', '', '142997771726756493e8dc6e0883ab31eabf87f9eb77ec98ce025fa16b4240266cbb63941642e0f9', 'Hello World']
READY
1429977718.26
0
HELLO WORLD



1429977717.26	DRAFT
1429977717.26	WAITING
1429977718.26	 CPU=1.0	 mem={'swap': 0.0, 'virtual': 0.0, 'physical': 17.7}	 freeDisk=40.8G
1429977718.26	DATA READY
1429977718.26	STANDBY
1429977718.26	PERFORMING_LOCAL
1429977718.26	COMPLETED_LOCAL
1429977718.26	READY
<END>