
<BEGIN>
1429978593630613a6c30ff03a13ff7642a34a3b02029ff9ce8394ab15b1daa87f1f2f3dd2a3def4
0123456789ABCDEF
1429978593.63
SHA256_TEST
60000 -verbose 20000
['AssistanceApps/runtimeIO/1429978593630613a6c30ff03a13ff7642a34a3b02029ff9ce8394ab15b1daa87f1f2f3dd2a3def4/experimentData.dat']
['AssistanceApps/sha256Example.assistanceApp', '10', 'AssistanceApps/runtimeIO/1429978593630613a6c30ff03a13ff7642a34a3b02029ff9ce8394ab15b1daa87f1f2f3dd2a3def4/experimentData.dat', '1429978593630613a6c30ff03a13ff7642a34a3b02029ff9ce8394ab15b1daa87f1f2f3dd2a3def4', '60000 -verbose 20000']
FINISHED
1429978595.12
0
AssistanceApps/runtimeIO/1429978593630613a6c30ff03a13ff7642a34a3b02029ff9ce8394ab15b1daa87f1f2f3dd2a3def4/1429978593630613a6c30ff03a13ff7642a34a3b02029ff9ce8394ab15b1daa87f1f2f3dd2a3def4-stdout.dat
AssistanceApps/runtimeIO/1429978593630613a6c30ff03a13ff7642a34a3b02029ff9ce8394ab15b1daa87f1f2f3dd2a3def4/1429978593630613a6c30ff03a13ff7642a34a3b02029ff9ce8394ab15b1daa87f1f2f3dd2a3def4-stderr.dat

1429978593.63	DRAFT
1429978593.63	WAITING
1429978594.63	 CPU=1.75	 mem={'swap': 0.0, 'virtual': 0.0, 'physical': 18.2}	 freeDisk=39.8G
1429978594.63	GATHERING
1429978594.64	DATA READY
1429978594.64	STANDBY
1429978594.64	PERFORMING_LOCAL
1429978595.12	COMPLETED_LOCAL
1429978595.12	READY
1429978595.15	SENDING_DATA
1429978595.15	FINISHED
<END>
<BEGIN>
1429978593626418d6966d0963e08692c9793cc7f9873aefc4b860c13bea339ba98ee3124ff4684a
0123456789ABCDEF
1429978593.62
LOCAL_ECHO_TEST
HeII0, W0r1d!!!111!
[]
['AssistanceApps/echoInAllCaps.assistanceApp', '10', '', '1429978593626418d6966d0963e08692c9793cc7f9873aefc4b860c13bea339ba98ee3124ff4684a', 'HeII0, W0r1d!!!111!']
READY
1429978594.63
0
HEII0, W0R1D!!!111!



1429978593.62	DRAFT
1429978593.62	WAITING
1429978594.63	 CPU=1.475	 mem={'swap': 0.0, 'virtual': 0.0, 'physical': 18.2}	 freeDisk=39.8G
1429978594.63	DATA READY
1429978594.63	STANDBY
1429978594.63	PERFORMING_LOCAL
1429978594.63	COMPLETED_LOCAL
1429978594.63	READY
<END>
<BEGIN>
142997859363226751bb0d9f07748e9857d0ec9a5bb1fe7ccc409d83dd4d0b7ab3805b06a50531e2
0123456789ABCDEF
1429978593.63
WEKA_3_6_12
weka.classifiers.trees.J48 -t
['AssistanceApps/runtimeIO/142997859363226751bb0d9f07748e9857d0ec9a5bb1fe7ccc409d83dd4d0b7ab3805b06a50531e2/weather.numeric.arff']
['AssistanceApps/assistanceWEKA.assistanceApp', '10', 'AssistanceApps/runtimeIO/142997859363226751bb0d9f07748e9857d0ec9a5bb1fe7ccc409d83dd4d0b7ab3805b06a50531e2/weather.numeric.arff', '142997859363226751bb0d9f07748e9857d0ec9a5bb1fe7ccc409d83dd4d0b7ab3805b06a50531e2', 'weka.classifiers.trees.J48 -t']
FINISHED
1429978594.8
0
AssistanceApps/runtimeIO/142997859363226751bb0d9f07748e9857d0ec9a5bb1fe7ccc409d83dd4d0b7ab3805b06a50531e2/142997859363226751bb0d9f07748e9857d0ec9a5bb1fe7ccc409d83dd4d0b7ab3805b06a50531e2-stdout.dat
AssistanceApps/runtimeIO/142997859363226751bb0d9f07748e9857d0ec9a5bb1fe7ccc409d83dd4d0b7ab3805b06a50531e2/142997859363226751bb0d9f07748e9857d0ec9a5bb1fe7ccc409d83dd4d0b7ab3805b06a50531e2-stderr.dat

1429978593.63	DRAFT
1429978593.63	WAITING
1429978594.63	 CPU=1.75	 mem={'swap': 0.0, 'virtual': 0.0, 'physical': 18.3}	 freeDisk=39.8G
1429978594.63	GATHERING
1429978594.64	DATA READY
1429978594.64	STANDBY
1429978594.65	PERFORMING_LOCAL
1429978594.8	COMPLETED_LOCAL
1429978594.8	READY
1429978594.9	SENDING_DATA
1429978594.9	FINISHED
<END>
<BEGIN>
142997859362976400553409ce4c05e12b2ca98dcb3347c95227c615dd6962ed57cc343b529c1a83
0123456789ABCDEF
1429978593.62
LOCAL_ECHO_TEST
Hello, World!
[]
['AssistanceApps/echoInAllCaps.assistanceApp', '10', '', '142997859362976400553409ce4c05e12b2ca98dcb3347c95227c615dd6962ed57cc343b529c1a83', 'Hello, World!']
READY
1429978594.63
0
HELLO, WORLD!



1429978593.62	DRAFT
1429978593.62	WAITING
1429978594.63	 CPU=1.475	 mem={'swap': 0.0, 'virtual': 0.0, 'physical': 18.2}	 freeDisk=39.8G
1429978594.63	DATA READY
1429978594.63	STANDBY
1429978594.63	PERFORMING_LOCAL
1429978594.63	COMPLETED_LOCAL
1429978594.63	READY
<END>
<BEGIN>
1429978593626467cce106c34a6be051c18585f7fb871a021e5018a92014e950dc8c57844113b9d8
0123456789ABCDEF
1429978593.62
LOCAL_ECHO_TEST
Hello World
[]
['AssistanceApps/echoInAllCaps.assistanceApp', '10', '', '1429978593626467cce106c34a6be051c18585f7fb871a021e5018a92014e950dc8c57844113b9d8', 'Hello World']
READY
1429978594.63
0
HELLO WORLD



1429978593.62	DRAFT
1429978593.62	WAITING
1429978594.62	 CPU=1.725	 mem={'swap': 0.0, 'virtual': 0.0, 'physical': 18.2}	 freeDisk=39.8G
1429978594.62	DATA READY
1429978594.62	STANDBY
1429978594.62	PERFORMING_LOCAL
1429978594.63	COMPLETED_LOCAL
1429978594.63	READY
<END>
<BEGIN>
1429978593634228a6c30ff03a13ff7642a34a3b02029ff9ce8394ab15b1daa87f1f2f3dd2a3def4
0123456789ABCDEF
1429978593.63
SHA256_TEST
60000 -verbose 20000
['AssistanceApps/runtimeIO/1429978593634228a6c30ff03a13ff7642a34a3b02029ff9ce8394ab15b1daa87f1f2f3dd2a3def4/experimentData.dat']
['AssistanceApps/sha256Example.assistanceApp', '10', 'AssistanceApps/runtimeIO/1429978593634228a6c30ff03a13ff7642a34a3b02029ff9ce8394ab15b1daa87f1f2f3dd2a3def4/experimentData.dat', '1429978593634228a6c30ff03a13ff7642a34a3b02029ff9ce8394ab15b1daa87f1f2f3dd2a3def4', '60000 -verbose 20000']
FINISHED
1429978595.14
0
AssistanceApps/runtimeIO/1429978593634228a6c30ff03a13ff7642a34a3b02029ff9ce8394ab15b1daa87f1f2f3dd2a3def4/1429978593634228a6c30ff03a13ff7642a34a3b02029ff9ce8394ab15b1daa87f1f2f3dd2a3def4-stdout.dat
AssistanceApps/runtimeIO/1429978593634228a6c30ff03a13ff7642a34a3b02029ff9ce8394ab15b1daa87f1f2f3dd2a3def4/1429978593634228a6c30ff03a13ff7642a34a3b02029ff9ce8394ab15b1daa87f1f2f3dd2a3def4-stderr.dat

1429978593.63	DRAFT
1429978593.63	WAITING
1429978594.63	 CPU=1.75	 mem={'swap': 0.0, 'virtual': 0.0, 'physical': 18.2}	 freeDisk=39.8G
1429978594.63	GATHERING
1429978594.64	DATA READY
1429978594.64	STANDBY
1429978594.64	PERFORMING_LOCAL
1429978595.14	COMPLETED_LOCAL
1429978595.14	READY
1429978595.15	SENDING_DATA
1429978595.15	FINISHED
<END>
<BEGIN>
142997859363245158607f76474f50f0914bee6743360e73d08cca428691fc9d28c46b76fc8d0237
0123456789ABCDEF
1429978593.63
WEKA_3_6_12
weka.classifiers.trees.J48 -t
['AssistanceApps/runtimeIO/142997859363245158607f76474f50f0914bee6743360e73d08cca428691fc9d28c46b76fc8d0237/weather.nominal.arff']
['AssistanceApps/assistanceWEKA.assistanceApp', '10', 'AssistanceApps/runtimeIO/142997859363245158607f76474f50f0914bee6743360e73d08cca428691fc9d28c46b76fc8d0237/weather.nominal.arff', '142997859363245158607f76474f50f0914bee6743360e73d08cca428691fc9d28c46b76fc8d0237', 'weka.classifiers.trees.J48 -t']
FINISHED
1429978594.78
0
AssistanceApps/runtimeIO/142997859363245158607f76474f50f0914bee6743360e73d08cca428691fc9d28c46b76fc8d0237/142997859363245158607f76474f50f0914bee6743360e73d08cca428691fc9d28c46b76fc8d0237-stdout.dat
AssistanceApps/runtimeIO/142997859363245158607f76474f50f0914bee6743360e73d08cca428691fc9d28c46b76fc8d0237/142997859363245158607f76474f50f0914bee6743360e73d08cca428691fc9d28c46b76fc8d0237-stderr.dat

1429978593.63	DRAFT
1429978593.63	WAITING
1429978594.63	 CPU=1.75	 mem={'swap': 0.0, 'virtual': 0.0, 'physical': 18.2}	 freeDisk=39.8G
1429978594.63	GATHERING
1429978594.64	DATA READY
1429978594.64	STANDBY
1429978594.64	PERFORMING_LOCAL
1429978594.78	COMPLETED_LOCAL
1429978594.78	READY
1429978594.9	SENDING_DATA
1429978594.9	FINISHED
<END>