
<BEGIN>
1429979044051327e041abf2d12b809c10c05b6862331d274c8f06f9c4872ed3509f390ac1a3ab26
0123456789ABCDEF
1429979044.05
SHA256_TEST
60000 -verbose 20000
['testsData/experimentData.dat']
['AssistanceApps/sha256Example.assistanceApp', '10', 'testsData/experimentData.dat', '1429979044051327e041abf2d12b809c10c05b6862331d274c8f06f9c4872ed3509f390ac1a3ab26', '60000 -verbose 20000']
READY
1429979045.07
0
AssistanceApps/runtimeIO/1429979044051327e041abf2d12b809c10c05b6862331d274c8f06f9c4872ed3509f390ac1a3ab26/1429979044051327e041abf2d12b809c10c05b6862331d274c8f06f9c4872ed3509f390ac1a3ab26-stdout.dat
AssistanceApps/runtimeIO/1429979044051327e041abf2d12b809c10c05b6862331d274c8f06f9c4872ed3509f390ac1a3ab26/1429979044051327e041abf2d12b809c10c05b6862331d274c8f06f9c4872ed3509f390ac1a3ab26-stderr.dat

1429979044.05	DRAFT
1429979044.05	WAITING
1429979045.06	 CPU=9.325	 mem={'swap': 0.0, 'virtual': 0.0, 'physical': 28.6}	 freeDisk=40.3G
1429979045.06	GATHERING
1429979045.06	DATA READY
1429979045.06	STANDBY
1429979045.06	PERFORMING_LOCAL
1429979045.07	COMPLETED_LOCAL
1429979045.07	READY
<END>
<BEGIN>
1429979014025710abb3e02929ec13f7d91f8bb9068511db9486781bae3f901634ddc09b08facf58
0123456789ABCDEF
1429979014.02
SHA256_TEST
60000 -verbose 20000
['testsData/experimentData.dat']
['AssistanceApps/sha256Example.assistanceApp', '10', 'testsData/experimentData.dat', '1429979014025710abb3e02929ec13f7d91f8bb9068511db9486781bae3f901634ddc09b08facf58', '60000 -verbose 20000']
READY
1429979015.04
0
AssistanceApps/runtimeIO/1429979014025710abb3e02929ec13f7d91f8bb9068511db9486781bae3f901634ddc09b08facf58/1429979014025710abb3e02929ec13f7d91f8bb9068511db9486781bae3f901634ddc09b08facf58-stdout.dat
AssistanceApps/runtimeIO/1429979014025710abb3e02929ec13f7d91f8bb9068511db9486781bae3f901634ddc09b08facf58/1429979014025710abb3e02929ec13f7d91f8bb9068511db9486781bae3f901634ddc09b08facf58-stderr.dat

1429979014.02	DRAFT
1429979014.02	WAITING
1429979015.02	 CPU=11.85	 mem={'swap': 0.0, 'virtual': 0.0, 'physical': 28.6}	 freeDisk=40.3G
1429979015.02	GATHERING
1429979015.02	DATA READY
1429979015.02	STANDBY
1429979015.02	PERFORMING_LOCAL
1429979015.04	COMPLETED_LOCAL
1429979015.04	READY
<END>
<BEGIN>
1429979044055030e041abf2d12b809c10c05b6862331d274c8f06f9c4872ed3509f390ac1a3ab26
0123456789ABCDEF
1429979044.05
SHA256_TEST
60000 -verbose 20000
['testsData/experimentData.dat']
['AssistanceApps/sha256Example.assistanceApp', '10', 'testsData/experimentData.dat', '1429979044055030e041abf2d12b809c10c05b6862331d274c8f06f9c4872ed3509f390ac1a3ab26', '60000 -verbose 20000']
READY
1429979045.07
0
AssistanceApps/runtimeIO/1429979044055030e041abf2d12b809c10c05b6862331d274c8f06f9c4872ed3509f390ac1a3ab26/1429979044055030e041abf2d12b809c10c05b6862331d274c8f06f9c4872ed3509f390ac1a3ab26-stdout.dat
AssistanceApps/runtimeIO/1429979044055030e041abf2d12b809c10c05b6862331d274c8f06f9c4872ed3509f390ac1a3ab26/1429979044055030e041abf2d12b809c10c05b6862331d274c8f06f9c4872ed3509f390ac1a3ab26-stderr.dat

1429979044.05	DRAFT
1429979044.05	WAITING
1429979045.05	 CPU=9.325	 mem={'swap': 0.0, 'virtual': 0.0, 'physical': 28.5}	 freeDisk=40.3G
1429979045.05	GATHERING
1429979045.05	DATA READY
1429979045.05	STANDBY
1429979045.05	PERFORMING_LOCAL
1429979045.07	COMPLETED_LOCAL
1429979045.07	READY
<END>
<BEGIN>
1429979014022445abb3e02929ec13f7d91f8bb9068511db9486781bae3f901634ddc09b08facf58
0123456789ABCDEF
1429979014.02
SHA256_TEST
60000 -verbose 20000
['testsData/experimentData.dat']
['AssistanceApps/sha256Example.assistanceApp', '10', 'testsData/experimentData.dat', '1429979014022445abb3e02929ec13f7d91f8bb9068511db9486781bae3f901634ddc09b08facf58', '60000 -verbose 20000']
READY
1429979015.04
0
AssistanceApps/runtimeIO/1429979014022445abb3e02929ec13f7d91f8bb9068511db9486781bae3f901634ddc09b08facf58/1429979014022445abb3e02929ec13f7d91f8bb9068511db9486781bae3f901634ddc09b08facf58-stdout.dat
AssistanceApps/runtimeIO/1429979014022445abb3e02929ec13f7d91f8bb9068511db9486781bae3f901634ddc09b08facf58/1429979014022445abb3e02929ec13f7d91f8bb9068511db9486781bae3f901634ddc09b08facf58-stderr.dat

1429979014.02	DRAFT
1429979014.02	WAITING
1429979015.03	 CPU=11.925	 mem={'swap': 0.0, 'virtual': 0.0, 'physical': 28.6}	 freeDisk=40.3G
1429979015.03	GATHERING
1429979015.03	DATA READY
1429979015.03	STANDBY
1429979015.03	PERFORMING_LOCAL
1429979015.04	COMPLETED_LOCAL
1429979015.04	READY
<END>
<BEGIN>
142997895398946515e997426749fbddf74a23f05118a7c7fd990775545d8685efc42aeeea6d80fa
0123456789ABCDEF
1429978953.98
SHA256_TEST
60000 -verbose 20000
['testsData/experimentData.dat']
['AssistanceApps/sha256Example.assistanceApp', '10', 'testsData/experimentData.dat', '142997895398946515e997426749fbddf74a23f05118a7c7fd990775545d8685efc42aeeea6d80fa', '60000 -verbose 20000']
READY
1429978955.0
0
AssistanceApps/runtimeIO/142997895398946515e997426749fbddf74a23f05118a7c7fd990775545d8685efc42aeeea6d80fa/142997895398946515e997426749fbddf74a23f05118a7c7fd990775545d8685efc42aeeea6d80fa-stdout.dat
AssistanceApps/runtimeIO/142997895398946515e997426749fbddf74a23f05118a7c7fd990775545d8685efc42aeeea6d80fa/142997895398946515e997426749fbddf74a23f05118a7c7fd990775545d8685efc42aeeea6d80fa-stderr.dat

1429978953.98	DRAFT
1429978953.98	WAITING
1429978954.99	 CPU=19.15	 mem={'swap': 0.0, 'virtual': 0.0, 'physical': 28.6}	 freeDisk=40.3G
1429978954.99	GATHERING
1429978954.99	DATA READY
1429978954.99	STANDBY
1429978954.99	PERFORMING_LOCAL
1429978955.0	COMPLETED_LOCAL
1429978955.0	READY
<END>
<BEGIN>
1429979164187962130fdc4d75547c88cd5b73e1051ed968026fa089e346b94f796c5358edc226b9
0123456789ABCDEF
1429979164.18
SHA256_TEST
60000 -verbose 20000
['testsData/experimentData.dat']
['AssistanceApps/sha256Example.assistanceApp', '10', 'testsData/experimentData.dat', '1429979164187962130fdc4d75547c88cd5b73e1051ed968026fa089e346b94f796c5358edc226b9', '60000 -verbose 20000']
READY
1429979165.2
0
AssistanceApps/runtimeIO/1429979164187962130fdc4d75547c88cd5b73e1051ed968026fa089e346b94f796c5358edc226b9/1429979164187962130fdc4d75547c88cd5b73e1051ed968026fa089e346b94f796c5358edc226b9-stdout.dat
AssistanceApps/runtimeIO/1429979164187962130fdc4d75547c88cd5b73e1051ed968026fa089e346b94f796c5358edc226b9/1429979164187962130fdc4d75547c88cd5b73e1051ed968026fa089e346b94f796c5358edc226b9-stderr.dat

1429979164.18	DRAFT
1429979164.18	WAITING
1429979165.19	 CPU=10.625	 mem={'swap': 0.0, 'virtual': 0.0, 'physical': 28.5}	 freeDisk=40.3G
1429979165.19	GATHERING
1429979165.19	DATA READY
1429979165.19	STANDBY
1429979165.19	PERFORMING_LOCAL
1429979165.2	COMPLETED_LOCAL
1429979165.2	READY
<END>
<BEGIN>
1429979074098243e292dee382bc55b1386a168d15a87d8b1a55a488efa7a701d88cdf120e83e6df
0123456789ABCDEF
1429979074.09
SHA256_TEST
60000 -verbose 20000
['testsData/experimentData.dat']
['AssistanceApps/sha256Example.assistanceApp', '10', 'testsData/experimentData.dat', '1429979074098243e292dee382bc55b1386a168d15a87d8b1a55a488efa7a701d88cdf120e83e6df', '60000 -verbose 20000']
READY
1429979075.11
0
AssistanceApps/runtimeIO/1429979074098243e292dee382bc55b1386a168d15a87d8b1a55a488efa7a701d88cdf120e83e6df/1429979074098243e292dee382bc55b1386a168d15a87d8b1a55a488efa7a701d88cdf120e83e6df-stdout.dat
AssistanceApps/runtimeIO/1429979074098243e292dee382bc55b1386a168d15a87d8b1a55a488efa7a701d88cdf120e83e6df/1429979074098243e292dee382bc55b1386a168d15a87d8b1a55a488efa7a701d88cdf120e83e6df-stderr.dat

1429979074.09	DRAFT
1429979074.09	WAITING
1429979075.1	 CPU=13.075	 mem={'swap': 0.0, 'virtual': 0.0, 'physical': 28.5}	 freeDisk=40.3G
1429979075.1	GATHERING
1429979075.1	DATA READY
1429979075.1	STANDBY
1429979075.1	PERFORMING_LOCAL
1429979075.11	COMPLETED_LOCAL
1429979075.11	READY
<END>
<BEGIN>
14299791041369133cb875cbb05bc80ba412c881f2e69e4e13d499ca493c128c88cd3cb0103d46a6
0123456789ABCDEF
1429979104.13
SHA256_TEST
60000 -verbose 20000
['testsData/experimentData.dat']
['AssistanceApps/sha256Example.assistanceApp', '10', 'testsData/experimentData.dat', '14299791041369133cb875cbb05bc80ba412c881f2e69e4e13d499ca493c128c88cd3cb0103d46a6', '60000 -verbose 20000']
READY
1429979105.15
0
AssistanceApps/runtimeIO/14299791041369133cb875cbb05bc80ba412c881f2e69e4e13d499ca493c128c88cd3cb0103d46a6/14299791041369133cb875cbb05bc80ba412c881f2e69e4e13d499ca493c128c88cd3cb0103d46a6-stdout.dat
AssistanceApps/runtimeIO/14299791041369133cb875cbb05bc80ba412c881f2e69e4e13d499ca493c128c88cd3cb0103d46a6/14299791041369133cb875cbb05bc80ba412c881f2e69e4e13d499ca493c128c88cd3cb0103d46a6-stderr.dat

1429979104.13	DRAFT
1429979104.13	WAITING
1429979105.13	 CPU=11.775	 mem={'swap': 0.0, 'virtual': 0.0, 'physical': 28.5}	 freeDisk=40.3G
1429979105.13	GATHERING
1429979105.13	DATA READY
1429979105.13	STANDBY
1429979105.13	PERFORMING_LOCAL
1429979105.15	COMPLETED_LOCAL
1429979105.15	READY
<END>
<BEGIN>
1429979134163788f80cc63f108867437313c73b3913b21d7fe3c2bf53b0d7148342cd1e5d235352
0123456789ABCDEF
1429979134.16
SHA256_TEST
60000 -verbose 20000
['testsData/experimentData.dat']
['AssistanceApps/sha256Example.assistanceApp', '10', 'testsData/experimentData.dat', '1429979134163788f80cc63f108867437313c73b3913b21d7fe3c2bf53b0d7148342cd1e5d235352', '60000 -verbose 20000']
READY
1429979135.18
0
AssistanceApps/runtimeIO/1429979134163788f80cc63f108867437313c73b3913b21d7fe3c2bf53b0d7148342cd1e5d235352/1429979134163788f80cc63f108867437313c73b3913b21d7fe3c2bf53b0d7148342cd1e5d235352-stdout.dat
AssistanceApps/runtimeIO/1429979134163788f80cc63f108867437313c73b3913b21d7fe3c2bf53b0d7148342cd1e5d235352/1429979134163788f80cc63f108867437313c73b3913b21d7fe3c2bf53b0d7148342cd1e5d235352-stderr.dat

1429979134.16	DRAFT
1429979134.16	WAITING
1429979135.17	 CPU=10.625	 mem={'swap': 0.0, 'virtual': 0.0, 'physical': 28.5}	 freeDisk=40.3G
1429979135.17	GATHERING
1429979135.17	DATA READY
1429979135.17	STANDBY
1429979135.17	PERFORMING_LOCAL
1429979135.18	COMPLETED_LOCAL
1429979135.18	READY
<END>
<BEGIN>
14299791041256077eca7b90ee7d65a79b61a0ddd2bd2ec40b44014a76233fece7ade6e0cc81351f
0123456789ABCDEF
1429979104.12
SHA256_TEST
60000 -verbose 20000
['testsData/experimentData.dat']
['AssistanceApps/sha256Example.assistanceApp', '10', 'testsData/experimentData.dat', '14299791041256077eca7b90ee7d65a79b61a0ddd2bd2ec40b44014a76233fece7ade6e0cc81351f', '60000 -verbose 20000']
READY
1429979105.14
0
AssistanceApps/runtimeIO/14299791041256077eca7b90ee7d65a79b61a0ddd2bd2ec40b44014a76233fece7ade6e0cc81351f/14299791041256077eca7b90ee7d65a79b61a0ddd2bd2ec40b44014a76233fece7ade6e0cc81351f-stdout.dat
AssistanceApps/runtimeIO/14299791041256077eca7b90ee7d65a79b61a0ddd2bd2ec40b44014a76233fece7ade6e0cc81351f/14299791041256077eca7b90ee7d65a79b61a0ddd2bd2ec40b44014a76233fece7ade6e0cc81351f-stderr.dat

1429979104.12	DRAFT
1429979104.12	WAITING
1429979105.13	 CPU=11.8	 mem={'swap': 0.0, 'virtual': 0.0, 'physical': 28.5}	 freeDisk=40.3G
1429979105.13	GATHERING
1429979105.13	DATA READY
1429979105.13	STANDBY
1429979105.13	PERFORMING_LOCAL
1429979105.14	COMPLETED_LOCAL
1429979105.14	READY
<END>
<BEGIN>
1429979164181710130fdc4d75547c88cd5b73e1051ed968026fa089e346b94f796c5358edc226b9
0123456789ABCDEF
1429979164.18
SHA256_TEST
60000 -verbose 20000
['testsData/experimentData.dat']
['AssistanceApps/sha256Example.assistanceApp', '10', 'testsData/experimentData.dat', '1429979164181710130fdc4d75547c88cd5b73e1051ed968026fa089e346b94f796c5358edc226b9', '60000 -verbose 20000']
READY
1429979165.2
0
AssistanceApps/runtimeIO/1429979164181710130fdc4d75547c88cd5b73e1051ed968026fa089e346b94f796c5358edc226b9/1429979164181710130fdc4d75547c88cd5b73e1051ed968026fa089e346b94f796c5358edc226b9-stdout.dat
AssistanceApps/runtimeIO/1429979164181710130fdc4d75547c88cd5b73e1051ed968026fa089e346b94f796c5358edc226b9/1429979164181710130fdc4d75547c88cd5b73e1051ed968026fa089e346b94f796c5358edc226b9-stderr.dat

1429979164.18	DRAFT
1429979164.18	WAITING
1429979165.19	 CPU=10.625	 mem={'swap': 0.0, 'virtual': 0.0, 'physical': 28.5}	 freeDisk=40.3G
1429979165.19	GATHERING
1429979165.19	DATA READY
1429979165.19	STANDBY
1429979165.19	PERFORMING_LOCAL
1429979165.2	COMPLETED_LOCAL
1429979165.2	READY
<END>
<BEGIN>
14299789840114808f0127f365cfc6594b9b1384121cb9a116232be6225f48947c51aa5d548ae785
0123456789ABCDEF
1429978984.0
SHA256_TEST
60000 -verbose 20000
['testsData/experimentData.dat']
['AssistanceApps/sha256Example.assistanceApp', '10', 'testsData/experimentData.dat', '14299789840114808f0127f365cfc6594b9b1384121cb9a116232be6225f48947c51aa5d548ae785', '60000 -verbose 20000']
READY
1429978985.03
0
AssistanceApps/runtimeIO/14299789840114808f0127f365cfc6594b9b1384121cb9a116232be6225f48947c51aa5d548ae785/14299789840114808f0127f365cfc6594b9b1384121cb9a116232be6225f48947c51aa5d548ae785-stdout.dat
AssistanceApps/runtimeIO/14299789840114808f0127f365cfc6594b9b1384121cb9a116232be6225f48947c51aa5d548ae785/14299789840114808f0127f365cfc6594b9b1384121cb9a116232be6225f48947c51aa5d548ae785-stderr.dat

1429978984.0	DRAFT
1429978984.01	WAITING
1429978985.01	 CPU=9.225	 mem={'swap': 0.0, 'virtual': 0.0, 'physical': 28.5}	 freeDisk=40.3G
1429978985.01	GATHERING
1429978985.01	DATA READY
1429978985.01	STANDBY
1429978985.01	PERFORMING_LOCAL
1429978985.03	COMPLETED_LOCAL
1429978985.03	READY
<END>
<BEGIN>
1429979074097277e292dee382bc55b1386a168d15a87d8b1a55a488efa7a701d88cdf120e83e6df
0123456789ABCDEF
1429979074.08
SHA256_TEST
60000 -verbose 20000
['testsData/experimentData.dat']
['AssistanceApps/sha256Example.assistanceApp', '10', 'testsData/experimentData.dat', '1429979074097277e292dee382bc55b1386a168d15a87d8b1a55a488efa7a701d88cdf120e83e6df', '60000 -verbose 20000']
READY
1429979075.11
0
AssistanceApps/runtimeIO/1429979074097277e292dee382bc55b1386a168d15a87d8b1a55a488efa7a701d88cdf120e83e6df/1429979074097277e292dee382bc55b1386a168d15a87d8b1a55a488efa7a701d88cdf120e83e6df-stdout.dat
AssistanceApps/runtimeIO/1429979074097277e292dee382bc55b1386a168d15a87d8b1a55a488efa7a701d88cdf120e83e6df/1429979074097277e292dee382bc55b1386a168d15a87d8b1a55a488efa7a701d88cdf120e83e6df-stderr.dat

1429979074.08	DRAFT
1429979074.09	WAITING
1429979075.09	 CPU=13.05	 mem={'swap': 0.0, 'virtual': 0.0, 'physical': 28.5}	 freeDisk=40.3G
1429979075.09	GATHERING
1429979075.09	DATA READY
1429979075.09	STANDBY
1429979075.09	PERFORMING_LOCAL
1429979075.11	COMPLETED_LOCAL
1429979075.11	READY
<END>
<BEGIN>
142997895398408115e997426749fbddf74a23f05118a7c7fd990775545d8685efc42aeeea6d80fa
0123456789ABCDEF
1429978953.98
SHA256_TEST
60000 -verbose 20000
['testsData/experimentData.dat']
['AssistanceApps/sha256Example.assistanceApp', '10', 'testsData/experimentData.dat', '142997895398408115e997426749fbddf74a23f05118a7c7fd990775545d8685efc42aeeea6d80fa', '60000 -verbose 20000']
READY
1429978955.01
0
AssistanceApps/runtimeIO/142997895398408115e997426749fbddf74a23f05118a7c7fd990775545d8685efc42aeeea6d80fa/142997895398408115e997426749fbddf74a23f05118a7c7fd990775545d8685efc42aeeea6d80fa-stdout.dat
AssistanceApps/runtimeIO/142997895398408115e997426749fbddf74a23f05118a7c7fd990775545d8685efc42aeeea6d80fa/142997895398408115e997426749fbddf74a23f05118a7c7fd990775545d8685efc42aeeea6d80fa-stderr.dat

1429978953.98	DRAFT
1429978953.98	WAITING
1429978954.99	 CPU=19.15	 mem={'swap': 0.0, 'virtual': 0.0, 'physical': 28.6}	 freeDisk=40.3G
1429978954.99	GATHERING
1429978954.99	DATA READY
1429978954.99	STANDBY
1429978954.99	PERFORMING_LOCAL
1429978955.01	COMPLETED_LOCAL
1429978955.01	READY
<END>
<BEGIN>
1429979134171323033fdc30e510d0231d0836762c1b9ffad9184c379929aab3488885bfbc3e1702
0123456789ABCDEF
1429979134.16
SHA256_TEST
60000 -verbose 20000
['testsData/experimentData.dat']
['AssistanceApps/sha256Example.assistanceApp', '10', 'testsData/experimentData.dat', '1429979134171323033fdc30e510d0231d0836762c1b9ffad9184c379929aab3488885bfbc3e1702', '60000 -verbose 20000']
READY
1429979135.19
0
AssistanceApps/runtimeIO/1429979134171323033fdc30e510d0231d0836762c1b9ffad9184c379929aab3488885bfbc3e1702/1429979134171323033fdc30e510d0231d0836762c1b9ffad9184c379929aab3488885bfbc3e1702-stdout.dat
AssistanceApps/runtimeIO/1429979134171323033fdc30e510d0231d0836762c1b9ffad9184c379929aab3488885bfbc3e1702/1429979134171323033fdc30e510d0231d0836762c1b9ffad9184c379929aab3488885bfbc3e1702-stderr.dat

1429979134.16	DRAFT
1429979134.17	WAITING
1429979135.17	 CPU=10.625	 mem={'swap': 0.0, 'virtual': 0.0, 'physical': 28.5}	 freeDisk=40.3G
1429979135.17	GATHERING
1429979135.17	DATA READY
1429979135.17	STANDBY
1429979135.17	PERFORMING_LOCAL
1429979135.19	COMPLETED_LOCAL
1429979135.19	READY
<END>
<BEGIN>
14299789840595332be351fd87181c5456355e71d01d1c8aafc2eb576b4645546dcd285c4bb1734
0123456789ABCDEF
1429978984.0
SHA256_TEST
60000 -verbose 20000
['testsData/experimentData.dat']
['AssistanceApps/sha256Example.assistanceApp', '10', 'testsData/experimentData.dat', '14299789840595332be351fd87181c5456355e71d01d1c8aafc2eb576b4645546dcd285c4bb1734', '60000 -verbose 20000']
READY
1429978985.02
0
AssistanceApps/runtimeIO/14299789840595332be351fd87181c5456355e71d01d1c8aafc2eb576b4645546dcd285c4bb1734/14299789840595332be351fd87181c5456355e71d01d1c8aafc2eb576b4645546dcd285c4bb1734-stdout.dat
AssistanceApps/runtimeIO/14299789840595332be351fd87181c5456355e71d01d1c8aafc2eb576b4645546dcd285c4bb1734/14299789840595332be351fd87181c5456355e71d01d1c8aafc2eb576b4645546dcd285c4bb1734-stderr.dat

1429978984.0	DRAFT
1429978984.0	WAITING
1429978985.01	 CPU=9.475	 mem={'swap': 0.0, 'virtual': 0.0, 'physical': 28.5}	 freeDisk=40.3G
1429978985.01	GATHERING
1429978985.01	DATA READY
1429978985.01	STANDBY
1429978985.01	PERFORMING_LOCAL
1429978985.02	COMPLETED_LOCAL
1429978985.02	READY
<END>